[2019-07-06 14:56:25,813] {__init__.py:1139} INFO - Dependencies all met for <TaskInstance: python_load_dag.Begin_execution 2019-07-06T13:56:08.536347+00:00 [queued]>
[2019-07-06 14:56:25,818] {__init__.py:1139} INFO - Dependencies all met for <TaskInstance: python_load_dag.Begin_execution 2019-07-06T13:56:08.536347+00:00 [queued]>
[2019-07-06 14:56:25,819] {__init__.py:1353} INFO - 
--------------------------------------------------------------------------------
[2019-07-06 14:56:25,819] {__init__.py:1354} INFO - Starting attempt 1 of 2
[2019-07-06 14:56:25,819] {__init__.py:1355} INFO - 
--------------------------------------------------------------------------------
[2019-07-06 14:56:25,824] {__init__.py:1374} INFO - Executing <Task(DummyOperator): Begin_execution> on 2019-07-06T13:56:08.536347+00:00
[2019-07-06 14:56:25,824] {base_task_runner.py:119} INFO - Running: ['airflow', 'run', 'python_load_dag', 'Begin_execution', '2019-07-06T13:56:08.536347+00:00', '--job_id', '38', '--raw', '-sd', 'DAGS_FOLDER/spark_dag.py', '--cfg_path', '/var/folders/gl/v_3dc2yn7lb05kcmfb9ppm1r0000gn/T/tmpyhp8tr81']
[2019-07-06 14:56:26,578] {base_task_runner.py:101} INFO - Job 38: Subtask Begin_execution [2019-07-06 14:56:26,577] {__init__.py:51} INFO - Using executor SequentialExecutor
[2019-07-06 14:56:26,948] {base_task_runner.py:101} INFO - Job 38: Subtask Begin_execution [2019-07-06 14:56:26,947] {__init__.py:305} INFO - Filling up the DagBag from /Users/mahdimostafa/airflow/dags/spark_dag.py
[2019-07-06 14:56:28,894] {base_task_runner.py:101} INFO - Job 38: Subtask Begin_execution Ivy Default Cache set to: /Users/mahdimostafa/.ivy2/cache
[2019-07-06 14:56:28,894] {base_task_runner.py:101} INFO - Job 38: Subtask Begin_execution The jars for the packages stored in: /Users/mahdimostafa/.ivy2/jars
[2019-07-06 14:56:28,921] {base_task_runner.py:101} INFO - Job 38: Subtask Begin_execution :: loading settings :: url = jar:file:/Library/Frameworks/Python.framework/Versions/3.6/lib/python3.6/site-packages/pyspark/jars/ivy-2.4.0.jar!/org/apache/ivy/core/settings/ivysettings.xml
[2019-07-06 14:56:29,053] {base_task_runner.py:101} INFO - Job 38: Subtask Begin_execution org.apache.hadoop#hadoop-aws added as a dependency
[2019-07-06 14:56:29,054] {base_task_runner.py:101} INFO - Job 38: Subtask Begin_execution :: resolving dependencies :: org.apache.spark#spark-submit-parent-7f35f465-23ab-4cd7-bb3d-81edb4b165e4;1.0
[2019-07-06 14:56:29,054] {base_task_runner.py:101} INFO - Job 38: Subtask Begin_execution 	confs: [default]
[2019-07-06 14:56:29,229] {base_task_runner.py:101} INFO - Job 38: Subtask Begin_execution 	found org.apache.hadoop#hadoop-aws;2.7.0 in spark-list
[2019-07-06 14:56:29,292] {base_task_runner.py:101} INFO - Job 38: Subtask Begin_execution 	found org.apache.hadoop#hadoop-common;2.7.0 in central
[2019-07-06 14:56:29,371] {base_task_runner.py:101} INFO - Job 38: Subtask Begin_execution 	found org.apache.hadoop#hadoop-annotations;2.7.0 in spark-list
[2019-07-06 14:56:29,408] {base_task_runner.py:101} INFO - Job 38: Subtask Begin_execution 	found com.google.guava#guava;11.0.2 in central
[2019-07-06 14:56:29,446] {base_task_runner.py:101} INFO - Job 38: Subtask Begin_execution 	found com.google.code.findbugs#jsr305;3.0.0 in central
[2019-07-06 14:56:29,489] {base_task_runner.py:101} INFO - Job 38: Subtask Begin_execution 	found commons-cli#commons-cli;1.2 in central
[2019-07-06 14:56:29,526] {base_task_runner.py:101} INFO - Job 38: Subtask Begin_execution 	found org.apache.commons#commons-math3;3.1.1 in central
[2019-07-06 14:56:29,552] {base_task_runner.py:101} INFO - Job 38: Subtask Begin_execution 	found xmlenc#xmlenc;0.52 in central
[2019-07-06 14:56:29,570] {base_task_runner.py:101} INFO - Job 38: Subtask Begin_execution 	found commons-httpclient#commons-httpclient;3.1 in spark-list
[2019-07-06 14:56:29,591] {base_task_runner.py:101} INFO - Job 38: Subtask Begin_execution 	found commons-logging#commons-logging;1.1.3 in central
[2019-07-06 14:56:29,609] {base_task_runner.py:101} INFO - Job 38: Subtask Begin_execution 	found commons-codec#commons-codec;1.4 in central
[2019-07-06 14:56:29,627] {base_task_runner.py:101} INFO - Job 38: Subtask Begin_execution 	found commons-io#commons-io;2.4 in central
[2019-07-06 14:56:29,645] {base_task_runner.py:101} INFO - Job 38: Subtask Begin_execution 	found commons-net#commons-net;3.1 in central
[2019-07-06 14:56:29,661] {base_task_runner.py:101} INFO - Job 38: Subtask Begin_execution 	found commons-collections#commons-collections;3.2.1 in central
[2019-07-06 14:56:29,678] {base_task_runner.py:101} INFO - Job 38: Subtask Begin_execution 	found javax.servlet#servlet-api;2.5 in central
[2019-07-06 14:56:29,696] {base_task_runner.py:101} INFO - Job 38: Subtask Begin_execution 	found org.mortbay.jetty#jetty;6.1.26 in central
[2019-07-06 14:56:29,714] {base_task_runner.py:101} INFO - Job 38: Subtask Begin_execution 	found org.mortbay.jetty#jetty-util;6.1.26 in central
[2019-07-06 14:56:29,731] {base_task_runner.py:101} INFO - Job 38: Subtask Begin_execution 	found com.sun.jersey#jersey-core;1.9 in central
[2019-07-06 14:56:29,747] {base_task_runner.py:101} INFO - Job 38: Subtask Begin_execution 	found com.sun.jersey#jersey-json;1.9 in central
[2019-07-06 14:56:29,772] {base_task_runner.py:101} INFO - Job 38: Subtask Begin_execution 	found org.codehaus.jettison#jettison;1.1 in central
[2019-07-06 14:56:29,792] {base_task_runner.py:101} INFO - Job 38: Subtask Begin_execution 	found com.sun.xml.bind#jaxb-impl;2.2.3-1 in central
[2019-07-06 14:56:29,809] {base_task_runner.py:101} INFO - Job 38: Subtask Begin_execution 	found javax.xml.bind#jaxb-api;2.2.2 in central
[2019-07-06 14:56:29,826] {base_task_runner.py:101} INFO - Job 38: Subtask Begin_execution 	found javax.xml.stream#stax-api;1.0-2 in central
[2019-07-06 14:56:29,842] {base_task_runner.py:101} INFO - Job 38: Subtask Begin_execution 	found javax.activation#activation;1.1 in central
[2019-07-06 14:56:29,858] {base_task_runner.py:101} INFO - Job 38: Subtask Begin_execution 	found org.codehaus.jackson#jackson-core-asl;1.9.13 in central
[2019-07-06 14:56:29,874] {base_task_runner.py:101} INFO - Job 38: Subtask Begin_execution 	found org.codehaus.jackson#jackson-mapper-asl;1.9.13 in central
[2019-07-06 14:56:29,896] {base_task_runner.py:101} INFO - Job 38: Subtask Begin_execution 	found org.codehaus.jackson#jackson-jaxrs;1.9.13 in central
[2019-07-06 14:56:29,912] {base_task_runner.py:101} INFO - Job 38: Subtask Begin_execution 	found org.codehaus.jackson#jackson-xc;1.9.13 in central
[2019-07-06 14:56:29,935] {base_task_runner.py:101} INFO - Job 38: Subtask Begin_execution 	found com.sun.jersey#jersey-server;1.9 in central
[2019-07-06 14:56:29,944] {base_task_runner.py:101} INFO - Job 38: Subtask Begin_execution 	found asm#asm;3.2 in central
[2019-07-06 14:56:29,956] {base_task_runner.py:101} INFO - Job 38: Subtask Begin_execution 	found log4j#log4j;1.2.17 in central
[2019-07-06 14:56:29,968] {base_task_runner.py:101} INFO - Job 38: Subtask Begin_execution 	found net.java.dev.jets3t#jets3t;0.9.0 in central
[2019-07-06 14:56:29,981] {base_task_runner.py:101} INFO - Job 38: Subtask Begin_execution 	found org.apache.httpcomponents#httpclient;4.2.5 in central
[2019-07-06 14:56:29,992] {base_task_runner.py:101} INFO - Job 38: Subtask Begin_execution 	found org.apache.httpcomponents#httpcore;4.2.5 in central
[2019-07-06 14:56:30,003] {base_task_runner.py:101} INFO - Job 38: Subtask Begin_execution 	found com.jamesmurty.utils#java-xmlbuilder;0.4 in spark-list
[2019-07-06 14:56:30,011] {base_task_runner.py:101} INFO - Job 38: Subtask Begin_execution 	found commons-lang#commons-lang;2.6 in central
[2019-07-06 14:56:30,021] {base_task_runner.py:101} INFO - Job 38: Subtask Begin_execution 	found commons-configuration#commons-configuration;1.6 in central
[2019-07-06 14:56:30,040] {base_task_runner.py:101} INFO - Job 38: Subtask Begin_execution 	found commons-digester#commons-digester;1.8 in central
[2019-07-06 14:56:30,050] {base_task_runner.py:101} INFO - Job 38: Subtask Begin_execution 	found commons-beanutils#commons-beanutils;1.7.0 in central
[2019-07-06 14:56:30,064] {base_task_runner.py:101} INFO - Job 38: Subtask Begin_execution 	found commons-beanutils#commons-beanutils-core;1.8.0 in central
[2019-07-06 14:56:30,076] {base_task_runner.py:101} INFO - Job 38: Subtask Begin_execution 	found org.slf4j#slf4j-api;1.7.10 in central
[2019-07-06 14:56:30,086] {base_task_runner.py:101} INFO - Job 38: Subtask Begin_execution 	found org.apache.avro#avro;1.7.4 in central
[2019-07-06 14:56:30,099] {base_task_runner.py:101} INFO - Job 38: Subtask Begin_execution 	found com.thoughtworks.paranamer#paranamer;2.3 in central
[2019-07-06 14:56:30,110] {base_task_runner.py:101} INFO - Job 38: Subtask Begin_execution 	found org.xerial.snappy#snappy-java;1.0.4.1 in central
[2019-07-06 14:56:30,119] {base_task_runner.py:101} INFO - Job 38: Subtask Begin_execution 	found org.apache.commons#commons-compress;1.4.1 in central
[2019-07-06 14:56:30,128] {base_task_runner.py:101} INFO - Job 38: Subtask Begin_execution 	found org.tukaani#xz;1.0 in central
[2019-07-06 14:56:30,137] {base_task_runner.py:101} INFO - Job 38: Subtask Begin_execution 	found com.google.protobuf#protobuf-java;2.5.0 in central
[2019-07-06 14:56:30,146] {base_task_runner.py:101} INFO - Job 38: Subtask Begin_execution 	found com.google.code.gson#gson;2.2.4 in central
[2019-07-06 14:56:30,162] {base_task_runner.py:101} INFO - Job 38: Subtask Begin_execution 	found org.apache.hadoop#hadoop-auth;2.7.0 in central
[2019-07-06 14:56:30,179] {base_task_runner.py:101} INFO - Job 38: Subtask Begin_execution 	found org.apache.directory.server#apacheds-kerberos-codec;2.0.0-M15 in central
[2019-07-06 14:56:30,194] {base_task_runner.py:101} INFO - Job 38: Subtask Begin_execution 	found org.apache.directory.server#apacheds-i18n;2.0.0-M15 in central
[2019-07-06 14:56:30,207] {base_task_runner.py:101} INFO - Job 38: Subtask Begin_execution 	found org.apache.directory.api#api-asn1-api;1.0.0-M20 in central
[2019-07-06 14:56:30,220] {base_task_runner.py:101} INFO - Job 38: Subtask Begin_execution 	found org.apache.directory.api#api-util;1.0.0-M20 in central
[2019-07-06 14:56:30,230] {base_task_runner.py:101} INFO - Job 38: Subtask Begin_execution 	found org.apache.zookeeper#zookeeper;3.4.6 in central
[2019-07-06 14:56:30,242] {base_task_runner.py:101} INFO - Job 38: Subtask Begin_execution 	found org.slf4j#slf4j-log4j12;1.7.10 in central
[2019-07-06 14:56:30,261] {base_task_runner.py:101} INFO - Job 38: Subtask Begin_execution 	found io.netty#netty;3.6.2.Final in central
[2019-07-06 14:56:30,270] {base_task_runner.py:101} INFO - Job 38: Subtask Begin_execution 	found org.apache.curator#curator-framework;2.7.1 in central
[2019-07-06 14:56:30,281] {base_task_runner.py:101} INFO - Job 38: Subtask Begin_execution 	found org.apache.curator#curator-client;2.7.1 in central
[2019-07-06 14:56:30,290] {base_task_runner.py:101} INFO - Job 38: Subtask Begin_execution 	found com.jcraft#jsch;0.1.42 in central
[2019-07-06 14:56:30,300] {base_task_runner.py:101} INFO - Job 38: Subtask Begin_execution 	found org.apache.curator#curator-recipes;2.7.1 in central
[2019-07-06 14:56:30,312] {base_task_runner.py:101} INFO - Job 38: Subtask Begin_execution 	found org.apache.htrace#htrace-core;3.1.0-incubating in central
[2019-07-06 14:56:30,329] {base_task_runner.py:101} INFO - Job 38: Subtask Begin_execution 	found javax.servlet.jsp#jsp-api;2.1 in central
[2019-07-06 14:56:30,353] {base_task_runner.py:101} INFO - Job 38: Subtask Begin_execution 	found jline#jline;0.9.94 in central
[2019-07-06 14:56:30,367] {base_task_runner.py:101} INFO - Job 38: Subtask Begin_execution 	found junit#junit;4.11 in central
[2019-07-06 14:56:30,382] {base_task_runner.py:101} INFO - Job 38: Subtask Begin_execution 	found org.hamcrest#hamcrest-core;1.3 in central
[2019-07-06 14:56:30,391] {base_task_runner.py:101} INFO - Job 38: Subtask Begin_execution 	found com.fasterxml.jackson.core#jackson-databind;2.2.3 in central
[2019-07-06 14:56:30,398] {base_task_runner.py:101} INFO - Job 38: Subtask Begin_execution 	found com.fasterxml.jackson.core#jackson-annotations;2.2.3 in central
[2019-07-06 14:56:30,403] {base_task_runner.py:101} INFO - Job 38: Subtask Begin_execution 	found com.fasterxml.jackson.core#jackson-core;2.2.3 in central
[2019-07-06 14:56:30,409] {base_task_runner.py:101} INFO - Job 38: Subtask Begin_execution 	found com.amazonaws#aws-java-sdk;1.7.4 in central
[2019-07-06 14:56:30,428] {base_task_runner.py:101} INFO - Job 38: Subtask Begin_execution WARNING: An illegal reflective access operation has occurred
[2019-07-06 14:56:30,428] {base_task_runner.py:101} INFO - Job 38: Subtask Begin_execution WARNING: Illegal reflective access by org.apache.ivy.util.url.IvyAuthenticator (file:/Library/Frameworks/Python.framework/Versions/3.6/lib/python3.6/site-packages/pyspark/jars/ivy-2.4.0.jar) to field java.net.Authenticator.theAuthenticator
[2019-07-06 14:56:30,428] {base_task_runner.py:101} INFO - Job 38: Subtask Begin_execution WARNING: Please consider reporting this to the maintainers of org.apache.ivy.util.url.IvyAuthenticator
[2019-07-06 14:56:30,428] {base_task_runner.py:101} INFO - Job 38: Subtask Begin_execution WARNING: Use --illegal-access=warn to enable warnings of further illegal reflective access operations
[2019-07-06 14:56:30,428] {base_task_runner.py:101} INFO - Job 38: Subtask Begin_execution WARNING: All illegal access operations will be denied in a future release
[2019-07-06 14:56:31,098] {base_task_runner.py:101} INFO - Job 38: Subtask Begin_execution 	found joda-time#joda-time;2.10.3 in central
[2019-07-06 14:56:31,099] {base_task_runner.py:101} INFO - Job 38: Subtask Begin_execution 	[2.10.3] joda-time#joda-time;[2.2,)
[2019-07-06 14:56:31,168] {base_task_runner.py:101} INFO - Job 38: Subtask Begin_execution :: resolution report :: resolve 2071ms :: artifacts dl 42ms
[2019-07-06 14:56:31,168] {base_task_runner.py:101} INFO - Job 38: Subtask Begin_execution 	:: modules in use:
[2019-07-06 14:56:31,169] {base_task_runner.py:101} INFO - Job 38: Subtask Begin_execution 	asm#asm;3.2 from central in [default]
[2019-07-06 14:56:31,169] {base_task_runner.py:101} INFO - Job 38: Subtask Begin_execution 	com.amazonaws#aws-java-sdk;1.7.4 from central in [default]
[2019-07-06 14:56:31,170] {base_task_runner.py:101} INFO - Job 38: Subtask Begin_execution 	com.fasterxml.jackson.core#jackson-annotations;2.2.3 from central in [default]
[2019-07-06 14:56:31,170] {base_task_runner.py:101} INFO - Job 38: Subtask Begin_execution 	com.fasterxml.jackson.core#jackson-core;2.2.3 from central in [default]
[2019-07-06 14:56:31,170] {base_task_runner.py:101} INFO - Job 38: Subtask Begin_execution 	com.fasterxml.jackson.core#jackson-databind;2.2.3 from central in [default]
[2019-07-06 14:56:31,170] {base_task_runner.py:101} INFO - Job 38: Subtask Begin_execution 	com.google.code.findbugs#jsr305;3.0.0 from central in [default]
[2019-07-06 14:56:31,170] {base_task_runner.py:101} INFO - Job 38: Subtask Begin_execution 	com.google.code.gson#gson;2.2.4 from central in [default]
[2019-07-06 14:56:31,170] {base_task_runner.py:101} INFO - Job 38: Subtask Begin_execution 	com.google.guava#guava;11.0.2 from central in [default]
[2019-07-06 14:56:31,170] {base_task_runner.py:101} INFO - Job 38: Subtask Begin_execution 	com.google.protobuf#protobuf-java;2.5.0 from central in [default]
[2019-07-06 14:56:31,170] {base_task_runner.py:101} INFO - Job 38: Subtask Begin_execution 	com.jamesmurty.utils#java-xmlbuilder;0.4 from spark-list in [default]
[2019-07-06 14:56:31,170] {base_task_runner.py:101} INFO - Job 38: Subtask Begin_execution 	com.jcraft#jsch;0.1.42 from central in [default]
[2019-07-06 14:56:31,171] {base_task_runner.py:101} INFO - Job 38: Subtask Begin_execution 	com.sun.jersey#jersey-core;1.9 from central in [default]
[2019-07-06 14:56:31,171] {base_task_runner.py:101} INFO - Job 38: Subtask Begin_execution 	com.sun.jersey#jersey-json;1.9 from central in [default]
[2019-07-06 14:56:31,171] {base_task_runner.py:101} INFO - Job 38: Subtask Begin_execution 	com.sun.jersey#jersey-server;1.9 from central in [default]
[2019-07-06 14:56:31,171] {base_task_runner.py:101} INFO - Job 38: Subtask Begin_execution 	com.sun.xml.bind#jaxb-impl;2.2.3-1 from central in [default]
[2019-07-06 14:56:31,171] {base_task_runner.py:101} INFO - Job 38: Subtask Begin_execution 	com.thoughtworks.paranamer#paranamer;2.3 from central in [default]
[2019-07-06 14:56:31,171] {base_task_runner.py:101} INFO - Job 38: Subtask Begin_execution 	commons-beanutils#commons-beanutils;1.7.0 from central in [default]
[2019-07-06 14:56:31,171] {base_task_runner.py:101} INFO - Job 38: Subtask Begin_execution 	commons-beanutils#commons-beanutils-core;1.8.0 from central in [default]
[2019-07-06 14:56:31,171] {base_task_runner.py:101} INFO - Job 38: Subtask Begin_execution 	commons-cli#commons-cli;1.2 from central in [default]
[2019-07-06 14:56:31,171] {base_task_runner.py:101} INFO - Job 38: Subtask Begin_execution 	commons-codec#commons-codec;1.4 from central in [default]
[2019-07-06 14:56:31,171] {base_task_runner.py:101} INFO - Job 38: Subtask Begin_execution 	commons-collections#commons-collections;3.2.1 from central in [default]
[2019-07-06 14:56:31,171] {base_task_runner.py:101} INFO - Job 38: Subtask Begin_execution 	commons-configuration#commons-configuration;1.6 from central in [default]
[2019-07-06 14:56:31,171] {base_task_runner.py:101} INFO - Job 38: Subtask Begin_execution 	commons-digester#commons-digester;1.8 from central in [default]
[2019-07-06 14:56:31,171] {base_task_runner.py:101} INFO - Job 38: Subtask Begin_execution 	commons-httpclient#commons-httpclient;3.1 from spark-list in [default]
[2019-07-06 14:56:31,171] {base_task_runner.py:101} INFO - Job 38: Subtask Begin_execution 	commons-io#commons-io;2.4 from central in [default]
[2019-07-06 14:56:31,171] {base_task_runner.py:101} INFO - Job 38: Subtask Begin_execution 	commons-lang#commons-lang;2.6 from central in [default]
[2019-07-06 14:56:31,172] {base_task_runner.py:101} INFO - Job 38: Subtask Begin_execution 	commons-logging#commons-logging;1.1.3 from central in [default]
[2019-07-06 14:56:31,172] {base_task_runner.py:101} INFO - Job 38: Subtask Begin_execution 	commons-net#commons-net;3.1 from central in [default]
[2019-07-06 14:56:31,172] {base_task_runner.py:101} INFO - Job 38: Subtask Begin_execution 	io.netty#netty;3.6.2.Final from central in [default]
[2019-07-06 14:56:31,172] {base_task_runner.py:101} INFO - Job 38: Subtask Begin_execution 	javax.activation#activation;1.1 from central in [default]
[2019-07-06 14:56:31,172] {base_task_runner.py:101} INFO - Job 38: Subtask Begin_execution 	javax.servlet#servlet-api;2.5 from central in [default]
[2019-07-06 14:56:31,172] {base_task_runner.py:101} INFO - Job 38: Subtask Begin_execution 	javax.servlet.jsp#jsp-api;2.1 from central in [default]
[2019-07-06 14:56:31,172] {base_task_runner.py:101} INFO - Job 38: Subtask Begin_execution 	javax.xml.bind#jaxb-api;2.2.2 from central in [default]
[2019-07-06 14:56:31,172] {base_task_runner.py:101} INFO - Job 38: Subtask Begin_execution 	javax.xml.stream#stax-api;1.0-2 from central in [default]
[2019-07-06 14:56:31,172] {base_task_runner.py:101} INFO - Job 38: Subtask Begin_execution 	jline#jline;0.9.94 from central in [default]
[2019-07-06 14:56:31,172] {base_task_runner.py:101} INFO - Job 38: Subtask Begin_execution 	joda-time#joda-time;2.10.3 from central in [default]
[2019-07-06 14:56:31,172] {base_task_runner.py:101} INFO - Job 38: Subtask Begin_execution 	junit#junit;4.11 from central in [default]
[2019-07-06 14:56:31,172] {base_task_runner.py:101} INFO - Job 38: Subtask Begin_execution 	log4j#log4j;1.2.17 from central in [default]
[2019-07-06 14:56:31,172] {base_task_runner.py:101} INFO - Job 38: Subtask Begin_execution 	net.java.dev.jets3t#jets3t;0.9.0 from central in [default]
[2019-07-06 14:56:31,172] {base_task_runner.py:101} INFO - Job 38: Subtask Begin_execution 	org.apache.avro#avro;1.7.4 from central in [default]
[2019-07-06 14:56:31,172] {base_task_runner.py:101} INFO - Job 38: Subtask Begin_execution 	org.apache.commons#commons-compress;1.4.1 from central in [default]
[2019-07-06 14:56:31,173] {base_task_runner.py:101} INFO - Job 38: Subtask Begin_execution 	org.apache.commons#commons-math3;3.1.1 from central in [default]
[2019-07-06 14:56:31,173] {base_task_runner.py:101} INFO - Job 38: Subtask Begin_execution 	org.apache.curator#curator-client;2.7.1 from central in [default]
[2019-07-06 14:56:31,173] {base_task_runner.py:101} INFO - Job 38: Subtask Begin_execution 	org.apache.curator#curator-framework;2.7.1 from central in [default]
[2019-07-06 14:56:31,173] {base_task_runner.py:101} INFO - Job 38: Subtask Begin_execution 	org.apache.curator#curator-recipes;2.7.1 from central in [default]
[2019-07-06 14:56:31,173] {base_task_runner.py:101} INFO - Job 38: Subtask Begin_execution 	org.apache.directory.api#api-asn1-api;1.0.0-M20 from central in [default]
[2019-07-06 14:56:31,173] {base_task_runner.py:101} INFO - Job 38: Subtask Begin_execution 	org.apache.directory.api#api-util;1.0.0-M20 from central in [default]
[2019-07-06 14:56:31,173] {base_task_runner.py:101} INFO - Job 38: Subtask Begin_execution 	org.apache.directory.server#apacheds-i18n;2.0.0-M15 from central in [default]
[2019-07-06 14:56:31,173] {base_task_runner.py:101} INFO - Job 38: Subtask Begin_execution 	org.apache.directory.server#apacheds-kerberos-codec;2.0.0-M15 from central in [default]
[2019-07-06 14:56:31,173] {base_task_runner.py:101} INFO - Job 38: Subtask Begin_execution 	org.apache.hadoop#hadoop-annotations;2.7.0 from spark-list in [default]
[2019-07-06 14:56:31,173] {base_task_runner.py:101} INFO - Job 38: Subtask Begin_execution 	org.apache.hadoop#hadoop-auth;2.7.0 from central in [default]
[2019-07-06 14:56:31,173] {base_task_runner.py:101} INFO - Job 38: Subtask Begin_execution 	org.apache.hadoop#hadoop-aws;2.7.0 from spark-list in [default]
[2019-07-06 14:56:31,173] {base_task_runner.py:101} INFO - Job 38: Subtask Begin_execution 	org.apache.hadoop#hadoop-common;2.7.0 from central in [default]
[2019-07-06 14:56:31,173] {base_task_runner.py:101} INFO - Job 38: Subtask Begin_execution 	org.apache.htrace#htrace-core;3.1.0-incubating from central in [default]
[2019-07-06 14:56:31,173] {base_task_runner.py:101} INFO - Job 38: Subtask Begin_execution 	org.apache.httpcomponents#httpclient;4.2.5 from central in [default]
[2019-07-06 14:56:31,173] {base_task_runner.py:101} INFO - Job 38: Subtask Begin_execution 	org.apache.httpcomponents#httpcore;4.2.5 from central in [default]
[2019-07-06 14:56:31,173] {base_task_runner.py:101} INFO - Job 38: Subtask Begin_execution 	org.apache.zookeeper#zookeeper;3.4.6 from central in [default]
[2019-07-06 14:56:31,174] {base_task_runner.py:101} INFO - Job 38: Subtask Begin_execution 	org.codehaus.jackson#jackson-core-asl;1.9.13 from central in [default]
[2019-07-06 14:56:31,174] {base_task_runner.py:101} INFO - Job 38: Subtask Begin_execution 	org.codehaus.jackson#jackson-jaxrs;1.9.13 from central in [default]
[2019-07-06 14:56:31,174] {base_task_runner.py:101} INFO - Job 38: Subtask Begin_execution 	org.codehaus.jackson#jackson-mapper-asl;1.9.13 from central in [default]
[2019-07-06 14:56:31,174] {base_task_runner.py:101} INFO - Job 38: Subtask Begin_execution 	org.codehaus.jackson#jackson-xc;1.9.13 from central in [default]
[2019-07-06 14:56:31,174] {base_task_runner.py:101} INFO - Job 38: Subtask Begin_execution 	org.codehaus.jettison#jettison;1.1 from central in [default]
[2019-07-06 14:56:31,174] {base_task_runner.py:101} INFO - Job 38: Subtask Begin_execution 	org.hamcrest#hamcrest-core;1.3 from central in [default]
[2019-07-06 14:56:31,174] {base_task_runner.py:101} INFO - Job 38: Subtask Begin_execution 	org.mortbay.jetty#jetty;6.1.26 from central in [default]
[2019-07-06 14:56:31,174] {base_task_runner.py:101} INFO - Job 38: Subtask Begin_execution 	org.mortbay.jetty#jetty-util;6.1.26 from central in [default]
[2019-07-06 14:56:31,174] {base_task_runner.py:101} INFO - Job 38: Subtask Begin_execution 	org.slf4j#slf4j-api;1.7.10 from central in [default]
[2019-07-06 14:56:31,174] {base_task_runner.py:101} INFO - Job 38: Subtask Begin_execution 	org.slf4j#slf4j-log4j12;1.7.10 from central in [default]
[2019-07-06 14:56:31,174] {base_task_runner.py:101} INFO - Job 38: Subtask Begin_execution 	org.tukaani#xz;1.0 from central in [default]
[2019-07-06 14:56:31,174] {base_task_runner.py:101} INFO - Job 38: Subtask Begin_execution 	org.xerial.snappy#snappy-java;1.0.4.1 from central in [default]
[2019-07-06 14:56:31,174] {base_task_runner.py:101} INFO - Job 38: Subtask Begin_execution 	xmlenc#xmlenc;0.52 from central in [default]
[2019-07-06 14:56:31,174] {base_task_runner.py:101} INFO - Job 38: Subtask Begin_execution 	---------------------------------------------------------------------
[2019-07-06 14:56:31,174] {base_task_runner.py:101} INFO - Job 38: Subtask Begin_execution 	|                  |            modules            ||   artifacts   |
[2019-07-06 14:56:31,174] {base_task_runner.py:101} INFO - Job 38: Subtask Begin_execution 	|       conf       | number| search|dwnlded|evicted|| number|dwnlded|
[2019-07-06 14:56:31,175] {base_task_runner.py:101} INFO - Job 38: Subtask Begin_execution 	---------------------------------------------------------------------
[2019-07-06 14:56:31,175] {base_task_runner.py:101} INFO - Job 38: Subtask Begin_execution 	|      default     |   70  |   1   |   0   |   0   ||   70  |   0   |
[2019-07-06 14:56:31,175] {base_task_runner.py:101} INFO - Job 38: Subtask Begin_execution 	---------------------------------------------------------------------
[2019-07-06 14:56:31,189] {base_task_runner.py:101} INFO - Job 38: Subtask Begin_execution :: retrieving :: org.apache.spark#spark-submit-parent-7f35f465-23ab-4cd7-bb3d-81edb4b165e4
[2019-07-06 14:56:31,189] {base_task_runner.py:101} INFO - Job 38: Subtask Begin_execution 	confs: [default]
[2019-07-06 14:56:31,211] {base_task_runner.py:101} INFO - Job 38: Subtask Begin_execution 	0 artifacts copied, 70 already retrieved (0kB/22ms)
[2019-07-06 14:56:31,582] {base_task_runner.py:101} INFO - Job 38: Subtask Begin_execution 19/07/06 14:56:31 WARN NativeCodeLoader: Unable to load native-hadoop library for your platform... using builtin-java classes where applicable
[2019-07-06 14:56:32,090] {base_task_runner.py:101} INFO - Job 38: Subtask Begin_execution Using Spark's default log4j profile: org/apache/spark/log4j-defaults.properties
[2019-07-06 14:56:32,091] {base_task_runner.py:101} INFO - Job 38: Subtask Begin_execution Setting default log level to "WARN".
[2019-07-06 14:56:32,091] {base_task_runner.py:101} INFO - Job 38: Subtask Begin_execution To adjust logging level use sc.setLogLevel(newLevel). For SparkR, use setLogLevel(newLevel).
[2019-07-06 14:56:33,481] {base_task_runner.py:101} INFO - Job 38: Subtask Begin_execution 19/07/06 14:56:33 WARN Utils: Service 'SparkUI' could not bind on port 4040. Attempting port 4041.
[2019-07-06 14:56:33,482] {base_task_runner.py:101} INFO - Job 38: Subtask Begin_execution 19/07/06 14:56:33 WARN Utils: Service 'SparkUI' could not bind on port 4041. Attempting port 4042.
[2019-07-06 14:56:33,482] {base_task_runner.py:101} INFO - Job 38: Subtask Begin_execution 19/07/06 14:56:33 WARN Utils: Service 'SparkUI' could not bind on port 4042. Attempting port 4043.
[2019-07-06 14:56:33,482] {base_task_runner.py:101} INFO - Job 38: Subtask Begin_execution 19/07/06 14:56:33 WARN Utils: Service 'SparkUI' could not bind on port 4043. Attempting port 4044.
[2019-07-06 14:56:33,482] {base_task_runner.py:101} INFO - Job 38: Subtask Begin_execution 19/07/06 14:56:33 WARN Utils: Service 'SparkUI' could not bind on port 4044. Attempting port 4045.
[2019-07-06 14:56:33,483] {base_task_runner.py:101} INFO - Job 38: Subtask Begin_execution 19/07/06 14:56:33 WARN Utils: Service 'SparkUI' could not bind on port 4045. Attempting port 4046.
[2019-07-06 14:56:35,604] {base_task_runner.py:101} INFO - Job 38: Subtask Begin_execution [2019-07-06 14:56:35,604] {cli.py:517} INFO - Running <TaskInstance: python_load_dag.Begin_execution 2019-07-06T13:56:08.536347+00:00 [running]> on host Mahdis-MacBook-Pro.local
[2019-07-06 14:56:35,628] {base_task_runner.py:101} INFO - Job 38: Subtask Begin_execution /Library/Frameworks/Python.framework/Versions/3.6/lib/python3.6/site-packages/airflow/utils/helpers.py:387: DeprecationWarning: Importing 'PostgresHook' directly from 'airflow.hooks' has been deprecated. Please import from 'airflow.hooks.[operator_module]' instead. Support for direct imports will be dropped entirely in Airflow 2.0.
[2019-07-06 14:56:35,628] {base_task_runner.py:101} INFO - Job 38: Subtask Begin_execution   DeprecationWarning)
[2019-07-06 14:56:35,818] {logging_mixin.py:95} INFO - [2019-07-06 14:56:35,818] {jobs.py:2630} WARNING - State of this instance has been externally set to success. Taking the poison pill.
[2019-07-06 14:56:35,825] {logging_mixin.py:95} INFO - [2019-07-06 14:56:35,824] {jobs.py:2562} INFO - Task exited with return code 0
