[2019-07-06 15:25:22,070] {__init__.py:1139} INFO - Dependencies all met for <TaskInstance: python_load_dag.Stop_execution 2019-07-06T14:22:39.090909+00:00 [queued]>
[2019-07-06 15:25:22,080] {__init__.py:1139} INFO - Dependencies all met for <TaskInstance: python_load_dag.Stop_execution 2019-07-06T14:22:39.090909+00:00 [queued]>
[2019-07-06 15:25:22,080] {__init__.py:1353} INFO - 
--------------------------------------------------------------------------------
[2019-07-06 15:25:22,080] {__init__.py:1354} INFO - Starting attempt 1 of 2
[2019-07-06 15:25:22,080] {__init__.py:1355} INFO - 
--------------------------------------------------------------------------------
[2019-07-06 15:25:22,086] {__init__.py:1374} INFO - Executing <Task(DummyOperator): Stop_execution> on 2019-07-06T14:22:39.090909+00:00
[2019-07-06 15:25:22,087] {base_task_runner.py:119} INFO - Running: ['airflow', 'run', 'python_load_dag', 'Stop_execution', '2019-07-06T14:22:39.090909+00:00', '--job_id', '64', '--raw', '-sd', 'DAGS_FOLDER/spark_dag.py', '--cfg_path', '/var/folders/gl/v_3dc2yn7lb05kcmfb9ppm1r0000gn/T/tmpf10nkg7m']
[2019-07-06 15:25:22,835] {base_task_runner.py:101} INFO - Job 64: Subtask Stop_execution [2019-07-06 15:25:22,835] {__init__.py:51} INFO - Using executor SequentialExecutor
[2019-07-06 15:25:23,039] {base_task_runner.py:101} INFO - Job 64: Subtask Stop_execution [2019-07-06 15:25:23,038] {__init__.py:305} INFO - Filling up the DagBag from /Users/mahdimostafa/airflow/dags/spark_dag.py
[2019-07-06 15:25:24,212] {base_task_runner.py:101} INFO - Job 64: Subtask Stop_execution Ivy Default Cache set to: /Users/mahdimostafa/.ivy2/cache
[2019-07-06 15:25:24,212] {base_task_runner.py:101} INFO - Job 64: Subtask Stop_execution The jars for the packages stored in: /Users/mahdimostafa/.ivy2/jars
[2019-07-06 15:25:24,238] {base_task_runner.py:101} INFO - Job 64: Subtask Stop_execution :: loading settings :: url = jar:file:/Library/Frameworks/Python.framework/Versions/3.6/lib/python3.6/site-packages/pyspark/jars/ivy-2.4.0.jar!/org/apache/ivy/core/settings/ivysettings.xml
[2019-07-06 15:25:24,365] {base_task_runner.py:101} INFO - Job 64: Subtask Stop_execution org.apache.hadoop#hadoop-aws added as a dependency
[2019-07-06 15:25:24,366] {base_task_runner.py:101} INFO - Job 64: Subtask Stop_execution :: resolving dependencies :: org.apache.spark#spark-submit-parent-91ca5aa6-1233-4c02-9d93-700ec9e67e15;1.0
[2019-07-06 15:25:24,366] {base_task_runner.py:101} INFO - Job 64: Subtask Stop_execution 	confs: [default]
[2019-07-06 15:25:24,543] {base_task_runner.py:101} INFO - Job 64: Subtask Stop_execution 	found org.apache.hadoop#hadoop-aws;2.7.0 in spark-list
[2019-07-06 15:25:24,598] {base_task_runner.py:101} INFO - Job 64: Subtask Stop_execution 	found org.apache.hadoop#hadoop-common;2.7.0 in central
[2019-07-06 15:25:24,666] {base_task_runner.py:101} INFO - Job 64: Subtask Stop_execution 	found org.apache.hadoop#hadoop-annotations;2.7.0 in spark-list
[2019-07-06 15:25:24,695] {base_task_runner.py:101} INFO - Job 64: Subtask Stop_execution 	found com.google.guava#guava;11.0.2 in central
[2019-07-06 15:25:24,726] {base_task_runner.py:101} INFO - Job 64: Subtask Stop_execution 	found com.google.code.findbugs#jsr305;3.0.0 in central
[2019-07-06 15:25:24,751] {base_task_runner.py:101} INFO - Job 64: Subtask Stop_execution 	found commons-cli#commons-cli;1.2 in central
[2019-07-06 15:25:24,796] {base_task_runner.py:101} INFO - Job 64: Subtask Stop_execution 	found org.apache.commons#commons-math3;3.1.1 in central
[2019-07-06 15:25:24,813] {base_task_runner.py:101} INFO - Job 64: Subtask Stop_execution 	found xmlenc#xmlenc;0.52 in central
[2019-07-06 15:25:24,831] {base_task_runner.py:101} INFO - Job 64: Subtask Stop_execution 	found commons-httpclient#commons-httpclient;3.1 in spark-list
[2019-07-06 15:25:24,851] {base_task_runner.py:101} INFO - Job 64: Subtask Stop_execution 	found commons-logging#commons-logging;1.1.3 in central
[2019-07-06 15:25:24,867] {base_task_runner.py:101} INFO - Job 64: Subtask Stop_execution 	found commons-codec#commons-codec;1.4 in central
[2019-07-06 15:25:24,883] {base_task_runner.py:101} INFO - Job 64: Subtask Stop_execution 	found commons-io#commons-io;2.4 in central
[2019-07-06 15:25:24,898] {base_task_runner.py:101} INFO - Job 64: Subtask Stop_execution 	found commons-net#commons-net;3.1 in central
[2019-07-06 15:25:24,913] {base_task_runner.py:101} INFO - Job 64: Subtask Stop_execution 	found commons-collections#commons-collections;3.2.1 in central
[2019-07-06 15:25:24,934] {base_task_runner.py:101} INFO - Job 64: Subtask Stop_execution 	found javax.servlet#servlet-api;2.5 in central
[2019-07-06 15:25:24,953] {base_task_runner.py:101} INFO - Job 64: Subtask Stop_execution 	found org.mortbay.jetty#jetty;6.1.26 in central
[2019-07-06 15:25:24,971] {base_task_runner.py:101} INFO - Job 64: Subtask Stop_execution 	found org.mortbay.jetty#jetty-util;6.1.26 in central
[2019-07-06 15:25:24,986] {base_task_runner.py:101} INFO - Job 64: Subtask Stop_execution 	found com.sun.jersey#jersey-core;1.9 in central
[2019-07-06 15:25:25,002] {base_task_runner.py:101} INFO - Job 64: Subtask Stop_execution 	found com.sun.jersey#jersey-json;1.9 in central
[2019-07-06 15:25:25,019] {base_task_runner.py:101} INFO - Job 64: Subtask Stop_execution 	found org.codehaus.jettison#jettison;1.1 in central
[2019-07-06 15:25:25,031] {base_task_runner.py:101} INFO - Job 64: Subtask Stop_execution 	found com.sun.xml.bind#jaxb-impl;2.2.3-1 in central
[2019-07-06 15:25:25,046] {base_task_runner.py:101} INFO - Job 64: Subtask Stop_execution 	found javax.xml.bind#jaxb-api;2.2.2 in central
[2019-07-06 15:25:25,061] {base_task_runner.py:101} INFO - Job 64: Subtask Stop_execution 	found javax.xml.stream#stax-api;1.0-2 in central
[2019-07-06 15:25:25,073] {base_task_runner.py:101} INFO - Job 64: Subtask Stop_execution 	found javax.activation#activation;1.1 in central
[2019-07-06 15:25:25,086] {base_task_runner.py:101} INFO - Job 64: Subtask Stop_execution 	found org.codehaus.jackson#jackson-core-asl;1.9.13 in central
[2019-07-06 15:25:25,097] {base_task_runner.py:101} INFO - Job 64: Subtask Stop_execution 	found org.codehaus.jackson#jackson-mapper-asl;1.9.13 in central
[2019-07-06 15:25:25,111] {base_task_runner.py:101} INFO - Job 64: Subtask Stop_execution 	found org.codehaus.jackson#jackson-jaxrs;1.9.13 in central
[2019-07-06 15:25:25,122] {base_task_runner.py:101} INFO - Job 64: Subtask Stop_execution 	found org.codehaus.jackson#jackson-xc;1.9.13 in central
[2019-07-06 15:25:25,138] {base_task_runner.py:101} INFO - Job 64: Subtask Stop_execution 	found com.sun.jersey#jersey-server;1.9 in central
[2019-07-06 15:25:25,150] {base_task_runner.py:101} INFO - Job 64: Subtask Stop_execution 	found asm#asm;3.2 in central
[2019-07-06 15:25:25,158] {base_task_runner.py:101} INFO - Job 64: Subtask Stop_execution 	found log4j#log4j;1.2.17 in central
[2019-07-06 15:25:25,170] {base_task_runner.py:101} INFO - Job 64: Subtask Stop_execution 	found net.java.dev.jets3t#jets3t;0.9.0 in central
[2019-07-06 15:25:25,190] {base_task_runner.py:101} INFO - Job 64: Subtask Stop_execution 	found org.apache.httpcomponents#httpclient;4.2.5 in central
[2019-07-06 15:25:25,203] {base_task_runner.py:101} INFO - Job 64: Subtask Stop_execution 	found org.apache.httpcomponents#httpcore;4.2.5 in central
[2019-07-06 15:25:25,213] {base_task_runner.py:101} INFO - Job 64: Subtask Stop_execution 	found com.jamesmurty.utils#java-xmlbuilder;0.4 in spark-list
[2019-07-06 15:25:25,224] {base_task_runner.py:101} INFO - Job 64: Subtask Stop_execution 	found commons-lang#commons-lang;2.6 in central
[2019-07-06 15:25:25,236] {base_task_runner.py:101} INFO - Job 64: Subtask Stop_execution 	found commons-configuration#commons-configuration;1.6 in central
[2019-07-06 15:25:25,251] {base_task_runner.py:101} INFO - Job 64: Subtask Stop_execution 	found commons-digester#commons-digester;1.8 in central
[2019-07-06 15:25:25,262] {base_task_runner.py:101} INFO - Job 64: Subtask Stop_execution 	found commons-beanutils#commons-beanutils;1.7.0 in central
[2019-07-06 15:25:25,278] {base_task_runner.py:101} INFO - Job 64: Subtask Stop_execution 	found commons-beanutils#commons-beanutils-core;1.8.0 in central
[2019-07-06 15:25:25,289] {base_task_runner.py:101} INFO - Job 64: Subtask Stop_execution 	found org.slf4j#slf4j-api;1.7.10 in central
[2019-07-06 15:25:25,299] {base_task_runner.py:101} INFO - Job 64: Subtask Stop_execution 	found org.apache.avro#avro;1.7.4 in central
[2019-07-06 15:25:25,311] {base_task_runner.py:101} INFO - Job 64: Subtask Stop_execution 	found com.thoughtworks.paranamer#paranamer;2.3 in central
[2019-07-06 15:25:25,322] {base_task_runner.py:101} INFO - Job 64: Subtask Stop_execution 	found org.xerial.snappy#snappy-java;1.0.4.1 in central
[2019-07-06 15:25:25,332] {base_task_runner.py:101} INFO - Job 64: Subtask Stop_execution 	found org.apache.commons#commons-compress;1.4.1 in central
[2019-07-06 15:25:25,342] {base_task_runner.py:101} INFO - Job 64: Subtask Stop_execution 	found org.tukaani#xz;1.0 in central
[2019-07-06 15:25:25,352] {base_task_runner.py:101} INFO - Job 64: Subtask Stop_execution 	found com.google.protobuf#protobuf-java;2.5.0 in central
[2019-07-06 15:25:25,361] {base_task_runner.py:101} INFO - Job 64: Subtask Stop_execution 	found com.google.code.gson#gson;2.2.4 in central
[2019-07-06 15:25:25,376] {base_task_runner.py:101} INFO - Job 64: Subtask Stop_execution 	found org.apache.hadoop#hadoop-auth;2.7.0 in central
[2019-07-06 15:25:25,391] {base_task_runner.py:101} INFO - Job 64: Subtask Stop_execution 	found org.apache.directory.server#apacheds-kerberos-codec;2.0.0-M15 in central
[2019-07-06 15:25:25,405] {base_task_runner.py:101} INFO - Job 64: Subtask Stop_execution 	found org.apache.directory.server#apacheds-i18n;2.0.0-M15 in central
[2019-07-06 15:25:25,423] {base_task_runner.py:101} INFO - Job 64: Subtask Stop_execution 	found org.apache.directory.api#api-asn1-api;1.0.0-M20 in central
[2019-07-06 15:25:25,436] {base_task_runner.py:101} INFO - Job 64: Subtask Stop_execution 	found org.apache.directory.api#api-util;1.0.0-M20 in central
[2019-07-06 15:25:25,447] {base_task_runner.py:101} INFO - Job 64: Subtask Stop_execution 	found org.apache.zookeeper#zookeeper;3.4.6 in central
[2019-07-06 15:25:25,460] {base_task_runner.py:101} INFO - Job 64: Subtask Stop_execution 	found org.slf4j#slf4j-log4j12;1.7.10 in central
[2019-07-06 15:25:25,472] {base_task_runner.py:101} INFO - Job 64: Subtask Stop_execution 	found io.netty#netty;3.6.2.Final in central
[2019-07-06 15:25:25,482] {base_task_runner.py:101} INFO - Job 64: Subtask Stop_execution 	found org.apache.curator#curator-framework;2.7.1 in central
[2019-07-06 15:25:25,492] {base_task_runner.py:101} INFO - Job 64: Subtask Stop_execution 	found org.apache.curator#curator-client;2.7.1 in central
[2019-07-06 15:25:25,505] {base_task_runner.py:101} INFO - Job 64: Subtask Stop_execution 	found com.jcraft#jsch;0.1.42 in central
[2019-07-06 15:25:25,515] {base_task_runner.py:101} INFO - Job 64: Subtask Stop_execution 	found org.apache.curator#curator-recipes;2.7.1 in central
[2019-07-06 15:25:25,525] {base_task_runner.py:101} INFO - Job 64: Subtask Stop_execution 	found org.apache.htrace#htrace-core;3.1.0-incubating in central
[2019-07-06 15:25:25,536] {base_task_runner.py:101} INFO - Job 64: Subtask Stop_execution 	found javax.servlet.jsp#jsp-api;2.1 in central
[2019-07-06 15:25:25,561] {base_task_runner.py:101} INFO - Job 64: Subtask Stop_execution 	found jline#jline;0.9.94 in central
[2019-07-06 15:25:25,574] {base_task_runner.py:101} INFO - Job 64: Subtask Stop_execution 	found junit#junit;4.11 in central
[2019-07-06 15:25:25,587] {base_task_runner.py:101} INFO - Job 64: Subtask Stop_execution 	found org.hamcrest#hamcrest-core;1.3 in central
[2019-07-06 15:25:25,598] {base_task_runner.py:101} INFO - Job 64: Subtask Stop_execution 	found com.fasterxml.jackson.core#jackson-databind;2.2.3 in central
[2019-07-06 15:25:25,604] {base_task_runner.py:101} INFO - Job 64: Subtask Stop_execution 	found com.fasterxml.jackson.core#jackson-annotations;2.2.3 in central
[2019-07-06 15:25:25,610] {base_task_runner.py:101} INFO - Job 64: Subtask Stop_execution 	found com.fasterxml.jackson.core#jackson-core;2.2.3 in central
[2019-07-06 15:25:25,616] {base_task_runner.py:101} INFO - Job 64: Subtask Stop_execution 	found com.amazonaws#aws-java-sdk;1.7.4 in central
[2019-07-06 15:25:25,634] {base_task_runner.py:101} INFO - Job 64: Subtask Stop_execution WARNING: An illegal reflective access operation has occurred
[2019-07-06 15:25:25,634] {base_task_runner.py:101} INFO - Job 64: Subtask Stop_execution WARNING: Illegal reflective access by org.apache.ivy.util.url.IvyAuthenticator (file:/Library/Frameworks/Python.framework/Versions/3.6/lib/python3.6/site-packages/pyspark/jars/ivy-2.4.0.jar) to field java.net.Authenticator.theAuthenticator
[2019-07-06 15:25:25,634] {base_task_runner.py:101} INFO - Job 64: Subtask Stop_execution WARNING: Please consider reporting this to the maintainers of org.apache.ivy.util.url.IvyAuthenticator
[2019-07-06 15:25:25,634] {base_task_runner.py:101} INFO - Job 64: Subtask Stop_execution WARNING: Use --illegal-access=warn to enable warnings of further illegal reflective access operations
[2019-07-06 15:25:25,634] {base_task_runner.py:101} INFO - Job 64: Subtask Stop_execution WARNING: All illegal access operations will be denied in a future release
[2019-07-06 15:25:26,332] {base_task_runner.py:101} INFO - Job 64: Subtask Stop_execution 	found joda-time#joda-time;2.10.3 in central
[2019-07-06 15:25:26,332] {base_task_runner.py:101} INFO - Job 64: Subtask Stop_execution 	[2.10.3] joda-time#joda-time;[2.2,)
[2019-07-06 15:25:26,392] {base_task_runner.py:101} INFO - Job 64: Subtask Stop_execution :: resolution report :: resolve 1996ms :: artifacts dl 29ms
[2019-07-06 15:25:26,392] {base_task_runner.py:101} INFO - Job 64: Subtask Stop_execution 	:: modules in use:
[2019-07-06 15:25:26,392] {base_task_runner.py:101} INFO - Job 64: Subtask Stop_execution 	asm#asm;3.2 from central in [default]
[2019-07-06 15:25:26,392] {base_task_runner.py:101} INFO - Job 64: Subtask Stop_execution 	com.amazonaws#aws-java-sdk;1.7.4 from central in [default]
[2019-07-06 15:25:26,392] {base_task_runner.py:101} INFO - Job 64: Subtask Stop_execution 	com.fasterxml.jackson.core#jackson-annotations;2.2.3 from central in [default]
[2019-07-06 15:25:26,393] {base_task_runner.py:101} INFO - Job 64: Subtask Stop_execution 	com.fasterxml.jackson.core#jackson-core;2.2.3 from central in [default]
[2019-07-06 15:25:26,393] {base_task_runner.py:101} INFO - Job 64: Subtask Stop_execution 	com.fasterxml.jackson.core#jackson-databind;2.2.3 from central in [default]
[2019-07-06 15:25:26,393] {base_task_runner.py:101} INFO - Job 64: Subtask Stop_execution 	com.google.code.findbugs#jsr305;3.0.0 from central in [default]
[2019-07-06 15:25:26,393] {base_task_runner.py:101} INFO - Job 64: Subtask Stop_execution 	com.google.code.gson#gson;2.2.4 from central in [default]
[2019-07-06 15:25:26,393] {base_task_runner.py:101} INFO - Job 64: Subtask Stop_execution 	com.google.guava#guava;11.0.2 from central in [default]
[2019-07-06 15:25:26,393] {base_task_runner.py:101} INFO - Job 64: Subtask Stop_execution 	com.google.protobuf#protobuf-java;2.5.0 from central in [default]
[2019-07-06 15:25:26,393] {base_task_runner.py:101} INFO - Job 64: Subtask Stop_execution 	com.jamesmurty.utils#java-xmlbuilder;0.4 from spark-list in [default]
[2019-07-06 15:25:26,393] {base_task_runner.py:101} INFO - Job 64: Subtask Stop_execution 	com.jcraft#jsch;0.1.42 from central in [default]
[2019-07-06 15:25:26,393] {base_task_runner.py:101} INFO - Job 64: Subtask Stop_execution 	com.sun.jersey#jersey-core;1.9 from central in [default]
[2019-07-06 15:25:26,393] {base_task_runner.py:101} INFO - Job 64: Subtask Stop_execution 	com.sun.jersey#jersey-json;1.9 from central in [default]
[2019-07-06 15:25:26,393] {base_task_runner.py:101} INFO - Job 64: Subtask Stop_execution 	com.sun.jersey#jersey-server;1.9 from central in [default]
[2019-07-06 15:25:26,393] {base_task_runner.py:101} INFO - Job 64: Subtask Stop_execution 	com.sun.xml.bind#jaxb-impl;2.2.3-1 from central in [default]
[2019-07-06 15:25:26,393] {base_task_runner.py:101} INFO - Job 64: Subtask Stop_execution 	com.thoughtworks.paranamer#paranamer;2.3 from central in [default]
[2019-07-06 15:25:26,394] {base_task_runner.py:101} INFO - Job 64: Subtask Stop_execution 	commons-beanutils#commons-beanutils;1.7.0 from central in [default]
[2019-07-06 15:25:26,394] {base_task_runner.py:101} INFO - Job 64: Subtask Stop_execution 	commons-beanutils#commons-beanutils-core;1.8.0 from central in [default]
[2019-07-06 15:25:26,394] {base_task_runner.py:101} INFO - Job 64: Subtask Stop_execution 	commons-cli#commons-cli;1.2 from central in [default]
[2019-07-06 15:25:26,394] {base_task_runner.py:101} INFO - Job 64: Subtask Stop_execution 	commons-codec#commons-codec;1.4 from central in [default]
[2019-07-06 15:25:26,394] {base_task_runner.py:101} INFO - Job 64: Subtask Stop_execution 	commons-collections#commons-collections;3.2.1 from central in [default]
[2019-07-06 15:25:26,394] {base_task_runner.py:101} INFO - Job 64: Subtask Stop_execution 	commons-configuration#commons-configuration;1.6 from central in [default]
[2019-07-06 15:25:26,394] {base_task_runner.py:101} INFO - Job 64: Subtask Stop_execution 	commons-digester#commons-digester;1.8 from central in [default]
[2019-07-06 15:25:26,394] {base_task_runner.py:101} INFO - Job 64: Subtask Stop_execution 	commons-httpclient#commons-httpclient;3.1 from spark-list in [default]
[2019-07-06 15:25:26,394] {base_task_runner.py:101} INFO - Job 64: Subtask Stop_execution 	commons-io#commons-io;2.4 from central in [default]
[2019-07-06 15:25:26,394] {base_task_runner.py:101} INFO - Job 64: Subtask Stop_execution 	commons-lang#commons-lang;2.6 from central in [default]
[2019-07-06 15:25:26,394] {base_task_runner.py:101} INFO - Job 64: Subtask Stop_execution 	commons-logging#commons-logging;1.1.3 from central in [default]
[2019-07-06 15:25:26,394] {base_task_runner.py:101} INFO - Job 64: Subtask Stop_execution 	commons-net#commons-net;3.1 from central in [default]
[2019-07-06 15:25:26,394] {base_task_runner.py:101} INFO - Job 64: Subtask Stop_execution 	io.netty#netty;3.6.2.Final from central in [default]
[2019-07-06 15:25:26,394] {base_task_runner.py:101} INFO - Job 64: Subtask Stop_execution 	javax.activation#activation;1.1 from central in [default]
[2019-07-06 15:25:26,394] {base_task_runner.py:101} INFO - Job 64: Subtask Stop_execution 	javax.servlet#servlet-api;2.5 from central in [default]
[2019-07-06 15:25:26,395] {base_task_runner.py:101} INFO - Job 64: Subtask Stop_execution 	javax.servlet.jsp#jsp-api;2.1 from central in [default]
[2019-07-06 15:25:26,395] {base_task_runner.py:101} INFO - Job 64: Subtask Stop_execution 	javax.xml.bind#jaxb-api;2.2.2 from central in [default]
[2019-07-06 15:25:26,395] {base_task_runner.py:101} INFO - Job 64: Subtask Stop_execution 	javax.xml.stream#stax-api;1.0-2 from central in [default]
[2019-07-06 15:25:26,395] {base_task_runner.py:101} INFO - Job 64: Subtask Stop_execution 	jline#jline;0.9.94 from central in [default]
[2019-07-06 15:25:26,395] {base_task_runner.py:101} INFO - Job 64: Subtask Stop_execution 	joda-time#joda-time;2.10.3 from central in [default]
[2019-07-06 15:25:26,395] {base_task_runner.py:101} INFO - Job 64: Subtask Stop_execution 	junit#junit;4.11 from central in [default]
[2019-07-06 15:25:26,395] {base_task_runner.py:101} INFO - Job 64: Subtask Stop_execution 	log4j#log4j;1.2.17 from central in [default]
[2019-07-06 15:25:26,395] {base_task_runner.py:101} INFO - Job 64: Subtask Stop_execution 	net.java.dev.jets3t#jets3t;0.9.0 from central in [default]
[2019-07-06 15:25:26,395] {base_task_runner.py:101} INFO - Job 64: Subtask Stop_execution 	org.apache.avro#avro;1.7.4 from central in [default]
[2019-07-06 15:25:26,395] {base_task_runner.py:101} INFO - Job 64: Subtask Stop_execution 	org.apache.commons#commons-compress;1.4.1 from central in [default]
[2019-07-06 15:25:26,395] {base_task_runner.py:101} INFO - Job 64: Subtask Stop_execution 	org.apache.commons#commons-math3;3.1.1 from central in [default]
[2019-07-06 15:25:26,395] {base_task_runner.py:101} INFO - Job 64: Subtask Stop_execution 	org.apache.curator#curator-client;2.7.1 from central in [default]
[2019-07-06 15:25:26,395] {base_task_runner.py:101} INFO - Job 64: Subtask Stop_execution 	org.apache.curator#curator-framework;2.7.1 from central in [default]
[2019-07-06 15:25:26,395] {base_task_runner.py:101} INFO - Job 64: Subtask Stop_execution 	org.apache.curator#curator-recipes;2.7.1 from central in [default]
[2019-07-06 15:25:26,396] {base_task_runner.py:101} INFO - Job 64: Subtask Stop_execution 	org.apache.directory.api#api-asn1-api;1.0.0-M20 from central in [default]
[2019-07-06 15:25:26,396] {base_task_runner.py:101} INFO - Job 64: Subtask Stop_execution 	org.apache.directory.api#api-util;1.0.0-M20 from central in [default]
[2019-07-06 15:25:26,396] {base_task_runner.py:101} INFO - Job 64: Subtask Stop_execution 	org.apache.directory.server#apacheds-i18n;2.0.0-M15 from central in [default]
[2019-07-06 15:25:26,396] {base_task_runner.py:101} INFO - Job 64: Subtask Stop_execution 	org.apache.directory.server#apacheds-kerberos-codec;2.0.0-M15 from central in [default]
[2019-07-06 15:25:26,396] {base_task_runner.py:101} INFO - Job 64: Subtask Stop_execution 	org.apache.hadoop#hadoop-annotations;2.7.0 from spark-list in [default]
[2019-07-06 15:25:26,396] {base_task_runner.py:101} INFO - Job 64: Subtask Stop_execution 	org.apache.hadoop#hadoop-auth;2.7.0 from central in [default]
[2019-07-06 15:25:26,396] {base_task_runner.py:101} INFO - Job 64: Subtask Stop_execution 	org.apache.hadoop#hadoop-aws;2.7.0 from spark-list in [default]
[2019-07-06 15:25:26,396] {base_task_runner.py:101} INFO - Job 64: Subtask Stop_execution 	org.apache.hadoop#hadoop-common;2.7.0 from central in [default]
[2019-07-06 15:25:26,396] {base_task_runner.py:101} INFO - Job 64: Subtask Stop_execution 	org.apache.htrace#htrace-core;3.1.0-incubating from central in [default]
[2019-07-06 15:25:26,396] {base_task_runner.py:101} INFO - Job 64: Subtask Stop_execution 	org.apache.httpcomponents#httpclient;4.2.5 from central in [default]
[2019-07-06 15:25:26,396] {base_task_runner.py:101} INFO - Job 64: Subtask Stop_execution 	org.apache.httpcomponents#httpcore;4.2.5 from central in [default]
[2019-07-06 15:25:26,396] {base_task_runner.py:101} INFO - Job 64: Subtask Stop_execution 	org.apache.zookeeper#zookeeper;3.4.6 from central in [default]
[2019-07-06 15:25:26,396] {base_task_runner.py:101} INFO - Job 64: Subtask Stop_execution 	org.codehaus.jackson#jackson-core-asl;1.9.13 from central in [default]
[2019-07-06 15:25:26,396] {base_task_runner.py:101} INFO - Job 64: Subtask Stop_execution 	org.codehaus.jackson#jackson-jaxrs;1.9.13 from central in [default]
[2019-07-06 15:25:26,396] {base_task_runner.py:101} INFO - Job 64: Subtask Stop_execution 	org.codehaus.jackson#jackson-mapper-asl;1.9.13 from central in [default]
[2019-07-06 15:25:26,396] {base_task_runner.py:101} INFO - Job 64: Subtask Stop_execution 	org.codehaus.jackson#jackson-xc;1.9.13 from central in [default]
[2019-07-06 15:25:26,396] {base_task_runner.py:101} INFO - Job 64: Subtask Stop_execution 	org.codehaus.jettison#jettison;1.1 from central in [default]
[2019-07-06 15:25:26,396] {base_task_runner.py:101} INFO - Job 64: Subtask Stop_execution 	org.hamcrest#hamcrest-core;1.3 from central in [default]
[2019-07-06 15:25:26,396] {base_task_runner.py:101} INFO - Job 64: Subtask Stop_execution 	org.mortbay.jetty#jetty;6.1.26 from central in [default]
[2019-07-06 15:25:26,397] {base_task_runner.py:101} INFO - Job 64: Subtask Stop_execution 	org.mortbay.jetty#jetty-util;6.1.26 from central in [default]
[2019-07-06 15:25:26,397] {base_task_runner.py:101} INFO - Job 64: Subtask Stop_execution 	org.slf4j#slf4j-api;1.7.10 from central in [default]
[2019-07-06 15:25:26,397] {base_task_runner.py:101} INFO - Job 64: Subtask Stop_execution 	org.slf4j#slf4j-log4j12;1.7.10 from central in [default]
[2019-07-06 15:25:26,397] {base_task_runner.py:101} INFO - Job 64: Subtask Stop_execution 	org.tukaani#xz;1.0 from central in [default]
[2019-07-06 15:25:26,397] {base_task_runner.py:101} INFO - Job 64: Subtask Stop_execution 	org.xerial.snappy#snappy-java;1.0.4.1 from central in [default]
[2019-07-06 15:25:26,397] {base_task_runner.py:101} INFO - Job 64: Subtask Stop_execution 	xmlenc#xmlenc;0.52 from central in [default]
[2019-07-06 15:25:26,397] {base_task_runner.py:101} INFO - Job 64: Subtask Stop_execution 	---------------------------------------------------------------------
[2019-07-06 15:25:26,397] {base_task_runner.py:101} INFO - Job 64: Subtask Stop_execution 	|                  |            modules            ||   artifacts   |
[2019-07-06 15:25:26,397] {base_task_runner.py:101} INFO - Job 64: Subtask Stop_execution 	|       conf       | number| search|dwnlded|evicted|| number|dwnlded|
[2019-07-06 15:25:26,397] {base_task_runner.py:101} INFO - Job 64: Subtask Stop_execution 	---------------------------------------------------------------------
[2019-07-06 15:25:26,397] {base_task_runner.py:101} INFO - Job 64: Subtask Stop_execution 	|      default     |   70  |   1   |   0   |   0   ||   70  |   0   |
[2019-07-06 15:25:26,397] {base_task_runner.py:101} INFO - Job 64: Subtask Stop_execution 	---------------------------------------------------------------------
[2019-07-06 15:25:26,414] {base_task_runner.py:101} INFO - Job 64: Subtask Stop_execution :: retrieving :: org.apache.spark#spark-submit-parent-91ca5aa6-1233-4c02-9d93-700ec9e67e15
[2019-07-06 15:25:26,414] {base_task_runner.py:101} INFO - Job 64: Subtask Stop_execution 	confs: [default]
[2019-07-06 15:25:26,437] {base_task_runner.py:101} INFO - Job 64: Subtask Stop_execution 	0 artifacts copied, 70 already retrieved (0kB/23ms)
[2019-07-06 15:25:26,691] {base_task_runner.py:101} INFO - Job 64: Subtask Stop_execution 19/07/06 15:25:26 WARN NativeCodeLoader: Unable to load native-hadoop library for your platform... using builtin-java classes where applicable
[2019-07-06 15:25:27,152] {base_task_runner.py:101} INFO - Job 64: Subtask Stop_execution Using Spark's default log4j profile: org/apache/spark/log4j-defaults.properties
[2019-07-06 15:25:27,153] {base_task_runner.py:101} INFO - Job 64: Subtask Stop_execution Setting default log level to "WARN".
[2019-07-06 15:25:27,153] {base_task_runner.py:101} INFO - Job 64: Subtask Stop_execution To adjust logging level use sc.setLogLevel(newLevel). For SparkR, use setLogLevel(newLevel).
[2019-07-06 15:25:27,829] {base_task_runner.py:101} INFO - Job 64: Subtask Stop_execution 19/07/06 15:25:27 WARN Utils: Service 'SparkUI' could not bind on port 4040. Attempting port 4041.
[2019-07-06 15:25:27,829] {base_task_runner.py:101} INFO - Job 64: Subtask Stop_execution 19/07/06 15:25:27 WARN Utils: Service 'SparkUI' could not bind on port 4041. Attempting port 4042.
[2019-07-06 15:25:29,258] {base_task_runner.py:101} INFO - Job 64: Subtask Stop_execution [2019-07-06 15:25:29,257] {cli.py:517} INFO - Running <TaskInstance: python_load_dag.Stop_execution 2019-07-06T14:22:39.090909+00:00 [running]> on host Mahdis-MacBook-Pro.local
[2019-07-06 15:25:29,276] {base_task_runner.py:101} INFO - Job 64: Subtask Stop_execution /Library/Frameworks/Python.framework/Versions/3.6/lib/python3.6/site-packages/airflow/utils/helpers.py:387: DeprecationWarning: Importing 'PostgresHook' directly from 'airflow.hooks' has been deprecated. Please import from 'airflow.hooks.[operator_module]' instead. Support for direct imports will be dropped entirely in Airflow 2.0.
[2019-07-06 15:25:29,277] {base_task_runner.py:101} INFO - Job 64: Subtask Stop_execution   DeprecationWarning)
[2019-07-06 15:25:32,074] {logging_mixin.py:95} INFO - [2019-07-06 15:25:32,073] {jobs.py:2562} INFO - Task exited with return code 0
