[2019-07-01 17:37:01,802] {__init__.py:1139} INFO - Dependencies all met for <TaskInstance: python_load_dag.my_task_powered_by_python 2019-07-01T16:35:40.221942+00:00 [queued]>
[2019-07-01 17:37:01,810] {__init__.py:1139} INFO - Dependencies all met for <TaskInstance: python_load_dag.my_task_powered_by_python 2019-07-01T16:35:40.221942+00:00 [queued]>
[2019-07-01 17:37:01,811] {__init__.py:1353} INFO - 
--------------------------------------------------------------------------------
[2019-07-01 17:37:01,811] {__init__.py:1354} INFO - Starting attempt 1 of 2
[2019-07-01 17:37:01,811] {__init__.py:1355} INFO - 
--------------------------------------------------------------------------------
[2019-07-01 17:37:01,818] {__init__.py:1374} INFO - Executing <Task(PythonOperator): my_task_powered_by_python> on 2019-07-01T16:35:40.221942+00:00
[2019-07-01 17:37:01,818] {base_task_runner.py:119} INFO - Running: ['airflow', 'run', 'python_load_dag', 'my_task_powered_by_python', '2019-07-01T16:35:40.221942+00:00', '--job_id', '20', '--raw', '-sd', 'DAGS_FOLDER/spark_dag.py', '--cfg_path', '/var/folders/86/gxqwzx1j5c1dls33km6nj04r0000gn/T/tmpa7kyw_0y']
[2019-07-01 17:37:03,427] {base_task_runner.py:101} INFO - Job 20: Subtask my_task_powered_by_python [2019-07-01 17:37:03,426] {__init__.py:51} INFO - Using executor SequentialExecutor
[2019-07-01 17:37:04,139] {base_task_runner.py:101} INFO - Job 20: Subtask my_task_powered_by_python [2019-07-01 17:37:04,138] {__init__.py:305} INFO - Filling up the DagBag from /Users/mahdimostafa/airflow/dags/spark_dag.py
[2019-07-01 17:37:05,563] {base_task_runner.py:101} INFO - Job 20: Subtask my_task_powered_by_python Ivy Default Cache set to: /Users/mahdimostafa/.ivy2/cache
[2019-07-01 17:37:05,563] {base_task_runner.py:101} INFO - Job 20: Subtask my_task_powered_by_python The jars for the packages stored in: /Users/mahdimostafa/.ivy2/jars
[2019-07-01 17:37:05,596] {base_task_runner.py:101} INFO - Job 20: Subtask my_task_powered_by_python :: loading settings :: url = jar:file:/Library/Frameworks/Python.framework/Versions/3.6/lib/python3.6/site-packages/pyspark/jars/ivy-2.4.0.jar!/org/apache/ivy/core/settings/ivysettings.xml
[2019-07-01 17:37:05,699] {base_task_runner.py:101} INFO - Job 20: Subtask my_task_powered_by_python org.apache.hadoop#hadoop-aws added as a dependency
[2019-07-01 17:37:05,700] {base_task_runner.py:101} INFO - Job 20: Subtask my_task_powered_by_python :: resolving dependencies :: org.apache.spark#spark-submit-parent-3e36f2e1-6c43-41c5-960f-05093bd7af57;1.0
[2019-07-01 17:37:05,700] {base_task_runner.py:101} INFO - Job 20: Subtask my_task_powered_by_python 	confs: [default]
[2019-07-01 17:37:05,870] {base_task_runner.py:101} INFO - Job 20: Subtask my_task_powered_by_python 	found org.apache.hadoop#hadoop-aws;2.7.0 in spark-list
[2019-07-01 17:37:05,942] {base_task_runner.py:101} INFO - Job 20: Subtask my_task_powered_by_python 	found org.apache.hadoop#hadoop-common;2.7.0 in spark-list
[2019-07-01 17:37:06,034] {base_task_runner.py:101} INFO - Job 20: Subtask my_task_powered_by_python 	found org.apache.hadoop#hadoop-annotations;2.7.0 in central
[2019-07-01 17:37:06,079] {base_task_runner.py:101} INFO - Job 20: Subtask my_task_powered_by_python 	found com.google.guava#guava;11.0.2 in central
[2019-07-01 17:37:06,118] {base_task_runner.py:101} INFO - Job 20: Subtask my_task_powered_by_python 	found com.google.code.findbugs#jsr305;3.0.0 in central
[2019-07-01 17:37:06,152] {base_task_runner.py:101} INFO - Job 20: Subtask my_task_powered_by_python 	found commons-cli#commons-cli;1.2 in spark-list
[2019-07-01 17:37:06,180] {base_task_runner.py:101} INFO - Job 20: Subtask my_task_powered_by_python 	found org.apache.commons#commons-math3;3.1.1 in central
[2019-07-01 17:37:06,203] {base_task_runner.py:101} INFO - Job 20: Subtask my_task_powered_by_python 	found xmlenc#xmlenc;0.52 in spark-list
[2019-07-01 17:37:06,224] {base_task_runner.py:101} INFO - Job 20: Subtask my_task_powered_by_python 	found commons-httpclient#commons-httpclient;3.1 in central
[2019-07-01 17:37:06,257] {base_task_runner.py:101} INFO - Job 20: Subtask my_task_powered_by_python 	found commons-logging#commons-logging;1.1.3 in central
[2019-07-01 17:37:06,287] {base_task_runner.py:101} INFO - Job 20: Subtask my_task_powered_by_python 	found commons-codec#commons-codec;1.4 in central
[2019-07-01 17:37:06,333] {base_task_runner.py:101} INFO - Job 20: Subtask my_task_powered_by_python 	found commons-io#commons-io;2.4 in central
[2019-07-01 17:37:06,356] {base_task_runner.py:101} INFO - Job 20: Subtask my_task_powered_by_python 	found commons-net#commons-net;3.1 in central
[2019-07-01 17:37:06,374] {base_task_runner.py:101} INFO - Job 20: Subtask my_task_powered_by_python 	found commons-collections#commons-collections;3.2.1 in central
[2019-07-01 17:37:06,386] {base_task_runner.py:101} INFO - Job 20: Subtask my_task_powered_by_python 	found javax.servlet#servlet-api;2.5 in central
[2019-07-01 17:37:06,399] {base_task_runner.py:101} INFO - Job 20: Subtask my_task_powered_by_python 	found org.mortbay.jetty#jetty;6.1.26 in spark-list
[2019-07-01 17:37:06,413] {base_task_runner.py:101} INFO - Job 20: Subtask my_task_powered_by_python 	found org.mortbay.jetty#jetty-util;6.1.26 in central
[2019-07-01 17:37:06,435] {base_task_runner.py:101} INFO - Job 20: Subtask my_task_powered_by_python 	found com.sun.jersey#jersey-core;1.9 in central
[2019-07-01 17:37:06,449] {base_task_runner.py:101} INFO - Job 20: Subtask my_task_powered_by_python 	found com.sun.jersey#jersey-json;1.9 in central
[2019-07-01 17:37:06,461] {base_task_runner.py:101} INFO - Job 20: Subtask my_task_powered_by_python 	found org.codehaus.jettison#jettison;1.1 in central
[2019-07-01 17:37:06,473] {base_task_runner.py:101} INFO - Job 20: Subtask my_task_powered_by_python 	found com.sun.xml.bind#jaxb-impl;2.2.3-1 in central
[2019-07-01 17:37:06,486] {base_task_runner.py:101} INFO - Job 20: Subtask my_task_powered_by_python 	found javax.xml.bind#jaxb-api;2.2.2 in central
[2019-07-01 17:37:06,499] {base_task_runner.py:101} INFO - Job 20: Subtask my_task_powered_by_python 	found javax.xml.stream#stax-api;1.0-2 in central
[2019-07-01 17:37:06,512] {base_task_runner.py:101} INFO - Job 20: Subtask my_task_powered_by_python 	found javax.activation#activation;1.1 in central
[2019-07-01 17:37:06,524] {base_task_runner.py:101} INFO - Job 20: Subtask my_task_powered_by_python 	found org.codehaus.jackson#jackson-core-asl;1.9.13 in central
[2019-07-01 17:37:06,535] {base_task_runner.py:101} INFO - Job 20: Subtask my_task_powered_by_python 	found org.codehaus.jackson#jackson-mapper-asl;1.9.13 in central
[2019-07-01 17:37:06,548] {base_task_runner.py:101} INFO - Job 20: Subtask my_task_powered_by_python 	found org.codehaus.jackson#jackson-jaxrs;1.9.13 in central
[2019-07-01 17:37:06,566] {base_task_runner.py:101} INFO - Job 20: Subtask my_task_powered_by_python 	found org.codehaus.jackson#jackson-xc;1.9.13 in central
[2019-07-01 17:37:06,584] {base_task_runner.py:101} INFO - Job 20: Subtask my_task_powered_by_python 	found com.sun.jersey#jersey-server;1.9 in central
[2019-07-01 17:37:06,607] {base_task_runner.py:101} INFO - Job 20: Subtask my_task_powered_by_python 	found asm#asm;3.2 in spark-list
[2019-07-01 17:37:06,619] {base_task_runner.py:101} INFO - Job 20: Subtask my_task_powered_by_python 	found log4j#log4j;1.2.17 in central
[2019-07-01 17:37:06,633] {base_task_runner.py:101} INFO - Job 20: Subtask my_task_powered_by_python 	found net.java.dev.jets3t#jets3t;0.9.0 in central
[2019-07-01 17:37:06,651] {base_task_runner.py:101} INFO - Job 20: Subtask my_task_powered_by_python 	found org.apache.httpcomponents#httpclient;4.2.5 in central
[2019-07-01 17:37:06,664] {base_task_runner.py:101} INFO - Job 20: Subtask my_task_powered_by_python 	found org.apache.httpcomponents#httpcore;4.2.5 in central
[2019-07-01 17:37:06,676] {base_task_runner.py:101} INFO - Job 20: Subtask my_task_powered_by_python 	found com.jamesmurty.utils#java-xmlbuilder;0.4 in central
[2019-07-01 17:37:06,689] {base_task_runner.py:101} INFO - Job 20: Subtask my_task_powered_by_python 	found commons-lang#commons-lang;2.6 in central
[2019-07-01 17:37:06,706] {base_task_runner.py:101} INFO - Job 20: Subtask my_task_powered_by_python 	found commons-configuration#commons-configuration;1.6 in central
[2019-07-01 17:37:06,724] {base_task_runner.py:101} INFO - Job 20: Subtask my_task_powered_by_python 	found commons-digester#commons-digester;1.8 in spark-list
[2019-07-01 17:37:06,736] {base_task_runner.py:101} INFO - Job 20: Subtask my_task_powered_by_python 	found commons-beanutils#commons-beanutils;1.7.0 in central
[2019-07-01 17:37:06,753] {base_task_runner.py:101} INFO - Job 20: Subtask my_task_powered_by_python 	found commons-beanutils#commons-beanutils-core;1.8.0 in central
[2019-07-01 17:37:06,764] {base_task_runner.py:101} INFO - Job 20: Subtask my_task_powered_by_python 	found org.slf4j#slf4j-api;1.7.10 in spark-list
[2019-07-01 17:37:06,776] {base_task_runner.py:101} INFO - Job 20: Subtask my_task_powered_by_python 	found org.apache.avro#avro;1.7.4 in central
[2019-07-01 17:37:06,795] {base_task_runner.py:101} INFO - Job 20: Subtask my_task_powered_by_python 	found com.thoughtworks.paranamer#paranamer;2.3 in central
[2019-07-01 17:37:06,808] {base_task_runner.py:101} INFO - Job 20: Subtask my_task_powered_by_python 	found org.xerial.snappy#snappy-java;1.0.4.1 in central
[2019-07-01 17:37:06,818] {base_task_runner.py:101} INFO - Job 20: Subtask my_task_powered_by_python 	found org.apache.commons#commons-compress;1.4.1 in central
[2019-07-01 17:37:06,830] {base_task_runner.py:101} INFO - Job 20: Subtask my_task_powered_by_python 	found org.tukaani#xz;1.0 in central
[2019-07-01 17:37:06,840] {base_task_runner.py:101} INFO - Job 20: Subtask my_task_powered_by_python 	found com.google.protobuf#protobuf-java;2.5.0 in central
[2019-07-01 17:37:06,850] {base_task_runner.py:101} INFO - Job 20: Subtask my_task_powered_by_python 	found com.google.code.gson#gson;2.2.4 in central
[2019-07-01 17:37:06,897] {base_task_runner.py:101} INFO - Job 20: Subtask my_task_powered_by_python 	found org.apache.hadoop#hadoop-auth;2.7.0 in central
[2019-07-01 17:37:06,927] {base_task_runner.py:101} INFO - Job 20: Subtask my_task_powered_by_python 	found org.apache.directory.server#apacheds-kerberos-codec;2.0.0-M15 in central
[2019-07-01 17:37:06,954] {base_task_runner.py:101} INFO - Job 20: Subtask my_task_powered_by_python 	found org.apache.directory.server#apacheds-i18n;2.0.0-M15 in central
[2019-07-01 17:37:06,974] {base_task_runner.py:101} INFO - Job 20: Subtask my_task_powered_by_python 	found org.apache.directory.api#api-asn1-api;1.0.0-M20 in central
[2019-07-01 17:37:06,992] {base_task_runner.py:101} INFO - Job 20: Subtask my_task_powered_by_python 	found org.apache.directory.api#api-util;1.0.0-M20 in central
[2019-07-01 17:37:07,010] {base_task_runner.py:101} INFO - Job 20: Subtask my_task_powered_by_python 	found org.apache.zookeeper#zookeeper;3.4.6 in central
[2019-07-01 17:37:07,032] {base_task_runner.py:101} INFO - Job 20: Subtask my_task_powered_by_python 	found org.slf4j#slf4j-log4j12;1.7.10 in central
[2019-07-01 17:37:07,055] {base_task_runner.py:101} INFO - Job 20: Subtask my_task_powered_by_python 	found io.netty#netty;3.6.2.Final in central
[2019-07-01 17:37:07,070] {base_task_runner.py:101} INFO - Job 20: Subtask my_task_powered_by_python 	found org.apache.curator#curator-framework;2.7.1 in spark-list
[2019-07-01 17:37:07,090] {base_task_runner.py:101} INFO - Job 20: Subtask my_task_powered_by_python 	found org.apache.curator#curator-client;2.7.1 in spark-list
[2019-07-01 17:37:07,113] {base_task_runner.py:101} INFO - Job 20: Subtask my_task_powered_by_python 	found com.jcraft#jsch;0.1.42 in central
[2019-07-01 17:37:07,145] {base_task_runner.py:101} INFO - Job 20: Subtask my_task_powered_by_python 	found org.apache.curator#curator-recipes;2.7.1 in central
[2019-07-01 17:37:07,159] {base_task_runner.py:101} INFO - Job 20: Subtask my_task_powered_by_python 	found org.apache.htrace#htrace-core;3.1.0-incubating in central
[2019-07-01 17:37:07,175] {base_task_runner.py:101} INFO - Job 20: Subtask my_task_powered_by_python 	found javax.servlet.jsp#jsp-api;2.1 in central
[2019-07-01 17:37:07,207] {base_task_runner.py:101} INFO - Job 20: Subtask my_task_powered_by_python 	found jline#jline;0.9.94 in central
[2019-07-01 17:37:07,221] {base_task_runner.py:101} INFO - Job 20: Subtask my_task_powered_by_python 	found junit#junit;4.11 in central
[2019-07-01 17:37:07,234] {base_task_runner.py:101} INFO - Job 20: Subtask my_task_powered_by_python 	found org.hamcrest#hamcrest-core;1.3 in central
[2019-07-01 17:37:07,243] {base_task_runner.py:101} INFO - Job 20: Subtask my_task_powered_by_python 	found com.fasterxml.jackson.core#jackson-databind;2.2.3 in central
[2019-07-01 17:37:07,253] {base_task_runner.py:101} INFO - Job 20: Subtask my_task_powered_by_python 	found com.fasterxml.jackson.core#jackson-annotations;2.2.3 in central
[2019-07-01 17:37:07,259] {base_task_runner.py:101} INFO - Job 20: Subtask my_task_powered_by_python 	found com.fasterxml.jackson.core#jackson-core;2.2.3 in central
[2019-07-01 17:37:07,266] {base_task_runner.py:101} INFO - Job 20: Subtask my_task_powered_by_python 	found com.amazonaws#aws-java-sdk;1.7.4 in central
[2019-07-01 17:37:07,995] {base_task_runner.py:101} INFO - Job 20: Subtask my_task_powered_by_python 	found joda-time#joda-time;2.10.2 in central
[2019-07-01 17:37:07,995] {base_task_runner.py:101} INFO - Job 20: Subtask my_task_powered_by_python 	[2.10.2] joda-time#joda-time;[2.2,)
[2019-07-01 17:37:08,073] {base_task_runner.py:101} INFO - Job 20: Subtask my_task_powered_by_python :: resolution report :: resolve 2321ms :: artifacts dl 52ms
[2019-07-01 17:37:08,073] {base_task_runner.py:101} INFO - Job 20: Subtask my_task_powered_by_python 	:: modules in use:
[2019-07-01 17:37:08,074] {base_task_runner.py:101} INFO - Job 20: Subtask my_task_powered_by_python 	asm#asm;3.2 from spark-list in [default]
[2019-07-01 17:37:08,075] {base_task_runner.py:101} INFO - Job 20: Subtask my_task_powered_by_python 	com.amazonaws#aws-java-sdk;1.7.4 from central in [default]
[2019-07-01 17:37:08,075] {base_task_runner.py:101} INFO - Job 20: Subtask my_task_powered_by_python 	com.fasterxml.jackson.core#jackson-annotations;2.2.3 from central in [default]
[2019-07-01 17:37:08,075] {base_task_runner.py:101} INFO - Job 20: Subtask my_task_powered_by_python 	com.fasterxml.jackson.core#jackson-core;2.2.3 from central in [default]
[2019-07-01 17:37:08,075] {base_task_runner.py:101} INFO - Job 20: Subtask my_task_powered_by_python 	com.fasterxml.jackson.core#jackson-databind;2.2.3 from central in [default]
[2019-07-01 17:37:08,075] {base_task_runner.py:101} INFO - Job 20: Subtask my_task_powered_by_python 	com.google.code.findbugs#jsr305;3.0.0 from central in [default]
[2019-07-01 17:37:08,076] {base_task_runner.py:101} INFO - Job 20: Subtask my_task_powered_by_python 	com.google.code.gson#gson;2.2.4 from central in [default]
[2019-07-01 17:37:08,076] {base_task_runner.py:101} INFO - Job 20: Subtask my_task_powered_by_python 	com.google.guava#guava;11.0.2 from central in [default]
[2019-07-01 17:37:08,076] {base_task_runner.py:101} INFO - Job 20: Subtask my_task_powered_by_python 	com.google.protobuf#protobuf-java;2.5.0 from central in [default]
[2019-07-01 17:37:08,076] {base_task_runner.py:101} INFO - Job 20: Subtask my_task_powered_by_python 	com.jamesmurty.utils#java-xmlbuilder;0.4 from central in [default]
[2019-07-01 17:37:08,076] {base_task_runner.py:101} INFO - Job 20: Subtask my_task_powered_by_python 	com.jcraft#jsch;0.1.42 from central in [default]
[2019-07-01 17:37:08,077] {base_task_runner.py:101} INFO - Job 20: Subtask my_task_powered_by_python 	com.sun.jersey#jersey-core;1.9 from central in [default]
[2019-07-01 17:37:08,077] {base_task_runner.py:101} INFO - Job 20: Subtask my_task_powered_by_python 	com.sun.jersey#jersey-json;1.9 from central in [default]
[2019-07-01 17:37:08,077] {base_task_runner.py:101} INFO - Job 20: Subtask my_task_powered_by_python 	com.sun.jersey#jersey-server;1.9 from central in [default]
[2019-07-01 17:37:08,077] {base_task_runner.py:101} INFO - Job 20: Subtask my_task_powered_by_python 	com.sun.xml.bind#jaxb-impl;2.2.3-1 from central in [default]
[2019-07-01 17:37:08,077] {base_task_runner.py:101} INFO - Job 20: Subtask my_task_powered_by_python 	com.thoughtworks.paranamer#paranamer;2.3 from central in [default]
[2019-07-01 17:37:08,077] {base_task_runner.py:101} INFO - Job 20: Subtask my_task_powered_by_python 	commons-beanutils#commons-beanutils;1.7.0 from central in [default]
[2019-07-01 17:37:08,077] {base_task_runner.py:101} INFO - Job 20: Subtask my_task_powered_by_python 	commons-beanutils#commons-beanutils-core;1.8.0 from central in [default]
[2019-07-01 17:37:08,078] {base_task_runner.py:101} INFO - Job 20: Subtask my_task_powered_by_python 	commons-cli#commons-cli;1.2 from spark-list in [default]
[2019-07-01 17:37:08,078] {base_task_runner.py:101} INFO - Job 20: Subtask my_task_powered_by_python 	commons-codec#commons-codec;1.4 from central in [default]
[2019-07-01 17:37:08,078] {base_task_runner.py:101} INFO - Job 20: Subtask my_task_powered_by_python 	commons-collections#commons-collections;3.2.1 from central in [default]
[2019-07-01 17:37:08,078] {base_task_runner.py:101} INFO - Job 20: Subtask my_task_powered_by_python 	commons-configuration#commons-configuration;1.6 from central in [default]
[2019-07-01 17:37:08,078] {base_task_runner.py:101} INFO - Job 20: Subtask my_task_powered_by_python 	commons-digester#commons-digester;1.8 from spark-list in [default]
[2019-07-01 17:37:08,078] {base_task_runner.py:101} INFO - Job 20: Subtask my_task_powered_by_python 	commons-httpclient#commons-httpclient;3.1 from central in [default]
[2019-07-01 17:37:08,078] {base_task_runner.py:101} INFO - Job 20: Subtask my_task_powered_by_python 	commons-io#commons-io;2.4 from central in [default]
[2019-07-01 17:37:08,078] {base_task_runner.py:101} INFO - Job 20: Subtask my_task_powered_by_python 	commons-lang#commons-lang;2.6 from central in [default]
[2019-07-01 17:37:08,078] {base_task_runner.py:101} INFO - Job 20: Subtask my_task_powered_by_python 	commons-logging#commons-logging;1.1.3 from central in [default]
[2019-07-01 17:37:08,078] {base_task_runner.py:101} INFO - Job 20: Subtask my_task_powered_by_python 	commons-net#commons-net;3.1 from central in [default]
[2019-07-01 17:37:08,078] {base_task_runner.py:101} INFO - Job 20: Subtask my_task_powered_by_python 	io.netty#netty;3.6.2.Final from central in [default]
[2019-07-01 17:37:08,078] {base_task_runner.py:101} INFO - Job 20: Subtask my_task_powered_by_python 	javax.activation#activation;1.1 from central in [default]
[2019-07-01 17:37:08,078] {base_task_runner.py:101} INFO - Job 20: Subtask my_task_powered_by_python 	javax.servlet#servlet-api;2.5 from central in [default]
[2019-07-01 17:37:08,079] {base_task_runner.py:101} INFO - Job 20: Subtask my_task_powered_by_python 	javax.servlet.jsp#jsp-api;2.1 from central in [default]
[2019-07-01 17:37:08,079] {base_task_runner.py:101} INFO - Job 20: Subtask my_task_powered_by_python 	javax.xml.bind#jaxb-api;2.2.2 from central in [default]
[2019-07-01 17:37:08,079] {base_task_runner.py:101} INFO - Job 20: Subtask my_task_powered_by_python 	javax.xml.stream#stax-api;1.0-2 from central in [default]
[2019-07-01 17:37:08,079] {base_task_runner.py:101} INFO - Job 20: Subtask my_task_powered_by_python 	jline#jline;0.9.94 from central in [default]
[2019-07-01 17:37:08,079] {base_task_runner.py:101} INFO - Job 20: Subtask my_task_powered_by_python 	joda-time#joda-time;2.10.2 from central in [default]
[2019-07-01 17:37:08,079] {base_task_runner.py:101} INFO - Job 20: Subtask my_task_powered_by_python 	junit#junit;4.11 from central in [default]
[2019-07-01 17:37:08,079] {base_task_runner.py:101} INFO - Job 20: Subtask my_task_powered_by_python 	log4j#log4j;1.2.17 from central in [default]
[2019-07-01 17:37:08,079] {base_task_runner.py:101} INFO - Job 20: Subtask my_task_powered_by_python 	net.java.dev.jets3t#jets3t;0.9.0 from central in [default]
[2019-07-01 17:37:08,079] {base_task_runner.py:101} INFO - Job 20: Subtask my_task_powered_by_python 	org.apache.avro#avro;1.7.4 from central in [default]
[2019-07-01 17:37:08,079] {base_task_runner.py:101} INFO - Job 20: Subtask my_task_powered_by_python 	org.apache.commons#commons-compress;1.4.1 from central in [default]
[2019-07-01 17:37:08,079] {base_task_runner.py:101} INFO - Job 20: Subtask my_task_powered_by_python 	org.apache.commons#commons-math3;3.1.1 from central in [default]
[2019-07-01 17:37:08,079] {base_task_runner.py:101} INFO - Job 20: Subtask my_task_powered_by_python 	org.apache.curator#curator-client;2.7.1 from spark-list in [default]
[2019-07-01 17:37:08,079] {base_task_runner.py:101} INFO - Job 20: Subtask my_task_powered_by_python 	org.apache.curator#curator-framework;2.7.1 from spark-list in [default]
[2019-07-01 17:37:08,080] {base_task_runner.py:101} INFO - Job 20: Subtask my_task_powered_by_python 	org.apache.curator#curator-recipes;2.7.1 from central in [default]
[2019-07-01 17:37:08,080] {base_task_runner.py:101} INFO - Job 20: Subtask my_task_powered_by_python 	org.apache.directory.api#api-asn1-api;1.0.0-M20 from central in [default]
[2019-07-01 17:37:08,080] {base_task_runner.py:101} INFO - Job 20: Subtask my_task_powered_by_python 	org.apache.directory.api#api-util;1.0.0-M20 from central in [default]
[2019-07-01 17:37:08,080] {base_task_runner.py:101} INFO - Job 20: Subtask my_task_powered_by_python 	org.apache.directory.server#apacheds-i18n;2.0.0-M15 from central in [default]
[2019-07-01 17:37:08,080] {base_task_runner.py:101} INFO - Job 20: Subtask my_task_powered_by_python 	org.apache.directory.server#apacheds-kerberos-codec;2.0.0-M15 from central in [default]
[2019-07-01 17:37:08,080] {base_task_runner.py:101} INFO - Job 20: Subtask my_task_powered_by_python 	org.apache.hadoop#hadoop-annotations;2.7.0 from central in [default]
[2019-07-01 17:37:08,080] {base_task_runner.py:101} INFO - Job 20: Subtask my_task_powered_by_python 	org.apache.hadoop#hadoop-auth;2.7.0 from central in [default]
[2019-07-01 17:37:08,080] {base_task_runner.py:101} INFO - Job 20: Subtask my_task_powered_by_python 	org.apache.hadoop#hadoop-aws;2.7.0 from spark-list in [default]
[2019-07-01 17:37:08,080] {base_task_runner.py:101} INFO - Job 20: Subtask my_task_powered_by_python 	org.apache.hadoop#hadoop-common;2.7.0 from spark-list in [default]
[2019-07-01 17:37:08,080] {base_task_runner.py:101} INFO - Job 20: Subtask my_task_powered_by_python 	org.apache.htrace#htrace-core;3.1.0-incubating from central in [default]
[2019-07-01 17:37:08,080] {base_task_runner.py:101} INFO - Job 20: Subtask my_task_powered_by_python 	org.apache.httpcomponents#httpclient;4.2.5 from central in [default]
[2019-07-01 17:37:08,080] {base_task_runner.py:101} INFO - Job 20: Subtask my_task_powered_by_python 	org.apache.httpcomponents#httpcore;4.2.5 from central in [default]
[2019-07-01 17:37:08,080] {base_task_runner.py:101} INFO - Job 20: Subtask my_task_powered_by_python 	org.apache.zookeeper#zookeeper;3.4.6 from central in [default]
[2019-07-01 17:37:08,081] {base_task_runner.py:101} INFO - Job 20: Subtask my_task_powered_by_python 	org.codehaus.jackson#jackson-core-asl;1.9.13 from central in [default]
[2019-07-01 17:37:08,081] {base_task_runner.py:101} INFO - Job 20: Subtask my_task_powered_by_python 	org.codehaus.jackson#jackson-jaxrs;1.9.13 from central in [default]
[2019-07-01 17:37:08,081] {base_task_runner.py:101} INFO - Job 20: Subtask my_task_powered_by_python 	org.codehaus.jackson#jackson-mapper-asl;1.9.13 from central in [default]
[2019-07-01 17:37:08,082] {base_task_runner.py:101} INFO - Job 20: Subtask my_task_powered_by_python 	org.codehaus.jackson#jackson-xc;1.9.13 from central in [default]
[2019-07-01 17:37:08,082] {base_task_runner.py:101} INFO - Job 20: Subtask my_task_powered_by_python 	org.codehaus.jettison#jettison;1.1 from central in [default]
[2019-07-01 17:37:08,083] {base_task_runner.py:101} INFO - Job 20: Subtask my_task_powered_by_python 	org.hamcrest#hamcrest-core;1.3 from central in [default]
[2019-07-01 17:37:08,083] {base_task_runner.py:101} INFO - Job 20: Subtask my_task_powered_by_python 	org.mortbay.jetty#jetty;6.1.26 from spark-list in [default]
[2019-07-01 17:37:08,083] {base_task_runner.py:101} INFO - Job 20: Subtask my_task_powered_by_python 	org.mortbay.jetty#jetty-util;6.1.26 from central in [default]
[2019-07-01 17:37:08,083] {base_task_runner.py:101} INFO - Job 20: Subtask my_task_powered_by_python 	org.slf4j#slf4j-api;1.7.10 from spark-list in [default]
[2019-07-01 17:37:08,084] {base_task_runner.py:101} INFO - Job 20: Subtask my_task_powered_by_python 	org.slf4j#slf4j-log4j12;1.7.10 from central in [default]
[2019-07-01 17:37:08,084] {base_task_runner.py:101} INFO - Job 20: Subtask my_task_powered_by_python 	org.tukaani#xz;1.0 from central in [default]
[2019-07-01 17:37:08,084] {base_task_runner.py:101} INFO - Job 20: Subtask my_task_powered_by_python 	org.xerial.snappy#snappy-java;1.0.4.1 from central in [default]
[2019-07-01 17:37:08,084] {base_task_runner.py:101} INFO - Job 20: Subtask my_task_powered_by_python 	xmlenc#xmlenc;0.52 from spark-list in [default]
[2019-07-01 17:37:08,085] {base_task_runner.py:101} INFO - Job 20: Subtask my_task_powered_by_python 	---------------------------------------------------------------------
[2019-07-01 17:37:08,085] {base_task_runner.py:101} INFO - Job 20: Subtask my_task_powered_by_python 	|                  |            modules            ||   artifacts   |
[2019-07-01 17:37:08,085] {base_task_runner.py:101} INFO - Job 20: Subtask my_task_powered_by_python 	|       conf       | number| search|dwnlded|evicted|| number|dwnlded|
[2019-07-01 17:37:08,085] {base_task_runner.py:101} INFO - Job 20: Subtask my_task_powered_by_python 	---------------------------------------------------------------------
[2019-07-01 17:37:08,085] {base_task_runner.py:101} INFO - Job 20: Subtask my_task_powered_by_python 	|      default     |   70  |   1   |   0   |   0   ||   70  |   0   |
[2019-07-01 17:37:08,085] {base_task_runner.py:101} INFO - Job 20: Subtask my_task_powered_by_python 	---------------------------------------------------------------------
[2019-07-01 17:37:08,104] {base_task_runner.py:101} INFO - Job 20: Subtask my_task_powered_by_python :: retrieving :: org.apache.spark#spark-submit-parent-3e36f2e1-6c43-41c5-960f-05093bd7af57
[2019-07-01 17:37:08,104] {base_task_runner.py:101} INFO - Job 20: Subtask my_task_powered_by_python 	confs: [default]
[2019-07-01 17:37:08,139] {base_task_runner.py:101} INFO - Job 20: Subtask my_task_powered_by_python 	0 artifacts copied, 70 already retrieved (0kB/36ms)
[2019-07-01 17:37:08,535] {base_task_runner.py:101} INFO - Job 20: Subtask my_task_powered_by_python 19/07/01 17:37:08 WARN NativeCodeLoader: Unable to load native-hadoop library for your platform... using builtin-java classes where applicable
[2019-07-01 17:37:09,024] {base_task_runner.py:101} INFO - Job 20: Subtask my_task_powered_by_python Using Spark's default log4j profile: org/apache/spark/log4j-defaults.properties
[2019-07-01 17:37:09,025] {base_task_runner.py:101} INFO - Job 20: Subtask my_task_powered_by_python Setting default log level to "WARN".
[2019-07-01 17:37:09,025] {base_task_runner.py:101} INFO - Job 20: Subtask my_task_powered_by_python To adjust logging level use sc.setLogLevel(newLevel). For SparkR, use setLogLevel(newLevel).
[2019-07-01 17:37:10,018] {base_task_runner.py:101} INFO - Job 20: Subtask my_task_powered_by_python 19/07/01 17:37:10 WARN Utils: Service 'SparkUI' could not bind on port 4040. Attempting port 4041.
[2019-07-01 17:37:10,021] {base_task_runner.py:101} INFO - Job 20: Subtask my_task_powered_by_python 19/07/01 17:37:10 WARN Utils: Service 'SparkUI' could not bind on port 4041. Attempting port 4042.
[2019-07-01 17:37:10,021] {base_task_runner.py:101} INFO - Job 20: Subtask my_task_powered_by_python 19/07/01 17:37:10 WARN Utils: Service 'SparkUI' could not bind on port 4042. Attempting port 4043.
[2019-07-01 17:37:10,021] {base_task_runner.py:101} INFO - Job 20: Subtask my_task_powered_by_python 19/07/01 17:37:10 WARN Utils: Service 'SparkUI' could not bind on port 4043. Attempting port 4044.
[2019-07-01 17:37:10,022] {base_task_runner.py:101} INFO - Job 20: Subtask my_task_powered_by_python 19/07/01 17:37:10 WARN Utils: Service 'SparkUI' could not bind on port 4044. Attempting port 4045.
[2019-07-01 17:37:11,897] {base_task_runner.py:101} INFO - Job 20: Subtask my_task_powered_by_python [2019-07-01 17:37:11,897] {cli.py:517} INFO - Running <TaskInstance: python_load_dag.my_task_powered_by_python 2019-07-01T16:35:40.221942+00:00 [running]> on host Mahdis-MacBook-Pro.local
[2019-07-01 17:37:11,909] {python_operator.py:104} INFO - Exporting the following env vars:
AIRFLOW_CTX_DAG_ID=python_load_dag
AIRFLOW_CTX_TASK_ID=my_task_powered_by_python
AIRFLOW_CTX_EXECUTION_DATE=2019-07-01T16:35:40.221942+00:00
AIRFLOW_CTX_DAG_RUN_ID=manual__2019-07-01T16:35:40.221942+00:00
[2019-07-01 17:37:16,135] {base_task_runner.py:101} INFO - Job 20: Subtask my_task_powered_by_python 
[2019-07-01 17:37:19,342] {base_task_runner.py:101} INFO - Job 20: Subtask my_task_powered_by_python [Stage 0:>                                                          (0 + 1) / 1]
[2019-07-01 17:37:20,355] {base_task_runner.py:101} INFO - Job 20: Subtask my_task_powered_by_python                                                                                 
[2019-07-01 17:37:20,355] {base_task_runner.py:101} INFO - Job 20: Subtask my_task_powered_by_python 
[2019-07-01 17:37:20,910] {base_task_runner.py:101} INFO - Job 20: Subtask my_task_powered_by_python [Stage 1:>                                                          (0 + 1) / 1]
[2019-07-01 17:37:21,222] {logging_mixin.py:95} INFO - +------------------+---------------+---------------+----------------+-----------+---------+---------+------------------+----------------+----+
|         artist_id|artist_latitude|artist_location|artist_longitude|artist_name| duration|num_songs|           song_id|           title|year|
+------------------+---------------+---------------+----------------+-----------+---------+---------+------------------+----------------+----+
|ARD7TVE1187B99BFB1|           null|California - LA|            null|     Casual|218.93179|        1|SOMZWCG12A8C13C480|I Didn't Mean To|   0|
+------------------+---------------+---------------+----------------+-----------+---------+---------+------------------+----------------+----+
[2019-07-01 17:37:21,364] {logging_mixin.py:95} INFO - 
[2019-07-01 17:37:22,734] {logging_mixin.py:95} INFO - +------+---------+--------+------+-----+
|userId|firstName|lastName|gender|level|
+------+---------+--------+------+-----+
|   101|   Jayden|     Fox|     M| free|
|     8|   Kaylee| Summers|     F| free|
|    26|     Ryan|   Smith|     M| free|
|    10|   Sylvie|    Cruz|     F| free|
|    39|   Walter|    Frye|     M| free|
+------+---------+--------+------+-----+
[2019-07-01 17:37:22,734] {logging_mixin.py:95} INFO - 
[2019-07-01 17:37:23,574] {base_task_runner.py:101} INFO - Job 20: Subtask my_task_powered_by_python                                                                                 
[2019-07-01 17:37:23,574] {base_task_runner.py:101} INFO - Job 20: Subtask my_task_powered_by_python 
[2019-07-01 17:37:23,890] {base_task_runner.py:101} INFO - Job 20: Subtask my_task_powered_by_python [Stage 15:=================>                                     (63 + 4) / 200]
[2019-07-01 17:37:24,094] {base_task_runner.py:101} INFO - Job 20: Subtask my_task_powered_by_python [Stage 15:=====================>                                 (78 + 4) / 200]
[2019-07-01 17:37:24,295] {base_task_runner.py:101} INFO - Job 20: Subtask my_task_powered_by_python [Stage 15:===========================>                          (102 + 4) / 200]
[2019-07-01 17:37:24,498] {base_task_runner.py:101} INFO - Job 20: Subtask my_task_powered_by_python [Stage 15:================================>                     (121 + 4) / 200]
[2019-07-01 17:37:24,699] {base_task_runner.py:101} INFO - Job 20: Subtask my_task_powered_by_python [Stage 15:=======================================>              (147 + 4) / 200]
[2019-07-01 17:37:24,901] {base_task_runner.py:101} INFO - Job 20: Subtask my_task_powered_by_python [Stage 15:============================================>         (166 + 4) / 200]
[2019-07-01 17:37:25,102] {base_task_runner.py:101} INFO - Job 20: Subtask my_task_powered_by_python [Stage 15:===================================================>  (190 + 4) / 200]
[2019-07-01 17:37:25,122] {base_task_runner.py:101} INFO - Job 20: Subtask my_task_powered_by_python [Stage 15:=====================================================>(199 + 1) / 200]
[2019-07-01 17:37:25,145] {python_operator.py:113} INFO - Done. Returned value was: None
[2019-07-01 17:37:25,783] {base_task_runner.py:101} INFO - Job 20: Subtask my_task_powered_by_python                                                                                 
[2019-07-01 17:37:26,810] {logging_mixin.py:95} INFO - [2019-07-01 17:37:26,808] {jobs.py:2562} INFO - Task exited with return code 0
