[2019-07-06 12:44:49,320] {__init__.py:1139} INFO - Dependencies all met for <TaskInstance: python_load_dag.Begin_execution 2019-07-06T11:44:33.880200+00:00 [queued]>
[2019-07-06 12:44:49,325] {__init__.py:1139} INFO - Dependencies all met for <TaskInstance: python_load_dag.Begin_execution 2019-07-06T11:44:33.880200+00:00 [queued]>
[2019-07-06 12:44:49,325] {__init__.py:1353} INFO - 
--------------------------------------------------------------------------------
[2019-07-06 12:44:49,325] {__init__.py:1354} INFO - Starting attempt 1 of 2
[2019-07-06 12:44:49,325] {__init__.py:1355} INFO - 
--------------------------------------------------------------------------------
[2019-07-06 12:44:49,333] {__init__.py:1374} INFO - Executing <Task(DummyOperator): Begin_execution> on 2019-07-06T11:44:33.880200+00:00
[2019-07-06 12:44:49,333] {base_task_runner.py:119} INFO - Running: ['airflow', 'run', 'python_load_dag', 'Begin_execution', '2019-07-06T11:44:33.880200+00:00', '--job_id', '6', '--raw', '-sd', 'DAGS_FOLDER/spark_dag.py', '--cfg_path', '/var/folders/gl/v_3dc2yn7lb05kcmfb9ppm1r0000gn/T/tmpa745zgp_']
[2019-07-06 12:44:51,781] {base_task_runner.py:101} INFO - Job 6: Subtask Begin_execution [2019-07-06 12:44:51,779] {__init__.py:51} INFO - Using executor SequentialExecutor
[2019-07-06 12:44:52,176] {base_task_runner.py:101} INFO - Job 6: Subtask Begin_execution [2019-07-06 12:44:52,176] {__init__.py:305} INFO - Filling up the DagBag from /Users/mahdimostafa/airflow/dags/spark_dag.py
[2019-07-06 12:44:54,256] {base_task_runner.py:101} INFO - Job 6: Subtask Begin_execution Ivy Default Cache set to: /Users/mahdimostafa/.ivy2/cache
[2019-07-06 12:44:54,256] {base_task_runner.py:101} INFO - Job 6: Subtask Begin_execution The jars for the packages stored in: /Users/mahdimostafa/.ivy2/jars
[2019-07-06 12:44:54,353] {base_task_runner.py:101} INFO - Job 6: Subtask Begin_execution :: loading settings :: url = jar:file:/Library/Frameworks/Python.framework/Versions/3.6/lib/python3.6/site-packages/pyspark/jars/ivy-2.4.0.jar!/org/apache/ivy/core/settings/ivysettings.xml
[2019-07-06 12:44:54,656] {base_task_runner.py:101} INFO - Job 6: Subtask Begin_execution org.apache.hadoop#hadoop-aws added as a dependency
[2019-07-06 12:44:54,658] {base_task_runner.py:101} INFO - Job 6: Subtask Begin_execution :: resolving dependencies :: org.apache.spark#spark-submit-parent-5d21e9f6-62c1-41ef-849a-2053442ce796;1.0
[2019-07-06 12:44:54,658] {base_task_runner.py:101} INFO - Job 6: Subtask Begin_execution 	confs: [default]
[2019-07-06 12:44:55,096] {base_task_runner.py:101} INFO - Job 6: Subtask Begin_execution 	found org.apache.hadoop#hadoop-aws;2.7.0 in spark-list
[2019-07-06 12:44:55,248] {base_task_runner.py:101} INFO - Job 6: Subtask Begin_execution 	found org.apache.hadoop#hadoop-common;2.7.0 in central
[2019-07-06 12:44:55,447] {base_task_runner.py:101} INFO - Job 6: Subtask Begin_execution 	found org.apache.hadoop#hadoop-annotations;2.7.0 in spark-list
[2019-07-06 12:44:55,532] {base_task_runner.py:101} INFO - Job 6: Subtask Begin_execution 	found com.google.guava#guava;11.0.2 in central
[2019-07-06 12:44:55,605] {base_task_runner.py:101} INFO - Job 6: Subtask Begin_execution 	found com.google.code.findbugs#jsr305;3.0.0 in central
[2019-07-06 12:44:55,676] {base_task_runner.py:101} INFO - Job 6: Subtask Begin_execution 	found commons-cli#commons-cli;1.2 in central
[2019-07-06 12:44:55,739] {base_task_runner.py:101} INFO - Job 6: Subtask Begin_execution 	found org.apache.commons#commons-math3;3.1.1 in central
[2019-07-06 12:44:55,770] {base_task_runner.py:101} INFO - Job 6: Subtask Begin_execution 	found xmlenc#xmlenc;0.52 in central
[2019-07-06 12:44:55,817] {base_task_runner.py:101} INFO - Job 6: Subtask Begin_execution 	found commons-httpclient#commons-httpclient;3.1 in spark-list
[2019-07-06 12:44:55,881] {base_task_runner.py:101} INFO - Job 6: Subtask Begin_execution 	found commons-logging#commons-logging;1.1.3 in central
[2019-07-06 12:44:55,916] {base_task_runner.py:101} INFO - Job 6: Subtask Begin_execution 	found commons-codec#commons-codec;1.4 in central
[2019-07-06 12:44:55,933] {base_task_runner.py:101} INFO - Job 6: Subtask Begin_execution 	found commons-io#commons-io;2.4 in central
[2019-07-06 12:44:55,986] {base_task_runner.py:101} INFO - Job 6: Subtask Begin_execution 	found commons-net#commons-net;3.1 in central
[2019-07-06 12:44:56,012] {base_task_runner.py:101} INFO - Job 6: Subtask Begin_execution 	found commons-collections#commons-collections;3.2.1 in central
[2019-07-06 12:44:56,048] {base_task_runner.py:101} INFO - Job 6: Subtask Begin_execution 	found javax.servlet#servlet-api;2.5 in central
[2019-07-06 12:44:56,072] {base_task_runner.py:101} INFO - Job 6: Subtask Begin_execution 	found org.mortbay.jetty#jetty;6.1.26 in central
[2019-07-06 12:44:56,110] {base_task_runner.py:101} INFO - Job 6: Subtask Begin_execution 	found org.mortbay.jetty#jetty-util;6.1.26 in central
[2019-07-06 12:44:56,125] {base_task_runner.py:101} INFO - Job 6: Subtask Begin_execution 	found com.sun.jersey#jersey-core;1.9 in central
[2019-07-06 12:44:56,142] {base_task_runner.py:101} INFO - Job 6: Subtask Begin_execution 	found com.sun.jersey#jersey-json;1.9 in central
[2019-07-06 12:44:56,160] {base_task_runner.py:101} INFO - Job 6: Subtask Begin_execution 	found org.codehaus.jettison#jettison;1.1 in central
[2019-07-06 12:44:56,176] {base_task_runner.py:101} INFO - Job 6: Subtask Begin_execution 	found com.sun.xml.bind#jaxb-impl;2.2.3-1 in central
[2019-07-06 12:44:56,192] {base_task_runner.py:101} INFO - Job 6: Subtask Begin_execution 	found javax.xml.bind#jaxb-api;2.2.2 in central
[2019-07-06 12:44:56,218] {base_task_runner.py:101} INFO - Job 6: Subtask Begin_execution 	found javax.xml.stream#stax-api;1.0-2 in central
[2019-07-06 12:44:56,233] {base_task_runner.py:101} INFO - Job 6: Subtask Begin_execution 	found javax.activation#activation;1.1 in central
[2019-07-06 12:44:56,247] {base_task_runner.py:101} INFO - Job 6: Subtask Begin_execution 	found org.codehaus.jackson#jackson-core-asl;1.9.13 in central
[2019-07-06 12:44:56,261] {base_task_runner.py:101} INFO - Job 6: Subtask Begin_execution 	found org.codehaus.jackson#jackson-mapper-asl;1.9.13 in central
[2019-07-06 12:44:56,293] {base_task_runner.py:101} INFO - Job 6: Subtask Begin_execution 	found org.codehaus.jackson#jackson-jaxrs;1.9.13 in central
[2019-07-06 12:44:56,312] {base_task_runner.py:101} INFO - Job 6: Subtask Begin_execution 	found org.codehaus.jackson#jackson-xc;1.9.13 in central
[2019-07-06 12:44:56,337] {base_task_runner.py:101} INFO - Job 6: Subtask Begin_execution 	found com.sun.jersey#jersey-server;1.9 in central
[2019-07-06 12:44:56,349] {base_task_runner.py:101} INFO - Job 6: Subtask Begin_execution 	found asm#asm;3.2 in central
[2019-07-06 12:44:56,366] {base_task_runner.py:101} INFO - Job 6: Subtask Begin_execution 	found log4j#log4j;1.2.17 in central
[2019-07-06 12:44:56,384] {base_task_runner.py:101} INFO - Job 6: Subtask Begin_execution 	found net.java.dev.jets3t#jets3t;0.9.0 in central
[2019-07-06 12:44:56,402] {base_task_runner.py:101} INFO - Job 6: Subtask Begin_execution 	found org.apache.httpcomponents#httpclient;4.2.5 in central
[2019-07-06 12:44:56,423] {base_task_runner.py:101} INFO - Job 6: Subtask Begin_execution 	found org.apache.httpcomponents#httpcore;4.2.5 in central
[2019-07-06 12:44:56,435] {base_task_runner.py:101} INFO - Job 6: Subtask Begin_execution 	found com.jamesmurty.utils#java-xmlbuilder;0.4 in spark-list
[2019-07-06 12:44:56,452] {base_task_runner.py:101} INFO - Job 6: Subtask Begin_execution 	found commons-lang#commons-lang;2.6 in central
[2019-07-06 12:44:56,480] {base_task_runner.py:101} INFO - Job 6: Subtask Begin_execution 	found commons-configuration#commons-configuration;1.6 in central
[2019-07-06 12:44:56,537] {base_task_runner.py:101} INFO - Job 6: Subtask Begin_execution 	found commons-digester#commons-digester;1.8 in central
[2019-07-06 12:44:56,576] {base_task_runner.py:101} INFO - Job 6: Subtask Begin_execution 	found commons-beanutils#commons-beanutils;1.7.0 in central
[2019-07-06 12:44:56,611] {base_task_runner.py:101} INFO - Job 6: Subtask Begin_execution 	found commons-beanutils#commons-beanutils-core;1.8.0 in central
[2019-07-06 12:44:56,632] {base_task_runner.py:101} INFO - Job 6: Subtask Begin_execution 	found org.slf4j#slf4j-api;1.7.10 in central
[2019-07-06 12:44:56,645] {base_task_runner.py:101} INFO - Job 6: Subtask Begin_execution 	found org.apache.avro#avro;1.7.4 in central
[2019-07-06 12:44:56,660] {base_task_runner.py:101} INFO - Job 6: Subtask Begin_execution 	found com.thoughtworks.paranamer#paranamer;2.3 in central
[2019-07-06 12:44:56,677] {base_task_runner.py:101} INFO - Job 6: Subtask Begin_execution 	found org.xerial.snappy#snappy-java;1.0.4.1 in central
[2019-07-06 12:44:56,713] {base_task_runner.py:101} INFO - Job 6: Subtask Begin_execution 	found org.apache.commons#commons-compress;1.4.1 in central
[2019-07-06 12:44:56,732] {base_task_runner.py:101} INFO - Job 6: Subtask Begin_execution 	found org.tukaani#xz;1.0 in central
[2019-07-06 12:44:56,748] {base_task_runner.py:101} INFO - Job 6: Subtask Begin_execution 	found com.google.protobuf#protobuf-java;2.5.0 in central
[2019-07-06 12:44:56,761] {base_task_runner.py:101} INFO - Job 6: Subtask Begin_execution 	found com.google.code.gson#gson;2.2.4 in central
[2019-07-06 12:44:56,778] {base_task_runner.py:101} INFO - Job 6: Subtask Begin_execution 	found org.apache.hadoop#hadoop-auth;2.7.0 in central
[2019-07-06 12:44:56,799] {base_task_runner.py:101} INFO - Job 6: Subtask Begin_execution 	found org.apache.directory.server#apacheds-kerberos-codec;2.0.0-M15 in central
[2019-07-06 12:44:56,819] {base_task_runner.py:101} INFO - Job 6: Subtask Begin_execution 	found org.apache.directory.server#apacheds-i18n;2.0.0-M15 in central
[2019-07-06 12:44:56,830] {base_task_runner.py:101} INFO - Job 6: Subtask Begin_execution 	found org.apache.directory.api#api-asn1-api;1.0.0-M20 in central
[2019-07-06 12:44:56,850] {base_task_runner.py:101} INFO - Job 6: Subtask Begin_execution 	found org.apache.directory.api#api-util;1.0.0-M20 in central
[2019-07-06 12:44:56,873] {base_task_runner.py:101} INFO - Job 6: Subtask Begin_execution 	found org.apache.zookeeper#zookeeper;3.4.6 in central
[2019-07-06 12:44:56,887] {base_task_runner.py:101} INFO - Job 6: Subtask Begin_execution 	found org.slf4j#slf4j-log4j12;1.7.10 in central
[2019-07-06 12:44:56,924] {base_task_runner.py:101} INFO - Job 6: Subtask Begin_execution 	found io.netty#netty;3.6.2.Final in central
[2019-07-06 12:44:56,938] {base_task_runner.py:101} INFO - Job 6: Subtask Begin_execution 	found org.apache.curator#curator-framework;2.7.1 in central
[2019-07-06 12:44:56,972] {base_task_runner.py:101} INFO - Job 6: Subtask Begin_execution 	found org.apache.curator#curator-client;2.7.1 in central
[2019-07-06 12:44:56,990] {base_task_runner.py:101} INFO - Job 6: Subtask Begin_execution 	found com.jcraft#jsch;0.1.42 in central
[2019-07-06 12:44:57,024] {base_task_runner.py:101} INFO - Job 6: Subtask Begin_execution 	found org.apache.curator#curator-recipes;2.7.1 in central
[2019-07-06 12:44:57,051] {base_task_runner.py:101} INFO - Job 6: Subtask Begin_execution 	found org.apache.htrace#htrace-core;3.1.0-incubating in central
[2019-07-06 12:44:57,082] {base_task_runner.py:101} INFO - Job 6: Subtask Begin_execution 	found javax.servlet.jsp#jsp-api;2.1 in central
[2019-07-06 12:44:57,118] {base_task_runner.py:101} INFO - Job 6: Subtask Begin_execution 	found jline#jline;0.9.94 in central
[2019-07-06 12:44:57,133] {base_task_runner.py:101} INFO - Job 6: Subtask Begin_execution 	found junit#junit;4.11 in central
[2019-07-06 12:44:57,168] {base_task_runner.py:101} INFO - Job 6: Subtask Begin_execution 	found org.hamcrest#hamcrest-core;1.3 in central
[2019-07-06 12:44:57,181] {base_task_runner.py:101} INFO - Job 6: Subtask Begin_execution 	found com.fasterxml.jackson.core#jackson-databind;2.2.3 in central
[2019-07-06 12:44:57,191] {base_task_runner.py:101} INFO - Job 6: Subtask Begin_execution 	found com.fasterxml.jackson.core#jackson-annotations;2.2.3 in central
[2019-07-06 12:44:57,203] {base_task_runner.py:101} INFO - Job 6: Subtask Begin_execution 	found com.fasterxml.jackson.core#jackson-core;2.2.3 in central
[2019-07-06 12:44:57,211] {base_task_runner.py:101} INFO - Job 6: Subtask Begin_execution 	found com.amazonaws#aws-java-sdk;1.7.4 in central
[2019-07-06 12:44:57,233] {base_task_runner.py:101} INFO - Job 6: Subtask Begin_execution WARNING: An illegal reflective access operation has occurred
[2019-07-06 12:44:57,233] {base_task_runner.py:101} INFO - Job 6: Subtask Begin_execution WARNING: Illegal reflective access by org.apache.ivy.util.url.IvyAuthenticator (file:/Library/Frameworks/Python.framework/Versions/3.6/lib/python3.6/site-packages/pyspark/jars/ivy-2.4.0.jar) to field java.net.Authenticator.theAuthenticator
[2019-07-06 12:44:57,233] {base_task_runner.py:101} INFO - Job 6: Subtask Begin_execution WARNING: Please consider reporting this to the maintainers of org.apache.ivy.util.url.IvyAuthenticator
[2019-07-06 12:44:57,233] {base_task_runner.py:101} INFO - Job 6: Subtask Begin_execution WARNING: Use --illegal-access=warn to enable warnings of further illegal reflective access operations
[2019-07-06 12:44:57,233] {base_task_runner.py:101} INFO - Job 6: Subtask Begin_execution WARNING: All illegal access operations will be denied in a future release
[2019-07-06 12:44:58,911] {base_task_runner.py:101} INFO - Job 6: Subtask Begin_execution 	found joda-time#joda-time;2.10.3 in central
[2019-07-06 12:44:58,911] {base_task_runner.py:101} INFO - Job 6: Subtask Begin_execution 	[2.10.3] joda-time#joda-time;[2.2,)
[2019-07-06 12:44:58,980] {base_task_runner.py:101} INFO - Job 6: Subtask Begin_execution :: resolution report :: resolve 4278ms :: artifacts dl 43ms
[2019-07-06 12:44:58,980] {base_task_runner.py:101} INFO - Job 6: Subtask Begin_execution 	:: modules in use:
[2019-07-06 12:44:58,980] {base_task_runner.py:101} INFO - Job 6: Subtask Begin_execution 	asm#asm;3.2 from central in [default]
[2019-07-06 12:44:58,980] {base_task_runner.py:101} INFO - Job 6: Subtask Begin_execution 	com.amazonaws#aws-java-sdk;1.7.4 from central in [default]
[2019-07-06 12:44:58,981] {base_task_runner.py:101} INFO - Job 6: Subtask Begin_execution 	com.fasterxml.jackson.core#jackson-annotations;2.2.3 from central in [default]
[2019-07-06 12:44:58,981] {base_task_runner.py:101} INFO - Job 6: Subtask Begin_execution 	com.fasterxml.jackson.core#jackson-core;2.2.3 from central in [default]
[2019-07-06 12:44:58,981] {base_task_runner.py:101} INFO - Job 6: Subtask Begin_execution 	com.fasterxml.jackson.core#jackson-databind;2.2.3 from central in [default]
[2019-07-06 12:44:58,981] {base_task_runner.py:101} INFO - Job 6: Subtask Begin_execution 	com.google.code.findbugs#jsr305;3.0.0 from central in [default]
[2019-07-06 12:44:58,981] {base_task_runner.py:101} INFO - Job 6: Subtask Begin_execution 	com.google.code.gson#gson;2.2.4 from central in [default]
[2019-07-06 12:44:58,981] {base_task_runner.py:101} INFO - Job 6: Subtask Begin_execution 	com.google.guava#guava;11.0.2 from central in [default]
[2019-07-06 12:44:58,981] {base_task_runner.py:101} INFO - Job 6: Subtask Begin_execution 	com.google.protobuf#protobuf-java;2.5.0 from central in [default]
[2019-07-06 12:44:58,981] {base_task_runner.py:101} INFO - Job 6: Subtask Begin_execution 	com.jamesmurty.utils#java-xmlbuilder;0.4 from spark-list in [default]
[2019-07-06 12:44:58,981] {base_task_runner.py:101} INFO - Job 6: Subtask Begin_execution 	com.jcraft#jsch;0.1.42 from central in [default]
[2019-07-06 12:44:58,982] {base_task_runner.py:101} INFO - Job 6: Subtask Begin_execution 	com.sun.jersey#jersey-core;1.9 from central in [default]
[2019-07-06 12:44:58,982] {base_task_runner.py:101} INFO - Job 6: Subtask Begin_execution 	com.sun.jersey#jersey-json;1.9 from central in [default]
[2019-07-06 12:44:58,982] {base_task_runner.py:101} INFO - Job 6: Subtask Begin_execution 	com.sun.jersey#jersey-server;1.9 from central in [default]
[2019-07-06 12:44:58,982] {base_task_runner.py:101} INFO - Job 6: Subtask Begin_execution 	com.sun.xml.bind#jaxb-impl;2.2.3-1 from central in [default]
[2019-07-06 12:44:58,982] {base_task_runner.py:101} INFO - Job 6: Subtask Begin_execution 	com.thoughtworks.paranamer#paranamer;2.3 from central in [default]
[2019-07-06 12:44:58,982] {base_task_runner.py:101} INFO - Job 6: Subtask Begin_execution 	commons-beanutils#commons-beanutils;1.7.0 from central in [default]
[2019-07-06 12:44:58,982] {base_task_runner.py:101} INFO - Job 6: Subtask Begin_execution 	commons-beanutils#commons-beanutils-core;1.8.0 from central in [default]
[2019-07-06 12:44:58,982] {base_task_runner.py:101} INFO - Job 6: Subtask Begin_execution 	commons-cli#commons-cli;1.2 from central in [default]
[2019-07-06 12:44:58,982] {base_task_runner.py:101} INFO - Job 6: Subtask Begin_execution 	commons-codec#commons-codec;1.4 from central in [default]
[2019-07-06 12:44:58,982] {base_task_runner.py:101} INFO - Job 6: Subtask Begin_execution 	commons-collections#commons-collections;3.2.1 from central in [default]
[2019-07-06 12:44:58,982] {base_task_runner.py:101} INFO - Job 6: Subtask Begin_execution 	commons-configuration#commons-configuration;1.6 from central in [default]
[2019-07-06 12:44:58,982] {base_task_runner.py:101} INFO - Job 6: Subtask Begin_execution 	commons-digester#commons-digester;1.8 from central in [default]
[2019-07-06 12:44:58,982] {base_task_runner.py:101} INFO - Job 6: Subtask Begin_execution 	commons-httpclient#commons-httpclient;3.1 from spark-list in [default]
[2019-07-06 12:44:58,982] {base_task_runner.py:101} INFO - Job 6: Subtask Begin_execution 	commons-io#commons-io;2.4 from central in [default]
[2019-07-06 12:44:58,983] {base_task_runner.py:101} INFO - Job 6: Subtask Begin_execution 	commons-lang#commons-lang;2.6 from central in [default]
[2019-07-06 12:44:58,983] {base_task_runner.py:101} INFO - Job 6: Subtask Begin_execution 	commons-logging#commons-logging;1.1.3 from central in [default]
[2019-07-06 12:44:58,983] {base_task_runner.py:101} INFO - Job 6: Subtask Begin_execution 	commons-net#commons-net;3.1 from central in [default]
[2019-07-06 12:44:58,983] {base_task_runner.py:101} INFO - Job 6: Subtask Begin_execution 	io.netty#netty;3.6.2.Final from central in [default]
[2019-07-06 12:44:58,983] {base_task_runner.py:101} INFO - Job 6: Subtask Begin_execution 	javax.activation#activation;1.1 from central in [default]
[2019-07-06 12:44:58,983] {base_task_runner.py:101} INFO - Job 6: Subtask Begin_execution 	javax.servlet#servlet-api;2.5 from central in [default]
[2019-07-06 12:44:58,983] {base_task_runner.py:101} INFO - Job 6: Subtask Begin_execution 	javax.servlet.jsp#jsp-api;2.1 from central in [default]
[2019-07-06 12:44:58,983] {base_task_runner.py:101} INFO - Job 6: Subtask Begin_execution 	javax.xml.bind#jaxb-api;2.2.2 from central in [default]
[2019-07-06 12:44:58,983] {base_task_runner.py:101} INFO - Job 6: Subtask Begin_execution 	javax.xml.stream#stax-api;1.0-2 from central in [default]
[2019-07-06 12:44:58,983] {base_task_runner.py:101} INFO - Job 6: Subtask Begin_execution 	jline#jline;0.9.94 from central in [default]
[2019-07-06 12:44:58,983] {base_task_runner.py:101} INFO - Job 6: Subtask Begin_execution 	joda-time#joda-time;2.10.3 from central in [default]
[2019-07-06 12:44:58,983] {base_task_runner.py:101} INFO - Job 6: Subtask Begin_execution 	junit#junit;4.11 from central in [default]
[2019-07-06 12:44:58,983] {base_task_runner.py:101} INFO - Job 6: Subtask Begin_execution 	log4j#log4j;1.2.17 from central in [default]
[2019-07-06 12:44:58,983] {base_task_runner.py:101} INFO - Job 6: Subtask Begin_execution 	net.java.dev.jets3t#jets3t;0.9.0 from central in [default]
[2019-07-06 12:44:58,983] {base_task_runner.py:101} INFO - Job 6: Subtask Begin_execution 	org.apache.avro#avro;1.7.4 from central in [default]
[2019-07-06 12:44:58,984] {base_task_runner.py:101} INFO - Job 6: Subtask Begin_execution 	org.apache.commons#commons-compress;1.4.1 from central in [default]
[2019-07-06 12:44:58,984] {base_task_runner.py:101} INFO - Job 6: Subtask Begin_execution 	org.apache.commons#commons-math3;3.1.1 from central in [default]
[2019-07-06 12:44:58,984] {base_task_runner.py:101} INFO - Job 6: Subtask Begin_execution 	org.apache.curator#curator-client;2.7.1 from central in [default]
[2019-07-06 12:44:58,984] {base_task_runner.py:101} INFO - Job 6: Subtask Begin_execution 	org.apache.curator#curator-framework;2.7.1 from central in [default]
[2019-07-06 12:44:58,984] {base_task_runner.py:101} INFO - Job 6: Subtask Begin_execution 	org.apache.curator#curator-recipes;2.7.1 from central in [default]
[2019-07-06 12:44:58,984] {base_task_runner.py:101} INFO - Job 6: Subtask Begin_execution 	org.apache.directory.api#api-asn1-api;1.0.0-M20 from central in [default]
[2019-07-06 12:44:58,984] {base_task_runner.py:101} INFO - Job 6: Subtask Begin_execution 	org.apache.directory.api#api-util;1.0.0-M20 from central in [default]
[2019-07-06 12:44:58,984] {base_task_runner.py:101} INFO - Job 6: Subtask Begin_execution 	org.apache.directory.server#apacheds-i18n;2.0.0-M15 from central in [default]
[2019-07-06 12:44:58,984] {base_task_runner.py:101} INFO - Job 6: Subtask Begin_execution 	org.apache.directory.server#apacheds-kerberos-codec;2.0.0-M15 from central in [default]
[2019-07-06 12:44:58,984] {base_task_runner.py:101} INFO - Job 6: Subtask Begin_execution 	org.apache.hadoop#hadoop-annotations;2.7.0 from spark-list in [default]
[2019-07-06 12:44:58,984] {base_task_runner.py:101} INFO - Job 6: Subtask Begin_execution 	org.apache.hadoop#hadoop-auth;2.7.0 from central in [default]
[2019-07-06 12:44:58,984] {base_task_runner.py:101} INFO - Job 6: Subtask Begin_execution 	org.apache.hadoop#hadoop-aws;2.7.0 from spark-list in [default]
[2019-07-06 12:44:58,984] {base_task_runner.py:101} INFO - Job 6: Subtask Begin_execution 	org.apache.hadoop#hadoop-common;2.7.0 from central in [default]
[2019-07-06 12:44:58,984] {base_task_runner.py:101} INFO - Job 6: Subtask Begin_execution 	org.apache.htrace#htrace-core;3.1.0-incubating from central in [default]
[2019-07-06 12:44:58,985] {base_task_runner.py:101} INFO - Job 6: Subtask Begin_execution 	org.apache.httpcomponents#httpclient;4.2.5 from central in [default]
[2019-07-06 12:44:58,985] {base_task_runner.py:101} INFO - Job 6: Subtask Begin_execution 	org.apache.httpcomponents#httpcore;4.2.5 from central in [default]
[2019-07-06 12:44:58,985] {base_task_runner.py:101} INFO - Job 6: Subtask Begin_execution 	org.apache.zookeeper#zookeeper;3.4.6 from central in [default]
[2019-07-06 12:44:58,985] {base_task_runner.py:101} INFO - Job 6: Subtask Begin_execution 	org.codehaus.jackson#jackson-core-asl;1.9.13 from central in [default]
[2019-07-06 12:44:58,985] {base_task_runner.py:101} INFO - Job 6: Subtask Begin_execution 	org.codehaus.jackson#jackson-jaxrs;1.9.13 from central in [default]
[2019-07-06 12:44:58,985] {base_task_runner.py:101} INFO - Job 6: Subtask Begin_execution 	org.codehaus.jackson#jackson-mapper-asl;1.9.13 from central in [default]
[2019-07-06 12:44:58,985] {base_task_runner.py:101} INFO - Job 6: Subtask Begin_execution 	org.codehaus.jackson#jackson-xc;1.9.13 from central in [default]
[2019-07-06 12:44:58,985] {base_task_runner.py:101} INFO - Job 6: Subtask Begin_execution 	org.codehaus.jettison#jettison;1.1 from central in [default]
[2019-07-06 12:44:58,985] {base_task_runner.py:101} INFO - Job 6: Subtask Begin_execution 	org.hamcrest#hamcrest-core;1.3 from central in [default]
[2019-07-06 12:44:58,985] {base_task_runner.py:101} INFO - Job 6: Subtask Begin_execution 	org.mortbay.jetty#jetty;6.1.26 from central in [default]
[2019-07-06 12:44:58,985] {base_task_runner.py:101} INFO - Job 6: Subtask Begin_execution 	org.mortbay.jetty#jetty-util;6.1.26 from central in [default]
[2019-07-06 12:44:58,985] {base_task_runner.py:101} INFO - Job 6: Subtask Begin_execution 	org.slf4j#slf4j-api;1.7.10 from central in [default]
[2019-07-06 12:44:58,986] {base_task_runner.py:101} INFO - Job 6: Subtask Begin_execution 	org.slf4j#slf4j-log4j12;1.7.10 from central in [default]
[2019-07-06 12:44:58,986] {base_task_runner.py:101} INFO - Job 6: Subtask Begin_execution 	org.tukaani#xz;1.0 from central in [default]
[2019-07-06 12:44:58,986] {base_task_runner.py:101} INFO - Job 6: Subtask Begin_execution 	org.xerial.snappy#snappy-java;1.0.4.1 from central in [default]
[2019-07-06 12:44:58,986] {base_task_runner.py:101} INFO - Job 6: Subtask Begin_execution 	xmlenc#xmlenc;0.52 from central in [default]
[2019-07-06 12:44:58,986] {base_task_runner.py:101} INFO - Job 6: Subtask Begin_execution 	---------------------------------------------------------------------
[2019-07-06 12:44:58,986] {base_task_runner.py:101} INFO - Job 6: Subtask Begin_execution 	|                  |            modules            ||   artifacts   |
[2019-07-06 12:44:58,986] {base_task_runner.py:101} INFO - Job 6: Subtask Begin_execution 	|       conf       | number| search|dwnlded|evicted|| number|dwnlded|
[2019-07-06 12:44:58,986] {base_task_runner.py:101} INFO - Job 6: Subtask Begin_execution 	---------------------------------------------------------------------
[2019-07-06 12:44:58,986] {base_task_runner.py:101} INFO - Job 6: Subtask Begin_execution 	|      default     |   70  |   1   |   0   |   0   ||   70  |   0   |
[2019-07-06 12:44:58,986] {base_task_runner.py:101} INFO - Job 6: Subtask Begin_execution 	---------------------------------------------------------------------
[2019-07-06 12:44:59,001] {base_task_runner.py:101} INFO - Job 6: Subtask Begin_execution :: retrieving :: org.apache.spark#spark-submit-parent-5d21e9f6-62c1-41ef-849a-2053442ce796
[2019-07-06 12:44:59,001] {base_task_runner.py:101} INFO - Job 6: Subtask Begin_execution 	confs: [default]
[2019-07-06 12:44:59,028] {base_task_runner.py:101} INFO - Job 6: Subtask Begin_execution 	0 artifacts copied, 70 already retrieved (0kB/27ms)
[2019-07-06 12:44:59,461] {base_task_runner.py:101} INFO - Job 6: Subtask Begin_execution 19/07/06 12:44:59 WARN NativeCodeLoader: Unable to load native-hadoop library for your platform... using builtin-java classes where applicable
[2019-07-06 12:44:59,987] {base_task_runner.py:101} INFO - Job 6: Subtask Begin_execution Using Spark's default log4j profile: org/apache/spark/log4j-defaults.properties
[2019-07-06 12:44:59,987] {base_task_runner.py:101} INFO - Job 6: Subtask Begin_execution Setting default log level to "WARN".
[2019-07-06 12:44:59,987] {base_task_runner.py:101} INFO - Job 6: Subtask Begin_execution To adjust logging level use sc.setLogLevel(newLevel). For SparkR, use setLogLevel(newLevel).
[2019-07-06 12:45:00,628] {base_task_runner.py:101} INFO - Job 6: Subtask Begin_execution 19/07/06 12:45:00 WARN Utils: Service 'SparkUI' could not bind on port 4040. Attempting port 4041.
[2019-07-06 12:45:00,628] {base_task_runner.py:101} INFO - Job 6: Subtask Begin_execution 19/07/06 12:45:00 WARN Utils: Service 'SparkUI' could not bind on port 4041. Attempting port 4042.
[2019-07-06 12:45:00,629] {base_task_runner.py:101} INFO - Job 6: Subtask Begin_execution 19/07/06 12:45:00 WARN Utils: Service 'SparkUI' could not bind on port 4042. Attempting port 4043.
[2019-07-06 12:45:00,629] {base_task_runner.py:101} INFO - Job 6: Subtask Begin_execution 19/07/06 12:45:00 WARN Utils: Service 'SparkUI' could not bind on port 4043. Attempting port 4044.
[2019-07-06 12:45:00,629] {base_task_runner.py:101} INFO - Job 6: Subtask Begin_execution 19/07/06 12:45:00 WARN Utils: Service 'SparkUI' could not bind on port 4044. Attempting port 4045.
[2019-07-06 12:45:00,629] {base_task_runner.py:101} INFO - Job 6: Subtask Begin_execution 19/07/06 12:45:00 WARN Utils: Service 'SparkUI' could not bind on port 4045. Attempting port 4046.
[2019-07-06 12:45:02,120] {base_task_runner.py:101} INFO - Job 6: Subtask Begin_execution [2019-07-06 12:45:02,120] {cli.py:517} INFO - Running <TaskInstance: python_load_dag.Begin_execution 2019-07-06T11:44:33.880200+00:00 [running]> on host Mahdis-MacBook-Pro.local
[2019-07-06 12:45:02,139] {base_task_runner.py:101} INFO - Job 6: Subtask Begin_execution /Library/Frameworks/Python.framework/Versions/3.6/lib/python3.6/site-packages/airflow/utils/helpers.py:387: DeprecationWarning: Importing 'PostgresHook' directly from 'airflow.hooks' has been deprecated. Please import from 'airflow.hooks.[operator_module]' instead. Support for direct imports will be dropped entirely in Airflow 2.0.
[2019-07-06 12:45:02,139] {base_task_runner.py:101} INFO - Job 6: Subtask Begin_execution   DeprecationWarning)
[2019-07-06 12:45:04,327] {logging_mixin.py:95} INFO - [2019-07-06 12:45:04,326] {jobs.py:2562} INFO - Task exited with return code 0
