[2019-06-30 21:34:12,644] {__init__.py:1139} INFO - Dependencies all met for <TaskInstance: python_load_dag.Begin_execution 2019-06-30T20:33:56.810832+00:00 [queued]>
[2019-06-30 21:34:12,649] {__init__.py:1139} INFO - Dependencies all met for <TaskInstance: python_load_dag.Begin_execution 2019-06-30T20:33:56.810832+00:00 [queued]>
[2019-06-30 21:34:12,649] {__init__.py:1353} INFO - 
--------------------------------------------------------------------------------
[2019-06-30 21:34:12,649] {__init__.py:1354} INFO - Starting attempt 1 of 2
[2019-06-30 21:34:12,649] {__init__.py:1355} INFO - 
--------------------------------------------------------------------------------
[2019-06-30 21:34:12,658] {__init__.py:1374} INFO - Executing <Task(DummyOperator): Begin_execution> on 2019-06-30T20:33:56.810832+00:00
[2019-06-30 21:34:12,658] {base_task_runner.py:119} INFO - Running: ['airflow', 'run', 'python_load_dag', 'Begin_execution', '2019-06-30T20:33:56.810832+00:00', '--job_id', '4', '--raw', '-sd', 'DAGS_FOLDER/spark_dag.py', '--cfg_path', '/var/folders/86/gxqwzx1j5c1dls33km6nj04r0000gn/T/tmpt5khaj1t']
[2019-06-30 21:34:15,423] {base_task_runner.py:101} INFO - Job 4: Subtask Begin_execution [2019-06-30 21:34:15,422] {__init__.py:51} INFO - Using executor SequentialExecutor
[2019-06-30 21:34:15,947] {base_task_runner.py:101} INFO - Job 4: Subtask Begin_execution [2019-06-30 21:34:15,946] {__init__.py:305} INFO - Filling up the DagBag from /Users/mahdimostafa/airflow/dags/spark_dag.py
[2019-06-30 21:34:17,282] {base_task_runner.py:101} INFO - Job 4: Subtask Begin_execution Ivy Default Cache set to: /Users/mahdimostafa/.ivy2/cache
[2019-06-30 21:34:17,282] {base_task_runner.py:101} INFO - Job 4: Subtask Begin_execution The jars for the packages stored in: /Users/mahdimostafa/.ivy2/jars
[2019-06-30 21:34:17,316] {base_task_runner.py:101} INFO - Job 4: Subtask Begin_execution :: loading settings :: url = jar:file:/Library/Frameworks/Python.framework/Versions/3.6/lib/python3.6/site-packages/pyspark/jars/ivy-2.4.0.jar!/org/apache/ivy/core/settings/ivysettings.xml
[2019-06-30 21:34:17,420] {base_task_runner.py:101} INFO - Job 4: Subtask Begin_execution org.apache.hadoop#hadoop-aws added as a dependency
[2019-06-30 21:34:17,421] {base_task_runner.py:101} INFO - Job 4: Subtask Begin_execution :: resolving dependencies :: org.apache.spark#spark-submit-parent-57bd809c-9064-4db7-b44e-895ae44020f9;1.0
[2019-06-30 21:34:17,422] {base_task_runner.py:101} INFO - Job 4: Subtask Begin_execution 	confs: [default]
[2019-06-30 21:34:17,598] {base_task_runner.py:101} INFO - Job 4: Subtask Begin_execution 	found org.apache.hadoop#hadoop-aws;2.7.0 in spark-list
[2019-06-30 21:34:17,693] {base_task_runner.py:101} INFO - Job 4: Subtask Begin_execution 	found org.apache.hadoop#hadoop-common;2.7.0 in spark-list
[2019-06-30 21:34:17,819] {base_task_runner.py:101} INFO - Job 4: Subtask Begin_execution 	found org.apache.hadoop#hadoop-annotations;2.7.0 in central
[2019-06-30 21:34:17,859] {base_task_runner.py:101} INFO - Job 4: Subtask Begin_execution 	found com.google.guava#guava;11.0.2 in central
[2019-06-30 21:34:17,906] {base_task_runner.py:101} INFO - Job 4: Subtask Begin_execution 	found com.google.code.findbugs#jsr305;3.0.0 in central
[2019-06-30 21:34:17,928] {base_task_runner.py:101} INFO - Job 4: Subtask Begin_execution 	found commons-cli#commons-cli;1.2 in central
[2019-06-30 21:34:17,948] {base_task_runner.py:101} INFO - Job 4: Subtask Begin_execution 	found org.apache.commons#commons-math3;3.1.1 in central
[2019-06-30 21:34:17,967] {base_task_runner.py:101} INFO - Job 4: Subtask Begin_execution 	found xmlenc#xmlenc;0.52 in central
[2019-06-30 21:34:17,985] {base_task_runner.py:101} INFO - Job 4: Subtask Begin_execution 	found commons-httpclient#commons-httpclient;3.1 in central
[2019-06-30 21:34:18,008] {base_task_runner.py:101} INFO - Job 4: Subtask Begin_execution 	found commons-logging#commons-logging;1.1.3 in central
[2019-06-30 21:34:18,055] {base_task_runner.py:101} INFO - Job 4: Subtask Begin_execution 	found commons-codec#commons-codec;1.4 in central
[2019-06-30 21:34:18,082] {base_task_runner.py:101} INFO - Job 4: Subtask Begin_execution 	found commons-io#commons-io;2.4 in central
[2019-06-30 21:34:18,099] {base_task_runner.py:101} INFO - Job 4: Subtask Begin_execution 	found commons-net#commons-net;3.1 in central
[2019-06-30 21:34:18,115] {base_task_runner.py:101} INFO - Job 4: Subtask Begin_execution 	found commons-collections#commons-collections;3.2.1 in central
[2019-06-30 21:34:18,132] {base_task_runner.py:101} INFO - Job 4: Subtask Begin_execution 	found javax.servlet#servlet-api;2.5 in central
[2019-06-30 21:34:18,151] {base_task_runner.py:101} INFO - Job 4: Subtask Begin_execution 	found org.mortbay.jetty#jetty;6.1.26 in spark-list
[2019-06-30 21:34:18,167] {base_task_runner.py:101} INFO - Job 4: Subtask Begin_execution 	found org.mortbay.jetty#jetty-util;6.1.26 in central
[2019-06-30 21:34:18,183] {base_task_runner.py:101} INFO - Job 4: Subtask Begin_execution 	found com.sun.jersey#jersey-core;1.9 in central
[2019-06-30 21:34:18,199] {base_task_runner.py:101} INFO - Job 4: Subtask Begin_execution 	found com.sun.jersey#jersey-json;1.9 in central
[2019-06-30 21:34:18,215] {base_task_runner.py:101} INFO - Job 4: Subtask Begin_execution 	found org.codehaus.jettison#jettison;1.1 in central
[2019-06-30 21:34:18,229] {base_task_runner.py:101} INFO - Job 4: Subtask Begin_execution 	found com.sun.xml.bind#jaxb-impl;2.2.3-1 in central
[2019-06-30 21:34:18,245] {base_task_runner.py:101} INFO - Job 4: Subtask Begin_execution 	found javax.xml.bind#jaxb-api;2.2.2 in central
[2019-06-30 21:34:18,269] {base_task_runner.py:101} INFO - Job 4: Subtask Begin_execution 	found javax.xml.stream#stax-api;1.0-2 in central
[2019-06-30 21:34:18,289] {base_task_runner.py:101} INFO - Job 4: Subtask Begin_execution 	found javax.activation#activation;1.1 in central
[2019-06-30 21:34:18,316] {base_task_runner.py:101} INFO - Job 4: Subtask Begin_execution 	found org.codehaus.jackson#jackson-core-asl;1.9.13 in central
[2019-06-30 21:34:18,337] {base_task_runner.py:101} INFO - Job 4: Subtask Begin_execution 	found org.codehaus.jackson#jackson-mapper-asl;1.9.13 in central
[2019-06-30 21:34:18,366] {base_task_runner.py:101} INFO - Job 4: Subtask Begin_execution 	found org.codehaus.jackson#jackson-jaxrs;1.9.13 in central
[2019-06-30 21:34:18,388] {base_task_runner.py:101} INFO - Job 4: Subtask Begin_execution 	found org.codehaus.jackson#jackson-xc;1.9.13 in central
[2019-06-30 21:34:18,411] {base_task_runner.py:101} INFO - Job 4: Subtask Begin_execution 	found com.sun.jersey#jersey-server;1.9 in central
[2019-06-30 21:34:18,438] {base_task_runner.py:101} INFO - Job 4: Subtask Begin_execution 	found asm#asm;3.2 in central
[2019-06-30 21:34:18,453] {base_task_runner.py:101} INFO - Job 4: Subtask Begin_execution 	found log4j#log4j;1.2.17 in central
[2019-06-30 21:34:18,466] {base_task_runner.py:101} INFO - Job 4: Subtask Begin_execution 	found net.java.dev.jets3t#jets3t;0.9.0 in central
[2019-06-30 21:34:18,481] {base_task_runner.py:101} INFO - Job 4: Subtask Begin_execution 	found org.apache.httpcomponents#httpclient;4.2.5 in central
[2019-06-30 21:34:18,496] {base_task_runner.py:101} INFO - Job 4: Subtask Begin_execution 	found org.apache.httpcomponents#httpcore;4.2.5 in central
[2019-06-30 21:34:18,513] {base_task_runner.py:101} INFO - Job 4: Subtask Begin_execution 	found com.jamesmurty.utils#java-xmlbuilder;0.4 in central
[2019-06-30 21:34:18,522] {base_task_runner.py:101} INFO - Job 4: Subtask Begin_execution 	found commons-lang#commons-lang;2.6 in central
[2019-06-30 21:34:18,539] {base_task_runner.py:101} INFO - Job 4: Subtask Begin_execution 	found commons-configuration#commons-configuration;1.6 in central
[2019-06-30 21:34:18,560] {base_task_runner.py:101} INFO - Job 4: Subtask Begin_execution 	found commons-digester#commons-digester;1.8 in spark-list
[2019-06-30 21:34:18,575] {base_task_runner.py:101} INFO - Job 4: Subtask Begin_execution 	found commons-beanutils#commons-beanutils;1.7.0 in central
[2019-06-30 21:34:18,594] {base_task_runner.py:101} INFO - Job 4: Subtask Begin_execution 	found commons-beanutils#commons-beanutils-core;1.8.0 in central
[2019-06-30 21:34:18,605] {base_task_runner.py:101} INFO - Job 4: Subtask Begin_execution 	found org.slf4j#slf4j-api;1.7.10 in spark-list
[2019-06-30 21:34:18,620] {base_task_runner.py:101} INFO - Job 4: Subtask Begin_execution 	found org.apache.avro#avro;1.7.4 in central
[2019-06-30 21:34:18,647] {base_task_runner.py:101} INFO - Job 4: Subtask Begin_execution 	found com.thoughtworks.paranamer#paranamer;2.3 in central
[2019-06-30 21:34:18,661] {base_task_runner.py:101} INFO - Job 4: Subtask Begin_execution 	found org.xerial.snappy#snappy-java;1.0.4.1 in central
[2019-06-30 21:34:18,676] {base_task_runner.py:101} INFO - Job 4: Subtask Begin_execution 	found org.apache.commons#commons-compress;1.4.1 in central
[2019-06-30 21:34:18,687] {base_task_runner.py:101} INFO - Job 4: Subtask Begin_execution 	found org.tukaani#xz;1.0 in central
[2019-06-30 21:34:18,709] {base_task_runner.py:101} INFO - Job 4: Subtask Begin_execution 	found com.google.protobuf#protobuf-java;2.5.0 in central
[2019-06-30 21:34:18,719] {base_task_runner.py:101} INFO - Job 4: Subtask Begin_execution 	found com.google.code.gson#gson;2.2.4 in central
[2019-06-30 21:34:18,742] {base_task_runner.py:101} INFO - Job 4: Subtask Begin_execution 	found org.apache.hadoop#hadoop-auth;2.7.0 in central
[2019-06-30 21:34:18,761] {base_task_runner.py:101} INFO - Job 4: Subtask Begin_execution 	found org.apache.directory.server#apacheds-kerberos-codec;2.0.0-M15 in central
[2019-06-30 21:34:18,775] {base_task_runner.py:101} INFO - Job 4: Subtask Begin_execution 	found org.apache.directory.server#apacheds-i18n;2.0.0-M15 in central
[2019-06-30 21:34:18,788] {base_task_runner.py:101} INFO - Job 4: Subtask Begin_execution 	found org.apache.directory.api#api-asn1-api;1.0.0-M20 in central
[2019-06-30 21:34:18,801] {base_task_runner.py:101} INFO - Job 4: Subtask Begin_execution 	found org.apache.directory.api#api-util;1.0.0-M20 in central
[2019-06-30 21:34:18,812] {base_task_runner.py:101} INFO - Job 4: Subtask Begin_execution 	found org.apache.zookeeper#zookeeper;3.4.6 in central
[2019-06-30 21:34:18,824] {base_task_runner.py:101} INFO - Job 4: Subtask Begin_execution 	found org.slf4j#slf4j-log4j12;1.7.10 in central
[2019-06-30 21:34:18,838] {base_task_runner.py:101} INFO - Job 4: Subtask Begin_execution 	found io.netty#netty;3.6.2.Final in central
[2019-06-30 21:34:18,850] {base_task_runner.py:101} INFO - Job 4: Subtask Begin_execution 	found org.apache.curator#curator-framework;2.7.1 in spark-list
[2019-06-30 21:34:18,862] {base_task_runner.py:101} INFO - Job 4: Subtask Begin_execution 	found org.apache.curator#curator-client;2.7.1 in spark-list
[2019-06-30 21:34:18,875] {base_task_runner.py:101} INFO - Job 4: Subtask Begin_execution 	found com.jcraft#jsch;0.1.42 in central
[2019-06-30 21:34:18,886] {base_task_runner.py:101} INFO - Job 4: Subtask Begin_execution 	found org.apache.curator#curator-recipes;2.7.1 in central
[2019-06-30 21:34:18,897] {base_task_runner.py:101} INFO - Job 4: Subtask Begin_execution 	found org.apache.htrace#htrace-core;3.1.0-incubating in central
[2019-06-30 21:34:18,917] {base_task_runner.py:101} INFO - Job 4: Subtask Begin_execution 	found javax.servlet.jsp#jsp-api;2.1 in central
[2019-06-30 21:34:18,965] {base_task_runner.py:101} INFO - Job 4: Subtask Begin_execution 	found jline#jline;0.9.94 in central
[2019-06-30 21:34:18,985] {base_task_runner.py:101} INFO - Job 4: Subtask Begin_execution 	found junit#junit;4.11 in central
[2019-06-30 21:34:19,014] {base_task_runner.py:101} INFO - Job 4: Subtask Begin_execution 	found org.hamcrest#hamcrest-core;1.3 in central
[2019-06-30 21:34:19,028] {base_task_runner.py:101} INFO - Job 4: Subtask Begin_execution 	found com.fasterxml.jackson.core#jackson-databind;2.2.3 in central
[2019-06-30 21:34:19,038] {base_task_runner.py:101} INFO - Job 4: Subtask Begin_execution 	found com.fasterxml.jackson.core#jackson-annotations;2.2.3 in central
[2019-06-30 21:34:19,047] {base_task_runner.py:101} INFO - Job 4: Subtask Begin_execution 	found com.fasterxml.jackson.core#jackson-core;2.2.3 in central
[2019-06-30 21:34:19,057] {base_task_runner.py:101} INFO - Job 4: Subtask Begin_execution 	found com.amazonaws#aws-java-sdk;1.7.4 in central
[2019-06-30 21:34:20,003] {base_task_runner.py:101} INFO - Job 4: Subtask Begin_execution 	found joda-time#joda-time;2.10.2 in central
[2019-06-30 21:34:20,004] {base_task_runner.py:101} INFO - Job 4: Subtask Begin_execution 	[2.10.2] joda-time#joda-time;[2.2,)
[2019-06-30 21:34:20,074] {base_task_runner.py:101} INFO - Job 4: Subtask Begin_execution :: resolution report :: resolve 2611ms :: artifacts dl 41ms
[2019-06-30 21:34:20,074] {base_task_runner.py:101} INFO - Job 4: Subtask Begin_execution 	:: modules in use:
[2019-06-30 21:34:20,074] {base_task_runner.py:101} INFO - Job 4: Subtask Begin_execution 	asm#asm;3.2 from central in [default]
[2019-06-30 21:34:20,074] {base_task_runner.py:101} INFO - Job 4: Subtask Begin_execution 	com.amazonaws#aws-java-sdk;1.7.4 from central in [default]
[2019-06-30 21:34:20,074] {base_task_runner.py:101} INFO - Job 4: Subtask Begin_execution 	com.fasterxml.jackson.core#jackson-annotations;2.2.3 from central in [default]
[2019-06-30 21:34:20,074] {base_task_runner.py:101} INFO - Job 4: Subtask Begin_execution 	com.fasterxml.jackson.core#jackson-core;2.2.3 from central in [default]
[2019-06-30 21:34:20,074] {base_task_runner.py:101} INFO - Job 4: Subtask Begin_execution 	com.fasterxml.jackson.core#jackson-databind;2.2.3 from central in [default]
[2019-06-30 21:34:20,075] {base_task_runner.py:101} INFO - Job 4: Subtask Begin_execution 	com.google.code.findbugs#jsr305;3.0.0 from central in [default]
[2019-06-30 21:34:20,075] {base_task_runner.py:101} INFO - Job 4: Subtask Begin_execution 	com.google.code.gson#gson;2.2.4 from central in [default]
[2019-06-30 21:34:20,075] {base_task_runner.py:101} INFO - Job 4: Subtask Begin_execution 	com.google.guava#guava;11.0.2 from central in [default]
[2019-06-30 21:34:20,075] {base_task_runner.py:101} INFO - Job 4: Subtask Begin_execution 	com.google.protobuf#protobuf-java;2.5.0 from central in [default]
[2019-06-30 21:34:20,075] {base_task_runner.py:101} INFO - Job 4: Subtask Begin_execution 	com.jamesmurty.utils#java-xmlbuilder;0.4 from central in [default]
[2019-06-30 21:34:20,075] {base_task_runner.py:101} INFO - Job 4: Subtask Begin_execution 	com.jcraft#jsch;0.1.42 from central in [default]
[2019-06-30 21:34:20,075] {base_task_runner.py:101} INFO - Job 4: Subtask Begin_execution 	com.sun.jersey#jersey-core;1.9 from central in [default]
[2019-06-30 21:34:20,075] {base_task_runner.py:101} INFO - Job 4: Subtask Begin_execution 	com.sun.jersey#jersey-json;1.9 from central in [default]
[2019-06-30 21:34:20,075] {base_task_runner.py:101} INFO - Job 4: Subtask Begin_execution 	com.sun.jersey#jersey-server;1.9 from central in [default]
[2019-06-30 21:34:20,075] {base_task_runner.py:101} INFO - Job 4: Subtask Begin_execution 	com.sun.xml.bind#jaxb-impl;2.2.3-1 from central in [default]
[2019-06-30 21:34:20,075] {base_task_runner.py:101} INFO - Job 4: Subtask Begin_execution 	com.thoughtworks.paranamer#paranamer;2.3 from central in [default]
[2019-06-30 21:34:20,075] {base_task_runner.py:101} INFO - Job 4: Subtask Begin_execution 	commons-beanutils#commons-beanutils;1.7.0 from central in [default]
[2019-06-30 21:34:20,076] {base_task_runner.py:101} INFO - Job 4: Subtask Begin_execution 	commons-beanutils#commons-beanutils-core;1.8.0 from central in [default]
[2019-06-30 21:34:20,076] {base_task_runner.py:101} INFO - Job 4: Subtask Begin_execution 	commons-cli#commons-cli;1.2 from central in [default]
[2019-06-30 21:34:20,076] {base_task_runner.py:101} INFO - Job 4: Subtask Begin_execution 	commons-codec#commons-codec;1.4 from central in [default]
[2019-06-30 21:34:20,076] {base_task_runner.py:101} INFO - Job 4: Subtask Begin_execution 	commons-collections#commons-collections;3.2.1 from central in [default]
[2019-06-30 21:34:20,076] {base_task_runner.py:101} INFO - Job 4: Subtask Begin_execution 	commons-configuration#commons-configuration;1.6 from central in [default]
[2019-06-30 21:34:20,076] {base_task_runner.py:101} INFO - Job 4: Subtask Begin_execution 	commons-digester#commons-digester;1.8 from spark-list in [default]
[2019-06-30 21:34:20,076] {base_task_runner.py:101} INFO - Job 4: Subtask Begin_execution 	commons-httpclient#commons-httpclient;3.1 from central in [default]
[2019-06-30 21:34:20,076] {base_task_runner.py:101} INFO - Job 4: Subtask Begin_execution 	commons-io#commons-io;2.4 from central in [default]
[2019-06-30 21:34:20,076] {base_task_runner.py:101} INFO - Job 4: Subtask Begin_execution 	commons-lang#commons-lang;2.6 from central in [default]
[2019-06-30 21:34:20,076] {base_task_runner.py:101} INFO - Job 4: Subtask Begin_execution 	commons-logging#commons-logging;1.1.3 from central in [default]
[2019-06-30 21:34:20,076] {base_task_runner.py:101} INFO - Job 4: Subtask Begin_execution 	commons-net#commons-net;3.1 from central in [default]
[2019-06-30 21:34:20,076] {base_task_runner.py:101} INFO - Job 4: Subtask Begin_execution 	io.netty#netty;3.6.2.Final from central in [default]
[2019-06-30 21:34:20,076] {base_task_runner.py:101} INFO - Job 4: Subtask Begin_execution 	javax.activation#activation;1.1 from central in [default]
[2019-06-30 21:34:20,077] {base_task_runner.py:101} INFO - Job 4: Subtask Begin_execution 	javax.servlet#servlet-api;2.5 from central in [default]
[2019-06-30 21:34:20,077] {base_task_runner.py:101} INFO - Job 4: Subtask Begin_execution 	javax.servlet.jsp#jsp-api;2.1 from central in [default]
[2019-06-30 21:34:20,077] {base_task_runner.py:101} INFO - Job 4: Subtask Begin_execution 	javax.xml.bind#jaxb-api;2.2.2 from central in [default]
[2019-06-30 21:34:20,077] {base_task_runner.py:101} INFO - Job 4: Subtask Begin_execution 	javax.xml.stream#stax-api;1.0-2 from central in [default]
[2019-06-30 21:34:20,077] {base_task_runner.py:101} INFO - Job 4: Subtask Begin_execution 	jline#jline;0.9.94 from central in [default]
[2019-06-30 21:34:20,077] {base_task_runner.py:101} INFO - Job 4: Subtask Begin_execution 	joda-time#joda-time;2.10.2 from central in [default]
[2019-06-30 21:34:20,077] {base_task_runner.py:101} INFO - Job 4: Subtask Begin_execution 	junit#junit;4.11 from central in [default]
[2019-06-30 21:34:20,077] {base_task_runner.py:101} INFO - Job 4: Subtask Begin_execution 	log4j#log4j;1.2.17 from central in [default]
[2019-06-30 21:34:20,077] {base_task_runner.py:101} INFO - Job 4: Subtask Begin_execution 	net.java.dev.jets3t#jets3t;0.9.0 from central in [default]
[2019-06-30 21:34:20,077] {base_task_runner.py:101} INFO - Job 4: Subtask Begin_execution 	org.apache.avro#avro;1.7.4 from central in [default]
[2019-06-30 21:34:20,077] {base_task_runner.py:101} INFO - Job 4: Subtask Begin_execution 	org.apache.commons#commons-compress;1.4.1 from central in [default]
[2019-06-30 21:34:20,077] {base_task_runner.py:101} INFO - Job 4: Subtask Begin_execution 	org.apache.commons#commons-math3;3.1.1 from central in [default]
[2019-06-30 21:34:20,077] {base_task_runner.py:101} INFO - Job 4: Subtask Begin_execution 	org.apache.curator#curator-client;2.7.1 from spark-list in [default]
[2019-06-30 21:34:20,078] {base_task_runner.py:101} INFO - Job 4: Subtask Begin_execution 	org.apache.curator#curator-framework;2.7.1 from spark-list in [default]
[2019-06-30 21:34:20,078] {base_task_runner.py:101} INFO - Job 4: Subtask Begin_execution 	org.apache.curator#curator-recipes;2.7.1 from central in [default]
[2019-06-30 21:34:20,078] {base_task_runner.py:101} INFO - Job 4: Subtask Begin_execution 	org.apache.directory.api#api-asn1-api;1.0.0-M20 from central in [default]
[2019-06-30 21:34:20,078] {base_task_runner.py:101} INFO - Job 4: Subtask Begin_execution 	org.apache.directory.api#api-util;1.0.0-M20 from central in [default]
[2019-06-30 21:34:20,078] {base_task_runner.py:101} INFO - Job 4: Subtask Begin_execution 	org.apache.directory.server#apacheds-i18n;2.0.0-M15 from central in [default]
[2019-06-30 21:34:20,078] {base_task_runner.py:101} INFO - Job 4: Subtask Begin_execution 	org.apache.directory.server#apacheds-kerberos-codec;2.0.0-M15 from central in [default]
[2019-06-30 21:34:20,078] {base_task_runner.py:101} INFO - Job 4: Subtask Begin_execution 	org.apache.hadoop#hadoop-annotations;2.7.0 from central in [default]
[2019-06-30 21:34:20,078] {base_task_runner.py:101} INFO - Job 4: Subtask Begin_execution 	org.apache.hadoop#hadoop-auth;2.7.0 from central in [default]
[2019-06-30 21:34:20,078] {base_task_runner.py:101} INFO - Job 4: Subtask Begin_execution 	org.apache.hadoop#hadoop-aws;2.7.0 from spark-list in [default]
[2019-06-30 21:34:20,078] {base_task_runner.py:101} INFO - Job 4: Subtask Begin_execution 	org.apache.hadoop#hadoop-common;2.7.0 from spark-list in [default]
[2019-06-30 21:34:20,078] {base_task_runner.py:101} INFO - Job 4: Subtask Begin_execution 	org.apache.htrace#htrace-core;3.1.0-incubating from central in [default]
[2019-06-30 21:34:20,078] {base_task_runner.py:101} INFO - Job 4: Subtask Begin_execution 	org.apache.httpcomponents#httpclient;4.2.5 from central in [default]
[2019-06-30 21:34:20,078] {base_task_runner.py:101} INFO - Job 4: Subtask Begin_execution 	org.apache.httpcomponents#httpcore;4.2.5 from central in [default]
[2019-06-30 21:34:20,078] {base_task_runner.py:101} INFO - Job 4: Subtask Begin_execution 	org.apache.zookeeper#zookeeper;3.4.6 from central in [default]
[2019-06-30 21:34:20,079] {base_task_runner.py:101} INFO - Job 4: Subtask Begin_execution 	org.codehaus.jackson#jackson-core-asl;1.9.13 from central in [default]
[2019-06-30 21:34:20,079] {base_task_runner.py:101} INFO - Job 4: Subtask Begin_execution 	org.codehaus.jackson#jackson-jaxrs;1.9.13 from central in [default]
[2019-06-30 21:34:20,079] {base_task_runner.py:101} INFO - Job 4: Subtask Begin_execution 	org.codehaus.jackson#jackson-mapper-asl;1.9.13 from central in [default]
[2019-06-30 21:34:20,079] {base_task_runner.py:101} INFO - Job 4: Subtask Begin_execution 	org.codehaus.jackson#jackson-xc;1.9.13 from central in [default]
[2019-06-30 21:34:20,079] {base_task_runner.py:101} INFO - Job 4: Subtask Begin_execution 	org.codehaus.jettison#jettison;1.1 from central in [default]
[2019-06-30 21:34:20,079] {base_task_runner.py:101} INFO - Job 4: Subtask Begin_execution 	org.hamcrest#hamcrest-core;1.3 from central in [default]
[2019-06-30 21:34:20,079] {base_task_runner.py:101} INFO - Job 4: Subtask Begin_execution 	org.mortbay.jetty#jetty;6.1.26 from spark-list in [default]
[2019-06-30 21:34:20,079] {base_task_runner.py:101} INFO - Job 4: Subtask Begin_execution 	org.mortbay.jetty#jetty-util;6.1.26 from central in [default]
[2019-06-30 21:34:20,079] {base_task_runner.py:101} INFO - Job 4: Subtask Begin_execution 	org.slf4j#slf4j-api;1.7.10 from spark-list in [default]
[2019-06-30 21:34:20,079] {base_task_runner.py:101} INFO - Job 4: Subtask Begin_execution 	org.slf4j#slf4j-log4j12;1.7.10 from central in [default]
[2019-06-30 21:34:20,079] {base_task_runner.py:101} INFO - Job 4: Subtask Begin_execution 	org.tukaani#xz;1.0 from central in [default]
[2019-06-30 21:34:20,079] {base_task_runner.py:101} INFO - Job 4: Subtask Begin_execution 	org.xerial.snappy#snappy-java;1.0.4.1 from central in [default]
[2019-06-30 21:34:20,079] {base_task_runner.py:101} INFO - Job 4: Subtask Begin_execution 	xmlenc#xmlenc;0.52 from central in [default]
[2019-06-30 21:34:20,079] {base_task_runner.py:101} INFO - Job 4: Subtask Begin_execution 	---------------------------------------------------------------------
[2019-06-30 21:34:20,080] {base_task_runner.py:101} INFO - Job 4: Subtask Begin_execution 	|                  |            modules            ||   artifacts   |
[2019-06-30 21:34:20,080] {base_task_runner.py:101} INFO - Job 4: Subtask Begin_execution 	|       conf       | number| search|dwnlded|evicted|| number|dwnlded|
[2019-06-30 21:34:20,080] {base_task_runner.py:101} INFO - Job 4: Subtask Begin_execution 	---------------------------------------------------------------------
[2019-06-30 21:34:20,080] {base_task_runner.py:101} INFO - Job 4: Subtask Begin_execution 	|      default     |   70  |   1   |   0   |   0   ||   70  |   0   |
[2019-06-30 21:34:20,080] {base_task_runner.py:101} INFO - Job 4: Subtask Begin_execution 	---------------------------------------------------------------------
[2019-06-30 21:34:20,101] {base_task_runner.py:101} INFO - Job 4: Subtask Begin_execution :: retrieving :: org.apache.spark#spark-submit-parent-57bd809c-9064-4db7-b44e-895ae44020f9
[2019-06-30 21:34:20,101] {base_task_runner.py:101} INFO - Job 4: Subtask Begin_execution 	confs: [default]
[2019-06-30 21:34:20,134] {base_task_runner.py:101} INFO - Job 4: Subtask Begin_execution 	0 artifacts copied, 70 already retrieved (0kB/32ms)
[2019-06-30 21:34:20,520] {base_task_runner.py:101} INFO - Job 4: Subtask Begin_execution 19/06/30 21:34:20 WARN NativeCodeLoader: Unable to load native-hadoop library for your platform... using builtin-java classes where applicable
[2019-06-30 21:34:21,044] {base_task_runner.py:101} INFO - Job 4: Subtask Begin_execution Using Spark's default log4j profile: org/apache/spark/log4j-defaults.properties
[2019-06-30 21:34:21,044] {base_task_runner.py:101} INFO - Job 4: Subtask Begin_execution Setting default log level to "WARN".
[2019-06-30 21:34:21,044] {base_task_runner.py:101} INFO - Job 4: Subtask Begin_execution To adjust logging level use sc.setLogLevel(newLevel). For SparkR, use setLogLevel(newLevel).
[2019-06-30 21:34:21,987] {base_task_runner.py:101} INFO - Job 4: Subtask Begin_execution 19/06/30 21:34:21 WARN Utils: Service 'SparkUI' could not bind on port 4040. Attempting port 4041.
[2019-06-30 21:34:21,987] {base_task_runner.py:101} INFO - Job 4: Subtask Begin_execution 19/06/30 21:34:21 WARN Utils: Service 'SparkUI' could not bind on port 4041. Attempting port 4042.
[2019-06-30 21:34:21,988] {base_task_runner.py:101} INFO - Job 4: Subtask Begin_execution 19/06/30 21:34:21 WARN Utils: Service 'SparkUI' could not bind on port 4042. Attempting port 4043.
[2019-06-30 21:34:21,988] {base_task_runner.py:101} INFO - Job 4: Subtask Begin_execution 19/06/30 21:34:21 WARN Utils: Service 'SparkUI' could not bind on port 4043. Attempting port 4044.
[2019-06-30 21:34:21,988] {base_task_runner.py:101} INFO - Job 4: Subtask Begin_execution 19/06/30 21:34:21 WARN Utils: Service 'SparkUI' could not bind on port 4044. Attempting port 4045.
[2019-06-30 21:34:21,989] {base_task_runner.py:101} INFO - Job 4: Subtask Begin_execution 19/06/30 21:34:21 WARN Utils: Service 'SparkUI' could not bind on port 4045. Attempting port 4046.
[2019-06-30 21:34:24,371] {base_task_runner.py:101} INFO - Job 4: Subtask Begin_execution [2019-06-30 21:34:24,371] {cli.py:517} INFO - Running <TaskInstance: python_load_dag.Begin_execution 2019-06-30T20:33:56.810832+00:00 [running]> on host Mahdis-MacBook-Pro.local
[2019-06-30 21:34:27,679] {logging_mixin.py:95} INFO - [2019-06-30 21:34:27,678] {jobs.py:2562} INFO - Task exited with return code 0
