[2019-07-01 12:09:44,785] {__init__.py:1139} INFO - Dependencies all met for <TaskInstance: python_load_dag.my_task_powered_by_python 2019-07-01T11:08:46.241318+00:00 [queued]>
[2019-07-01 12:09:44,795] {__init__.py:1139} INFO - Dependencies all met for <TaskInstance: python_load_dag.my_task_powered_by_python 2019-07-01T11:08:46.241318+00:00 [queued]>
[2019-07-01 12:09:44,795] {__init__.py:1353} INFO - 
--------------------------------------------------------------------------------
[2019-07-01 12:09:44,795] {__init__.py:1354} INFO - Starting attempt 1 of 2
[2019-07-01 12:09:44,795] {__init__.py:1355} INFO - 
--------------------------------------------------------------------------------
[2019-07-01 12:09:44,803] {__init__.py:1374} INFO - Executing <Task(PythonOperator): my_task_powered_by_python> on 2019-07-01T11:08:46.241318+00:00
[2019-07-01 12:09:44,803] {base_task_runner.py:119} INFO - Running: ['airflow', 'run', 'python_load_dag', 'my_task_powered_by_python', '2019-07-01T11:08:46.241318+00:00', '--job_id', '15', '--raw', '-sd', 'DAGS_FOLDER/spark_dag.py', '--cfg_path', '/var/folders/86/gxqwzx1j5c1dls33km6nj04r0000gn/T/tmpx6w82g8g']
[2019-07-01 12:09:46,778] {base_task_runner.py:101} INFO - Job 15: Subtask my_task_powered_by_python [2019-07-01 12:09:46,777] {__init__.py:51} INFO - Using executor SequentialExecutor
[2019-07-01 12:09:47,304] {base_task_runner.py:101} INFO - Job 15: Subtask my_task_powered_by_python [2019-07-01 12:09:47,303] {__init__.py:305} INFO - Filling up the DagBag from /Users/mahdimostafa/airflow/dags/spark_dag.py
[2019-07-01 12:09:49,266] {base_task_runner.py:101} INFO - Job 15: Subtask my_task_powered_by_python Ivy Default Cache set to: /Users/mahdimostafa/.ivy2/cache
[2019-07-01 12:09:49,266] {base_task_runner.py:101} INFO - Job 15: Subtask my_task_powered_by_python The jars for the packages stored in: /Users/mahdimostafa/.ivy2/jars
[2019-07-01 12:09:49,309] {base_task_runner.py:101} INFO - Job 15: Subtask my_task_powered_by_python :: loading settings :: url = jar:file:/Library/Frameworks/Python.framework/Versions/3.6/lib/python3.6/site-packages/pyspark/jars/ivy-2.4.0.jar!/org/apache/ivy/core/settings/ivysettings.xml
[2019-07-01 12:09:49,473] {base_task_runner.py:101} INFO - Job 15: Subtask my_task_powered_by_python org.apache.hadoop#hadoop-aws added as a dependency
[2019-07-01 12:09:49,475] {base_task_runner.py:101} INFO - Job 15: Subtask my_task_powered_by_python :: resolving dependencies :: org.apache.spark#spark-submit-parent-d3f4970a-05d8-443c-a747-7b581f430fa0;1.0
[2019-07-01 12:09:49,475] {base_task_runner.py:101} INFO - Job 15: Subtask my_task_powered_by_python 	confs: [default]
[2019-07-01 12:09:49,808] {base_task_runner.py:101} INFO - Job 15: Subtask my_task_powered_by_python 	found org.apache.hadoop#hadoop-aws;2.7.0 in spark-list
[2019-07-01 12:09:49,957] {base_task_runner.py:101} INFO - Job 15: Subtask my_task_powered_by_python 	found org.apache.hadoop#hadoop-common;2.7.0 in spark-list
[2019-07-01 12:09:50,091] {base_task_runner.py:101} INFO - Job 15: Subtask my_task_powered_by_python 	found org.apache.hadoop#hadoop-annotations;2.7.0 in central
[2019-07-01 12:09:50,154] {base_task_runner.py:101} INFO - Job 15: Subtask my_task_powered_by_python 	found com.google.guava#guava;11.0.2 in central
[2019-07-01 12:09:50,218] {base_task_runner.py:101} INFO - Job 15: Subtask my_task_powered_by_python 	found com.google.code.findbugs#jsr305;3.0.0 in central
[2019-07-01 12:09:50,270] {base_task_runner.py:101} INFO - Job 15: Subtask my_task_powered_by_python 	found commons-cli#commons-cli;1.2 in spark-list
[2019-07-01 12:09:50,326] {base_task_runner.py:101} INFO - Job 15: Subtask my_task_powered_by_python 	found org.apache.commons#commons-math3;3.1.1 in central
[2019-07-01 12:09:50,364] {base_task_runner.py:101} INFO - Job 15: Subtask my_task_powered_by_python 	found xmlenc#xmlenc;0.52 in central
[2019-07-01 12:09:50,405] {base_task_runner.py:101} INFO - Job 15: Subtask my_task_powered_by_python 	found commons-httpclient#commons-httpclient;3.1 in central
[2019-07-01 12:09:50,444] {base_task_runner.py:101} INFO - Job 15: Subtask my_task_powered_by_python 	found commons-logging#commons-logging;1.1.3 in central
[2019-07-01 12:09:50,475] {base_task_runner.py:101} INFO - Job 15: Subtask my_task_powered_by_python 	found commons-codec#commons-codec;1.4 in central
[2019-07-01 12:09:50,507] {base_task_runner.py:101} INFO - Job 15: Subtask my_task_powered_by_python 	found commons-io#commons-io;2.4 in central
[2019-07-01 12:09:50,548] {base_task_runner.py:101} INFO - Job 15: Subtask my_task_powered_by_python 	found commons-net#commons-net;3.1 in central
[2019-07-01 12:09:50,574] {base_task_runner.py:101} INFO - Job 15: Subtask my_task_powered_by_python 	found commons-collections#commons-collections;3.2.1 in central
[2019-07-01 12:09:50,594] {base_task_runner.py:101} INFO - Job 15: Subtask my_task_powered_by_python 	found javax.servlet#servlet-api;2.5 in central
[2019-07-01 12:09:50,623] {base_task_runner.py:101} INFO - Job 15: Subtask my_task_powered_by_python 	found org.mortbay.jetty#jetty;6.1.26 in spark-list
[2019-07-01 12:09:50,656] {base_task_runner.py:101} INFO - Job 15: Subtask my_task_powered_by_python 	found org.mortbay.jetty#jetty-util;6.1.26 in central
[2019-07-01 12:09:50,694] {base_task_runner.py:101} INFO - Job 15: Subtask my_task_powered_by_python 	found com.sun.jersey#jersey-core;1.9 in central
[2019-07-01 12:09:50,717] {base_task_runner.py:101} INFO - Job 15: Subtask my_task_powered_by_python 	found com.sun.jersey#jersey-json;1.9 in central
[2019-07-01 12:09:50,750] {base_task_runner.py:101} INFO - Job 15: Subtask my_task_powered_by_python 	found org.codehaus.jettison#jettison;1.1 in central
[2019-07-01 12:09:50,790] {base_task_runner.py:101} INFO - Job 15: Subtask my_task_powered_by_python 	found com.sun.xml.bind#jaxb-impl;2.2.3-1 in central
[2019-07-01 12:09:50,809] {base_task_runner.py:101} INFO - Job 15: Subtask my_task_powered_by_python 	found javax.xml.bind#jaxb-api;2.2.2 in central
[2019-07-01 12:09:50,826] {base_task_runner.py:101} INFO - Job 15: Subtask my_task_powered_by_python 	found javax.xml.stream#stax-api;1.0-2 in central
[2019-07-01 12:09:50,848] {base_task_runner.py:101} INFO - Job 15: Subtask my_task_powered_by_python 	found javax.activation#activation;1.1 in central
[2019-07-01 12:09:50,894] {base_task_runner.py:101} INFO - Job 15: Subtask my_task_powered_by_python 	found org.codehaus.jackson#jackson-core-asl;1.9.13 in central
[2019-07-01 12:09:50,913] {base_task_runner.py:101} INFO - Job 15: Subtask my_task_powered_by_python 	found org.codehaus.jackson#jackson-mapper-asl;1.9.13 in central
[2019-07-01 12:09:50,942] {base_task_runner.py:101} INFO - Job 15: Subtask my_task_powered_by_python 	found org.codehaus.jackson#jackson-jaxrs;1.9.13 in central
[2019-07-01 12:09:50,972] {base_task_runner.py:101} INFO - Job 15: Subtask my_task_powered_by_python 	found org.codehaus.jackson#jackson-xc;1.9.13 in central
[2019-07-01 12:09:51,018] {base_task_runner.py:101} INFO - Job 15: Subtask my_task_powered_by_python 	found com.sun.jersey#jersey-server;1.9 in central
[2019-07-01 12:09:51,049] {base_task_runner.py:101} INFO - Job 15: Subtask my_task_powered_by_python 	found asm#asm;3.2 in central
[2019-07-01 12:09:51,068] {base_task_runner.py:101} INFO - Job 15: Subtask my_task_powered_by_python 	found log4j#log4j;1.2.17 in central
[2019-07-01 12:09:51,095] {base_task_runner.py:101} INFO - Job 15: Subtask my_task_powered_by_python 	found net.java.dev.jets3t#jets3t;0.9.0 in central
[2019-07-01 12:09:51,115] {base_task_runner.py:101} INFO - Job 15: Subtask my_task_powered_by_python 	found org.apache.httpcomponents#httpclient;4.2.5 in central
[2019-07-01 12:09:51,134] {base_task_runner.py:101} INFO - Job 15: Subtask my_task_powered_by_python 	found org.apache.httpcomponents#httpcore;4.2.5 in central
[2019-07-01 12:09:51,151] {base_task_runner.py:101} INFO - Job 15: Subtask my_task_powered_by_python 	found com.jamesmurty.utils#java-xmlbuilder;0.4 in central
[2019-07-01 12:09:51,179] {base_task_runner.py:101} INFO - Job 15: Subtask my_task_powered_by_python 	found commons-lang#commons-lang;2.6 in central
[2019-07-01 12:09:51,191] {base_task_runner.py:101} INFO - Job 15: Subtask my_task_powered_by_python 	found commons-configuration#commons-configuration;1.6 in central
[2019-07-01 12:09:51,212] {base_task_runner.py:101} INFO - Job 15: Subtask my_task_powered_by_python 	found commons-digester#commons-digester;1.8 in spark-list
[2019-07-01 12:09:51,225] {base_task_runner.py:101} INFO - Job 15: Subtask my_task_powered_by_python 	found commons-beanutils#commons-beanutils;1.7.0 in central
[2019-07-01 12:09:51,244] {base_task_runner.py:101} INFO - Job 15: Subtask my_task_powered_by_python 	found commons-beanutils#commons-beanutils-core;1.8.0 in central
[2019-07-01 12:09:51,272] {base_task_runner.py:101} INFO - Job 15: Subtask my_task_powered_by_python 	found org.slf4j#slf4j-api;1.7.10 in spark-list
[2019-07-01 12:09:51,292] {base_task_runner.py:101} INFO - Job 15: Subtask my_task_powered_by_python 	found org.apache.avro#avro;1.7.4 in central
[2019-07-01 12:09:51,308] {base_task_runner.py:101} INFO - Job 15: Subtask my_task_powered_by_python 	found com.thoughtworks.paranamer#paranamer;2.3 in central
[2019-07-01 12:09:51,318] {base_task_runner.py:101} INFO - Job 15: Subtask my_task_powered_by_python 	found org.xerial.snappy#snappy-java;1.0.4.1 in central
[2019-07-01 12:09:51,334] {base_task_runner.py:101} INFO - Job 15: Subtask my_task_powered_by_python 	found org.apache.commons#commons-compress;1.4.1 in central
[2019-07-01 12:09:51,360] {base_task_runner.py:101} INFO - Job 15: Subtask my_task_powered_by_python 	found org.tukaani#xz;1.0 in central
[2019-07-01 12:09:51,380] {base_task_runner.py:101} INFO - Job 15: Subtask my_task_powered_by_python 	found com.google.protobuf#protobuf-java;2.5.0 in central
[2019-07-01 12:09:51,397] {base_task_runner.py:101} INFO - Job 15: Subtask my_task_powered_by_python 	found com.google.code.gson#gson;2.2.4 in central
[2019-07-01 12:09:51,418] {base_task_runner.py:101} INFO - Job 15: Subtask my_task_powered_by_python 	found org.apache.hadoop#hadoop-auth;2.7.0 in central
[2019-07-01 12:09:51,436] {base_task_runner.py:101} INFO - Job 15: Subtask my_task_powered_by_python 	found org.apache.directory.server#apacheds-kerberos-codec;2.0.0-M15 in central
[2019-07-01 12:09:51,456] {base_task_runner.py:101} INFO - Job 15: Subtask my_task_powered_by_python 	found org.apache.directory.server#apacheds-i18n;2.0.0-M15 in central
[2019-07-01 12:09:51,469] {base_task_runner.py:101} INFO - Job 15: Subtask my_task_powered_by_python 	found org.apache.directory.api#api-asn1-api;1.0.0-M20 in central
[2019-07-01 12:09:51,482] {base_task_runner.py:101} INFO - Job 15: Subtask my_task_powered_by_python 	found org.apache.directory.api#api-util;1.0.0-M20 in central
[2019-07-01 12:09:51,497] {base_task_runner.py:101} INFO - Job 15: Subtask my_task_powered_by_python 	found org.apache.zookeeper#zookeeper;3.4.6 in central
[2019-07-01 12:09:51,513] {base_task_runner.py:101} INFO - Job 15: Subtask my_task_powered_by_python 	found org.slf4j#slf4j-log4j12;1.7.10 in central
[2019-07-01 12:09:51,534] {base_task_runner.py:101} INFO - Job 15: Subtask my_task_powered_by_python 	found io.netty#netty;3.6.2.Final in central
[2019-07-01 12:09:51,550] {base_task_runner.py:101} INFO - Job 15: Subtask my_task_powered_by_python 	found org.apache.curator#curator-framework;2.7.1 in spark-list
[2019-07-01 12:09:51,563] {base_task_runner.py:101} INFO - Job 15: Subtask my_task_powered_by_python 	found org.apache.curator#curator-client;2.7.1 in spark-list
[2019-07-01 12:09:51,579] {base_task_runner.py:101} INFO - Job 15: Subtask my_task_powered_by_python 	found com.jcraft#jsch;0.1.42 in central
[2019-07-01 12:09:51,595] {base_task_runner.py:101} INFO - Job 15: Subtask my_task_powered_by_python 	found org.apache.curator#curator-recipes;2.7.1 in central
[2019-07-01 12:09:51,613] {base_task_runner.py:101} INFO - Job 15: Subtask my_task_powered_by_python 	found org.apache.htrace#htrace-core;3.1.0-incubating in central
[2019-07-01 12:09:51,652] {base_task_runner.py:101} INFO - Job 15: Subtask my_task_powered_by_python 	found javax.servlet.jsp#jsp-api;2.1 in central
[2019-07-01 12:09:51,737] {base_task_runner.py:101} INFO - Job 15: Subtask my_task_powered_by_python 	found jline#jline;0.9.94 in central
[2019-07-01 12:09:51,772] {base_task_runner.py:101} INFO - Job 15: Subtask my_task_powered_by_python 	found junit#junit;4.11 in central
[2019-07-01 12:09:51,822] {base_task_runner.py:101} INFO - Job 15: Subtask my_task_powered_by_python 	found org.hamcrest#hamcrest-core;1.3 in central
[2019-07-01 12:09:51,840] {base_task_runner.py:101} INFO - Job 15: Subtask my_task_powered_by_python 	found com.fasterxml.jackson.core#jackson-databind;2.2.3 in central
[2019-07-01 12:09:51,867] {base_task_runner.py:101} INFO - Job 15: Subtask my_task_powered_by_python 	found com.fasterxml.jackson.core#jackson-annotations;2.2.3 in central
[2019-07-01 12:09:51,897] {base_task_runner.py:101} INFO - Job 15: Subtask my_task_powered_by_python 	found com.fasterxml.jackson.core#jackson-core;2.2.3 in central
[2019-07-01 12:09:51,909] {base_task_runner.py:101} INFO - Job 15: Subtask my_task_powered_by_python 	found com.amazonaws#aws-java-sdk;1.7.4 in central
[2019-07-01 12:09:52,974] {base_task_runner.py:101} INFO - Job 15: Subtask my_task_powered_by_python 	found joda-time#joda-time;2.10.2 in central
[2019-07-01 12:09:52,974] {base_task_runner.py:101} INFO - Job 15: Subtask my_task_powered_by_python 	[2.10.2] joda-time#joda-time;[2.2,)
[2019-07-01 12:09:53,048] {base_task_runner.py:101} INFO - Job 15: Subtask my_task_powered_by_python :: resolution report :: resolve 3524ms :: artifacts dl 49ms
[2019-07-01 12:09:53,048] {base_task_runner.py:101} INFO - Job 15: Subtask my_task_powered_by_python 	:: modules in use:
[2019-07-01 12:09:53,049] {base_task_runner.py:101} INFO - Job 15: Subtask my_task_powered_by_python 	asm#asm;3.2 from central in [default]
[2019-07-01 12:09:53,049] {base_task_runner.py:101} INFO - Job 15: Subtask my_task_powered_by_python 	com.amazonaws#aws-java-sdk;1.7.4 from central in [default]
[2019-07-01 12:09:53,049] {base_task_runner.py:101} INFO - Job 15: Subtask my_task_powered_by_python 	com.fasterxml.jackson.core#jackson-annotations;2.2.3 from central in [default]
[2019-07-01 12:09:53,049] {base_task_runner.py:101} INFO - Job 15: Subtask my_task_powered_by_python 	com.fasterxml.jackson.core#jackson-core;2.2.3 from central in [default]
[2019-07-01 12:09:53,049] {base_task_runner.py:101} INFO - Job 15: Subtask my_task_powered_by_python 	com.fasterxml.jackson.core#jackson-databind;2.2.3 from central in [default]
[2019-07-01 12:09:53,049] {base_task_runner.py:101} INFO - Job 15: Subtask my_task_powered_by_python 	com.google.code.findbugs#jsr305;3.0.0 from central in [default]
[2019-07-01 12:09:53,049] {base_task_runner.py:101} INFO - Job 15: Subtask my_task_powered_by_python 	com.google.code.gson#gson;2.2.4 from central in [default]
[2019-07-01 12:09:53,049] {base_task_runner.py:101} INFO - Job 15: Subtask my_task_powered_by_python 	com.google.guava#guava;11.0.2 from central in [default]
[2019-07-01 12:09:53,049] {base_task_runner.py:101} INFO - Job 15: Subtask my_task_powered_by_python 	com.google.protobuf#protobuf-java;2.5.0 from central in [default]
[2019-07-01 12:09:53,049] {base_task_runner.py:101} INFO - Job 15: Subtask my_task_powered_by_python 	com.jamesmurty.utils#java-xmlbuilder;0.4 from central in [default]
[2019-07-01 12:09:53,050] {base_task_runner.py:101} INFO - Job 15: Subtask my_task_powered_by_python 	com.jcraft#jsch;0.1.42 from central in [default]
[2019-07-01 12:09:53,050] {base_task_runner.py:101} INFO - Job 15: Subtask my_task_powered_by_python 	com.sun.jersey#jersey-core;1.9 from central in [default]
[2019-07-01 12:09:53,050] {base_task_runner.py:101} INFO - Job 15: Subtask my_task_powered_by_python 	com.sun.jersey#jersey-json;1.9 from central in [default]
[2019-07-01 12:09:53,050] {base_task_runner.py:101} INFO - Job 15: Subtask my_task_powered_by_python 	com.sun.jersey#jersey-server;1.9 from central in [default]
[2019-07-01 12:09:53,050] {base_task_runner.py:101} INFO - Job 15: Subtask my_task_powered_by_python 	com.sun.xml.bind#jaxb-impl;2.2.3-1 from central in [default]
[2019-07-01 12:09:53,050] {base_task_runner.py:101} INFO - Job 15: Subtask my_task_powered_by_python 	com.thoughtworks.paranamer#paranamer;2.3 from central in [default]
[2019-07-01 12:09:53,050] {base_task_runner.py:101} INFO - Job 15: Subtask my_task_powered_by_python 	commons-beanutils#commons-beanutils;1.7.0 from central in [default]
[2019-07-01 12:09:53,050] {base_task_runner.py:101} INFO - Job 15: Subtask my_task_powered_by_python 	commons-beanutils#commons-beanutils-core;1.8.0 from central in [default]
[2019-07-01 12:09:53,050] {base_task_runner.py:101} INFO - Job 15: Subtask my_task_powered_by_python 	commons-cli#commons-cli;1.2 from spark-list in [default]
[2019-07-01 12:09:53,050] {base_task_runner.py:101} INFO - Job 15: Subtask my_task_powered_by_python 	commons-codec#commons-codec;1.4 from central in [default]
[2019-07-01 12:09:53,050] {base_task_runner.py:101} INFO - Job 15: Subtask my_task_powered_by_python 	commons-collections#commons-collections;3.2.1 from central in [default]
[2019-07-01 12:09:53,050] {base_task_runner.py:101} INFO - Job 15: Subtask my_task_powered_by_python 	commons-configuration#commons-configuration;1.6 from central in [default]
[2019-07-01 12:09:53,051] {base_task_runner.py:101} INFO - Job 15: Subtask my_task_powered_by_python 	commons-digester#commons-digester;1.8 from spark-list in [default]
[2019-07-01 12:09:53,051] {base_task_runner.py:101} INFO - Job 15: Subtask my_task_powered_by_python 	commons-httpclient#commons-httpclient;3.1 from central in [default]
[2019-07-01 12:09:53,051] {base_task_runner.py:101} INFO - Job 15: Subtask my_task_powered_by_python 	commons-io#commons-io;2.4 from central in [default]
[2019-07-01 12:09:53,051] {base_task_runner.py:101} INFO - Job 15: Subtask my_task_powered_by_python 	commons-lang#commons-lang;2.6 from central in [default]
[2019-07-01 12:09:53,051] {base_task_runner.py:101} INFO - Job 15: Subtask my_task_powered_by_python 	commons-logging#commons-logging;1.1.3 from central in [default]
[2019-07-01 12:09:53,051] {base_task_runner.py:101} INFO - Job 15: Subtask my_task_powered_by_python 	commons-net#commons-net;3.1 from central in [default]
[2019-07-01 12:09:53,051] {base_task_runner.py:101} INFO - Job 15: Subtask my_task_powered_by_python 	io.netty#netty;3.6.2.Final from central in [default]
[2019-07-01 12:09:53,051] {base_task_runner.py:101} INFO - Job 15: Subtask my_task_powered_by_python 	javax.activation#activation;1.1 from central in [default]
[2019-07-01 12:09:53,051] {base_task_runner.py:101} INFO - Job 15: Subtask my_task_powered_by_python 	javax.servlet#servlet-api;2.5 from central in [default]
[2019-07-01 12:09:53,051] {base_task_runner.py:101} INFO - Job 15: Subtask my_task_powered_by_python 	javax.servlet.jsp#jsp-api;2.1 from central in [default]
[2019-07-01 12:09:53,051] {base_task_runner.py:101} INFO - Job 15: Subtask my_task_powered_by_python 	javax.xml.bind#jaxb-api;2.2.2 from central in [default]
[2019-07-01 12:09:53,051] {base_task_runner.py:101} INFO - Job 15: Subtask my_task_powered_by_python 	javax.xml.stream#stax-api;1.0-2 from central in [default]
[2019-07-01 12:09:53,051] {base_task_runner.py:101} INFO - Job 15: Subtask my_task_powered_by_python 	jline#jline;0.9.94 from central in [default]
[2019-07-01 12:09:53,051] {base_task_runner.py:101} INFO - Job 15: Subtask my_task_powered_by_python 	joda-time#joda-time;2.10.2 from central in [default]
[2019-07-01 12:09:53,052] {base_task_runner.py:101} INFO - Job 15: Subtask my_task_powered_by_python 	junit#junit;4.11 from central in [default]
[2019-07-01 12:09:53,052] {base_task_runner.py:101} INFO - Job 15: Subtask my_task_powered_by_python 	log4j#log4j;1.2.17 from central in [default]
[2019-07-01 12:09:53,052] {base_task_runner.py:101} INFO - Job 15: Subtask my_task_powered_by_python 	net.java.dev.jets3t#jets3t;0.9.0 from central in [default]
[2019-07-01 12:09:53,052] {base_task_runner.py:101} INFO - Job 15: Subtask my_task_powered_by_python 	org.apache.avro#avro;1.7.4 from central in [default]
[2019-07-01 12:09:53,052] {base_task_runner.py:101} INFO - Job 15: Subtask my_task_powered_by_python 	org.apache.commons#commons-compress;1.4.1 from central in [default]
[2019-07-01 12:09:53,052] {base_task_runner.py:101} INFO - Job 15: Subtask my_task_powered_by_python 	org.apache.commons#commons-math3;3.1.1 from central in [default]
[2019-07-01 12:09:53,052] {base_task_runner.py:101} INFO - Job 15: Subtask my_task_powered_by_python 	org.apache.curator#curator-client;2.7.1 from spark-list in [default]
[2019-07-01 12:09:53,052] {base_task_runner.py:101} INFO - Job 15: Subtask my_task_powered_by_python 	org.apache.curator#curator-framework;2.7.1 from spark-list in [default]
[2019-07-01 12:09:53,052] {base_task_runner.py:101} INFO - Job 15: Subtask my_task_powered_by_python 	org.apache.curator#curator-recipes;2.7.1 from central in [default]
[2019-07-01 12:09:53,052] {base_task_runner.py:101} INFO - Job 15: Subtask my_task_powered_by_python 	org.apache.directory.api#api-asn1-api;1.0.0-M20 from central in [default]
[2019-07-01 12:09:53,052] {base_task_runner.py:101} INFO - Job 15: Subtask my_task_powered_by_python 	org.apache.directory.api#api-util;1.0.0-M20 from central in [default]
[2019-07-01 12:09:53,052] {base_task_runner.py:101} INFO - Job 15: Subtask my_task_powered_by_python 	org.apache.directory.server#apacheds-i18n;2.0.0-M15 from central in [default]
[2019-07-01 12:09:53,052] {base_task_runner.py:101} INFO - Job 15: Subtask my_task_powered_by_python 	org.apache.directory.server#apacheds-kerberos-codec;2.0.0-M15 from central in [default]
[2019-07-01 12:09:53,053] {base_task_runner.py:101} INFO - Job 15: Subtask my_task_powered_by_python 	org.apache.hadoop#hadoop-annotations;2.7.0 from central in [default]
[2019-07-01 12:09:53,053] {base_task_runner.py:101} INFO - Job 15: Subtask my_task_powered_by_python 	org.apache.hadoop#hadoop-auth;2.7.0 from central in [default]
[2019-07-01 12:09:53,053] {base_task_runner.py:101} INFO - Job 15: Subtask my_task_powered_by_python 	org.apache.hadoop#hadoop-aws;2.7.0 from spark-list in [default]
[2019-07-01 12:09:53,053] {base_task_runner.py:101} INFO - Job 15: Subtask my_task_powered_by_python 	org.apache.hadoop#hadoop-common;2.7.0 from spark-list in [default]
[2019-07-01 12:09:53,053] {base_task_runner.py:101} INFO - Job 15: Subtask my_task_powered_by_python 	org.apache.htrace#htrace-core;3.1.0-incubating from central in [default]
[2019-07-01 12:09:53,053] {base_task_runner.py:101} INFO - Job 15: Subtask my_task_powered_by_python 	org.apache.httpcomponents#httpclient;4.2.5 from central in [default]
[2019-07-01 12:09:53,053] {base_task_runner.py:101} INFO - Job 15: Subtask my_task_powered_by_python 	org.apache.httpcomponents#httpcore;4.2.5 from central in [default]
[2019-07-01 12:09:53,053] {base_task_runner.py:101} INFO - Job 15: Subtask my_task_powered_by_python 	org.apache.zookeeper#zookeeper;3.4.6 from central in [default]
[2019-07-01 12:09:53,053] {base_task_runner.py:101} INFO - Job 15: Subtask my_task_powered_by_python 	org.codehaus.jackson#jackson-core-asl;1.9.13 from central in [default]
[2019-07-01 12:09:53,053] {base_task_runner.py:101} INFO - Job 15: Subtask my_task_powered_by_python 	org.codehaus.jackson#jackson-jaxrs;1.9.13 from central in [default]
[2019-07-01 12:09:53,053] {base_task_runner.py:101} INFO - Job 15: Subtask my_task_powered_by_python 	org.codehaus.jackson#jackson-mapper-asl;1.9.13 from central in [default]
[2019-07-01 12:09:53,053] {base_task_runner.py:101} INFO - Job 15: Subtask my_task_powered_by_python 	org.codehaus.jackson#jackson-xc;1.9.13 from central in [default]
[2019-07-01 12:09:53,053] {base_task_runner.py:101} INFO - Job 15: Subtask my_task_powered_by_python 	org.codehaus.jettison#jettison;1.1 from central in [default]
[2019-07-01 12:09:53,054] {base_task_runner.py:101} INFO - Job 15: Subtask my_task_powered_by_python 	org.hamcrest#hamcrest-core;1.3 from central in [default]
[2019-07-01 12:09:53,054] {base_task_runner.py:101} INFO - Job 15: Subtask my_task_powered_by_python 	org.mortbay.jetty#jetty;6.1.26 from spark-list in [default]
[2019-07-01 12:09:53,054] {base_task_runner.py:101} INFO - Job 15: Subtask my_task_powered_by_python 	org.mortbay.jetty#jetty-util;6.1.26 from central in [default]
[2019-07-01 12:09:53,054] {base_task_runner.py:101} INFO - Job 15: Subtask my_task_powered_by_python 	org.slf4j#slf4j-api;1.7.10 from spark-list in [default]
[2019-07-01 12:09:53,054] {base_task_runner.py:101} INFO - Job 15: Subtask my_task_powered_by_python 	org.slf4j#slf4j-log4j12;1.7.10 from central in [default]
[2019-07-01 12:09:53,054] {base_task_runner.py:101} INFO - Job 15: Subtask my_task_powered_by_python 	org.tukaani#xz;1.0 from central in [default]
[2019-07-01 12:09:53,054] {base_task_runner.py:101} INFO - Job 15: Subtask my_task_powered_by_python 	org.xerial.snappy#snappy-java;1.0.4.1 from central in [default]
[2019-07-01 12:09:53,054] {base_task_runner.py:101} INFO - Job 15: Subtask my_task_powered_by_python 	xmlenc#xmlenc;0.52 from central in [default]
[2019-07-01 12:09:53,054] {base_task_runner.py:101} INFO - Job 15: Subtask my_task_powered_by_python 	---------------------------------------------------------------------
[2019-07-01 12:09:53,054] {base_task_runner.py:101} INFO - Job 15: Subtask my_task_powered_by_python 	|                  |            modules            ||   artifacts   |
[2019-07-01 12:09:53,054] {base_task_runner.py:101} INFO - Job 15: Subtask my_task_powered_by_python 	|       conf       | number| search|dwnlded|evicted|| number|dwnlded|
[2019-07-01 12:09:53,054] {base_task_runner.py:101} INFO - Job 15: Subtask my_task_powered_by_python 	---------------------------------------------------------------------
[2019-07-01 12:09:53,054] {base_task_runner.py:101} INFO - Job 15: Subtask my_task_powered_by_python 	|      default     |   70  |   1   |   0   |   0   ||   70  |   0   |
[2019-07-01 12:09:53,055] {base_task_runner.py:101} INFO - Job 15: Subtask my_task_powered_by_python 	---------------------------------------------------------------------
[2019-07-01 12:09:53,073] {base_task_runner.py:101} INFO - Job 15: Subtask my_task_powered_by_python :: retrieving :: org.apache.spark#spark-submit-parent-d3f4970a-05d8-443c-a747-7b581f430fa0
[2019-07-01 12:09:53,074] {base_task_runner.py:101} INFO - Job 15: Subtask my_task_powered_by_python 	confs: [default]
[2019-07-01 12:09:53,105] {base_task_runner.py:101} INFO - Job 15: Subtask my_task_powered_by_python 	0 artifacts copied, 70 already retrieved (0kB/31ms)
[2019-07-01 12:09:53,622] {base_task_runner.py:101} INFO - Job 15: Subtask my_task_powered_by_python 19/07/01 12:09:53 WARN NativeCodeLoader: Unable to load native-hadoop library for your platform... using builtin-java classes where applicable
[2019-07-01 12:09:54,245] {base_task_runner.py:101} INFO - Job 15: Subtask my_task_powered_by_python Using Spark's default log4j profile: org/apache/spark/log4j-defaults.properties
[2019-07-01 12:09:54,245] {base_task_runner.py:101} INFO - Job 15: Subtask my_task_powered_by_python Setting default log level to "WARN".
[2019-07-01 12:09:54,245] {base_task_runner.py:101} INFO - Job 15: Subtask my_task_powered_by_python To adjust logging level use sc.setLogLevel(newLevel). For SparkR, use setLogLevel(newLevel).
[2019-07-01 12:09:55,450] {base_task_runner.py:101} INFO - Job 15: Subtask my_task_powered_by_python 19/07/01 12:09:55 WARN Utils: Service 'SparkUI' could not bind on port 4040. Attempting port 4041.
[2019-07-01 12:09:57,338] {base_task_runner.py:101} INFO - Job 15: Subtask my_task_powered_by_python [2019-07-01 12:09:57,338] {cli.py:517} INFO - Running <TaskInstance: python_load_dag.my_task_powered_by_python 2019-07-01T11:08:46.241318+00:00 [running]> on host Mahdis-MacBook-Pro.local
[2019-07-01 12:09:57,351] {python_operator.py:104} INFO - Exporting the following env vars:
AIRFLOW_CTX_DAG_ID=python_load_dag
AIRFLOW_CTX_TASK_ID=my_task_powered_by_python
AIRFLOW_CTX_EXECUTION_DATE=2019-07-01T11:08:46.241318+00:00
AIRFLOW_CTX_DAG_RUN_ID=manual__2019-07-01T11:08:46.241318+00:00
[2019-07-01 12:10:02,213] {base_task_runner.py:101} INFO - Job 15: Subtask my_task_powered_by_python 
[2019-07-01 12:10:05,243] {base_task_runner.py:101} INFO - Job 15: Subtask my_task_powered_by_python [Stage 0:>                                                          (0 + 1) / 1]
[2019-07-01 12:10:06,233] {base_task_runner.py:101} INFO - Job 15: Subtask my_task_powered_by_python                                                                                 
[2019-07-01 12:10:06,234] {base_task_runner.py:101} INFO - Job 15: Subtask my_task_powered_by_python 
[2019-07-01 12:10:07,039] {base_task_runner.py:101} INFO - Job 15: Subtask my_task_powered_by_python [Stage 1:>                                                          (0 + 1) / 1]
[2019-07-01 12:10:07,358] {logging_mixin.py:95} INFO - +------------------+---------------+---------------+----------------+-----------+---------+---------+------------------+----------------+----+
|         artist_id|artist_latitude|artist_location|artist_longitude|artist_name| duration|num_songs|           song_id|           title|year|
+------------------+---------------+---------------+----------------+-----------+---------+---------+------------------+----------------+----+
|ARD7TVE1187B99BFB1|           null|California - LA|            null|     Casual|218.93179|        1|SOMZWCG12A8C13C480|I Didn't Mean To|   0|
+------------------+---------------+---------------+----------------+-----------+---------+---------+------------------+----------------+----+
[2019-07-01 12:10:07,358] {logging_mixin.py:95} INFO - 
[2019-07-01 12:10:08,801] {logging_mixin.py:95} INFO - +------+---------+--------+------+-----+
|userId|firstName|lastName|gender|level|
+------+---------+--------+------+-----+
|   101|   Jayden|     Fox|     M| free|
|     8|   Kaylee| Summers|     F| free|
|    26|     Ryan|   Smith|     M| free|
|    10|   Sylvie|    Cruz|     F| free|
|    39|   Walter|    Frye|     M| free|
+------+---------+--------+------+-----+
[2019-07-01 12:10:08,802] {logging_mixin.py:95} INFO - 
[2019-07-01 12:10:09,468] {base_task_runner.py:101} INFO - Job 15: Subtask my_task_powered_by_python                                                                                 
[2019-07-01 12:10:09,468] {base_task_runner.py:101} INFO - Job 15: Subtask my_task_powered_by_python 
[2019-07-01 12:10:09,668] {base_task_runner.py:101} INFO - Job 15: Subtask my_task_powered_by_python [Stage 15:============>                                          (47 + 4) / 200]
[2019-07-01 12:10:09,869] {base_task_runner.py:101} INFO - Job 15: Subtask my_task_powered_by_python [Stage 15:==================>                                    (68 + 4) / 200]
[2019-07-01 12:10:10,070] {base_task_runner.py:101} INFO - Job 15: Subtask my_task_powered_by_python [Stage 15:=======================>                               (87 + 4) / 200]
[2019-07-01 12:10:10,270] {base_task_runner.py:101} INFO - Job 15: Subtask my_task_powered_by_python [Stage 15:==============================>                       (112 + 4) / 200]
[2019-07-01 12:10:10,471] {base_task_runner.py:101} INFO - Job 15: Subtask my_task_powered_by_python [Stage 15:===================================>                  (130 + 4) / 200]
[2019-07-01 12:10:10,676] {base_task_runner.py:101} INFO - Job 15: Subtask my_task_powered_by_python [Stage 15:==========================================>           (158 + 5) / 200]
[2019-07-01 12:10:10,877] {base_task_runner.py:101} INFO - Job 15: Subtask my_task_powered_by_python [Stage 15:================================================>     (181 + 4) / 200]
[2019-07-01 12:10:10,901] {base_task_runner.py:101} INFO - Job 15: Subtask my_task_powered_by_python [Stage 15:=====================================================>(199 + 1) / 200]
[2019-07-01 12:10:10,934] {python_operator.py:113} INFO - Done. Returned value was: None
[2019-07-01 12:10:11,586] {base_task_runner.py:101} INFO - Job 15: Subtask my_task_powered_by_python                                                                                 
[2019-07-01 12:10:27,607] {logging_mixin.py:95} INFO - [2019-07-01 12:10:27,606] {jobs.py:2562} INFO - Task exited with return code 0
