[2019-07-06 19:19:11,345] {__init__.py:1139} INFO - Dependencies all met for <TaskInstance: python_load_dag.dbt_view_load 2019-07-06T18:17:12.470745+00:00 [queued]>
[2019-07-06 19:19:11,352] {__init__.py:1139} INFO - Dependencies all met for <TaskInstance: python_load_dag.dbt_view_load 2019-07-06T18:17:12.470745+00:00 [queued]>
[2019-07-06 19:19:11,353] {__init__.py:1353} INFO - 
--------------------------------------------------------------------------------
[2019-07-06 19:19:11,353] {__init__.py:1354} INFO - Starting attempt 1 of 2
[2019-07-06 19:19:11,353] {__init__.py:1355} INFO - 
--------------------------------------------------------------------------------
[2019-07-06 19:19:11,360] {__init__.py:1374} INFO - Executing <Task(BashOperator): dbt_view_load> on 2019-07-06T18:17:12.470745+00:00
[2019-07-06 19:19:11,360] {base_task_runner.py:119} INFO - Running: ['airflow', 'run', 'python_load_dag', 'dbt_view_load', '2019-07-06T18:17:12.470745+00:00', '--job_id', '79', '--raw', '-sd', 'DAGS_FOLDER/spark_dag.py', '--cfg_path', '/var/folders/gl/v_3dc2yn7lb05kcmfb9ppm1r0000gn/T/tmppzjcofkt']
[2019-07-06 19:19:12,149] {base_task_runner.py:101} INFO - Job 79: Subtask dbt_view_load [2019-07-06 19:19:12,149] {__init__.py:51} INFO - Using executor SequentialExecutor
[2019-07-06 19:19:12,359] {base_task_runner.py:101} INFO - Job 79: Subtask dbt_view_load [2019-07-06 19:19:12,359] {__init__.py:305} INFO - Filling up the DagBag from /Users/mahdimostafa/airflow/dags/spark_dag.py
[2019-07-06 19:19:13,860] {base_task_runner.py:101} INFO - Job 79: Subtask dbt_view_load Ivy Default Cache set to: /Users/mahdimostafa/.ivy2/cache
[2019-07-06 19:19:13,860] {base_task_runner.py:101} INFO - Job 79: Subtask dbt_view_load The jars for the packages stored in: /Users/mahdimostafa/.ivy2/jars
[2019-07-06 19:19:13,891] {base_task_runner.py:101} INFO - Job 79: Subtask dbt_view_load :: loading settings :: url = jar:file:/Library/Frameworks/Python.framework/Versions/3.6/lib/python3.6/site-packages/pyspark/jars/ivy-2.4.0.jar!/org/apache/ivy/core/settings/ivysettings.xml
[2019-07-06 19:19:14,047] {base_task_runner.py:101} INFO - Job 79: Subtask dbt_view_load org.apache.hadoop#hadoop-aws added as a dependency
[2019-07-06 19:19:14,048] {base_task_runner.py:101} INFO - Job 79: Subtask dbt_view_load :: resolving dependencies :: org.apache.spark#spark-submit-parent-d5b7e5ed-71f3-4c85-9706-cb03878f2074;1.0
[2019-07-06 19:19:14,048] {base_task_runner.py:101} INFO - Job 79: Subtask dbt_view_load 	confs: [default]
[2019-07-06 19:19:14,260] {base_task_runner.py:101} INFO - Job 79: Subtask dbt_view_load 	found org.apache.hadoop#hadoop-aws;2.7.0 in spark-list
[2019-07-06 19:19:14,391] {base_task_runner.py:101} INFO - Job 79: Subtask dbt_view_load 	found org.apache.hadoop#hadoop-common;2.7.0 in central
[2019-07-06 19:19:14,525] {base_task_runner.py:101} INFO - Job 79: Subtask dbt_view_load 	found org.apache.hadoop#hadoop-annotations;2.7.0 in spark-list
[2019-07-06 19:19:14,560] {base_task_runner.py:101} INFO - Job 79: Subtask dbt_view_load 	found com.google.guava#guava;11.0.2 in central
[2019-07-06 19:19:14,604] {base_task_runner.py:101} INFO - Job 79: Subtask dbt_view_load 	found com.google.code.findbugs#jsr305;3.0.0 in central
[2019-07-06 19:19:14,631] {base_task_runner.py:101} INFO - Job 79: Subtask dbt_view_load 	found commons-cli#commons-cli;1.2 in central
[2019-07-06 19:19:14,661] {base_task_runner.py:101} INFO - Job 79: Subtask dbt_view_load 	found org.apache.commons#commons-math3;3.1.1 in central
[2019-07-06 19:19:14,698] {base_task_runner.py:101} INFO - Job 79: Subtask dbt_view_load 	found xmlenc#xmlenc;0.52 in central
[2019-07-06 19:19:14,716] {base_task_runner.py:101} INFO - Job 79: Subtask dbt_view_load 	found commons-httpclient#commons-httpclient;3.1 in spark-list
[2019-07-06 19:19:14,739] {base_task_runner.py:101} INFO - Job 79: Subtask dbt_view_load 	found commons-logging#commons-logging;1.1.3 in central
[2019-07-06 19:19:14,757] {base_task_runner.py:101} INFO - Job 79: Subtask dbt_view_load 	found commons-codec#commons-codec;1.4 in central
[2019-07-06 19:19:14,774] {base_task_runner.py:101} INFO - Job 79: Subtask dbt_view_load 	found commons-io#commons-io;2.4 in central
[2019-07-06 19:19:14,810] {base_task_runner.py:101} INFO - Job 79: Subtask dbt_view_load 	found commons-net#commons-net;3.1 in central
[2019-07-06 19:19:14,831] {base_task_runner.py:101} INFO - Job 79: Subtask dbt_view_load 	found commons-collections#commons-collections;3.2.1 in central
[2019-07-06 19:19:14,851] {base_task_runner.py:101} INFO - Job 79: Subtask dbt_view_load 	found javax.servlet#servlet-api;2.5 in central
[2019-07-06 19:19:14,870] {base_task_runner.py:101} INFO - Job 79: Subtask dbt_view_load 	found org.mortbay.jetty#jetty;6.1.26 in central
[2019-07-06 19:19:14,888] {base_task_runner.py:101} INFO - Job 79: Subtask dbt_view_load 	found org.mortbay.jetty#jetty-util;6.1.26 in central
[2019-07-06 19:19:14,904] {base_task_runner.py:101} INFO - Job 79: Subtask dbt_view_load 	found com.sun.jersey#jersey-core;1.9 in central
[2019-07-06 19:19:14,919] {base_task_runner.py:101} INFO - Job 79: Subtask dbt_view_load 	found com.sun.jersey#jersey-json;1.9 in central
[2019-07-06 19:19:14,934] {base_task_runner.py:101} INFO - Job 79: Subtask dbt_view_load 	found org.codehaus.jettison#jettison;1.1 in central
[2019-07-06 19:19:14,947] {base_task_runner.py:101} INFO - Job 79: Subtask dbt_view_load 	found com.sun.xml.bind#jaxb-impl;2.2.3-1 in central
[2019-07-06 19:19:14,963] {base_task_runner.py:101} INFO - Job 79: Subtask dbt_view_load 	found javax.xml.bind#jaxb-api;2.2.2 in central
[2019-07-06 19:19:14,978] {base_task_runner.py:101} INFO - Job 79: Subtask dbt_view_load 	found javax.xml.stream#stax-api;1.0-2 in central
[2019-07-06 19:19:14,991] {base_task_runner.py:101} INFO - Job 79: Subtask dbt_view_load 	found javax.activation#activation;1.1 in central
[2019-07-06 19:19:15,004] {base_task_runner.py:101} INFO - Job 79: Subtask dbt_view_load 	found org.codehaus.jackson#jackson-core-asl;1.9.13 in central
[2019-07-06 19:19:15,015] {base_task_runner.py:101} INFO - Job 79: Subtask dbt_view_load 	found org.codehaus.jackson#jackson-mapper-asl;1.9.13 in central
[2019-07-06 19:19:15,027] {base_task_runner.py:101} INFO - Job 79: Subtask dbt_view_load 	found org.codehaus.jackson#jackson-jaxrs;1.9.13 in central
[2019-07-06 19:19:15,040] {base_task_runner.py:101} INFO - Job 79: Subtask dbt_view_load 	found org.codehaus.jackson#jackson-xc;1.9.13 in central
[2019-07-06 19:19:15,055] {base_task_runner.py:101} INFO - Job 79: Subtask dbt_view_load 	found com.sun.jersey#jersey-server;1.9 in central
[2019-07-06 19:19:15,070] {base_task_runner.py:101} INFO - Job 79: Subtask dbt_view_load 	found asm#asm;3.2 in central
[2019-07-06 19:19:15,081] {base_task_runner.py:101} INFO - Job 79: Subtask dbt_view_load 	found log4j#log4j;1.2.17 in central
[2019-07-06 19:19:15,092] {base_task_runner.py:101} INFO - Job 79: Subtask dbt_view_load 	found net.java.dev.jets3t#jets3t;0.9.0 in central
[2019-07-06 19:19:15,106] {base_task_runner.py:101} INFO - Job 79: Subtask dbt_view_load 	found org.apache.httpcomponents#httpclient;4.2.5 in central
[2019-07-06 19:19:15,117] {base_task_runner.py:101} INFO - Job 79: Subtask dbt_view_load 	found org.apache.httpcomponents#httpcore;4.2.5 in central
[2019-07-06 19:19:15,128] {base_task_runner.py:101} INFO - Job 79: Subtask dbt_view_load 	found com.jamesmurty.utils#java-xmlbuilder;0.4 in spark-list
[2019-07-06 19:19:15,139] {base_task_runner.py:101} INFO - Job 79: Subtask dbt_view_load 	found commons-lang#commons-lang;2.6 in central
[2019-07-06 19:19:15,149] {base_task_runner.py:101} INFO - Job 79: Subtask dbt_view_load 	found commons-configuration#commons-configuration;1.6 in central
[2019-07-06 19:19:15,165] {base_task_runner.py:101} INFO - Job 79: Subtask dbt_view_load 	found commons-digester#commons-digester;1.8 in central
[2019-07-06 19:19:15,177] {base_task_runner.py:101} INFO - Job 79: Subtask dbt_view_load 	found commons-beanutils#commons-beanutils;1.7.0 in central
[2019-07-06 19:19:15,190] {base_task_runner.py:101} INFO - Job 79: Subtask dbt_view_load 	found commons-beanutils#commons-beanutils-core;1.8.0 in central
[2019-07-06 19:19:15,201] {base_task_runner.py:101} INFO - Job 79: Subtask dbt_view_load 	found org.slf4j#slf4j-api;1.7.10 in central
[2019-07-06 19:19:15,212] {base_task_runner.py:101} INFO - Job 79: Subtask dbt_view_load 	found org.apache.avro#avro;1.7.4 in central
[2019-07-06 19:19:15,225] {base_task_runner.py:101} INFO - Job 79: Subtask dbt_view_load 	found com.thoughtworks.paranamer#paranamer;2.3 in central
[2019-07-06 19:19:15,236] {base_task_runner.py:101} INFO - Job 79: Subtask dbt_view_load 	found org.xerial.snappy#snappy-java;1.0.4.1 in central
[2019-07-06 19:19:15,248] {base_task_runner.py:101} INFO - Job 79: Subtask dbt_view_load 	found org.apache.commons#commons-compress;1.4.1 in central
[2019-07-06 19:19:15,294] {base_task_runner.py:101} INFO - Job 79: Subtask dbt_view_load 	found org.tukaani#xz;1.0 in central
[2019-07-06 19:19:15,310] {base_task_runner.py:101} INFO - Job 79: Subtask dbt_view_load 	found com.google.protobuf#protobuf-java;2.5.0 in central
[2019-07-06 19:19:15,337] {base_task_runner.py:101} INFO - Job 79: Subtask dbt_view_load 	found com.google.code.gson#gson;2.2.4 in central
[2019-07-06 19:19:15,459] {base_task_runner.py:101} INFO - Job 79: Subtask dbt_view_load 	found org.apache.hadoop#hadoop-auth;2.7.0 in central
[2019-07-06 19:19:15,515] {base_task_runner.py:101} INFO - Job 79: Subtask dbt_view_load 	found org.apache.directory.server#apacheds-kerberos-codec;2.0.0-M15 in central
[2019-07-06 19:19:15,534] {base_task_runner.py:101} INFO - Job 79: Subtask dbt_view_load 	found org.apache.directory.server#apacheds-i18n;2.0.0-M15 in central
[2019-07-06 19:19:15,594] {base_task_runner.py:101} INFO - Job 79: Subtask dbt_view_load 	found org.apache.directory.api#api-asn1-api;1.0.0-M20 in central
[2019-07-06 19:19:15,626] {base_task_runner.py:101} INFO - Job 79: Subtask dbt_view_load 	found org.apache.directory.api#api-util;1.0.0-M20 in central
[2019-07-06 19:19:15,666] {base_task_runner.py:101} INFO - Job 79: Subtask dbt_view_load 	found org.apache.zookeeper#zookeeper;3.4.6 in central
[2019-07-06 19:19:15,688] {base_task_runner.py:101} INFO - Job 79: Subtask dbt_view_load 	found org.slf4j#slf4j-log4j12;1.7.10 in central
[2019-07-06 19:19:15,740] {base_task_runner.py:101} INFO - Job 79: Subtask dbt_view_load 	found io.netty#netty;3.6.2.Final in central
[2019-07-06 19:19:15,766] {base_task_runner.py:101} INFO - Job 79: Subtask dbt_view_load 	found org.apache.curator#curator-framework;2.7.1 in central
[2019-07-06 19:19:15,843] {base_task_runner.py:101} INFO - Job 79: Subtask dbt_view_load 	found org.apache.curator#curator-client;2.7.1 in central
[2019-07-06 19:19:15,899] {base_task_runner.py:101} INFO - Job 79: Subtask dbt_view_load 	found com.jcraft#jsch;0.1.42 in central
[2019-07-06 19:19:15,919] {base_task_runner.py:101} INFO - Job 79: Subtask dbt_view_load 	found org.apache.curator#curator-recipes;2.7.1 in central
[2019-07-06 19:19:15,941] {base_task_runner.py:101} INFO - Job 79: Subtask dbt_view_load 	found org.apache.htrace#htrace-core;3.1.0-incubating in central
[2019-07-06 19:19:15,991] {base_task_runner.py:101} INFO - Job 79: Subtask dbt_view_load 	found javax.servlet.jsp#jsp-api;2.1 in central
[2019-07-06 19:19:16,069] {base_task_runner.py:101} INFO - Job 79: Subtask dbt_view_load 	found jline#jline;0.9.94 in central
[2019-07-06 19:19:16,086] {base_task_runner.py:101} INFO - Job 79: Subtask dbt_view_load 	found junit#junit;4.11 in central
[2019-07-06 19:19:16,104] {base_task_runner.py:101} INFO - Job 79: Subtask dbt_view_load 	found org.hamcrest#hamcrest-core;1.3 in central
[2019-07-06 19:19:16,116] {base_task_runner.py:101} INFO - Job 79: Subtask dbt_view_load 	found com.fasterxml.jackson.core#jackson-databind;2.2.3 in central
[2019-07-06 19:19:16,124] {base_task_runner.py:101} INFO - Job 79: Subtask dbt_view_load 	found com.fasterxml.jackson.core#jackson-annotations;2.2.3 in central
[2019-07-06 19:19:16,135] {base_task_runner.py:101} INFO - Job 79: Subtask dbt_view_load 	found com.fasterxml.jackson.core#jackson-core;2.2.3 in central
[2019-07-06 19:19:16,145] {base_task_runner.py:101} INFO - Job 79: Subtask dbt_view_load 	found com.amazonaws#aws-java-sdk;1.7.4 in central
[2019-07-06 19:19:16,169] {base_task_runner.py:101} INFO - Job 79: Subtask dbt_view_load WARNING: An illegal reflective access operation has occurred
[2019-07-06 19:19:16,169] {base_task_runner.py:101} INFO - Job 79: Subtask dbt_view_load WARNING: Illegal reflective access by org.apache.ivy.util.url.IvyAuthenticator (file:/Library/Frameworks/Python.framework/Versions/3.6/lib/python3.6/site-packages/pyspark/jars/ivy-2.4.0.jar) to field java.net.Authenticator.theAuthenticator
[2019-07-06 19:19:16,169] {base_task_runner.py:101} INFO - Job 79: Subtask dbt_view_load WARNING: Please consider reporting this to the maintainers of org.apache.ivy.util.url.IvyAuthenticator
[2019-07-06 19:19:16,169] {base_task_runner.py:101} INFO - Job 79: Subtask dbt_view_load WARNING: Use --illegal-access=warn to enable warnings of further illegal reflective access operations
[2019-07-06 19:19:16,170] {base_task_runner.py:101} INFO - Job 79: Subtask dbt_view_load WARNING: All illegal access operations will be denied in a future release
[2019-07-06 19:19:16,988] {base_task_runner.py:101} INFO - Job 79: Subtask dbt_view_load 	found joda-time#joda-time;2.10.3 in central
[2019-07-06 19:19:16,995] {base_task_runner.py:101} INFO - Job 79: Subtask dbt_view_load 	[2.10.3] joda-time#joda-time;[2.2,)
[2019-07-06 19:19:17,074] {base_task_runner.py:101} INFO - Job 79: Subtask dbt_view_load :: resolution report :: resolve 2974ms :: artifacts dl 52ms
[2019-07-06 19:19:17,074] {base_task_runner.py:101} INFO - Job 79: Subtask dbt_view_load 	:: modules in use:
[2019-07-06 19:19:17,075] {base_task_runner.py:101} INFO - Job 79: Subtask dbt_view_load 	asm#asm;3.2 from central in [default]
[2019-07-06 19:19:17,075] {base_task_runner.py:101} INFO - Job 79: Subtask dbt_view_load 	com.amazonaws#aws-java-sdk;1.7.4 from central in [default]
[2019-07-06 19:19:17,076] {base_task_runner.py:101} INFO - Job 79: Subtask dbt_view_load 	com.fasterxml.jackson.core#jackson-annotations;2.2.3 from central in [default]
[2019-07-06 19:19:17,076] {base_task_runner.py:101} INFO - Job 79: Subtask dbt_view_load 	com.fasterxml.jackson.core#jackson-core;2.2.3 from central in [default]
[2019-07-06 19:19:17,076] {base_task_runner.py:101} INFO - Job 79: Subtask dbt_view_load 	com.fasterxml.jackson.core#jackson-databind;2.2.3 from central in [default]
[2019-07-06 19:19:17,076] {base_task_runner.py:101} INFO - Job 79: Subtask dbt_view_load 	com.google.code.findbugs#jsr305;3.0.0 from central in [default]
[2019-07-06 19:19:17,076] {base_task_runner.py:101} INFO - Job 79: Subtask dbt_view_load 	com.google.code.gson#gson;2.2.4 from central in [default]
[2019-07-06 19:19:17,076] {base_task_runner.py:101} INFO - Job 79: Subtask dbt_view_load 	com.google.guava#guava;11.0.2 from central in [default]
[2019-07-06 19:19:17,076] {base_task_runner.py:101} INFO - Job 79: Subtask dbt_view_load 	com.google.protobuf#protobuf-java;2.5.0 from central in [default]
[2019-07-06 19:19:17,076] {base_task_runner.py:101} INFO - Job 79: Subtask dbt_view_load 	com.jamesmurty.utils#java-xmlbuilder;0.4 from spark-list in [default]
[2019-07-06 19:19:17,076] {base_task_runner.py:101} INFO - Job 79: Subtask dbt_view_load 	com.jcraft#jsch;0.1.42 from central in [default]
[2019-07-06 19:19:17,076] {base_task_runner.py:101} INFO - Job 79: Subtask dbt_view_load 	com.sun.jersey#jersey-core;1.9 from central in [default]
[2019-07-06 19:19:17,077] {base_task_runner.py:101} INFO - Job 79: Subtask dbt_view_load 	com.sun.jersey#jersey-json;1.9 from central in [default]
[2019-07-06 19:19:17,077] {base_task_runner.py:101} INFO - Job 79: Subtask dbt_view_load 	com.sun.jersey#jersey-server;1.9 from central in [default]
[2019-07-06 19:19:17,077] {base_task_runner.py:101} INFO - Job 79: Subtask dbt_view_load 	com.sun.xml.bind#jaxb-impl;2.2.3-1 from central in [default]
[2019-07-06 19:19:17,077] {base_task_runner.py:101} INFO - Job 79: Subtask dbt_view_load 	com.thoughtworks.paranamer#paranamer;2.3 from central in [default]
[2019-07-06 19:19:17,077] {base_task_runner.py:101} INFO - Job 79: Subtask dbt_view_load 	commons-beanutils#commons-beanutils;1.7.0 from central in [default]
[2019-07-06 19:19:17,077] {base_task_runner.py:101} INFO - Job 79: Subtask dbt_view_load 	commons-beanutils#commons-beanutils-core;1.8.0 from central in [default]
[2019-07-06 19:19:17,077] {base_task_runner.py:101} INFO - Job 79: Subtask dbt_view_load 	commons-cli#commons-cli;1.2 from central in [default]
[2019-07-06 19:19:17,077] {base_task_runner.py:101} INFO - Job 79: Subtask dbt_view_load 	commons-codec#commons-codec;1.4 from central in [default]
[2019-07-06 19:19:17,077] {base_task_runner.py:101} INFO - Job 79: Subtask dbt_view_load 	commons-collections#commons-collections;3.2.1 from central in [default]
[2019-07-06 19:19:17,077] {base_task_runner.py:101} INFO - Job 79: Subtask dbt_view_load 	commons-configuration#commons-configuration;1.6 from central in [default]
[2019-07-06 19:19:17,077] {base_task_runner.py:101} INFO - Job 79: Subtask dbt_view_load 	commons-digester#commons-digester;1.8 from central in [default]
[2019-07-06 19:19:17,077] {base_task_runner.py:101} INFO - Job 79: Subtask dbt_view_load 	commons-httpclient#commons-httpclient;3.1 from spark-list in [default]
[2019-07-06 19:19:17,077] {base_task_runner.py:101} INFO - Job 79: Subtask dbt_view_load 	commons-io#commons-io;2.4 from central in [default]
[2019-07-06 19:19:17,077] {base_task_runner.py:101} INFO - Job 79: Subtask dbt_view_load 	commons-lang#commons-lang;2.6 from central in [default]
[2019-07-06 19:19:17,077] {base_task_runner.py:101} INFO - Job 79: Subtask dbt_view_load 	commons-logging#commons-logging;1.1.3 from central in [default]
[2019-07-06 19:19:17,077] {base_task_runner.py:101} INFO - Job 79: Subtask dbt_view_load 	commons-net#commons-net;3.1 from central in [default]
[2019-07-06 19:19:17,078] {base_task_runner.py:101} INFO - Job 79: Subtask dbt_view_load 	io.netty#netty;3.6.2.Final from central in [default]
[2019-07-06 19:19:17,078] {base_task_runner.py:101} INFO - Job 79: Subtask dbt_view_load 	javax.activation#activation;1.1 from central in [default]
[2019-07-06 19:19:17,078] {base_task_runner.py:101} INFO - Job 79: Subtask dbt_view_load 	javax.servlet#servlet-api;2.5 from central in [default]
[2019-07-06 19:19:17,078] {base_task_runner.py:101} INFO - Job 79: Subtask dbt_view_load 	javax.servlet.jsp#jsp-api;2.1 from central in [default]
[2019-07-06 19:19:17,078] {base_task_runner.py:101} INFO - Job 79: Subtask dbt_view_load 	javax.xml.bind#jaxb-api;2.2.2 from central in [default]
[2019-07-06 19:19:17,078] {base_task_runner.py:101} INFO - Job 79: Subtask dbt_view_load 	javax.xml.stream#stax-api;1.0-2 from central in [default]
[2019-07-06 19:19:17,078] {base_task_runner.py:101} INFO - Job 79: Subtask dbt_view_load 	jline#jline;0.9.94 from central in [default]
[2019-07-06 19:19:17,078] {base_task_runner.py:101} INFO - Job 79: Subtask dbt_view_load 	joda-time#joda-time;2.10.3 from central in [default]
[2019-07-06 19:19:17,078] {base_task_runner.py:101} INFO - Job 79: Subtask dbt_view_load 	junit#junit;4.11 from central in [default]
[2019-07-06 19:19:17,078] {base_task_runner.py:101} INFO - Job 79: Subtask dbt_view_load 	log4j#log4j;1.2.17 from central in [default]
[2019-07-06 19:19:17,078] {base_task_runner.py:101} INFO - Job 79: Subtask dbt_view_load 	net.java.dev.jets3t#jets3t;0.9.0 from central in [default]
[2019-07-06 19:19:17,078] {base_task_runner.py:101} INFO - Job 79: Subtask dbt_view_load 	org.apache.avro#avro;1.7.4 from central in [default]
[2019-07-06 19:19:17,078] {base_task_runner.py:101} INFO - Job 79: Subtask dbt_view_load 	org.apache.commons#commons-compress;1.4.1 from central in [default]
[2019-07-06 19:19:17,078] {base_task_runner.py:101} INFO - Job 79: Subtask dbt_view_load 	org.apache.commons#commons-math3;3.1.1 from central in [default]
[2019-07-06 19:19:17,078] {base_task_runner.py:101} INFO - Job 79: Subtask dbt_view_load 	org.apache.curator#curator-client;2.7.1 from central in [default]
[2019-07-06 19:19:17,078] {base_task_runner.py:101} INFO - Job 79: Subtask dbt_view_load 	org.apache.curator#curator-framework;2.7.1 from central in [default]
[2019-07-06 19:19:17,079] {base_task_runner.py:101} INFO - Job 79: Subtask dbt_view_load 	org.apache.curator#curator-recipes;2.7.1 from central in [default]
[2019-07-06 19:19:17,079] {base_task_runner.py:101} INFO - Job 79: Subtask dbt_view_load 	org.apache.directory.api#api-asn1-api;1.0.0-M20 from central in [default]
[2019-07-06 19:19:17,079] {base_task_runner.py:101} INFO - Job 79: Subtask dbt_view_load 	org.apache.directory.api#api-util;1.0.0-M20 from central in [default]
[2019-07-06 19:19:17,079] {base_task_runner.py:101} INFO - Job 79: Subtask dbt_view_load 	org.apache.directory.server#apacheds-i18n;2.0.0-M15 from central in [default]
[2019-07-06 19:19:17,079] {base_task_runner.py:101} INFO - Job 79: Subtask dbt_view_load 	org.apache.directory.server#apacheds-kerberos-codec;2.0.0-M15 from central in [default]
[2019-07-06 19:19:17,079] {base_task_runner.py:101} INFO - Job 79: Subtask dbt_view_load 	org.apache.hadoop#hadoop-annotations;2.7.0 from spark-list in [default]
[2019-07-06 19:19:17,079] {base_task_runner.py:101} INFO - Job 79: Subtask dbt_view_load 	org.apache.hadoop#hadoop-auth;2.7.0 from central in [default]
[2019-07-06 19:19:17,079] {base_task_runner.py:101} INFO - Job 79: Subtask dbt_view_load 	org.apache.hadoop#hadoop-aws;2.7.0 from spark-list in [default]
[2019-07-06 19:19:17,079] {base_task_runner.py:101} INFO - Job 79: Subtask dbt_view_load 	org.apache.hadoop#hadoop-common;2.7.0 from central in [default]
[2019-07-06 19:19:17,079] {base_task_runner.py:101} INFO - Job 79: Subtask dbt_view_load 	org.apache.htrace#htrace-core;3.1.0-incubating from central in [default]
[2019-07-06 19:19:17,079] {base_task_runner.py:101} INFO - Job 79: Subtask dbt_view_load 	org.apache.httpcomponents#httpclient;4.2.5 from central in [default]
[2019-07-06 19:19:17,079] {base_task_runner.py:101} INFO - Job 79: Subtask dbt_view_load 	org.apache.httpcomponents#httpcore;4.2.5 from central in [default]
[2019-07-06 19:19:17,079] {base_task_runner.py:101} INFO - Job 79: Subtask dbt_view_load 	org.apache.zookeeper#zookeeper;3.4.6 from central in [default]
[2019-07-06 19:19:17,079] {base_task_runner.py:101} INFO - Job 79: Subtask dbt_view_load 	org.codehaus.jackson#jackson-core-asl;1.9.13 from central in [default]
[2019-07-06 19:19:17,079] {base_task_runner.py:101} INFO - Job 79: Subtask dbt_view_load 	org.codehaus.jackson#jackson-jaxrs;1.9.13 from central in [default]
[2019-07-06 19:19:17,079] {base_task_runner.py:101} INFO - Job 79: Subtask dbt_view_load 	org.codehaus.jackson#jackson-mapper-asl;1.9.13 from central in [default]
[2019-07-06 19:19:17,079] {base_task_runner.py:101} INFO - Job 79: Subtask dbt_view_load 	org.codehaus.jackson#jackson-xc;1.9.13 from central in [default]
[2019-07-06 19:19:17,080] {base_task_runner.py:101} INFO - Job 79: Subtask dbt_view_load 	org.codehaus.jettison#jettison;1.1 from central in [default]
[2019-07-06 19:19:17,080] {base_task_runner.py:101} INFO - Job 79: Subtask dbt_view_load 	org.hamcrest#hamcrest-core;1.3 from central in [default]
[2019-07-06 19:19:17,080] {base_task_runner.py:101} INFO - Job 79: Subtask dbt_view_load 	org.mortbay.jetty#jetty;6.1.26 from central in [default]
[2019-07-06 19:19:17,080] {base_task_runner.py:101} INFO - Job 79: Subtask dbt_view_load 	org.mortbay.jetty#jetty-util;6.1.26 from central in [default]
[2019-07-06 19:19:17,080] {base_task_runner.py:101} INFO - Job 79: Subtask dbt_view_load 	org.slf4j#slf4j-api;1.7.10 from central in [default]
[2019-07-06 19:19:17,080] {base_task_runner.py:101} INFO - Job 79: Subtask dbt_view_load 	org.slf4j#slf4j-log4j12;1.7.10 from central in [default]
[2019-07-06 19:19:17,080] {base_task_runner.py:101} INFO - Job 79: Subtask dbt_view_load 	org.tukaani#xz;1.0 from central in [default]
[2019-07-06 19:19:17,080] {base_task_runner.py:101} INFO - Job 79: Subtask dbt_view_load 	org.xerial.snappy#snappy-java;1.0.4.1 from central in [default]
[2019-07-06 19:19:17,080] {base_task_runner.py:101} INFO - Job 79: Subtask dbt_view_load 	xmlenc#xmlenc;0.52 from central in [default]
[2019-07-06 19:19:17,080] {base_task_runner.py:101} INFO - Job 79: Subtask dbt_view_load 	---------------------------------------------------------------------
[2019-07-06 19:19:17,080] {base_task_runner.py:101} INFO - Job 79: Subtask dbt_view_load 	|                  |            modules            ||   artifacts   |
[2019-07-06 19:19:17,080] {base_task_runner.py:101} INFO - Job 79: Subtask dbt_view_load 	|       conf       | number| search|dwnlded|evicted|| number|dwnlded|
[2019-07-06 19:19:17,080] {base_task_runner.py:101} INFO - Job 79: Subtask dbt_view_load 	---------------------------------------------------------------------
[2019-07-06 19:19:17,080] {base_task_runner.py:101} INFO - Job 79: Subtask dbt_view_load 	|      default     |   70  |   1   |   0   |   0   ||   70  |   0   |
[2019-07-06 19:19:17,080] {base_task_runner.py:101} INFO - Job 79: Subtask dbt_view_load 	---------------------------------------------------------------------
[2019-07-06 19:19:17,108] {base_task_runner.py:101} INFO - Job 79: Subtask dbt_view_load :: retrieving :: org.apache.spark#spark-submit-parent-d5b7e5ed-71f3-4c85-9706-cb03878f2074
[2019-07-06 19:19:17,109] {base_task_runner.py:101} INFO - Job 79: Subtask dbt_view_load 	confs: [default]
[2019-07-06 19:19:17,143] {base_task_runner.py:101} INFO - Job 79: Subtask dbt_view_load 	0 artifacts copied, 70 already retrieved (0kB/35ms)
[2019-07-06 19:19:17,777] {base_task_runner.py:101} INFO - Job 79: Subtask dbt_view_load 19/07/06 19:19:17 WARN NativeCodeLoader: Unable to load native-hadoop library for your platform... using builtin-java classes where applicable
[2019-07-06 19:19:18,550] {base_task_runner.py:101} INFO - Job 79: Subtask dbt_view_load Using Spark's default log4j profile: org/apache/spark/log4j-defaults.properties
[2019-07-06 19:19:18,550] {base_task_runner.py:101} INFO - Job 79: Subtask dbt_view_load Setting default log level to "WARN".
[2019-07-06 19:19:18,550] {base_task_runner.py:101} INFO - Job 79: Subtask dbt_view_load To adjust logging level use sc.setLogLevel(newLevel). For SparkR, use setLogLevel(newLevel).
[2019-07-06 19:19:19,347] {base_task_runner.py:101} INFO - Job 79: Subtask dbt_view_load 19/07/06 19:19:19 WARN Utils: Service 'SparkUI' could not bind on port 4040. Attempting port 4041.
[2019-07-06 19:19:19,349] {base_task_runner.py:101} INFO - Job 79: Subtask dbt_view_load 19/07/06 19:19:19 WARN Utils: Service 'SparkUI' could not bind on port 4041. Attempting port 4042.
[2019-07-06 19:19:19,351] {base_task_runner.py:101} INFO - Job 79: Subtask dbt_view_load 19/07/06 19:19:19 WARN Utils: Service 'SparkUI' could not bind on port 4042. Attempting port 4043.
[2019-07-06 19:19:21,580] {base_task_runner.py:101} INFO - Job 79: Subtask dbt_view_load [2019-07-06 19:19:21,580] {cli.py:517} INFO - Running <TaskInstance: python_load_dag.dbt_view_load 2019-07-06T18:17:12.470745+00:00 [running]> on host Mahdis-MacBook-Pro.local
[2019-07-06 19:19:21,599] {bash_operator.py:81} INFO - Tmp dir root location: 
 /var/folders/gl/v_3dc2yn7lb05kcmfb9ppm1r0000gn/T
[2019-07-06 19:19:21,599] {bash_operator.py:90} INFO - Exporting the following env vars:
AIRFLOW_CTX_DAG_ID=python_load_dag
AIRFLOW_CTX_TASK_ID=dbt_view_load
AIRFLOW_CTX_EXECUTION_DATE=2019-07-06T18:17:12.470745+00:00
AIRFLOW_CTX_DAG_RUN_ID=manual__2019-07-06T18:17:12.470745+00:00
[2019-07-06 19:19:21,600] {bash_operator.py:104} INFO - Temporary script location: /var/folders/gl/v_3dc2yn7lb05kcmfb9ppm1r0000gn/T/airflowtmpbo2stwo1/dbt_view_loadonmr6gsf
[2019-07-06 19:19:21,600] {bash_operator.py:114} INFO - Running command: cd /Users/mahdimostafa/airflow/dags/dbt_project && dbt run
[2019-07-06 19:19:21,611] {bash_operator.py:123} INFO - Output:
[2019-07-06 19:19:23,538] {bash_operator.py:127} INFO - Running with dbt=0.13.1
[2019-07-06 19:19:24,467] {bash_operator.py:127} INFO - Found 1 models, 0 tests, 0 archives, 0 analyses, 94 macros, 0 operations, 0 seed files, 0 sources
[2019-07-06 19:19:24,468] {bash_operator.py:127} INFO - 
[2019-07-06 19:19:24,867] {bash_operator.py:127} INFO - 19:19:24 | Concurrency: 1 threads (target='dev')
[2019-07-06 19:19:24,867] {bash_operator.py:127} INFO - 19:19:24 |
[2019-07-06 19:19:24,870] {bash_operator.py:127} INFO - 19:19:24 | 1 of 1 START view model public_DATAMART.datamart..................... [RUN]
[2019-07-06 19:19:25,499] {bash_operator.py:127} INFO - 19:19:25 | 1 of 1 OK created view model public_DATAMART.datamart................ [[32mCREATE VIEW[0m in 0.12s]
[2019-07-06 19:19:25,587] {bash_operator.py:127} INFO - 19:19:25 |
[2019-07-06 19:19:25,587] {bash_operator.py:127} INFO - 19:19:25 | Finished running 1 view models in 1.12s.
[2019-07-06 19:19:25,592] {bash_operator.py:127} INFO - 
[2019-07-06 19:19:25,592] {bash_operator.py:127} INFO - [32mCompleted successfully[0m
[2019-07-06 19:19:25,592] {bash_operator.py:127} INFO - 
[2019-07-06 19:19:25,592] {bash_operator.py:127} INFO - Done. PASS=1 ERROR=0 SKIP=0 TOTAL=1
[2019-07-06 19:19:26,225] {bash_operator.py:131} INFO - Command exited with return code 0
[2019-07-06 19:19:26,254] {base_task_runner.py:101} INFO - Job 79: Subtask dbt_view_load /Library/Frameworks/Python.framework/Versions/3.6/lib/python3.6/site-packages/airflow/utils/helpers.py:387: DeprecationWarning: Importing 'PostgresHook' directly from 'airflow.hooks' has been deprecated. Please import from 'airflow.hooks.[operator_module]' instead. Support for direct imports will be dropped entirely in Airflow 2.0.
[2019-07-06 19:19:26,254] {base_task_runner.py:101} INFO - Job 79: Subtask dbt_view_load   DeprecationWarning)
[2019-07-06 19:19:26,350] {logging_mixin.py:95} INFO - [2019-07-06 19:19:26,350] {jobs.py:2630} WARNING - State of this instance has been externally set to success. Taking the poison pill.
[2019-07-06 19:19:26,357] {helpers.py:281} INFO - Sending Signals.SIGTERM to GPID 11745
[2019-07-06 19:19:26,372] {helpers.py:263} INFO - Process psutil.Process(pid=11745, status='terminated') (11745) terminated with exit code -15
[2019-07-06 19:19:26,887] {helpers.py:263} INFO - Process psutil.Process(pid=11748, status='terminated') (11748) terminated with exit code None
[2019-07-06 19:19:26,890] {logging_mixin.py:95} INFO - [2019-07-06 19:19:26,888] {jobs.py:2562} INFO - Task exited with return code 0
