[2019-07-01 12:10:53,488] {__init__.py:1139} INFO - Dependencies all met for <TaskInstance: python_load_dag.Stop_execution 2019-07-01T11:08:46.241318+00:00 [queued]>
[2019-07-01 12:10:53,496] {__init__.py:1139} INFO - Dependencies all met for <TaskInstance: python_load_dag.Stop_execution 2019-07-01T11:08:46.241318+00:00 [queued]>
[2019-07-01 12:10:53,496] {__init__.py:1353} INFO - 
--------------------------------------------------------------------------------
[2019-07-01 12:10:53,496] {__init__.py:1354} INFO - Starting attempt 1 of 2
[2019-07-01 12:10:53,496] {__init__.py:1355} INFO - 
--------------------------------------------------------------------------------
[2019-07-01 12:10:53,504] {__init__.py:1374} INFO - Executing <Task(DummyOperator): Stop_execution> on 2019-07-01T11:08:46.241318+00:00
[2019-07-01 12:10:53,505] {base_task_runner.py:119} INFO - Running: ['airflow', 'run', 'python_load_dag', 'Stop_execution', '2019-07-01T11:08:46.241318+00:00', '--job_id', '16', '--raw', '-sd', 'DAGS_FOLDER/spark_dag.py', '--cfg_path', '/var/folders/86/gxqwzx1j5c1dls33km6nj04r0000gn/T/tmp0a6c4jz8']
[2019-07-01 12:10:54,735] {base_task_runner.py:101} INFO - Job 16: Subtask Stop_execution [2019-07-01 12:10:54,734] {__init__.py:51} INFO - Using executor SequentialExecutor
[2019-07-01 12:10:55,341] {base_task_runner.py:101} INFO - Job 16: Subtask Stop_execution [2019-07-01 12:10:55,341] {__init__.py:305} INFO - Filling up the DagBag from /Users/mahdimostafa/airflow/dags/spark_dag.py
[2019-07-01 12:10:56,637] {base_task_runner.py:101} INFO - Job 16: Subtask Stop_execution Ivy Default Cache set to: /Users/mahdimostafa/.ivy2/cache
[2019-07-01 12:10:56,637] {base_task_runner.py:101} INFO - Job 16: Subtask Stop_execution The jars for the packages stored in: /Users/mahdimostafa/.ivy2/jars
[2019-07-01 12:10:56,671] {base_task_runner.py:101} INFO - Job 16: Subtask Stop_execution :: loading settings :: url = jar:file:/Library/Frameworks/Python.framework/Versions/3.6/lib/python3.6/site-packages/pyspark/jars/ivy-2.4.0.jar!/org/apache/ivy/core/settings/ivysettings.xml
[2019-07-01 12:10:56,772] {base_task_runner.py:101} INFO - Job 16: Subtask Stop_execution org.apache.hadoop#hadoop-aws added as a dependency
[2019-07-01 12:10:56,773] {base_task_runner.py:101} INFO - Job 16: Subtask Stop_execution :: resolving dependencies :: org.apache.spark#spark-submit-parent-1258cdc4-47d6-4b83-b09b-6a953f7050e7;1.0
[2019-07-01 12:10:56,774] {base_task_runner.py:101} INFO - Job 16: Subtask Stop_execution 	confs: [default]
[2019-07-01 12:10:56,954] {base_task_runner.py:101} INFO - Job 16: Subtask Stop_execution 	found org.apache.hadoop#hadoop-aws;2.7.0 in spark-list
[2019-07-01 12:10:57,029] {base_task_runner.py:101} INFO - Job 16: Subtask Stop_execution 	found org.apache.hadoop#hadoop-common;2.7.0 in spark-list
[2019-07-01 12:10:57,115] {base_task_runner.py:101} INFO - Job 16: Subtask Stop_execution 	found org.apache.hadoop#hadoop-annotations;2.7.0 in central
[2019-07-01 12:10:57,160] {base_task_runner.py:101} INFO - Job 16: Subtask Stop_execution 	found com.google.guava#guava;11.0.2 in central
[2019-07-01 12:10:57,204] {base_task_runner.py:101} INFO - Job 16: Subtask Stop_execution 	found com.google.code.findbugs#jsr305;3.0.0 in central
[2019-07-01 12:10:57,235] {base_task_runner.py:101} INFO - Job 16: Subtask Stop_execution 	found commons-cli#commons-cli;1.2 in spark-list
[2019-07-01 12:10:57,261] {base_task_runner.py:101} INFO - Job 16: Subtask Stop_execution 	found org.apache.commons#commons-math3;3.1.1 in central
[2019-07-01 12:10:57,284] {base_task_runner.py:101} INFO - Job 16: Subtask Stop_execution 	found xmlenc#xmlenc;0.52 in central
[2019-07-01 12:10:57,303] {base_task_runner.py:101} INFO - Job 16: Subtask Stop_execution 	found commons-httpclient#commons-httpclient;3.1 in central
[2019-07-01 12:10:57,331] {base_task_runner.py:101} INFO - Job 16: Subtask Stop_execution 	found commons-logging#commons-logging;1.1.3 in central
[2019-07-01 12:10:57,352] {base_task_runner.py:101} INFO - Job 16: Subtask Stop_execution 	found commons-codec#commons-codec;1.4 in central
[2019-07-01 12:10:57,381] {base_task_runner.py:101} INFO - Job 16: Subtask Stop_execution 	found commons-io#commons-io;2.4 in central
[2019-07-01 12:10:57,395] {base_task_runner.py:101} INFO - Job 16: Subtask Stop_execution 	found commons-net#commons-net;3.1 in central
[2019-07-01 12:10:57,408] {base_task_runner.py:101} INFO - Job 16: Subtask Stop_execution 	found commons-collections#commons-collections;3.2.1 in central
[2019-07-01 12:10:57,422] {base_task_runner.py:101} INFO - Job 16: Subtask Stop_execution 	found javax.servlet#servlet-api;2.5 in central
[2019-07-01 12:10:57,436] {base_task_runner.py:101} INFO - Job 16: Subtask Stop_execution 	found org.mortbay.jetty#jetty;6.1.26 in spark-list
[2019-07-01 12:10:57,449] {base_task_runner.py:101} INFO - Job 16: Subtask Stop_execution 	found org.mortbay.jetty#jetty-util;6.1.26 in central
[2019-07-01 12:10:57,461] {base_task_runner.py:101} INFO - Job 16: Subtask Stop_execution 	found com.sun.jersey#jersey-core;1.9 in central
[2019-07-01 12:10:57,476] {base_task_runner.py:101} INFO - Job 16: Subtask Stop_execution 	found com.sun.jersey#jersey-json;1.9 in central
[2019-07-01 12:10:57,492] {base_task_runner.py:101} INFO - Job 16: Subtask Stop_execution 	found org.codehaus.jettison#jettison;1.1 in central
[2019-07-01 12:10:57,507] {base_task_runner.py:101} INFO - Job 16: Subtask Stop_execution 	found com.sun.xml.bind#jaxb-impl;2.2.3-1 in central
[2019-07-01 12:10:57,521] {base_task_runner.py:101} INFO - Job 16: Subtask Stop_execution 	found javax.xml.bind#jaxb-api;2.2.2 in central
[2019-07-01 12:10:57,536] {base_task_runner.py:101} INFO - Job 16: Subtask Stop_execution 	found javax.xml.stream#stax-api;1.0-2 in central
[2019-07-01 12:10:57,563] {base_task_runner.py:101} INFO - Job 16: Subtask Stop_execution 	found javax.activation#activation;1.1 in central
[2019-07-01 12:10:57,575] {base_task_runner.py:101} INFO - Job 16: Subtask Stop_execution 	found org.codehaus.jackson#jackson-core-asl;1.9.13 in central
[2019-07-01 12:10:57,586] {base_task_runner.py:101} INFO - Job 16: Subtask Stop_execution 	found org.codehaus.jackson#jackson-mapper-asl;1.9.13 in central
[2019-07-01 12:10:57,598] {base_task_runner.py:101} INFO - Job 16: Subtask Stop_execution 	found org.codehaus.jackson#jackson-jaxrs;1.9.13 in central
[2019-07-01 12:10:57,611] {base_task_runner.py:101} INFO - Job 16: Subtask Stop_execution 	found org.codehaus.jackson#jackson-xc;1.9.13 in central
[2019-07-01 12:10:57,626] {base_task_runner.py:101} INFO - Job 16: Subtask Stop_execution 	found com.sun.jersey#jersey-server;1.9 in central
[2019-07-01 12:10:57,649] {base_task_runner.py:101} INFO - Job 16: Subtask Stop_execution 	found asm#asm;3.2 in central
[2019-07-01 12:10:57,663] {base_task_runner.py:101} INFO - Job 16: Subtask Stop_execution 	found log4j#log4j;1.2.17 in central
[2019-07-01 12:10:57,680] {base_task_runner.py:101} INFO - Job 16: Subtask Stop_execution 	found net.java.dev.jets3t#jets3t;0.9.0 in central
[2019-07-01 12:10:57,719] {base_task_runner.py:101} INFO - Job 16: Subtask Stop_execution 	found org.apache.httpcomponents#httpclient;4.2.5 in central
[2019-07-01 12:10:57,760] {base_task_runner.py:101} INFO - Job 16: Subtask Stop_execution 	found org.apache.httpcomponents#httpcore;4.2.5 in central
[2019-07-01 12:10:57,794] {base_task_runner.py:101} INFO - Job 16: Subtask Stop_execution 	found com.jamesmurty.utils#java-xmlbuilder;0.4 in central
[2019-07-01 12:10:57,807] {base_task_runner.py:101} INFO - Job 16: Subtask Stop_execution 	found commons-lang#commons-lang;2.6 in central
[2019-07-01 12:10:57,821] {base_task_runner.py:101} INFO - Job 16: Subtask Stop_execution 	found commons-configuration#commons-configuration;1.6 in central
[2019-07-01 12:10:57,838] {base_task_runner.py:101} INFO - Job 16: Subtask Stop_execution 	found commons-digester#commons-digester;1.8 in spark-list
[2019-07-01 12:10:57,851] {base_task_runner.py:101} INFO - Job 16: Subtask Stop_execution 	found commons-beanutils#commons-beanutils;1.7.0 in central
[2019-07-01 12:10:57,866] {base_task_runner.py:101} INFO - Job 16: Subtask Stop_execution 	found commons-beanutils#commons-beanutils-core;1.8.0 in central
[2019-07-01 12:10:57,879] {base_task_runner.py:101} INFO - Job 16: Subtask Stop_execution 	found org.slf4j#slf4j-api;1.7.10 in spark-list
[2019-07-01 12:10:57,892] {base_task_runner.py:101} INFO - Job 16: Subtask Stop_execution 	found org.apache.avro#avro;1.7.4 in central
[2019-07-01 12:10:57,912] {base_task_runner.py:101} INFO - Job 16: Subtask Stop_execution 	found com.thoughtworks.paranamer#paranamer;2.3 in central
[2019-07-01 12:10:57,923] {base_task_runner.py:101} INFO - Job 16: Subtask Stop_execution 	found org.xerial.snappy#snappy-java;1.0.4.1 in central
[2019-07-01 12:10:57,935] {base_task_runner.py:101} INFO - Job 16: Subtask Stop_execution 	found org.apache.commons#commons-compress;1.4.1 in central
[2019-07-01 12:10:57,945] {base_task_runner.py:101} INFO - Job 16: Subtask Stop_execution 	found org.tukaani#xz;1.0 in central
[2019-07-01 12:10:57,958] {base_task_runner.py:101} INFO - Job 16: Subtask Stop_execution 	found com.google.protobuf#protobuf-java;2.5.0 in central
[2019-07-01 12:10:57,975] {base_task_runner.py:101} INFO - Job 16: Subtask Stop_execution 	found com.google.code.gson#gson;2.2.4 in central
[2019-07-01 12:10:58,003] {base_task_runner.py:101} INFO - Job 16: Subtask Stop_execution 	found org.apache.hadoop#hadoop-auth;2.7.0 in central
[2019-07-01 12:10:58,032] {base_task_runner.py:101} INFO - Job 16: Subtask Stop_execution 	found org.apache.directory.server#apacheds-kerberos-codec;2.0.0-M15 in central
[2019-07-01 12:10:58,058] {base_task_runner.py:101} INFO - Job 16: Subtask Stop_execution 	found org.apache.directory.server#apacheds-i18n;2.0.0-M15 in central
[2019-07-01 12:10:58,081] {base_task_runner.py:101} INFO - Job 16: Subtask Stop_execution 	found org.apache.directory.api#api-asn1-api;1.0.0-M20 in central
[2019-07-01 12:10:58,103] {base_task_runner.py:101} INFO - Job 16: Subtask Stop_execution 	found org.apache.directory.api#api-util;1.0.0-M20 in central
[2019-07-01 12:10:58,122] {base_task_runner.py:101} INFO - Job 16: Subtask Stop_execution 	found org.apache.zookeeper#zookeeper;3.4.6 in central
[2019-07-01 12:10:58,140] {base_task_runner.py:101} INFO - Job 16: Subtask Stop_execution 	found org.slf4j#slf4j-log4j12;1.7.10 in central
[2019-07-01 12:10:58,164] {base_task_runner.py:101} INFO - Job 16: Subtask Stop_execution 	found io.netty#netty;3.6.2.Final in central
[2019-07-01 12:10:58,179] {base_task_runner.py:101} INFO - Job 16: Subtask Stop_execution 	found org.apache.curator#curator-framework;2.7.1 in spark-list
[2019-07-01 12:10:58,197] {base_task_runner.py:101} INFO - Job 16: Subtask Stop_execution 	found org.apache.curator#curator-client;2.7.1 in spark-list
[2019-07-01 12:10:58,218] {base_task_runner.py:101} INFO - Job 16: Subtask Stop_execution 	found com.jcraft#jsch;0.1.42 in central
[2019-07-01 12:10:58,273] {base_task_runner.py:101} INFO - Job 16: Subtask Stop_execution 	found org.apache.curator#curator-recipes;2.7.1 in central
[2019-07-01 12:10:58,313] {base_task_runner.py:101} INFO - Job 16: Subtask Stop_execution 	found org.apache.htrace#htrace-core;3.1.0-incubating in central
[2019-07-01 12:10:58,360] {base_task_runner.py:101} INFO - Job 16: Subtask Stop_execution 	found javax.servlet.jsp#jsp-api;2.1 in central
[2019-07-01 12:10:58,402] {base_task_runner.py:101} INFO - Job 16: Subtask Stop_execution 	found jline#jline;0.9.94 in central
[2019-07-01 12:10:58,422] {base_task_runner.py:101} INFO - Job 16: Subtask Stop_execution 	found junit#junit;4.11 in central
[2019-07-01 12:10:58,443] {base_task_runner.py:101} INFO - Job 16: Subtask Stop_execution 	found org.hamcrest#hamcrest-core;1.3 in central
[2019-07-01 12:10:58,457] {base_task_runner.py:101} INFO - Job 16: Subtask Stop_execution 	found com.fasterxml.jackson.core#jackson-databind;2.2.3 in central
[2019-07-01 12:10:58,474] {base_task_runner.py:101} INFO - Job 16: Subtask Stop_execution 	found com.fasterxml.jackson.core#jackson-annotations;2.2.3 in central
[2019-07-01 12:10:58,492] {base_task_runner.py:101} INFO - Job 16: Subtask Stop_execution 	found com.fasterxml.jackson.core#jackson-core;2.2.3 in central
[2019-07-01 12:10:58,504] {base_task_runner.py:101} INFO - Job 16: Subtask Stop_execution 	found com.amazonaws#aws-java-sdk;1.7.4 in central
[2019-07-01 12:10:59,330] {base_task_runner.py:101} INFO - Job 16: Subtask Stop_execution 	found joda-time#joda-time;2.10.2 in central
[2019-07-01 12:10:59,330] {base_task_runner.py:101} INFO - Job 16: Subtask Stop_execution 	[2.10.2] joda-time#joda-time;[2.2,)
[2019-07-01 12:10:59,396] {base_task_runner.py:101} INFO - Job 16: Subtask Stop_execution :: resolution report :: resolve 2581ms :: artifacts dl 41ms
[2019-07-01 12:10:59,396] {base_task_runner.py:101} INFO - Job 16: Subtask Stop_execution 	:: modules in use:
[2019-07-01 12:10:59,396] {base_task_runner.py:101} INFO - Job 16: Subtask Stop_execution 	asm#asm;3.2 from central in [default]
[2019-07-01 12:10:59,396] {base_task_runner.py:101} INFO - Job 16: Subtask Stop_execution 	com.amazonaws#aws-java-sdk;1.7.4 from central in [default]
[2019-07-01 12:10:59,396] {base_task_runner.py:101} INFO - Job 16: Subtask Stop_execution 	com.fasterxml.jackson.core#jackson-annotations;2.2.3 from central in [default]
[2019-07-01 12:10:59,397] {base_task_runner.py:101} INFO - Job 16: Subtask Stop_execution 	com.fasterxml.jackson.core#jackson-core;2.2.3 from central in [default]
[2019-07-01 12:10:59,397] {base_task_runner.py:101} INFO - Job 16: Subtask Stop_execution 	com.fasterxml.jackson.core#jackson-databind;2.2.3 from central in [default]
[2019-07-01 12:10:59,397] {base_task_runner.py:101} INFO - Job 16: Subtask Stop_execution 	com.google.code.findbugs#jsr305;3.0.0 from central in [default]
[2019-07-01 12:10:59,397] {base_task_runner.py:101} INFO - Job 16: Subtask Stop_execution 	com.google.code.gson#gson;2.2.4 from central in [default]
[2019-07-01 12:10:59,397] {base_task_runner.py:101} INFO - Job 16: Subtask Stop_execution 	com.google.guava#guava;11.0.2 from central in [default]
[2019-07-01 12:10:59,397] {base_task_runner.py:101} INFO - Job 16: Subtask Stop_execution 	com.google.protobuf#protobuf-java;2.5.0 from central in [default]
[2019-07-01 12:10:59,397] {base_task_runner.py:101} INFO - Job 16: Subtask Stop_execution 	com.jamesmurty.utils#java-xmlbuilder;0.4 from central in [default]
[2019-07-01 12:10:59,397] {base_task_runner.py:101} INFO - Job 16: Subtask Stop_execution 	com.jcraft#jsch;0.1.42 from central in [default]
[2019-07-01 12:10:59,397] {base_task_runner.py:101} INFO - Job 16: Subtask Stop_execution 	com.sun.jersey#jersey-core;1.9 from central in [default]
[2019-07-01 12:10:59,397] {base_task_runner.py:101} INFO - Job 16: Subtask Stop_execution 	com.sun.jersey#jersey-json;1.9 from central in [default]
[2019-07-01 12:10:59,397] {base_task_runner.py:101} INFO - Job 16: Subtask Stop_execution 	com.sun.jersey#jersey-server;1.9 from central in [default]
[2019-07-01 12:10:59,398] {base_task_runner.py:101} INFO - Job 16: Subtask Stop_execution 	com.sun.xml.bind#jaxb-impl;2.2.3-1 from central in [default]
[2019-07-01 12:10:59,398] {base_task_runner.py:101} INFO - Job 16: Subtask Stop_execution 	com.thoughtworks.paranamer#paranamer;2.3 from central in [default]
[2019-07-01 12:10:59,398] {base_task_runner.py:101} INFO - Job 16: Subtask Stop_execution 	commons-beanutils#commons-beanutils;1.7.0 from central in [default]
[2019-07-01 12:10:59,398] {base_task_runner.py:101} INFO - Job 16: Subtask Stop_execution 	commons-beanutils#commons-beanutils-core;1.8.0 from central in [default]
[2019-07-01 12:10:59,398] {base_task_runner.py:101} INFO - Job 16: Subtask Stop_execution 	commons-cli#commons-cli;1.2 from spark-list in [default]
[2019-07-01 12:10:59,398] {base_task_runner.py:101} INFO - Job 16: Subtask Stop_execution 	commons-codec#commons-codec;1.4 from central in [default]
[2019-07-01 12:10:59,398] {base_task_runner.py:101} INFO - Job 16: Subtask Stop_execution 	commons-collections#commons-collections;3.2.1 from central in [default]
[2019-07-01 12:10:59,398] {base_task_runner.py:101} INFO - Job 16: Subtask Stop_execution 	commons-configuration#commons-configuration;1.6 from central in [default]
[2019-07-01 12:10:59,398] {base_task_runner.py:101} INFO - Job 16: Subtask Stop_execution 	commons-digester#commons-digester;1.8 from spark-list in [default]
[2019-07-01 12:10:59,398] {base_task_runner.py:101} INFO - Job 16: Subtask Stop_execution 	commons-httpclient#commons-httpclient;3.1 from central in [default]
[2019-07-01 12:10:59,398] {base_task_runner.py:101} INFO - Job 16: Subtask Stop_execution 	commons-io#commons-io;2.4 from central in [default]
[2019-07-01 12:10:59,398] {base_task_runner.py:101} INFO - Job 16: Subtask Stop_execution 	commons-lang#commons-lang;2.6 from central in [default]
[2019-07-01 12:10:59,399] {base_task_runner.py:101} INFO - Job 16: Subtask Stop_execution 	commons-logging#commons-logging;1.1.3 from central in [default]
[2019-07-01 12:10:59,399] {base_task_runner.py:101} INFO - Job 16: Subtask Stop_execution 	commons-net#commons-net;3.1 from central in [default]
[2019-07-01 12:10:59,399] {base_task_runner.py:101} INFO - Job 16: Subtask Stop_execution 	io.netty#netty;3.6.2.Final from central in [default]
[2019-07-01 12:10:59,399] {base_task_runner.py:101} INFO - Job 16: Subtask Stop_execution 	javax.activation#activation;1.1 from central in [default]
[2019-07-01 12:10:59,399] {base_task_runner.py:101} INFO - Job 16: Subtask Stop_execution 	javax.servlet#servlet-api;2.5 from central in [default]
[2019-07-01 12:10:59,399] {base_task_runner.py:101} INFO - Job 16: Subtask Stop_execution 	javax.servlet.jsp#jsp-api;2.1 from central in [default]
[2019-07-01 12:10:59,399] {base_task_runner.py:101} INFO - Job 16: Subtask Stop_execution 	javax.xml.bind#jaxb-api;2.2.2 from central in [default]
[2019-07-01 12:10:59,399] {base_task_runner.py:101} INFO - Job 16: Subtask Stop_execution 	javax.xml.stream#stax-api;1.0-2 from central in [default]
[2019-07-01 12:10:59,399] {base_task_runner.py:101} INFO - Job 16: Subtask Stop_execution 	jline#jline;0.9.94 from central in [default]
[2019-07-01 12:10:59,399] {base_task_runner.py:101} INFO - Job 16: Subtask Stop_execution 	joda-time#joda-time;2.10.2 from central in [default]
[2019-07-01 12:10:59,399] {base_task_runner.py:101} INFO - Job 16: Subtask Stop_execution 	junit#junit;4.11 from central in [default]
[2019-07-01 12:10:59,399] {base_task_runner.py:101} INFO - Job 16: Subtask Stop_execution 	log4j#log4j;1.2.17 from central in [default]
[2019-07-01 12:10:59,399] {base_task_runner.py:101} INFO - Job 16: Subtask Stop_execution 	net.java.dev.jets3t#jets3t;0.9.0 from central in [default]
[2019-07-01 12:10:59,400] {base_task_runner.py:101} INFO - Job 16: Subtask Stop_execution 	org.apache.avro#avro;1.7.4 from central in [default]
[2019-07-01 12:10:59,400] {base_task_runner.py:101} INFO - Job 16: Subtask Stop_execution 	org.apache.commons#commons-compress;1.4.1 from central in [default]
[2019-07-01 12:10:59,400] {base_task_runner.py:101} INFO - Job 16: Subtask Stop_execution 	org.apache.commons#commons-math3;3.1.1 from central in [default]
[2019-07-01 12:10:59,400] {base_task_runner.py:101} INFO - Job 16: Subtask Stop_execution 	org.apache.curator#curator-client;2.7.1 from spark-list in [default]
[2019-07-01 12:10:59,400] {base_task_runner.py:101} INFO - Job 16: Subtask Stop_execution 	org.apache.curator#curator-framework;2.7.1 from spark-list in [default]
[2019-07-01 12:10:59,400] {base_task_runner.py:101} INFO - Job 16: Subtask Stop_execution 	org.apache.curator#curator-recipes;2.7.1 from central in [default]
[2019-07-01 12:10:59,400] {base_task_runner.py:101} INFO - Job 16: Subtask Stop_execution 	org.apache.directory.api#api-asn1-api;1.0.0-M20 from central in [default]
[2019-07-01 12:10:59,400] {base_task_runner.py:101} INFO - Job 16: Subtask Stop_execution 	org.apache.directory.api#api-util;1.0.0-M20 from central in [default]
[2019-07-01 12:10:59,400] {base_task_runner.py:101} INFO - Job 16: Subtask Stop_execution 	org.apache.directory.server#apacheds-i18n;2.0.0-M15 from central in [default]
[2019-07-01 12:10:59,400] {base_task_runner.py:101} INFO - Job 16: Subtask Stop_execution 	org.apache.directory.server#apacheds-kerberos-codec;2.0.0-M15 from central in [default]
[2019-07-01 12:10:59,400] {base_task_runner.py:101} INFO - Job 16: Subtask Stop_execution 	org.apache.hadoop#hadoop-annotations;2.7.0 from central in [default]
[2019-07-01 12:10:59,400] {base_task_runner.py:101} INFO - Job 16: Subtask Stop_execution 	org.apache.hadoop#hadoop-auth;2.7.0 from central in [default]
[2019-07-01 12:10:59,400] {base_task_runner.py:101} INFO - Job 16: Subtask Stop_execution 	org.apache.hadoop#hadoop-aws;2.7.0 from spark-list in [default]
[2019-07-01 12:10:59,401] {base_task_runner.py:101} INFO - Job 16: Subtask Stop_execution 	org.apache.hadoop#hadoop-common;2.7.0 from spark-list in [default]
[2019-07-01 12:10:59,401] {base_task_runner.py:101} INFO - Job 16: Subtask Stop_execution 	org.apache.htrace#htrace-core;3.1.0-incubating from central in [default]
[2019-07-01 12:10:59,401] {base_task_runner.py:101} INFO - Job 16: Subtask Stop_execution 	org.apache.httpcomponents#httpclient;4.2.5 from central in [default]
[2019-07-01 12:10:59,401] {base_task_runner.py:101} INFO - Job 16: Subtask Stop_execution 	org.apache.httpcomponents#httpcore;4.2.5 from central in [default]
[2019-07-01 12:10:59,401] {base_task_runner.py:101} INFO - Job 16: Subtask Stop_execution 	org.apache.zookeeper#zookeeper;3.4.6 from central in [default]
[2019-07-01 12:10:59,401] {base_task_runner.py:101} INFO - Job 16: Subtask Stop_execution 	org.codehaus.jackson#jackson-core-asl;1.9.13 from central in [default]
[2019-07-01 12:10:59,401] {base_task_runner.py:101} INFO - Job 16: Subtask Stop_execution 	org.codehaus.jackson#jackson-jaxrs;1.9.13 from central in [default]
[2019-07-01 12:10:59,401] {base_task_runner.py:101} INFO - Job 16: Subtask Stop_execution 	org.codehaus.jackson#jackson-mapper-asl;1.9.13 from central in [default]
[2019-07-01 12:10:59,401] {base_task_runner.py:101} INFO - Job 16: Subtask Stop_execution 	org.codehaus.jackson#jackson-xc;1.9.13 from central in [default]
[2019-07-01 12:10:59,401] {base_task_runner.py:101} INFO - Job 16: Subtask Stop_execution 	org.codehaus.jettison#jettison;1.1 from central in [default]
[2019-07-01 12:10:59,401] {base_task_runner.py:101} INFO - Job 16: Subtask Stop_execution 	org.hamcrest#hamcrest-core;1.3 from central in [default]
[2019-07-01 12:10:59,401] {base_task_runner.py:101} INFO - Job 16: Subtask Stop_execution 	org.mortbay.jetty#jetty;6.1.26 from spark-list in [default]
[2019-07-01 12:10:59,401] {base_task_runner.py:101} INFO - Job 16: Subtask Stop_execution 	org.mortbay.jetty#jetty-util;6.1.26 from central in [default]
[2019-07-01 12:10:59,402] {base_task_runner.py:101} INFO - Job 16: Subtask Stop_execution 	org.slf4j#slf4j-api;1.7.10 from spark-list in [default]
[2019-07-01 12:10:59,402] {base_task_runner.py:101} INFO - Job 16: Subtask Stop_execution 	org.slf4j#slf4j-log4j12;1.7.10 from central in [default]
[2019-07-01 12:10:59,402] {base_task_runner.py:101} INFO - Job 16: Subtask Stop_execution 	org.tukaani#xz;1.0 from central in [default]
[2019-07-01 12:10:59,402] {base_task_runner.py:101} INFO - Job 16: Subtask Stop_execution 	org.xerial.snappy#snappy-java;1.0.4.1 from central in [default]
[2019-07-01 12:10:59,402] {base_task_runner.py:101} INFO - Job 16: Subtask Stop_execution 	xmlenc#xmlenc;0.52 from central in [default]
[2019-07-01 12:10:59,402] {base_task_runner.py:101} INFO - Job 16: Subtask Stop_execution 	---------------------------------------------------------------------
[2019-07-01 12:10:59,402] {base_task_runner.py:101} INFO - Job 16: Subtask Stop_execution 	|                  |            modules            ||   artifacts   |
[2019-07-01 12:10:59,402] {base_task_runner.py:101} INFO - Job 16: Subtask Stop_execution 	|       conf       | number| search|dwnlded|evicted|| number|dwnlded|
[2019-07-01 12:10:59,402] {base_task_runner.py:101} INFO - Job 16: Subtask Stop_execution 	---------------------------------------------------------------------
[2019-07-01 12:10:59,402] {base_task_runner.py:101} INFO - Job 16: Subtask Stop_execution 	|      default     |   70  |   1   |   0   |   0   ||   70  |   0   |
[2019-07-01 12:10:59,402] {base_task_runner.py:101} INFO - Job 16: Subtask Stop_execution 	---------------------------------------------------------------------
[2019-07-01 12:10:59,416] {base_task_runner.py:101} INFO - Job 16: Subtask Stop_execution :: retrieving :: org.apache.spark#spark-submit-parent-1258cdc4-47d6-4b83-b09b-6a953f7050e7
[2019-07-01 12:10:59,416] {base_task_runner.py:101} INFO - Job 16: Subtask Stop_execution 	confs: [default]
[2019-07-01 12:10:59,442] {base_task_runner.py:101} INFO - Job 16: Subtask Stop_execution 	0 artifacts copied, 70 already retrieved (0kB/26ms)
[2019-07-01 12:10:59,826] {base_task_runner.py:101} INFO - Job 16: Subtask Stop_execution 19/07/01 12:10:59 WARN NativeCodeLoader: Unable to load native-hadoop library for your platform... using builtin-java classes where applicable
[2019-07-01 12:11:00,326] {base_task_runner.py:101} INFO - Job 16: Subtask Stop_execution Using Spark's default log4j profile: org/apache/spark/log4j-defaults.properties
[2019-07-01 12:11:00,327] {base_task_runner.py:101} INFO - Job 16: Subtask Stop_execution Setting default log level to "WARN".
[2019-07-01 12:11:00,327] {base_task_runner.py:101} INFO - Job 16: Subtask Stop_execution To adjust logging level use sc.setLogLevel(newLevel). For SparkR, use setLogLevel(newLevel).
[2019-07-01 12:11:01,160] {base_task_runner.py:101} INFO - Job 16: Subtask Stop_execution 19/07/01 12:11:01 WARN Utils: Service 'SparkUI' could not bind on port 4040. Attempting port 4041.
[2019-07-01 12:11:01,161] {base_task_runner.py:101} INFO - Job 16: Subtask Stop_execution 19/07/01 12:11:01 WARN Utils: Service 'SparkUI' could not bind on port 4041. Attempting port 4042.
[2019-07-01 12:11:01,161] {base_task_runner.py:101} INFO - Job 16: Subtask Stop_execution 19/07/01 12:11:01 WARN Utils: Service 'SparkUI' could not bind on port 4042. Attempting port 4043.
[2019-07-01 12:11:01,161] {base_task_runner.py:101} INFO - Job 16: Subtask Stop_execution 19/07/01 12:11:01 WARN Utils: Service 'SparkUI' could not bind on port 4043. Attempting port 4044.
[2019-07-01 12:11:01,161] {base_task_runner.py:101} INFO - Job 16: Subtask Stop_execution 19/07/01 12:11:01 WARN Utils: Service 'SparkUI' could not bind on port 4044. Attempting port 4045.
[2019-07-01 12:11:03,383] {base_task_runner.py:101} INFO - Job 16: Subtask Stop_execution [2019-07-01 12:11:03,381] {cli.py:517} INFO - Running <TaskInstance: python_load_dag.Stop_execution 2019-07-01T11:08:46.241318+00:00 [running]> on host Mahdis-MacBook-Pro.local
[2019-07-01 12:11:03,491] {logging_mixin.py:95} INFO - [2019-07-01 12:11:03,490] {jobs.py:2630} WARNING - State of this instance has been externally set to success. Taking the poison pill.
[2019-07-01 12:11:03,499] {helpers.py:281} INFO - Sending Signals.SIGTERM to GPID 5557
[2019-07-01 12:11:04,015] {helpers.py:263} INFO - Process psutil.Process(pid=5566, status='terminated') (5566) terminated with exit code None
[2019-07-01 12:11:04,015] {helpers.py:263} INFO - Process psutil.Process(pid=5557, status='terminated') (5557) terminated with exit code -15
[2019-07-01 12:11:04,016] {logging_mixin.py:95} INFO - [2019-07-01 12:11:04,016] {jobs.py:2562} INFO - Task exited with return code 0
