[2019-06-30 11:26:54,115] {__init__.py:1139} INFO - Dependencies all met for <TaskInstance: python_load_dag.Begin_execution 2019-06-30T10:23:11.038513+00:00 [queued]>
[2019-06-30 11:26:54,119] {__init__.py:1139} INFO - Dependencies all met for <TaskInstance: python_load_dag.Begin_execution 2019-06-30T10:23:11.038513+00:00 [queued]>
[2019-06-30 11:26:54,119] {__init__.py:1353} INFO - 
--------------------------------------------------------------------------------
[2019-06-30 11:26:54,119] {__init__.py:1354} INFO - Starting attempt 1 of 2
[2019-06-30 11:26:54,119] {__init__.py:1355} INFO - 
--------------------------------------------------------------------------------
[2019-06-30 11:26:54,128] {__init__.py:1374} INFO - Executing <Task(DummyOperator): Begin_execution> on 2019-06-30T10:23:11.038513+00:00
[2019-06-30 11:26:54,128] {base_task_runner.py:119} INFO - Running: ['airflow', 'run', 'python_load_dag', 'Begin_execution', '2019-06-30T10:23:11.038513+00:00', '--job_id', '3', '--raw', '-sd', 'DAGS_FOLDER/spark_dag.py', '--cfg_path', '/var/folders/86/gxqwzx1j5c1dls33km6nj04r0000gn/T/tmpoxg8mnya']
[2019-06-30 11:26:55,899] {base_task_runner.py:101} INFO - Job 3: Subtask Begin_execution [2019-06-30 11:26:55,898] {__init__.py:51} INFO - Using executor SequentialExecutor
[2019-06-30 11:26:56,664] {base_task_runner.py:101} INFO - Job 3: Subtask Begin_execution [2019-06-30 11:26:56,663] {__init__.py:305} INFO - Filling up the DagBag from /Users/mahdimostafa/airflow/dags/spark_dag.py
[2019-06-30 11:27:02,634] {base_task_runner.py:101} INFO - Job 3: Subtask Begin_execution Ivy Default Cache set to: /Users/mahdimostafa/.ivy2/cache
[2019-06-30 11:27:02,647] {base_task_runner.py:101} INFO - Job 3: Subtask Begin_execution The jars for the packages stored in: /Users/mahdimostafa/.ivy2/jars
[2019-06-30 11:27:02,672] {base_task_runner.py:101} INFO - Job 3: Subtask Begin_execution :: loading settings :: url = jar:file:/Library/Frameworks/Python.framework/Versions/3.6/lib/python3.6/site-packages/pyspark/jars/ivy-2.4.0.jar!/org/apache/ivy/core/settings/ivysettings.xml
[2019-06-30 11:27:02,929] {base_task_runner.py:101} INFO - Job 3: Subtask Begin_execution org.apache.hadoop#hadoop-aws added as a dependency
[2019-06-30 11:27:02,930] {base_task_runner.py:101} INFO - Job 3: Subtask Begin_execution :: resolving dependencies :: org.apache.spark#spark-submit-parent-53d82c22-20fa-4721-97a8-20b2441cb164;1.0
[2019-06-30 11:27:02,930] {base_task_runner.py:101} INFO - Job 3: Subtask Begin_execution 	confs: [default]
[2019-06-30 11:27:03,271] {base_task_runner.py:101} INFO - Job 3: Subtask Begin_execution 	found org.apache.hadoop#hadoop-aws;2.7.0 in spark-list
[2019-06-30 11:27:03,372] {base_task_runner.py:101} INFO - Job 3: Subtask Begin_execution 	found org.apache.hadoop#hadoop-common;2.7.0 in central
[2019-06-30 11:27:03,494] {base_task_runner.py:101} INFO - Job 3: Subtask Begin_execution 	found org.apache.hadoop#hadoop-annotations;2.7.0 in central
[2019-06-30 11:27:03,540] {base_task_runner.py:101} INFO - Job 3: Subtask Begin_execution 	found com.google.guava#guava;11.0.2 in central
[2019-06-30 11:27:03,583] {base_task_runner.py:101} INFO - Job 3: Subtask Begin_execution 	found com.google.code.findbugs#jsr305;3.0.0 in central
[2019-06-30 11:27:03,614] {base_task_runner.py:101} INFO - Job 3: Subtask Begin_execution 	found commons-cli#commons-cli;1.2 in central
[2019-06-30 11:27:03,643] {base_task_runner.py:101} INFO - Job 3: Subtask Begin_execution 	found org.apache.commons#commons-math3;3.1.1 in central
[2019-06-30 11:27:03,665] {base_task_runner.py:101} INFO - Job 3: Subtask Begin_execution 	found xmlenc#xmlenc;0.52 in central
[2019-06-30 11:27:03,685] {base_task_runner.py:101} INFO - Job 3: Subtask Begin_execution 	found commons-httpclient#commons-httpclient;3.1 in central
[2019-06-30 11:27:03,732] {base_task_runner.py:101} INFO - Job 3: Subtask Begin_execution 	found commons-logging#commons-logging;1.1.3 in central
[2019-06-30 11:27:03,761] {base_task_runner.py:101} INFO - Job 3: Subtask Begin_execution 	found commons-codec#commons-codec;1.4 in central
[2019-06-30 11:27:03,789] {base_task_runner.py:101} INFO - Job 3: Subtask Begin_execution 	found commons-io#commons-io;2.4 in central
[2019-06-30 11:27:03,813] {base_task_runner.py:101} INFO - Job 3: Subtask Begin_execution 	found commons-net#commons-net;3.1 in central
[2019-06-30 11:27:03,833] {base_task_runner.py:101} INFO - Job 3: Subtask Begin_execution 	found commons-collections#commons-collections;3.2.1 in central
[2019-06-30 11:27:03,873] {base_task_runner.py:101} INFO - Job 3: Subtask Begin_execution 	found javax.servlet#servlet-api;2.5 in central
[2019-06-30 11:27:03,983] {base_task_runner.py:101} INFO - Job 3: Subtask Begin_execution 	found org.mortbay.jetty#jetty;6.1.26 in spark-list
[2019-06-30 11:27:04,006] {base_task_runner.py:101} INFO - Job 3: Subtask Begin_execution 	found org.mortbay.jetty#jetty-util;6.1.26 in central
[2019-06-30 11:27:04,025] {base_task_runner.py:101} INFO - Job 3: Subtask Begin_execution 	found com.sun.jersey#jersey-core;1.9 in central
[2019-06-30 11:27:04,039] {base_task_runner.py:101} INFO - Job 3: Subtask Begin_execution 	found com.sun.jersey#jersey-json;1.9 in central
[2019-06-30 11:27:04,055] {base_task_runner.py:101} INFO - Job 3: Subtask Begin_execution 	found org.codehaus.jettison#jettison;1.1 in central
[2019-06-30 11:27:04,070] {base_task_runner.py:101} INFO - Job 3: Subtask Begin_execution 	found com.sun.xml.bind#jaxb-impl;2.2.3-1 in central
[2019-06-30 11:27:04,086] {base_task_runner.py:101} INFO - Job 3: Subtask Begin_execution 	found javax.xml.bind#jaxb-api;2.2.2 in central
[2019-06-30 11:27:04,099] {base_task_runner.py:101} INFO - Job 3: Subtask Begin_execution 	found javax.xml.stream#stax-api;1.0-2 in central
[2019-06-30 11:27:04,160] {base_task_runner.py:101} INFO - Job 3: Subtask Begin_execution 	found javax.activation#activation;1.1 in central
[2019-06-30 11:27:04,191] {base_task_runner.py:101} INFO - Job 3: Subtask Begin_execution 	found org.codehaus.jackson#jackson-core-asl;1.9.13 in central
[2019-06-30 11:27:04,210] {base_task_runner.py:101} INFO - Job 3: Subtask Begin_execution 	found org.codehaus.jackson#jackson-mapper-asl;1.9.13 in central
[2019-06-30 11:27:04,252] {base_task_runner.py:101} INFO - Job 3: Subtask Begin_execution 	found org.codehaus.jackson#jackson-jaxrs;1.9.13 in central
[2019-06-30 11:27:04,270] {base_task_runner.py:101} INFO - Job 3: Subtask Begin_execution 	found org.codehaus.jackson#jackson-xc;1.9.13 in central
[2019-06-30 11:27:04,318] {base_task_runner.py:101} INFO - Job 3: Subtask Begin_execution 	found com.sun.jersey#jersey-server;1.9 in central
[2019-06-30 11:27:04,340] {base_task_runner.py:101} INFO - Job 3: Subtask Begin_execution 	found asm#asm;3.2 in central
[2019-06-30 11:27:04,352] {base_task_runner.py:101} INFO - Job 3: Subtask Begin_execution 	found log4j#log4j;1.2.17 in central
[2019-06-30 11:27:04,376] {base_task_runner.py:101} INFO - Job 3: Subtask Begin_execution 	found net.java.dev.jets3t#jets3t;0.9.0 in central
[2019-06-30 11:27:04,390] {base_task_runner.py:101} INFO - Job 3: Subtask Begin_execution 	found org.apache.httpcomponents#httpclient;4.2.5 in central
[2019-06-30 11:27:04,405] {base_task_runner.py:101} INFO - Job 3: Subtask Begin_execution 	found org.apache.httpcomponents#httpcore;4.2.5 in central
[2019-06-30 11:27:04,419] {base_task_runner.py:101} INFO - Job 3: Subtask Begin_execution 	found com.jamesmurty.utils#java-xmlbuilder;0.4 in central
[2019-06-30 11:27:04,436] {base_task_runner.py:101} INFO - Job 3: Subtask Begin_execution 	found commons-lang#commons-lang;2.6 in central
[2019-06-30 11:27:04,456] {base_task_runner.py:101} INFO - Job 3: Subtask Begin_execution 	found commons-configuration#commons-configuration;1.6 in central
[2019-06-30 11:27:04,513] {base_task_runner.py:101} INFO - Job 3: Subtask Begin_execution 	found commons-digester#commons-digester;1.8 in spark-list
[2019-06-30 11:27:04,525] {base_task_runner.py:101} INFO - Job 3: Subtask Begin_execution 	found commons-beanutils#commons-beanutils;1.7.0 in central
[2019-06-30 11:27:04,538] {base_task_runner.py:101} INFO - Job 3: Subtask Begin_execution 	found commons-beanutils#commons-beanutils-core;1.8.0 in central
[2019-06-30 11:27:04,550] {base_task_runner.py:101} INFO - Job 3: Subtask Begin_execution 	found org.slf4j#slf4j-api;1.7.10 in spark-list
[2019-06-30 11:27:04,578] {base_task_runner.py:101} INFO - Job 3: Subtask Begin_execution 	found org.apache.avro#avro;1.7.4 in central
[2019-06-30 11:27:04,595] {base_task_runner.py:101} INFO - Job 3: Subtask Begin_execution 	found com.thoughtworks.paranamer#paranamer;2.3 in central
[2019-06-30 11:27:04,714] {base_task_runner.py:101} INFO - Job 3: Subtask Begin_execution 	found org.xerial.snappy#snappy-java;1.0.4.1 in central
[2019-06-30 11:27:04,732] {base_task_runner.py:101} INFO - Job 3: Subtask Begin_execution 	found org.apache.commons#commons-compress;1.4.1 in central
[2019-06-30 11:27:04,747] {base_task_runner.py:101} INFO - Job 3: Subtask Begin_execution 	found org.tukaani#xz;1.0 in central
[2019-06-30 11:27:04,774] {base_task_runner.py:101} INFO - Job 3: Subtask Begin_execution 	found com.google.protobuf#protobuf-java;2.5.0 in central
[2019-06-30 11:27:04,785] {base_task_runner.py:101} INFO - Job 3: Subtask Begin_execution 	found com.google.code.gson#gson;2.2.4 in central
[2019-06-30 11:27:04,802] {base_task_runner.py:101} INFO - Job 3: Subtask Begin_execution 	found org.apache.hadoop#hadoop-auth;2.7.0 in central
[2019-06-30 11:27:04,820] {base_task_runner.py:101} INFO - Job 3: Subtask Begin_execution 	found org.apache.directory.server#apacheds-kerberos-codec;2.0.0-M15 in central
[2019-06-30 11:27:04,836] {base_task_runner.py:101} INFO - Job 3: Subtask Begin_execution 	found org.apache.directory.server#apacheds-i18n;2.0.0-M15 in central
[2019-06-30 11:27:04,851] {base_task_runner.py:101} INFO - Job 3: Subtask Begin_execution 	found org.apache.directory.api#api-asn1-api;1.0.0-M20 in central
[2019-06-30 11:27:04,869] {base_task_runner.py:101} INFO - Job 3: Subtask Begin_execution 	found org.apache.directory.api#api-util;1.0.0-M20 in central
[2019-06-30 11:27:04,882] {base_task_runner.py:101} INFO - Job 3: Subtask Begin_execution 	found org.apache.zookeeper#zookeeper;3.4.6 in central
[2019-06-30 11:27:04,896] {base_task_runner.py:101} INFO - Job 3: Subtask Begin_execution 	found org.slf4j#slf4j-log4j12;1.7.10 in central
[2019-06-30 11:27:04,914] {base_task_runner.py:101} INFO - Job 3: Subtask Begin_execution 	found io.netty#netty;3.6.2.Final in central
[2019-06-30 11:27:04,928] {base_task_runner.py:101} INFO - Job 3: Subtask Begin_execution 	found org.apache.curator#curator-framework;2.7.1 in spark-list
[2019-06-30 11:27:04,940] {base_task_runner.py:101} INFO - Job 3: Subtask Begin_execution 	found org.apache.curator#curator-client;2.7.1 in spark-list
[2019-06-30 11:27:04,955] {base_task_runner.py:101} INFO - Job 3: Subtask Begin_execution 	found com.jcraft#jsch;0.1.42 in central
[2019-06-30 11:27:04,968] {base_task_runner.py:101} INFO - Job 3: Subtask Begin_execution 	found org.apache.curator#curator-recipes;2.7.1 in central
[2019-06-30 11:27:04,982] {base_task_runner.py:101} INFO - Job 3: Subtask Begin_execution 	found org.apache.htrace#htrace-core;3.1.0-incubating in central
[2019-06-30 11:27:05,006] {base_task_runner.py:101} INFO - Job 3: Subtask Begin_execution 	found javax.servlet.jsp#jsp-api;2.1 in central
[2019-06-30 11:27:05,067] {base_task_runner.py:101} INFO - Job 3: Subtask Begin_execution 	found jline#jline;0.9.94 in central
[2019-06-30 11:27:05,091] {base_task_runner.py:101} INFO - Job 3: Subtask Begin_execution 	found junit#junit;4.11 in central
[2019-06-30 11:27:05,119] {base_task_runner.py:101} INFO - Job 3: Subtask Begin_execution 	found org.hamcrest#hamcrest-core;1.3 in central
[2019-06-30 11:27:05,133] {base_task_runner.py:101} INFO - Job 3: Subtask Begin_execution 	found com.fasterxml.jackson.core#jackson-databind;2.2.3 in central
[2019-06-30 11:27:05,143] {base_task_runner.py:101} INFO - Job 3: Subtask Begin_execution 	found com.fasterxml.jackson.core#jackson-annotations;2.2.3 in central
[2019-06-30 11:27:05,152] {base_task_runner.py:101} INFO - Job 3: Subtask Begin_execution 	found com.fasterxml.jackson.core#jackson-core;2.2.3 in central
[2019-06-30 11:27:05,171] {base_task_runner.py:101} INFO - Job 3: Subtask Begin_execution 	found com.amazonaws#aws-java-sdk;1.7.4 in central
[2019-06-30 11:27:06,491] {base_task_runner.py:101} INFO - Job 3: Subtask Begin_execution 	found joda-time#joda-time;2.10.2 in central
[2019-06-30 11:27:06,491] {base_task_runner.py:101} INFO - Job 3: Subtask Begin_execution 	[2.10.2] joda-time#joda-time;[2.2,)
[2019-06-30 11:27:06,606] {base_task_runner.py:101} INFO - Job 3: Subtask Begin_execution :: resolution report :: resolve 3603ms :: artifacts dl 73ms
[2019-06-30 11:27:06,607] {base_task_runner.py:101} INFO - Job 3: Subtask Begin_execution 	:: modules in use:
[2019-06-30 11:27:06,607] {base_task_runner.py:101} INFO - Job 3: Subtask Begin_execution 	asm#asm;3.2 from central in [default]
[2019-06-30 11:27:06,608] {base_task_runner.py:101} INFO - Job 3: Subtask Begin_execution 	com.amazonaws#aws-java-sdk;1.7.4 from central in [default]
[2019-06-30 11:27:06,608] {base_task_runner.py:101} INFO - Job 3: Subtask Begin_execution 	com.fasterxml.jackson.core#jackson-annotations;2.2.3 from central in [default]
[2019-06-30 11:27:06,608] {base_task_runner.py:101} INFO - Job 3: Subtask Begin_execution 	com.fasterxml.jackson.core#jackson-core;2.2.3 from central in [default]
[2019-06-30 11:27:06,608] {base_task_runner.py:101} INFO - Job 3: Subtask Begin_execution 	com.fasterxml.jackson.core#jackson-databind;2.2.3 from central in [default]
[2019-06-30 11:27:06,609] {base_task_runner.py:101} INFO - Job 3: Subtask Begin_execution 	com.google.code.findbugs#jsr305;3.0.0 from central in [default]
[2019-06-30 11:27:06,609] {base_task_runner.py:101} INFO - Job 3: Subtask Begin_execution 	com.google.code.gson#gson;2.2.4 from central in [default]
[2019-06-30 11:27:06,609] {base_task_runner.py:101} INFO - Job 3: Subtask Begin_execution 	com.google.guava#guava;11.0.2 from central in [default]
[2019-06-30 11:27:06,609] {base_task_runner.py:101} INFO - Job 3: Subtask Begin_execution 	com.google.protobuf#protobuf-java;2.5.0 from central in [default]
[2019-06-30 11:27:06,609] {base_task_runner.py:101} INFO - Job 3: Subtask Begin_execution 	com.jamesmurty.utils#java-xmlbuilder;0.4 from central in [default]
[2019-06-30 11:27:06,609] {base_task_runner.py:101} INFO - Job 3: Subtask Begin_execution 	com.jcraft#jsch;0.1.42 from central in [default]
[2019-06-30 11:27:06,609] {base_task_runner.py:101} INFO - Job 3: Subtask Begin_execution 	com.sun.jersey#jersey-core;1.9 from central in [default]
[2019-06-30 11:27:06,609] {base_task_runner.py:101} INFO - Job 3: Subtask Begin_execution 	com.sun.jersey#jersey-json;1.9 from central in [default]
[2019-06-30 11:27:06,609] {base_task_runner.py:101} INFO - Job 3: Subtask Begin_execution 	com.sun.jersey#jersey-server;1.9 from central in [default]
[2019-06-30 11:27:06,609] {base_task_runner.py:101} INFO - Job 3: Subtask Begin_execution 	com.sun.xml.bind#jaxb-impl;2.2.3-1 from central in [default]
[2019-06-30 11:27:06,610] {base_task_runner.py:101} INFO - Job 3: Subtask Begin_execution 	com.thoughtworks.paranamer#paranamer;2.3 from central in [default]
[2019-06-30 11:27:06,610] {base_task_runner.py:101} INFO - Job 3: Subtask Begin_execution 	commons-beanutils#commons-beanutils;1.7.0 from central in [default]
[2019-06-30 11:27:06,610] {base_task_runner.py:101} INFO - Job 3: Subtask Begin_execution 	commons-beanutils#commons-beanutils-core;1.8.0 from central in [default]
[2019-06-30 11:27:06,610] {base_task_runner.py:101} INFO - Job 3: Subtask Begin_execution 	commons-cli#commons-cli;1.2 from central in [default]
[2019-06-30 11:27:06,610] {base_task_runner.py:101} INFO - Job 3: Subtask Begin_execution 	commons-codec#commons-codec;1.4 from central in [default]
[2019-06-30 11:27:06,610] {base_task_runner.py:101} INFO - Job 3: Subtask Begin_execution 	commons-collections#commons-collections;3.2.1 from central in [default]
[2019-06-30 11:27:06,610] {base_task_runner.py:101} INFO - Job 3: Subtask Begin_execution 	commons-configuration#commons-configuration;1.6 from central in [default]
[2019-06-30 11:27:06,610] {base_task_runner.py:101} INFO - Job 3: Subtask Begin_execution 	commons-digester#commons-digester;1.8 from spark-list in [default]
[2019-06-30 11:27:06,610] {base_task_runner.py:101} INFO - Job 3: Subtask Begin_execution 	commons-httpclient#commons-httpclient;3.1 from central in [default]
[2019-06-30 11:27:06,610] {base_task_runner.py:101} INFO - Job 3: Subtask Begin_execution 	commons-io#commons-io;2.4 from central in [default]
[2019-06-30 11:27:06,610] {base_task_runner.py:101} INFO - Job 3: Subtask Begin_execution 	commons-lang#commons-lang;2.6 from central in [default]
[2019-06-30 11:27:06,611] {base_task_runner.py:101} INFO - Job 3: Subtask Begin_execution 	commons-logging#commons-logging;1.1.3 from central in [default]
[2019-06-30 11:27:06,611] {base_task_runner.py:101} INFO - Job 3: Subtask Begin_execution 	commons-net#commons-net;3.1 from central in [default]
[2019-06-30 11:27:06,611] {base_task_runner.py:101} INFO - Job 3: Subtask Begin_execution 	io.netty#netty;3.6.2.Final from central in [default]
[2019-06-30 11:27:06,611] {base_task_runner.py:101} INFO - Job 3: Subtask Begin_execution 	javax.activation#activation;1.1 from central in [default]
[2019-06-30 11:27:06,611] {base_task_runner.py:101} INFO - Job 3: Subtask Begin_execution 	javax.servlet#servlet-api;2.5 from central in [default]
[2019-06-30 11:27:06,611] {base_task_runner.py:101} INFO - Job 3: Subtask Begin_execution 	javax.servlet.jsp#jsp-api;2.1 from central in [default]
[2019-06-30 11:27:06,611] {base_task_runner.py:101} INFO - Job 3: Subtask Begin_execution 	javax.xml.bind#jaxb-api;2.2.2 from central in [default]
[2019-06-30 11:27:06,611] {base_task_runner.py:101} INFO - Job 3: Subtask Begin_execution 	javax.xml.stream#stax-api;1.0-2 from central in [default]
[2019-06-30 11:27:06,611] {base_task_runner.py:101} INFO - Job 3: Subtask Begin_execution 	jline#jline;0.9.94 from central in [default]
[2019-06-30 11:27:06,611] {base_task_runner.py:101} INFO - Job 3: Subtask Begin_execution 	joda-time#joda-time;2.10.2 from central in [default]
[2019-06-30 11:27:06,611] {base_task_runner.py:101} INFO - Job 3: Subtask Begin_execution 	junit#junit;4.11 from central in [default]
[2019-06-30 11:27:06,611] {base_task_runner.py:101} INFO - Job 3: Subtask Begin_execution 	log4j#log4j;1.2.17 from central in [default]
[2019-06-30 11:27:06,611] {base_task_runner.py:101} INFO - Job 3: Subtask Begin_execution 	net.java.dev.jets3t#jets3t;0.9.0 from central in [default]
[2019-06-30 11:27:06,612] {base_task_runner.py:101} INFO - Job 3: Subtask Begin_execution 	org.apache.avro#avro;1.7.4 from central in [default]
[2019-06-30 11:27:06,612] {base_task_runner.py:101} INFO - Job 3: Subtask Begin_execution 	org.apache.commons#commons-compress;1.4.1 from central in [default]
[2019-06-30 11:27:06,612] {base_task_runner.py:101} INFO - Job 3: Subtask Begin_execution 	org.apache.commons#commons-math3;3.1.1 from central in [default]
[2019-06-30 11:27:06,612] {base_task_runner.py:101} INFO - Job 3: Subtask Begin_execution 	org.apache.curator#curator-client;2.7.1 from spark-list in [default]
[2019-06-30 11:27:06,612] {base_task_runner.py:101} INFO - Job 3: Subtask Begin_execution 	org.apache.curator#curator-framework;2.7.1 from spark-list in [default]
[2019-06-30 11:27:06,612] {base_task_runner.py:101} INFO - Job 3: Subtask Begin_execution 	org.apache.curator#curator-recipes;2.7.1 from central in [default]
[2019-06-30 11:27:06,612] {base_task_runner.py:101} INFO - Job 3: Subtask Begin_execution 	org.apache.directory.api#api-asn1-api;1.0.0-M20 from central in [default]
[2019-06-30 11:27:06,612] {base_task_runner.py:101} INFO - Job 3: Subtask Begin_execution 	org.apache.directory.api#api-util;1.0.0-M20 from central in [default]
[2019-06-30 11:27:06,612] {base_task_runner.py:101} INFO - Job 3: Subtask Begin_execution 	org.apache.directory.server#apacheds-i18n;2.0.0-M15 from central in [default]
[2019-06-30 11:27:06,612] {base_task_runner.py:101} INFO - Job 3: Subtask Begin_execution 	org.apache.directory.server#apacheds-kerberos-codec;2.0.0-M15 from central in [default]
[2019-06-30 11:27:06,612] {base_task_runner.py:101} INFO - Job 3: Subtask Begin_execution 	org.apache.hadoop#hadoop-annotations;2.7.0 from central in [default]
[2019-06-30 11:27:06,612] {base_task_runner.py:101} INFO - Job 3: Subtask Begin_execution 	org.apache.hadoop#hadoop-auth;2.7.0 from central in [default]
[2019-06-30 11:27:06,613] {base_task_runner.py:101} INFO - Job 3: Subtask Begin_execution 	org.apache.hadoop#hadoop-aws;2.7.0 from spark-list in [default]
[2019-06-30 11:27:06,613] {base_task_runner.py:101} INFO - Job 3: Subtask Begin_execution 	org.apache.hadoop#hadoop-common;2.7.0 from central in [default]
[2019-06-30 11:27:06,613] {base_task_runner.py:101} INFO - Job 3: Subtask Begin_execution 	org.apache.htrace#htrace-core;3.1.0-incubating from central in [default]
[2019-06-30 11:27:06,613] {base_task_runner.py:101} INFO - Job 3: Subtask Begin_execution 	org.apache.httpcomponents#httpclient;4.2.5 from central in [default]
[2019-06-30 11:27:06,613] {base_task_runner.py:101} INFO - Job 3: Subtask Begin_execution 	org.apache.httpcomponents#httpcore;4.2.5 from central in [default]
[2019-06-30 11:27:06,613] {base_task_runner.py:101} INFO - Job 3: Subtask Begin_execution 	org.apache.zookeeper#zookeeper;3.4.6 from central in [default]
[2019-06-30 11:27:06,613] {base_task_runner.py:101} INFO - Job 3: Subtask Begin_execution 	org.codehaus.jackson#jackson-core-asl;1.9.13 from central in [default]
[2019-06-30 11:27:06,613] {base_task_runner.py:101} INFO - Job 3: Subtask Begin_execution 	org.codehaus.jackson#jackson-jaxrs;1.9.13 from central in [default]
[2019-06-30 11:27:06,613] {base_task_runner.py:101} INFO - Job 3: Subtask Begin_execution 	org.codehaus.jackson#jackson-mapper-asl;1.9.13 from central in [default]
[2019-06-30 11:27:06,613] {base_task_runner.py:101} INFO - Job 3: Subtask Begin_execution 	org.codehaus.jackson#jackson-xc;1.9.13 from central in [default]
[2019-06-30 11:27:06,613] {base_task_runner.py:101} INFO - Job 3: Subtask Begin_execution 	org.codehaus.jettison#jettison;1.1 from central in [default]
[2019-06-30 11:27:06,613] {base_task_runner.py:101} INFO - Job 3: Subtask Begin_execution 	org.hamcrest#hamcrest-core;1.3 from central in [default]
[2019-06-30 11:27:06,613] {base_task_runner.py:101} INFO - Job 3: Subtask Begin_execution 	org.mortbay.jetty#jetty;6.1.26 from spark-list in [default]
[2019-06-30 11:27:06,614] {base_task_runner.py:101} INFO - Job 3: Subtask Begin_execution 	org.mortbay.jetty#jetty-util;6.1.26 from central in [default]
[2019-06-30 11:27:06,614] {base_task_runner.py:101} INFO - Job 3: Subtask Begin_execution 	org.slf4j#slf4j-api;1.7.10 from spark-list in [default]
[2019-06-30 11:27:06,614] {base_task_runner.py:101} INFO - Job 3: Subtask Begin_execution 	org.slf4j#slf4j-log4j12;1.7.10 from central in [default]
[2019-06-30 11:27:06,614] {base_task_runner.py:101} INFO - Job 3: Subtask Begin_execution 	org.tukaani#xz;1.0 from central in [default]
[2019-06-30 11:27:06,614] {base_task_runner.py:101} INFO - Job 3: Subtask Begin_execution 	org.xerial.snappy#snappy-java;1.0.4.1 from central in [default]
[2019-06-30 11:27:06,614] {base_task_runner.py:101} INFO - Job 3: Subtask Begin_execution 	xmlenc#xmlenc;0.52 from central in [default]
[2019-06-30 11:27:06,614] {base_task_runner.py:101} INFO - Job 3: Subtask Begin_execution 	---------------------------------------------------------------------
[2019-06-30 11:27:06,614] {base_task_runner.py:101} INFO - Job 3: Subtask Begin_execution 	|                  |            modules            ||   artifacts   |
[2019-06-30 11:27:06,614] {base_task_runner.py:101} INFO - Job 3: Subtask Begin_execution 	|       conf       | number| search|dwnlded|evicted|| number|dwnlded|
[2019-06-30 11:27:06,614] {base_task_runner.py:101} INFO - Job 3: Subtask Begin_execution 	---------------------------------------------------------------------
[2019-06-30 11:27:06,614] {base_task_runner.py:101} INFO - Job 3: Subtask Begin_execution 	|      default     |   70  |   1   |   0   |   0   ||   70  |   0   |
[2019-06-30 11:27:06,614] {base_task_runner.py:101} INFO - Job 3: Subtask Begin_execution 	---------------------------------------------------------------------
[2019-06-30 11:27:06,632] {base_task_runner.py:101} INFO - Job 3: Subtask Begin_execution :: retrieving :: org.apache.spark#spark-submit-parent-53d82c22-20fa-4721-97a8-20b2441cb164
[2019-06-30 11:27:06,633] {base_task_runner.py:101} INFO - Job 3: Subtask Begin_execution 	confs: [default]
[2019-06-30 11:27:06,688] {base_task_runner.py:101} INFO - Job 3: Subtask Begin_execution 	0 artifacts copied, 70 already retrieved (0kB/54ms)
[2019-06-30 11:27:07,389] {base_task_runner.py:101} INFO - Job 3: Subtask Begin_execution 19/06/30 11:27:07 WARN NativeCodeLoader: Unable to load native-hadoop library for your platform... using builtin-java classes where applicable
[2019-06-30 11:27:08,152] {base_task_runner.py:101} INFO - Job 3: Subtask Begin_execution Using Spark's default log4j profile: org/apache/spark/log4j-defaults.properties
[2019-06-30 11:27:08,152] {base_task_runner.py:101} INFO - Job 3: Subtask Begin_execution Setting default log level to "WARN".
[2019-06-30 11:27:08,152] {base_task_runner.py:101} INFO - Job 3: Subtask Begin_execution To adjust logging level use sc.setLogLevel(newLevel). For SparkR, use setLogLevel(newLevel).
[2019-06-30 11:27:09,439] {base_task_runner.py:101} INFO - Job 3: Subtask Begin_execution 19/06/30 11:27:09 WARN Utils: Service 'SparkUI' could not bind on port 4040. Attempting port 4041.
[2019-06-30 11:27:09,440] {base_task_runner.py:101} INFO - Job 3: Subtask Begin_execution 19/06/30 11:27:09 WARN Utils: Service 'SparkUI' could not bind on port 4041. Attempting port 4042.
[2019-06-30 11:27:09,440] {base_task_runner.py:101} INFO - Job 3: Subtask Begin_execution 19/06/30 11:27:09 WARN Utils: Service 'SparkUI' could not bind on port 4042. Attempting port 4043.
[2019-06-30 11:27:09,441] {base_task_runner.py:101} INFO - Job 3: Subtask Begin_execution 19/06/30 11:27:09 WARN Utils: Service 'SparkUI' could not bind on port 4043. Attempting port 4044.
[2019-06-30 11:27:09,441] {base_task_runner.py:101} INFO - Job 3: Subtask Begin_execution 19/06/30 11:27:09 WARN Utils: Service 'SparkUI' could not bind on port 4044. Attempting port 4045.
[2019-06-30 11:27:09,442] {base_task_runner.py:101} INFO - Job 3: Subtask Begin_execution 19/06/30 11:27:09 WARN Utils: Service 'SparkUI' could not bind on port 4045. Attempting port 4046.
[2019-06-30 11:27:13,718] {base_task_runner.py:101} INFO - Job 3: Subtask Begin_execution [2019-06-30 11:27:13,717] {cli.py:517} INFO - Running <TaskInstance: python_load_dag.Begin_execution 2019-06-30T10:23:11.038513+00:00 [running]> on host Mahdis-MacBook-Pro.local
[2019-06-30 11:27:14,139] {logging_mixin.py:95} INFO - [2019-06-30 11:27:14,137] {jobs.py:2630} WARNING - State of this instance has been externally set to success. Taking the poison pill.
[2019-06-30 11:27:14,148] {helpers.py:281} INFO - Sending Signals.SIGTERM to GPID 18742
[2019-06-30 11:27:14,508] {helpers.py:263} INFO - Process psutil.Process(pid=18853, status='terminated') (18853) terminated with exit code None
[2019-06-30 11:27:14,508] {helpers.py:263} INFO - Process psutil.Process(pid=18742, status='terminated') (18742) terminated with exit code -15
[2019-06-30 11:27:14,603] {helpers.py:263} INFO - Process psutil.Process(pid=18751, status='terminated') (18751) terminated with exit code None
[2019-06-30 11:27:14,604] {logging_mixin.py:95} INFO - [2019-06-30 11:27:14,603] {jobs.py:2562} INFO - Task exited with return code 0
