[2019-07-01 12:09:16,656] {__init__.py:1139} INFO - Dependencies all met for <TaskInstance: python_load_dag.Begin_execution 2019-07-01T11:08:46.241318+00:00 [queued]>
[2019-07-01 12:09:16,661] {__init__.py:1139} INFO - Dependencies all met for <TaskInstance: python_load_dag.Begin_execution 2019-07-01T11:08:46.241318+00:00 [queued]>
[2019-07-01 12:09:16,661] {__init__.py:1353} INFO - 
--------------------------------------------------------------------------------
[2019-07-01 12:09:16,661] {__init__.py:1354} INFO - Starting attempt 1 of 2
[2019-07-01 12:09:16,661] {__init__.py:1355} INFO - 
--------------------------------------------------------------------------------
[2019-07-01 12:09:16,668] {__init__.py:1374} INFO - Executing <Task(DummyOperator): Begin_execution> on 2019-07-01T11:08:46.241318+00:00
[2019-07-01 12:09:16,668] {base_task_runner.py:119} INFO - Running: ['airflow', 'run', 'python_load_dag', 'Begin_execution', '2019-07-01T11:08:46.241318+00:00', '--job_id', '14', '--raw', '-sd', 'DAGS_FOLDER/spark_dag.py', '--cfg_path', '/var/folders/86/gxqwzx1j5c1dls33km6nj04r0000gn/T/tmp3r12ok6k']
[2019-07-01 12:09:17,887] {base_task_runner.py:101} INFO - Job 14: Subtask Begin_execution [2019-07-01 12:09:17,886] {__init__.py:51} INFO - Using executor SequentialExecutor
[2019-07-01 12:09:18,449] {base_task_runner.py:101} INFO - Job 14: Subtask Begin_execution [2019-07-01 12:09:18,449] {__init__.py:305} INFO - Filling up the DagBag from /Users/mahdimostafa/airflow/dags/spark_dag.py
[2019-07-01 12:09:19,710] {base_task_runner.py:101} INFO - Job 14: Subtask Begin_execution Ivy Default Cache set to: /Users/mahdimostafa/.ivy2/cache
[2019-07-01 12:09:19,710] {base_task_runner.py:101} INFO - Job 14: Subtask Begin_execution The jars for the packages stored in: /Users/mahdimostafa/.ivy2/jars
[2019-07-01 12:09:19,743] {base_task_runner.py:101} INFO - Job 14: Subtask Begin_execution :: loading settings :: url = jar:file:/Library/Frameworks/Python.framework/Versions/3.6/lib/python3.6/site-packages/pyspark/jars/ivy-2.4.0.jar!/org/apache/ivy/core/settings/ivysettings.xml
[2019-07-01 12:09:19,847] {base_task_runner.py:101} INFO - Job 14: Subtask Begin_execution org.apache.hadoop#hadoop-aws added as a dependency
[2019-07-01 12:09:19,848] {base_task_runner.py:101} INFO - Job 14: Subtask Begin_execution :: resolving dependencies :: org.apache.spark#spark-submit-parent-4b740a2d-4f79-4a4b-9e10-4db3935c3b2f;1.0
[2019-07-01 12:09:19,848] {base_task_runner.py:101} INFO - Job 14: Subtask Begin_execution 	confs: [default]
[2019-07-01 12:09:20,015] {base_task_runner.py:101} INFO - Job 14: Subtask Begin_execution 	found org.apache.hadoop#hadoop-aws;2.7.0 in spark-list
[2019-07-01 12:09:20,089] {base_task_runner.py:101} INFO - Job 14: Subtask Begin_execution 	found org.apache.hadoop#hadoop-common;2.7.0 in spark-list
[2019-07-01 12:09:20,171] {base_task_runner.py:101} INFO - Job 14: Subtask Begin_execution 	found org.apache.hadoop#hadoop-annotations;2.7.0 in central
[2019-07-01 12:09:20,211] {base_task_runner.py:101} INFO - Job 14: Subtask Begin_execution 	found com.google.guava#guava;11.0.2 in central
[2019-07-01 12:09:20,261] {base_task_runner.py:101} INFO - Job 14: Subtask Begin_execution 	found com.google.code.findbugs#jsr305;3.0.0 in central
[2019-07-01 12:09:20,301] {base_task_runner.py:101} INFO - Job 14: Subtask Begin_execution 	found commons-cli#commons-cli;1.2 in spark-list
[2019-07-01 12:09:20,326] {base_task_runner.py:101} INFO - Job 14: Subtask Begin_execution 	found org.apache.commons#commons-math3;3.1.1 in central
[2019-07-01 12:09:20,349] {base_task_runner.py:101} INFO - Job 14: Subtask Begin_execution 	found xmlenc#xmlenc;0.52 in central
[2019-07-01 12:09:20,384] {base_task_runner.py:101} INFO - Job 14: Subtask Begin_execution 	found commons-httpclient#commons-httpclient;3.1 in central
[2019-07-01 12:09:20,421] {base_task_runner.py:101} INFO - Job 14: Subtask Begin_execution 	found commons-logging#commons-logging;1.1.3 in central
[2019-07-01 12:09:20,453] {base_task_runner.py:101} INFO - Job 14: Subtask Begin_execution 	found commons-codec#commons-codec;1.4 in central
[2019-07-01 12:09:20,492] {base_task_runner.py:101} INFO - Job 14: Subtask Begin_execution 	found commons-io#commons-io;2.4 in central
[2019-07-01 12:09:20,508] {base_task_runner.py:101} INFO - Job 14: Subtask Begin_execution 	found commons-net#commons-net;3.1 in central
[2019-07-01 12:09:20,522] {base_task_runner.py:101} INFO - Job 14: Subtask Begin_execution 	found commons-collections#commons-collections;3.2.1 in central
[2019-07-01 12:09:20,534] {base_task_runner.py:101} INFO - Job 14: Subtask Begin_execution 	found javax.servlet#servlet-api;2.5 in central
[2019-07-01 12:09:20,548] {base_task_runner.py:101} INFO - Job 14: Subtask Begin_execution 	found org.mortbay.jetty#jetty;6.1.26 in spark-list
[2019-07-01 12:09:20,560] {base_task_runner.py:101} INFO - Job 14: Subtask Begin_execution 	found org.mortbay.jetty#jetty-util;6.1.26 in central
[2019-07-01 12:09:20,572] {base_task_runner.py:101} INFO - Job 14: Subtask Begin_execution 	found com.sun.jersey#jersey-core;1.9 in central
[2019-07-01 12:09:20,586] {base_task_runner.py:101} INFO - Job 14: Subtask Begin_execution 	found com.sun.jersey#jersey-json;1.9 in central
[2019-07-01 12:09:20,600] {base_task_runner.py:101} INFO - Job 14: Subtask Begin_execution 	found org.codehaus.jettison#jettison;1.1 in central
[2019-07-01 12:09:20,614] {base_task_runner.py:101} INFO - Job 14: Subtask Begin_execution 	found com.sun.xml.bind#jaxb-impl;2.2.3-1 in central
[2019-07-01 12:09:20,628] {base_task_runner.py:101} INFO - Job 14: Subtask Begin_execution 	found javax.xml.bind#jaxb-api;2.2.2 in central
[2019-07-01 12:09:20,641] {base_task_runner.py:101} INFO - Job 14: Subtask Begin_execution 	found javax.xml.stream#stax-api;1.0-2 in central
[2019-07-01 12:09:20,654] {base_task_runner.py:101} INFO - Job 14: Subtask Begin_execution 	found javax.activation#activation;1.1 in central
[2019-07-01 12:09:20,666] {base_task_runner.py:101} INFO - Job 14: Subtask Begin_execution 	found org.codehaus.jackson#jackson-core-asl;1.9.13 in central
[2019-07-01 12:09:20,680] {base_task_runner.py:101} INFO - Job 14: Subtask Begin_execution 	found org.codehaus.jackson#jackson-mapper-asl;1.9.13 in central
[2019-07-01 12:09:20,695] {base_task_runner.py:101} INFO - Job 14: Subtask Begin_execution 	found org.codehaus.jackson#jackson-jaxrs;1.9.13 in central
[2019-07-01 12:09:20,709] {base_task_runner.py:101} INFO - Job 14: Subtask Begin_execution 	found org.codehaus.jackson#jackson-xc;1.9.13 in central
[2019-07-01 12:09:20,723] {base_task_runner.py:101} INFO - Job 14: Subtask Begin_execution 	found com.sun.jersey#jersey-server;1.9 in central
[2019-07-01 12:09:20,748] {base_task_runner.py:101} INFO - Job 14: Subtask Begin_execution 	found asm#asm;3.2 in central
[2019-07-01 12:09:20,760] {base_task_runner.py:101} INFO - Job 14: Subtask Begin_execution 	found log4j#log4j;1.2.17 in central
[2019-07-01 12:09:20,771] {base_task_runner.py:101} INFO - Job 14: Subtask Begin_execution 	found net.java.dev.jets3t#jets3t;0.9.0 in central
[2019-07-01 12:09:20,784] {base_task_runner.py:101} INFO - Job 14: Subtask Begin_execution 	found org.apache.httpcomponents#httpclient;4.2.5 in central
[2019-07-01 12:09:20,796] {base_task_runner.py:101} INFO - Job 14: Subtask Begin_execution 	found org.apache.httpcomponents#httpcore;4.2.5 in central
[2019-07-01 12:09:20,808] {base_task_runner.py:101} INFO - Job 14: Subtask Begin_execution 	found com.jamesmurty.utils#java-xmlbuilder;0.4 in central
[2019-07-01 12:09:20,820] {base_task_runner.py:101} INFO - Job 14: Subtask Begin_execution 	found commons-lang#commons-lang;2.6 in central
[2019-07-01 12:09:20,834] {base_task_runner.py:101} INFO - Job 14: Subtask Begin_execution 	found commons-configuration#commons-configuration;1.6 in central
[2019-07-01 12:09:20,852] {base_task_runner.py:101} INFO - Job 14: Subtask Begin_execution 	found commons-digester#commons-digester;1.8 in spark-list
[2019-07-01 12:09:20,865] {base_task_runner.py:101} INFO - Job 14: Subtask Begin_execution 	found commons-beanutils#commons-beanutils;1.7.0 in central
[2019-07-01 12:09:20,878] {base_task_runner.py:101} INFO - Job 14: Subtask Begin_execution 	found commons-beanutils#commons-beanutils-core;1.8.0 in central
[2019-07-01 12:09:20,889] {base_task_runner.py:101} INFO - Job 14: Subtask Begin_execution 	found org.slf4j#slf4j-api;1.7.10 in spark-list
[2019-07-01 12:09:20,900] {base_task_runner.py:101} INFO - Job 14: Subtask Begin_execution 	found org.apache.avro#avro;1.7.4 in central
[2019-07-01 12:09:20,913] {base_task_runner.py:101} INFO - Job 14: Subtask Begin_execution 	found com.thoughtworks.paranamer#paranamer;2.3 in central
[2019-07-01 12:09:20,928] {base_task_runner.py:101} INFO - Job 14: Subtask Begin_execution 	found org.xerial.snappy#snappy-java;1.0.4.1 in central
[2019-07-01 12:09:20,941] {base_task_runner.py:101} INFO - Job 14: Subtask Begin_execution 	found org.apache.commons#commons-compress;1.4.1 in central
[2019-07-01 12:09:20,951] {base_task_runner.py:101} INFO - Job 14: Subtask Begin_execution 	found org.tukaani#xz;1.0 in central
[2019-07-01 12:09:20,962] {base_task_runner.py:101} INFO - Job 14: Subtask Begin_execution 	found com.google.protobuf#protobuf-java;2.5.0 in central
[2019-07-01 12:09:20,975] {base_task_runner.py:101} INFO - Job 14: Subtask Begin_execution 	found com.google.code.gson#gson;2.2.4 in central
[2019-07-01 12:09:20,997] {base_task_runner.py:101} INFO - Job 14: Subtask Begin_execution 	found org.apache.hadoop#hadoop-auth;2.7.0 in central
[2019-07-01 12:09:21,038] {base_task_runner.py:101} INFO - Job 14: Subtask Begin_execution 	found org.apache.directory.server#apacheds-kerberos-codec;2.0.0-M15 in central
[2019-07-01 12:09:21,059] {base_task_runner.py:101} INFO - Job 14: Subtask Begin_execution 	found org.apache.directory.server#apacheds-i18n;2.0.0-M15 in central
[2019-07-01 12:09:21,089] {base_task_runner.py:101} INFO - Job 14: Subtask Begin_execution 	found org.apache.directory.api#api-asn1-api;1.0.0-M20 in central
[2019-07-01 12:09:21,117] {base_task_runner.py:101} INFO - Job 14: Subtask Begin_execution 	found org.apache.directory.api#api-util;1.0.0-M20 in central
[2019-07-01 12:09:21,139] {base_task_runner.py:101} INFO - Job 14: Subtask Begin_execution 	found org.apache.zookeeper#zookeeper;3.4.6 in central
[2019-07-01 12:09:21,157] {base_task_runner.py:101} INFO - Job 14: Subtask Begin_execution 	found org.slf4j#slf4j-log4j12;1.7.10 in central
[2019-07-01 12:09:21,178] {base_task_runner.py:101} INFO - Job 14: Subtask Begin_execution 	found io.netty#netty;3.6.2.Final in central
[2019-07-01 12:09:21,195] {base_task_runner.py:101} INFO - Job 14: Subtask Begin_execution 	found org.apache.curator#curator-framework;2.7.1 in spark-list
[2019-07-01 12:09:21,211] {base_task_runner.py:101} INFO - Job 14: Subtask Begin_execution 	found org.apache.curator#curator-client;2.7.1 in spark-list
[2019-07-01 12:09:21,232] {base_task_runner.py:101} INFO - Job 14: Subtask Begin_execution 	found com.jcraft#jsch;0.1.42 in central
[2019-07-01 12:09:21,256] {base_task_runner.py:101} INFO - Job 14: Subtask Begin_execution 	found org.apache.curator#curator-recipes;2.7.1 in central
[2019-07-01 12:09:21,268] {base_task_runner.py:101} INFO - Job 14: Subtask Begin_execution 	found org.apache.htrace#htrace-core;3.1.0-incubating in central
[2019-07-01 12:09:21,282] {base_task_runner.py:101} INFO - Job 14: Subtask Begin_execution 	found javax.servlet.jsp#jsp-api;2.1 in central
[2019-07-01 12:09:21,313] {base_task_runner.py:101} INFO - Job 14: Subtask Begin_execution 	found jline#jline;0.9.94 in central
[2019-07-01 12:09:21,327] {base_task_runner.py:101} INFO - Job 14: Subtask Begin_execution 	found junit#junit;4.11 in central
[2019-07-01 12:09:21,345] {base_task_runner.py:101} INFO - Job 14: Subtask Begin_execution 	found org.hamcrest#hamcrest-core;1.3 in central
[2019-07-01 12:09:21,354] {base_task_runner.py:101} INFO - Job 14: Subtask Begin_execution 	found com.fasterxml.jackson.core#jackson-databind;2.2.3 in central
[2019-07-01 12:09:21,362] {base_task_runner.py:101} INFO - Job 14: Subtask Begin_execution 	found com.fasterxml.jackson.core#jackson-annotations;2.2.3 in central
[2019-07-01 12:09:21,368] {base_task_runner.py:101} INFO - Job 14: Subtask Begin_execution 	found com.fasterxml.jackson.core#jackson-core;2.2.3 in central
[2019-07-01 12:09:21,376] {base_task_runner.py:101} INFO - Job 14: Subtask Begin_execution 	found com.amazonaws#aws-java-sdk;1.7.4 in central
[2019-07-01 12:09:22,154] {base_task_runner.py:101} INFO - Job 14: Subtask Begin_execution 	found joda-time#joda-time;2.10.2 in central
[2019-07-01 12:09:22,154] {base_task_runner.py:101} INFO - Job 14: Subtask Begin_execution 	[2.10.2] joda-time#joda-time;[2.2,)
[2019-07-01 12:09:22,224] {base_task_runner.py:101} INFO - Job 14: Subtask Begin_execution :: resolution report :: resolve 2331ms :: artifacts dl 44ms
[2019-07-01 12:09:22,224] {base_task_runner.py:101} INFO - Job 14: Subtask Begin_execution 	:: modules in use:
[2019-07-01 12:09:22,224] {base_task_runner.py:101} INFO - Job 14: Subtask Begin_execution 	asm#asm;3.2 from central in [default]
[2019-07-01 12:09:22,224] {base_task_runner.py:101} INFO - Job 14: Subtask Begin_execution 	com.amazonaws#aws-java-sdk;1.7.4 from central in [default]
[2019-07-01 12:09:22,225] {base_task_runner.py:101} INFO - Job 14: Subtask Begin_execution 	com.fasterxml.jackson.core#jackson-annotations;2.2.3 from central in [default]
[2019-07-01 12:09:22,225] {base_task_runner.py:101} INFO - Job 14: Subtask Begin_execution 	com.fasterxml.jackson.core#jackson-core;2.2.3 from central in [default]
[2019-07-01 12:09:22,225] {base_task_runner.py:101} INFO - Job 14: Subtask Begin_execution 	com.fasterxml.jackson.core#jackson-databind;2.2.3 from central in [default]
[2019-07-01 12:09:22,225] {base_task_runner.py:101} INFO - Job 14: Subtask Begin_execution 	com.google.code.findbugs#jsr305;3.0.0 from central in [default]
[2019-07-01 12:09:22,225] {base_task_runner.py:101} INFO - Job 14: Subtask Begin_execution 	com.google.code.gson#gson;2.2.4 from central in [default]
[2019-07-01 12:09:22,225] {base_task_runner.py:101} INFO - Job 14: Subtask Begin_execution 	com.google.guava#guava;11.0.2 from central in [default]
[2019-07-01 12:09:22,225] {base_task_runner.py:101} INFO - Job 14: Subtask Begin_execution 	com.google.protobuf#protobuf-java;2.5.0 from central in [default]
[2019-07-01 12:09:22,225] {base_task_runner.py:101} INFO - Job 14: Subtask Begin_execution 	com.jamesmurty.utils#java-xmlbuilder;0.4 from central in [default]
[2019-07-01 12:09:22,225] {base_task_runner.py:101} INFO - Job 14: Subtask Begin_execution 	com.jcraft#jsch;0.1.42 from central in [default]
[2019-07-01 12:09:22,226] {base_task_runner.py:101} INFO - Job 14: Subtask Begin_execution 	com.sun.jersey#jersey-core;1.9 from central in [default]
[2019-07-01 12:09:22,226] {base_task_runner.py:101} INFO - Job 14: Subtask Begin_execution 	com.sun.jersey#jersey-json;1.9 from central in [default]
[2019-07-01 12:09:22,226] {base_task_runner.py:101} INFO - Job 14: Subtask Begin_execution 	com.sun.jersey#jersey-server;1.9 from central in [default]
[2019-07-01 12:09:22,226] {base_task_runner.py:101} INFO - Job 14: Subtask Begin_execution 	com.sun.xml.bind#jaxb-impl;2.2.3-1 from central in [default]
[2019-07-01 12:09:22,226] {base_task_runner.py:101} INFO - Job 14: Subtask Begin_execution 	com.thoughtworks.paranamer#paranamer;2.3 from central in [default]
[2019-07-01 12:09:22,227] {base_task_runner.py:101} INFO - Job 14: Subtask Begin_execution 	commons-beanutils#commons-beanutils;1.7.0 from central in [default]
[2019-07-01 12:09:22,227] {base_task_runner.py:101} INFO - Job 14: Subtask Begin_execution 	commons-beanutils#commons-beanutils-core;1.8.0 from central in [default]
[2019-07-01 12:09:22,227] {base_task_runner.py:101} INFO - Job 14: Subtask Begin_execution 	commons-cli#commons-cli;1.2 from spark-list in [default]
[2019-07-01 12:09:22,227] {base_task_runner.py:101} INFO - Job 14: Subtask Begin_execution 	commons-codec#commons-codec;1.4 from central in [default]
[2019-07-01 12:09:22,228] {base_task_runner.py:101} INFO - Job 14: Subtask Begin_execution 	commons-collections#commons-collections;3.2.1 from central in [default]
[2019-07-01 12:09:22,228] {base_task_runner.py:101} INFO - Job 14: Subtask Begin_execution 	commons-configuration#commons-configuration;1.6 from central in [default]
[2019-07-01 12:09:22,228] {base_task_runner.py:101} INFO - Job 14: Subtask Begin_execution 	commons-digester#commons-digester;1.8 from spark-list in [default]
[2019-07-01 12:09:22,228] {base_task_runner.py:101} INFO - Job 14: Subtask Begin_execution 	commons-httpclient#commons-httpclient;3.1 from central in [default]
[2019-07-01 12:09:22,228] {base_task_runner.py:101} INFO - Job 14: Subtask Begin_execution 	commons-io#commons-io;2.4 from central in [default]
[2019-07-01 12:09:22,229] {base_task_runner.py:101} INFO - Job 14: Subtask Begin_execution 	commons-lang#commons-lang;2.6 from central in [default]
[2019-07-01 12:09:22,229] {base_task_runner.py:101} INFO - Job 14: Subtask Begin_execution 	commons-logging#commons-logging;1.1.3 from central in [default]
[2019-07-01 12:09:22,229] {base_task_runner.py:101} INFO - Job 14: Subtask Begin_execution 	commons-net#commons-net;3.1 from central in [default]
[2019-07-01 12:09:22,229] {base_task_runner.py:101} INFO - Job 14: Subtask Begin_execution 	io.netty#netty;3.6.2.Final from central in [default]
[2019-07-01 12:09:22,229] {base_task_runner.py:101} INFO - Job 14: Subtask Begin_execution 	javax.activation#activation;1.1 from central in [default]
[2019-07-01 12:09:22,229] {base_task_runner.py:101} INFO - Job 14: Subtask Begin_execution 	javax.servlet#servlet-api;2.5 from central in [default]
[2019-07-01 12:09:22,229] {base_task_runner.py:101} INFO - Job 14: Subtask Begin_execution 	javax.servlet.jsp#jsp-api;2.1 from central in [default]
[2019-07-01 12:09:22,229] {base_task_runner.py:101} INFO - Job 14: Subtask Begin_execution 	javax.xml.bind#jaxb-api;2.2.2 from central in [default]
[2019-07-01 12:09:22,229] {base_task_runner.py:101} INFO - Job 14: Subtask Begin_execution 	javax.xml.stream#stax-api;1.0-2 from central in [default]
[2019-07-01 12:09:22,229] {base_task_runner.py:101} INFO - Job 14: Subtask Begin_execution 	jline#jline;0.9.94 from central in [default]
[2019-07-01 12:09:22,229] {base_task_runner.py:101} INFO - Job 14: Subtask Begin_execution 	joda-time#joda-time;2.10.2 from central in [default]
[2019-07-01 12:09:22,230] {base_task_runner.py:101} INFO - Job 14: Subtask Begin_execution 	junit#junit;4.11 from central in [default]
[2019-07-01 12:09:22,230] {base_task_runner.py:101} INFO - Job 14: Subtask Begin_execution 	log4j#log4j;1.2.17 from central in [default]
[2019-07-01 12:09:22,230] {base_task_runner.py:101} INFO - Job 14: Subtask Begin_execution 	net.java.dev.jets3t#jets3t;0.9.0 from central in [default]
[2019-07-01 12:09:22,230] {base_task_runner.py:101} INFO - Job 14: Subtask Begin_execution 	org.apache.avro#avro;1.7.4 from central in [default]
[2019-07-01 12:09:22,230] {base_task_runner.py:101} INFO - Job 14: Subtask Begin_execution 	org.apache.commons#commons-compress;1.4.1 from central in [default]
[2019-07-01 12:09:22,230] {base_task_runner.py:101} INFO - Job 14: Subtask Begin_execution 	org.apache.commons#commons-math3;3.1.1 from central in [default]
[2019-07-01 12:09:22,230] {base_task_runner.py:101} INFO - Job 14: Subtask Begin_execution 	org.apache.curator#curator-client;2.7.1 from spark-list in [default]
[2019-07-01 12:09:22,230] {base_task_runner.py:101} INFO - Job 14: Subtask Begin_execution 	org.apache.curator#curator-framework;2.7.1 from spark-list in [default]
[2019-07-01 12:09:22,230] {base_task_runner.py:101} INFO - Job 14: Subtask Begin_execution 	org.apache.curator#curator-recipes;2.7.1 from central in [default]
[2019-07-01 12:09:22,230] {base_task_runner.py:101} INFO - Job 14: Subtask Begin_execution 	org.apache.directory.api#api-asn1-api;1.0.0-M20 from central in [default]
[2019-07-01 12:09:22,230] {base_task_runner.py:101} INFO - Job 14: Subtask Begin_execution 	org.apache.directory.api#api-util;1.0.0-M20 from central in [default]
[2019-07-01 12:09:22,230] {base_task_runner.py:101} INFO - Job 14: Subtask Begin_execution 	org.apache.directory.server#apacheds-i18n;2.0.0-M15 from central in [default]
[2019-07-01 12:09:22,230] {base_task_runner.py:101} INFO - Job 14: Subtask Begin_execution 	org.apache.directory.server#apacheds-kerberos-codec;2.0.0-M15 from central in [default]
[2019-07-01 12:09:22,231] {base_task_runner.py:101} INFO - Job 14: Subtask Begin_execution 	org.apache.hadoop#hadoop-annotations;2.7.0 from central in [default]
[2019-07-01 12:09:22,231] {base_task_runner.py:101} INFO - Job 14: Subtask Begin_execution 	org.apache.hadoop#hadoop-auth;2.7.0 from central in [default]
[2019-07-01 12:09:22,231] {base_task_runner.py:101} INFO - Job 14: Subtask Begin_execution 	org.apache.hadoop#hadoop-aws;2.7.0 from spark-list in [default]
[2019-07-01 12:09:22,231] {base_task_runner.py:101} INFO - Job 14: Subtask Begin_execution 	org.apache.hadoop#hadoop-common;2.7.0 from spark-list in [default]
[2019-07-01 12:09:22,231] {base_task_runner.py:101} INFO - Job 14: Subtask Begin_execution 	org.apache.htrace#htrace-core;3.1.0-incubating from central in [default]
[2019-07-01 12:09:22,231] {base_task_runner.py:101} INFO - Job 14: Subtask Begin_execution 	org.apache.httpcomponents#httpclient;4.2.5 from central in [default]
[2019-07-01 12:09:22,231] {base_task_runner.py:101} INFO - Job 14: Subtask Begin_execution 	org.apache.httpcomponents#httpcore;4.2.5 from central in [default]
[2019-07-01 12:09:22,231] {base_task_runner.py:101} INFO - Job 14: Subtask Begin_execution 	org.apache.zookeeper#zookeeper;3.4.6 from central in [default]
[2019-07-01 12:09:22,231] {base_task_runner.py:101} INFO - Job 14: Subtask Begin_execution 	org.codehaus.jackson#jackson-core-asl;1.9.13 from central in [default]
[2019-07-01 12:09:22,231] {base_task_runner.py:101} INFO - Job 14: Subtask Begin_execution 	org.codehaus.jackson#jackson-jaxrs;1.9.13 from central in [default]
[2019-07-01 12:09:22,231] {base_task_runner.py:101} INFO - Job 14: Subtask Begin_execution 	org.codehaus.jackson#jackson-mapper-asl;1.9.13 from central in [default]
[2019-07-01 12:09:22,231] {base_task_runner.py:101} INFO - Job 14: Subtask Begin_execution 	org.codehaus.jackson#jackson-xc;1.9.13 from central in [default]
[2019-07-01 12:09:22,231] {base_task_runner.py:101} INFO - Job 14: Subtask Begin_execution 	org.codehaus.jettison#jettison;1.1 from central in [default]
[2019-07-01 12:09:22,232] {base_task_runner.py:101} INFO - Job 14: Subtask Begin_execution 	org.hamcrest#hamcrest-core;1.3 from central in [default]
[2019-07-01 12:09:22,232] {base_task_runner.py:101} INFO - Job 14: Subtask Begin_execution 	org.mortbay.jetty#jetty;6.1.26 from spark-list in [default]
[2019-07-01 12:09:22,232] {base_task_runner.py:101} INFO - Job 14: Subtask Begin_execution 	org.mortbay.jetty#jetty-util;6.1.26 from central in [default]
[2019-07-01 12:09:22,232] {base_task_runner.py:101} INFO - Job 14: Subtask Begin_execution 	org.slf4j#slf4j-api;1.7.10 from spark-list in [default]
[2019-07-01 12:09:22,232] {base_task_runner.py:101} INFO - Job 14: Subtask Begin_execution 	org.slf4j#slf4j-log4j12;1.7.10 from central in [default]
[2019-07-01 12:09:22,232] {base_task_runner.py:101} INFO - Job 14: Subtask Begin_execution 	org.tukaani#xz;1.0 from central in [default]
[2019-07-01 12:09:22,232] {base_task_runner.py:101} INFO - Job 14: Subtask Begin_execution 	org.xerial.snappy#snappy-java;1.0.4.1 from central in [default]
[2019-07-01 12:09:22,232] {base_task_runner.py:101} INFO - Job 14: Subtask Begin_execution 	xmlenc#xmlenc;0.52 from central in [default]
[2019-07-01 12:09:22,232] {base_task_runner.py:101} INFO - Job 14: Subtask Begin_execution 	---------------------------------------------------------------------
[2019-07-01 12:09:22,232] {base_task_runner.py:101} INFO - Job 14: Subtask Begin_execution 	|                  |            modules            ||   artifacts   |
[2019-07-01 12:09:22,232] {base_task_runner.py:101} INFO - Job 14: Subtask Begin_execution 	|       conf       | number| search|dwnlded|evicted|| number|dwnlded|
[2019-07-01 12:09:22,232] {base_task_runner.py:101} INFO - Job 14: Subtask Begin_execution 	---------------------------------------------------------------------
[2019-07-01 12:09:22,232] {base_task_runner.py:101} INFO - Job 14: Subtask Begin_execution 	|      default     |   70  |   1   |   0   |   0   ||   70  |   0   |
[2019-07-01 12:09:22,233] {base_task_runner.py:101} INFO - Job 14: Subtask Begin_execution 	---------------------------------------------------------------------
[2019-07-01 12:09:22,248] {base_task_runner.py:101} INFO - Job 14: Subtask Begin_execution :: retrieving :: org.apache.spark#spark-submit-parent-4b740a2d-4f79-4a4b-9e10-4db3935c3b2f
[2019-07-01 12:09:22,248] {base_task_runner.py:101} INFO - Job 14: Subtask Begin_execution 	confs: [default]
[2019-07-01 12:09:22,272] {base_task_runner.py:101} INFO - Job 14: Subtask Begin_execution 	0 artifacts copied, 70 already retrieved (0kB/23ms)
[2019-07-01 12:09:22,777] {base_task_runner.py:101} INFO - Job 14: Subtask Begin_execution 19/07/01 12:09:22 WARN NativeCodeLoader: Unable to load native-hadoop library for your platform... using builtin-java classes where applicable
[2019-07-01 12:09:23,215] {base_task_runner.py:101} INFO - Job 14: Subtask Begin_execution Using Spark's default log4j profile: org/apache/spark/log4j-defaults.properties
[2019-07-01 12:09:23,215] {base_task_runner.py:101} INFO - Job 14: Subtask Begin_execution Setting default log level to "WARN".
[2019-07-01 12:09:23,215] {base_task_runner.py:101} INFO - Job 14: Subtask Begin_execution To adjust logging level use sc.setLogLevel(newLevel). For SparkR, use setLogLevel(newLevel).
[2019-07-01 12:09:24,091] {base_task_runner.py:101} INFO - Job 14: Subtask Begin_execution 19/07/01 12:09:24 WARN Utils: Service 'SparkUI' could not bind on port 4040. Attempting port 4041.
[2019-07-01 12:09:24,093] {base_task_runner.py:101} INFO - Job 14: Subtask Begin_execution 19/07/01 12:09:24 WARN Utils: Service 'SparkUI' could not bind on port 4041. Attempting port 4042.
[2019-07-01 12:09:24,093] {base_task_runner.py:101} INFO - Job 14: Subtask Begin_execution 19/07/01 12:09:24 WARN Utils: Service 'SparkUI' could not bind on port 4042. Attempting port 4043.
[2019-07-01 12:09:24,093] {base_task_runner.py:101} INFO - Job 14: Subtask Begin_execution 19/07/01 12:09:24 WARN Utils: Service 'SparkUI' could not bind on port 4043. Attempting port 4044.
[2019-07-01 12:09:24,094] {base_task_runner.py:101} INFO - Job 14: Subtask Begin_execution 19/07/01 12:09:24 WARN Utils: Service 'SparkUI' could not bind on port 4044. Attempting port 4045.
[2019-07-01 12:09:24,094] {base_task_runner.py:101} INFO - Job 14: Subtask Begin_execution 19/07/01 12:09:24 WARN Utils: Service 'SparkUI' could not bind on port 4045. Attempting port 4046.
[2019-07-01 12:09:26,322] {base_task_runner.py:101} INFO - Job 14: Subtask Begin_execution [2019-07-01 12:09:26,321] {cli.py:517} INFO - Running <TaskInstance: python_load_dag.Begin_execution 2019-07-01T11:08:46.241318+00:00 [running]> on host Mahdis-MacBook-Pro.local
[2019-07-01 12:09:26,660] {logging_mixin.py:95} INFO - [2019-07-01 12:09:26,659] {jobs.py:2562} INFO - Task exited with return code 0
