[2019-07-06 15:24:24,124] {__init__.py:1139} INFO - Dependencies all met for <TaskInstance: python_load_dag.Run_data_quality_checks 2019-07-06T14:22:39.090909+00:00 [queued]>
[2019-07-06 15:24:24,135] {__init__.py:1139} INFO - Dependencies all met for <TaskInstance: python_load_dag.Run_data_quality_checks 2019-07-06T14:22:39.090909+00:00 [queued]>
[2019-07-06 15:24:24,135] {__init__.py:1353} INFO - 
--------------------------------------------------------------------------------
[2019-07-06 15:24:24,135] {__init__.py:1354} INFO - Starting attempt 1 of 2
[2019-07-06 15:24:24,135] {__init__.py:1355} INFO - 
--------------------------------------------------------------------------------
[2019-07-06 15:24:24,142] {__init__.py:1374} INFO - Executing <Task(PostgresOperator): Run_data_quality_checks> on 2019-07-06T14:22:39.090909+00:00
[2019-07-06 15:24:24,142] {base_task_runner.py:119} INFO - Running: ['airflow', 'run', 'python_load_dag', 'Run_data_quality_checks', '2019-07-06T14:22:39.090909+00:00', '--job_id', '62', '--raw', '-sd', 'DAGS_FOLDER/spark_dag.py', '--cfg_path', '/var/folders/gl/v_3dc2yn7lb05kcmfb9ppm1r0000gn/T/tmp9dxsr846']
[2019-07-06 15:24:24,951] {base_task_runner.py:101} INFO - Job 62: Subtask Run_data_quality_checks [2019-07-06 15:24:24,950] {__init__.py:51} INFO - Using executor SequentialExecutor
[2019-07-06 15:24:25,152] {base_task_runner.py:101} INFO - Job 62: Subtask Run_data_quality_checks [2019-07-06 15:24:25,152] {__init__.py:305} INFO - Filling up the DagBag from /Users/mahdimostafa/airflow/dags/spark_dag.py
[2019-07-06 15:24:26,322] {base_task_runner.py:101} INFO - Job 62: Subtask Run_data_quality_checks Ivy Default Cache set to: /Users/mahdimostafa/.ivy2/cache
[2019-07-06 15:24:26,322] {base_task_runner.py:101} INFO - Job 62: Subtask Run_data_quality_checks The jars for the packages stored in: /Users/mahdimostafa/.ivy2/jars
[2019-07-06 15:24:26,350] {base_task_runner.py:101} INFO - Job 62: Subtask Run_data_quality_checks :: loading settings :: url = jar:file:/Library/Frameworks/Python.framework/Versions/3.6/lib/python3.6/site-packages/pyspark/jars/ivy-2.4.0.jar!/org/apache/ivy/core/settings/ivysettings.xml
[2019-07-06 15:24:26,482] {base_task_runner.py:101} INFO - Job 62: Subtask Run_data_quality_checks org.apache.hadoop#hadoop-aws added as a dependency
[2019-07-06 15:24:26,483] {base_task_runner.py:101} INFO - Job 62: Subtask Run_data_quality_checks :: resolving dependencies :: org.apache.spark#spark-submit-parent-64b7799c-5dc4-4b21-8662-2e78fbb6c0ec;1.0
[2019-07-06 15:24:26,483] {base_task_runner.py:101} INFO - Job 62: Subtask Run_data_quality_checks 	confs: [default]
[2019-07-06 15:24:26,664] {base_task_runner.py:101} INFO - Job 62: Subtask Run_data_quality_checks 	found org.apache.hadoop#hadoop-aws;2.7.0 in spark-list
[2019-07-06 15:24:26,731] {base_task_runner.py:101} INFO - Job 62: Subtask Run_data_quality_checks 	found org.apache.hadoop#hadoop-common;2.7.0 in central
[2019-07-06 15:24:26,814] {base_task_runner.py:101} INFO - Job 62: Subtask Run_data_quality_checks 	found org.apache.hadoop#hadoop-annotations;2.7.0 in spark-list
[2019-07-06 15:24:26,847] {base_task_runner.py:101} INFO - Job 62: Subtask Run_data_quality_checks 	found com.google.guava#guava;11.0.2 in central
[2019-07-06 15:24:26,882] {base_task_runner.py:101} INFO - Job 62: Subtask Run_data_quality_checks 	found com.google.code.findbugs#jsr305;3.0.0 in central
[2019-07-06 15:24:26,910] {base_task_runner.py:101} INFO - Job 62: Subtask Run_data_quality_checks 	found commons-cli#commons-cli;1.2 in central
[2019-07-06 15:24:26,940] {base_task_runner.py:101} INFO - Job 62: Subtask Run_data_quality_checks 	found org.apache.commons#commons-math3;3.1.1 in central
[2019-07-06 15:24:26,956] {base_task_runner.py:101} INFO - Job 62: Subtask Run_data_quality_checks 	found xmlenc#xmlenc;0.52 in central
[2019-07-06 15:24:26,973] {base_task_runner.py:101} INFO - Job 62: Subtask Run_data_quality_checks 	found commons-httpclient#commons-httpclient;3.1 in spark-list
[2019-07-06 15:24:26,991] {base_task_runner.py:101} INFO - Job 62: Subtask Run_data_quality_checks 	found commons-logging#commons-logging;1.1.3 in central
[2019-07-06 15:24:27,008] {base_task_runner.py:101} INFO - Job 62: Subtask Run_data_quality_checks 	found commons-codec#commons-codec;1.4 in central
[2019-07-06 15:24:27,024] {base_task_runner.py:101} INFO - Job 62: Subtask Run_data_quality_checks 	found commons-io#commons-io;2.4 in central
[2019-07-06 15:24:27,039] {base_task_runner.py:101} INFO - Job 62: Subtask Run_data_quality_checks 	found commons-net#commons-net;3.1 in central
[2019-07-06 15:24:27,053] {base_task_runner.py:101} INFO - Job 62: Subtask Run_data_quality_checks 	found commons-collections#commons-collections;3.2.1 in central
[2019-07-06 15:24:27,067] {base_task_runner.py:101} INFO - Job 62: Subtask Run_data_quality_checks 	found javax.servlet#servlet-api;2.5 in central
[2019-07-06 15:24:27,082] {base_task_runner.py:101} INFO - Job 62: Subtask Run_data_quality_checks 	found org.mortbay.jetty#jetty;6.1.26 in central
[2019-07-06 15:24:27,113] {base_task_runner.py:101} INFO - Job 62: Subtask Run_data_quality_checks 	found org.mortbay.jetty#jetty-util;6.1.26 in central
[2019-07-06 15:24:27,127] {base_task_runner.py:101} INFO - Job 62: Subtask Run_data_quality_checks 	found com.sun.jersey#jersey-core;1.9 in central
[2019-07-06 15:24:27,142] {base_task_runner.py:101} INFO - Job 62: Subtask Run_data_quality_checks 	found com.sun.jersey#jersey-json;1.9 in central
[2019-07-06 15:24:27,158] {base_task_runner.py:101} INFO - Job 62: Subtask Run_data_quality_checks 	found org.codehaus.jettison#jettison;1.1 in central
[2019-07-06 15:24:27,171] {base_task_runner.py:101} INFO - Job 62: Subtask Run_data_quality_checks 	found com.sun.xml.bind#jaxb-impl;2.2.3-1 in central
[2019-07-06 15:24:27,184] {base_task_runner.py:101} INFO - Job 62: Subtask Run_data_quality_checks 	found javax.xml.bind#jaxb-api;2.2.2 in central
[2019-07-06 15:24:27,198] {base_task_runner.py:101} INFO - Job 62: Subtask Run_data_quality_checks 	found javax.xml.stream#stax-api;1.0-2 in central
[2019-07-06 15:24:27,210] {base_task_runner.py:101} INFO - Job 62: Subtask Run_data_quality_checks 	found javax.activation#activation;1.1 in central
[2019-07-06 15:24:27,222] {base_task_runner.py:101} INFO - Job 62: Subtask Run_data_quality_checks 	found org.codehaus.jackson#jackson-core-asl;1.9.13 in central
[2019-07-06 15:24:27,235] {base_task_runner.py:101} INFO - Job 62: Subtask Run_data_quality_checks 	found org.codehaus.jackson#jackson-mapper-asl;1.9.13 in central
[2019-07-06 15:24:27,248] {base_task_runner.py:101} INFO - Job 62: Subtask Run_data_quality_checks 	found org.codehaus.jackson#jackson-jaxrs;1.9.13 in central
[2019-07-06 15:24:27,262] {base_task_runner.py:101} INFO - Job 62: Subtask Run_data_quality_checks 	found org.codehaus.jackson#jackson-xc;1.9.13 in central
[2019-07-06 15:24:27,277] {base_task_runner.py:101} INFO - Job 62: Subtask Run_data_quality_checks 	found com.sun.jersey#jersey-server;1.9 in central
[2019-07-06 15:24:27,290] {base_task_runner.py:101} INFO - Job 62: Subtask Run_data_quality_checks 	found asm#asm;3.2 in central
[2019-07-06 15:24:27,302] {base_task_runner.py:101} INFO - Job 62: Subtask Run_data_quality_checks 	found log4j#log4j;1.2.17 in central
[2019-07-06 15:24:27,318] {base_task_runner.py:101} INFO - Job 62: Subtask Run_data_quality_checks 	found net.java.dev.jets3t#jets3t;0.9.0 in central
[2019-07-06 15:24:27,332] {base_task_runner.py:101} INFO - Job 62: Subtask Run_data_quality_checks 	found org.apache.httpcomponents#httpclient;4.2.5 in central
[2019-07-06 15:24:27,345] {base_task_runner.py:101} INFO - Job 62: Subtask Run_data_quality_checks 	found org.apache.httpcomponents#httpcore;4.2.5 in central
[2019-07-06 15:24:27,355] {base_task_runner.py:101} INFO - Job 62: Subtask Run_data_quality_checks 	found com.jamesmurty.utils#java-xmlbuilder;0.4 in spark-list
[2019-07-06 15:24:27,363] {base_task_runner.py:101} INFO - Job 62: Subtask Run_data_quality_checks 	found commons-lang#commons-lang;2.6 in central
[2019-07-06 15:24:27,377] {base_task_runner.py:101} INFO - Job 62: Subtask Run_data_quality_checks 	found commons-configuration#commons-configuration;1.6 in central
[2019-07-06 15:24:27,394] {base_task_runner.py:101} INFO - Job 62: Subtask Run_data_quality_checks 	found commons-digester#commons-digester;1.8 in central
[2019-07-06 15:24:27,405] {base_task_runner.py:101} INFO - Job 62: Subtask Run_data_quality_checks 	found commons-beanutils#commons-beanutils;1.7.0 in central
[2019-07-06 15:24:27,417] {base_task_runner.py:101} INFO - Job 62: Subtask Run_data_quality_checks 	found commons-beanutils#commons-beanutils-core;1.8.0 in central
[2019-07-06 15:24:27,428] {base_task_runner.py:101} INFO - Job 62: Subtask Run_data_quality_checks 	found org.slf4j#slf4j-api;1.7.10 in central
[2019-07-06 15:24:27,440] {base_task_runner.py:101} INFO - Job 62: Subtask Run_data_quality_checks 	found org.apache.avro#avro;1.7.4 in central
[2019-07-06 15:24:27,453] {base_task_runner.py:101} INFO - Job 62: Subtask Run_data_quality_checks 	found com.thoughtworks.paranamer#paranamer;2.3 in central
[2019-07-06 15:24:27,463] {base_task_runner.py:101} INFO - Job 62: Subtask Run_data_quality_checks 	found org.xerial.snappy#snappy-java;1.0.4.1 in central
[2019-07-06 15:24:27,472] {base_task_runner.py:101} INFO - Job 62: Subtask Run_data_quality_checks 	found org.apache.commons#commons-compress;1.4.1 in central
[2019-07-06 15:24:27,482] {base_task_runner.py:101} INFO - Job 62: Subtask Run_data_quality_checks 	found org.tukaani#xz;1.0 in central
[2019-07-06 15:24:27,498] {base_task_runner.py:101} INFO - Job 62: Subtask Run_data_quality_checks 	found com.google.protobuf#protobuf-java;2.5.0 in central
[2019-07-06 15:24:27,508] {base_task_runner.py:101} INFO - Job 62: Subtask Run_data_quality_checks 	found com.google.code.gson#gson;2.2.4 in central
[2019-07-06 15:24:27,523] {base_task_runner.py:101} INFO - Job 62: Subtask Run_data_quality_checks 	found org.apache.hadoop#hadoop-auth;2.7.0 in central
[2019-07-06 15:24:27,539] {base_task_runner.py:101} INFO - Job 62: Subtask Run_data_quality_checks 	found org.apache.directory.server#apacheds-kerberos-codec;2.0.0-M15 in central
[2019-07-06 15:24:27,551] {base_task_runner.py:101} INFO - Job 62: Subtask Run_data_quality_checks 	found org.apache.directory.server#apacheds-i18n;2.0.0-M15 in central
[2019-07-06 15:24:27,562] {base_task_runner.py:101} INFO - Job 62: Subtask Run_data_quality_checks 	found org.apache.directory.api#api-asn1-api;1.0.0-M20 in central
[2019-07-06 15:24:27,575] {base_task_runner.py:101} INFO - Job 62: Subtask Run_data_quality_checks 	found org.apache.directory.api#api-util;1.0.0-M20 in central
[2019-07-06 15:24:27,586] {base_task_runner.py:101} INFO - Job 62: Subtask Run_data_quality_checks 	found org.apache.zookeeper#zookeeper;3.4.6 in central
[2019-07-06 15:24:27,598] {base_task_runner.py:101} INFO - Job 62: Subtask Run_data_quality_checks 	found org.slf4j#slf4j-log4j12;1.7.10 in central
[2019-07-06 15:24:27,611] {base_task_runner.py:101} INFO - Job 62: Subtask Run_data_quality_checks 	found io.netty#netty;3.6.2.Final in central
[2019-07-06 15:24:27,622] {base_task_runner.py:101} INFO - Job 62: Subtask Run_data_quality_checks 	found org.apache.curator#curator-framework;2.7.1 in central
[2019-07-06 15:24:27,634] {base_task_runner.py:101} INFO - Job 62: Subtask Run_data_quality_checks 	found org.apache.curator#curator-client;2.7.1 in central
[2019-07-06 15:24:27,648] {base_task_runner.py:101} INFO - Job 62: Subtask Run_data_quality_checks 	found com.jcraft#jsch;0.1.42 in central
[2019-07-06 15:24:27,660] {base_task_runner.py:101} INFO - Job 62: Subtask Run_data_quality_checks 	found org.apache.curator#curator-recipes;2.7.1 in central
[2019-07-06 15:24:27,674] {base_task_runner.py:101} INFO - Job 62: Subtask Run_data_quality_checks 	found org.apache.htrace#htrace-core;3.1.0-incubating in central
[2019-07-06 15:24:27,700] {base_task_runner.py:101} INFO - Job 62: Subtask Run_data_quality_checks 	found javax.servlet.jsp#jsp-api;2.1 in central
[2019-07-06 15:24:27,733] {base_task_runner.py:101} INFO - Job 62: Subtask Run_data_quality_checks 	found jline#jline;0.9.94 in central
[2019-07-06 15:24:27,752] {base_task_runner.py:101} INFO - Job 62: Subtask Run_data_quality_checks 	found junit#junit;4.11 in central
[2019-07-06 15:24:27,769] {base_task_runner.py:101} INFO - Job 62: Subtask Run_data_quality_checks 	found org.hamcrest#hamcrest-core;1.3 in central
[2019-07-06 15:24:27,778] {base_task_runner.py:101} INFO - Job 62: Subtask Run_data_quality_checks 	found com.fasterxml.jackson.core#jackson-databind;2.2.3 in central
[2019-07-06 15:24:27,784] {base_task_runner.py:101} INFO - Job 62: Subtask Run_data_quality_checks 	found com.fasterxml.jackson.core#jackson-annotations;2.2.3 in central
[2019-07-06 15:24:27,792] {base_task_runner.py:101} INFO - Job 62: Subtask Run_data_quality_checks 	found com.fasterxml.jackson.core#jackson-core;2.2.3 in central
[2019-07-06 15:24:27,800] {base_task_runner.py:101} INFO - Job 62: Subtask Run_data_quality_checks 	found com.amazonaws#aws-java-sdk;1.7.4 in central
[2019-07-06 15:24:27,818] {base_task_runner.py:101} INFO - Job 62: Subtask Run_data_quality_checks WARNING: An illegal reflective access operation has occurred
[2019-07-06 15:24:27,818] {base_task_runner.py:101} INFO - Job 62: Subtask Run_data_quality_checks WARNING: Illegal reflective access by org.apache.ivy.util.url.IvyAuthenticator (file:/Library/Frameworks/Python.framework/Versions/3.6/lib/python3.6/site-packages/pyspark/jars/ivy-2.4.0.jar) to field java.net.Authenticator.theAuthenticator
[2019-07-06 15:24:27,818] {base_task_runner.py:101} INFO - Job 62: Subtask Run_data_quality_checks WARNING: Please consider reporting this to the maintainers of org.apache.ivy.util.url.IvyAuthenticator
[2019-07-06 15:24:27,818] {base_task_runner.py:101} INFO - Job 62: Subtask Run_data_quality_checks WARNING: Use --illegal-access=warn to enable warnings of further illegal reflective access operations
[2019-07-06 15:24:27,818] {base_task_runner.py:101} INFO - Job 62: Subtask Run_data_quality_checks WARNING: All illegal access operations will be denied in a future release
[2019-07-06 15:24:28,508] {base_task_runner.py:101} INFO - Job 62: Subtask Run_data_quality_checks 	found joda-time#joda-time;2.10.3 in central
[2019-07-06 15:24:28,508] {base_task_runner.py:101} INFO - Job 62: Subtask Run_data_quality_checks 	[2.10.3] joda-time#joda-time;[2.2,)
[2019-07-06 15:24:28,551] {base_task_runner.py:101} INFO - Job 62: Subtask Run_data_quality_checks :: resolution report :: resolve 2046ms :: artifacts dl 22ms
[2019-07-06 15:24:28,551] {base_task_runner.py:101} INFO - Job 62: Subtask Run_data_quality_checks 	:: modules in use:
[2019-07-06 15:24:28,552] {base_task_runner.py:101} INFO - Job 62: Subtask Run_data_quality_checks 	asm#asm;3.2 from central in [default]
[2019-07-06 15:24:28,552] {base_task_runner.py:101} INFO - Job 62: Subtask Run_data_quality_checks 	com.amazonaws#aws-java-sdk;1.7.4 from central in [default]
[2019-07-06 15:24:28,552] {base_task_runner.py:101} INFO - Job 62: Subtask Run_data_quality_checks 	com.fasterxml.jackson.core#jackson-annotations;2.2.3 from central in [default]
[2019-07-06 15:24:28,552] {base_task_runner.py:101} INFO - Job 62: Subtask Run_data_quality_checks 	com.fasterxml.jackson.core#jackson-core;2.2.3 from central in [default]
[2019-07-06 15:24:28,552] {base_task_runner.py:101} INFO - Job 62: Subtask Run_data_quality_checks 	com.fasterxml.jackson.core#jackson-databind;2.2.3 from central in [default]
[2019-07-06 15:24:28,552] {base_task_runner.py:101} INFO - Job 62: Subtask Run_data_quality_checks 	com.google.code.findbugs#jsr305;3.0.0 from central in [default]
[2019-07-06 15:24:28,552] {base_task_runner.py:101} INFO - Job 62: Subtask Run_data_quality_checks 	com.google.code.gson#gson;2.2.4 from central in [default]
[2019-07-06 15:24:28,552] {base_task_runner.py:101} INFO - Job 62: Subtask Run_data_quality_checks 	com.google.guava#guava;11.0.2 from central in [default]
[2019-07-06 15:24:28,552] {base_task_runner.py:101} INFO - Job 62: Subtask Run_data_quality_checks 	com.google.protobuf#protobuf-java;2.5.0 from central in [default]
[2019-07-06 15:24:28,552] {base_task_runner.py:101} INFO - Job 62: Subtask Run_data_quality_checks 	com.jamesmurty.utils#java-xmlbuilder;0.4 from spark-list in [default]
[2019-07-06 15:24:28,553] {base_task_runner.py:101} INFO - Job 62: Subtask Run_data_quality_checks 	com.jcraft#jsch;0.1.42 from central in [default]
[2019-07-06 15:24:28,553] {base_task_runner.py:101} INFO - Job 62: Subtask Run_data_quality_checks 	com.sun.jersey#jersey-core;1.9 from central in [default]
[2019-07-06 15:24:28,553] {base_task_runner.py:101} INFO - Job 62: Subtask Run_data_quality_checks 	com.sun.jersey#jersey-json;1.9 from central in [default]
[2019-07-06 15:24:28,553] {base_task_runner.py:101} INFO - Job 62: Subtask Run_data_quality_checks 	com.sun.jersey#jersey-server;1.9 from central in [default]
[2019-07-06 15:24:28,553] {base_task_runner.py:101} INFO - Job 62: Subtask Run_data_quality_checks 	com.sun.xml.bind#jaxb-impl;2.2.3-1 from central in [default]
[2019-07-06 15:24:28,553] {base_task_runner.py:101} INFO - Job 62: Subtask Run_data_quality_checks 	com.thoughtworks.paranamer#paranamer;2.3 from central in [default]
[2019-07-06 15:24:28,553] {base_task_runner.py:101} INFO - Job 62: Subtask Run_data_quality_checks 	commons-beanutils#commons-beanutils;1.7.0 from central in [default]
[2019-07-06 15:24:28,553] {base_task_runner.py:101} INFO - Job 62: Subtask Run_data_quality_checks 	commons-beanutils#commons-beanutils-core;1.8.0 from central in [default]
[2019-07-06 15:24:28,553] {base_task_runner.py:101} INFO - Job 62: Subtask Run_data_quality_checks 	commons-cli#commons-cli;1.2 from central in [default]
[2019-07-06 15:24:28,553] {base_task_runner.py:101} INFO - Job 62: Subtask Run_data_quality_checks 	commons-codec#commons-codec;1.4 from central in [default]
[2019-07-06 15:24:28,553] {base_task_runner.py:101} INFO - Job 62: Subtask Run_data_quality_checks 	commons-collections#commons-collections;3.2.1 from central in [default]
[2019-07-06 15:24:28,553] {base_task_runner.py:101} INFO - Job 62: Subtask Run_data_quality_checks 	commons-configuration#commons-configuration;1.6 from central in [default]
[2019-07-06 15:24:28,553] {base_task_runner.py:101} INFO - Job 62: Subtask Run_data_quality_checks 	commons-digester#commons-digester;1.8 from central in [default]
[2019-07-06 15:24:28,553] {base_task_runner.py:101} INFO - Job 62: Subtask Run_data_quality_checks 	commons-httpclient#commons-httpclient;3.1 from spark-list in [default]
[2019-07-06 15:24:28,554] {base_task_runner.py:101} INFO - Job 62: Subtask Run_data_quality_checks 	commons-io#commons-io;2.4 from central in [default]
[2019-07-06 15:24:28,554] {base_task_runner.py:101} INFO - Job 62: Subtask Run_data_quality_checks 	commons-lang#commons-lang;2.6 from central in [default]
[2019-07-06 15:24:28,554] {base_task_runner.py:101} INFO - Job 62: Subtask Run_data_quality_checks 	commons-logging#commons-logging;1.1.3 from central in [default]
[2019-07-06 15:24:28,554] {base_task_runner.py:101} INFO - Job 62: Subtask Run_data_quality_checks 	commons-net#commons-net;3.1 from central in [default]
[2019-07-06 15:24:28,554] {base_task_runner.py:101} INFO - Job 62: Subtask Run_data_quality_checks 	io.netty#netty;3.6.2.Final from central in [default]
[2019-07-06 15:24:28,554] {base_task_runner.py:101} INFO - Job 62: Subtask Run_data_quality_checks 	javax.activation#activation;1.1 from central in [default]
[2019-07-06 15:24:28,554] {base_task_runner.py:101} INFO - Job 62: Subtask Run_data_quality_checks 	javax.servlet#servlet-api;2.5 from central in [default]
[2019-07-06 15:24:28,554] {base_task_runner.py:101} INFO - Job 62: Subtask Run_data_quality_checks 	javax.servlet.jsp#jsp-api;2.1 from central in [default]
[2019-07-06 15:24:28,554] {base_task_runner.py:101} INFO - Job 62: Subtask Run_data_quality_checks 	javax.xml.bind#jaxb-api;2.2.2 from central in [default]
[2019-07-06 15:24:28,554] {base_task_runner.py:101} INFO - Job 62: Subtask Run_data_quality_checks 	javax.xml.stream#stax-api;1.0-2 from central in [default]
[2019-07-06 15:24:28,554] {base_task_runner.py:101} INFO - Job 62: Subtask Run_data_quality_checks 	jline#jline;0.9.94 from central in [default]
[2019-07-06 15:24:28,554] {base_task_runner.py:101} INFO - Job 62: Subtask Run_data_quality_checks 	joda-time#joda-time;2.10.3 from central in [default]
[2019-07-06 15:24:28,554] {base_task_runner.py:101} INFO - Job 62: Subtask Run_data_quality_checks 	junit#junit;4.11 from central in [default]
[2019-07-06 15:24:28,554] {base_task_runner.py:101} INFO - Job 62: Subtask Run_data_quality_checks 	log4j#log4j;1.2.17 from central in [default]
[2019-07-06 15:24:28,554] {base_task_runner.py:101} INFO - Job 62: Subtask Run_data_quality_checks 	net.java.dev.jets3t#jets3t;0.9.0 from central in [default]
[2019-07-06 15:24:28,555] {base_task_runner.py:101} INFO - Job 62: Subtask Run_data_quality_checks 	org.apache.avro#avro;1.7.4 from central in [default]
[2019-07-06 15:24:28,555] {base_task_runner.py:101} INFO - Job 62: Subtask Run_data_quality_checks 	org.apache.commons#commons-compress;1.4.1 from central in [default]
[2019-07-06 15:24:28,555] {base_task_runner.py:101} INFO - Job 62: Subtask Run_data_quality_checks 	org.apache.commons#commons-math3;3.1.1 from central in [default]
[2019-07-06 15:24:28,555] {base_task_runner.py:101} INFO - Job 62: Subtask Run_data_quality_checks 	org.apache.curator#curator-client;2.7.1 from central in [default]
[2019-07-06 15:24:28,555] {base_task_runner.py:101} INFO - Job 62: Subtask Run_data_quality_checks 	org.apache.curator#curator-framework;2.7.1 from central in [default]
[2019-07-06 15:24:28,555] {base_task_runner.py:101} INFO - Job 62: Subtask Run_data_quality_checks 	org.apache.curator#curator-recipes;2.7.1 from central in [default]
[2019-07-06 15:24:28,555] {base_task_runner.py:101} INFO - Job 62: Subtask Run_data_quality_checks 	org.apache.directory.api#api-asn1-api;1.0.0-M20 from central in [default]
[2019-07-06 15:24:28,555] {base_task_runner.py:101} INFO - Job 62: Subtask Run_data_quality_checks 	org.apache.directory.api#api-util;1.0.0-M20 from central in [default]
[2019-07-06 15:24:28,555] {base_task_runner.py:101} INFO - Job 62: Subtask Run_data_quality_checks 	org.apache.directory.server#apacheds-i18n;2.0.0-M15 from central in [default]
[2019-07-06 15:24:28,555] {base_task_runner.py:101} INFO - Job 62: Subtask Run_data_quality_checks 	org.apache.directory.server#apacheds-kerberos-codec;2.0.0-M15 from central in [default]
[2019-07-06 15:24:28,555] {base_task_runner.py:101} INFO - Job 62: Subtask Run_data_quality_checks 	org.apache.hadoop#hadoop-annotations;2.7.0 from spark-list in [default]
[2019-07-06 15:24:28,555] {base_task_runner.py:101} INFO - Job 62: Subtask Run_data_quality_checks 	org.apache.hadoop#hadoop-auth;2.7.0 from central in [default]
[2019-07-06 15:24:28,555] {base_task_runner.py:101} INFO - Job 62: Subtask Run_data_quality_checks 	org.apache.hadoop#hadoop-aws;2.7.0 from spark-list in [default]
[2019-07-06 15:24:28,555] {base_task_runner.py:101} INFO - Job 62: Subtask Run_data_quality_checks 	org.apache.hadoop#hadoop-common;2.7.0 from central in [default]
[2019-07-06 15:24:28,555] {base_task_runner.py:101} INFO - Job 62: Subtask Run_data_quality_checks 	org.apache.htrace#htrace-core;3.1.0-incubating from central in [default]
[2019-07-06 15:24:28,555] {base_task_runner.py:101} INFO - Job 62: Subtask Run_data_quality_checks 	org.apache.httpcomponents#httpclient;4.2.5 from central in [default]
[2019-07-06 15:24:28,556] {base_task_runner.py:101} INFO - Job 62: Subtask Run_data_quality_checks 	org.apache.httpcomponents#httpcore;4.2.5 from central in [default]
[2019-07-06 15:24:28,556] {base_task_runner.py:101} INFO - Job 62: Subtask Run_data_quality_checks 	org.apache.zookeeper#zookeeper;3.4.6 from central in [default]
[2019-07-06 15:24:28,556] {base_task_runner.py:101} INFO - Job 62: Subtask Run_data_quality_checks 	org.codehaus.jackson#jackson-core-asl;1.9.13 from central in [default]
[2019-07-06 15:24:28,556] {base_task_runner.py:101} INFO - Job 62: Subtask Run_data_quality_checks 	org.codehaus.jackson#jackson-jaxrs;1.9.13 from central in [default]
[2019-07-06 15:24:28,556] {base_task_runner.py:101} INFO - Job 62: Subtask Run_data_quality_checks 	org.codehaus.jackson#jackson-mapper-asl;1.9.13 from central in [default]
[2019-07-06 15:24:28,556] {base_task_runner.py:101} INFO - Job 62: Subtask Run_data_quality_checks 	org.codehaus.jackson#jackson-xc;1.9.13 from central in [default]
[2019-07-06 15:24:28,556] {base_task_runner.py:101} INFO - Job 62: Subtask Run_data_quality_checks 	org.codehaus.jettison#jettison;1.1 from central in [default]
[2019-07-06 15:24:28,556] {base_task_runner.py:101} INFO - Job 62: Subtask Run_data_quality_checks 	org.hamcrest#hamcrest-core;1.3 from central in [default]
[2019-07-06 15:24:28,556] {base_task_runner.py:101} INFO - Job 62: Subtask Run_data_quality_checks 	org.mortbay.jetty#jetty;6.1.26 from central in [default]
[2019-07-06 15:24:28,556] {base_task_runner.py:101} INFO - Job 62: Subtask Run_data_quality_checks 	org.mortbay.jetty#jetty-util;6.1.26 from central in [default]
[2019-07-06 15:24:28,556] {base_task_runner.py:101} INFO - Job 62: Subtask Run_data_quality_checks 	org.slf4j#slf4j-api;1.7.10 from central in [default]
[2019-07-06 15:24:28,556] {base_task_runner.py:101} INFO - Job 62: Subtask Run_data_quality_checks 	org.slf4j#slf4j-log4j12;1.7.10 from central in [default]
[2019-07-06 15:24:28,556] {base_task_runner.py:101} INFO - Job 62: Subtask Run_data_quality_checks 	org.tukaani#xz;1.0 from central in [default]
[2019-07-06 15:24:28,556] {base_task_runner.py:101} INFO - Job 62: Subtask Run_data_quality_checks 	org.xerial.snappy#snappy-java;1.0.4.1 from central in [default]
[2019-07-06 15:24:28,556] {base_task_runner.py:101} INFO - Job 62: Subtask Run_data_quality_checks 	xmlenc#xmlenc;0.52 from central in [default]
[2019-07-06 15:24:28,557] {base_task_runner.py:101} INFO - Job 62: Subtask Run_data_quality_checks 	---------------------------------------------------------------------
[2019-07-06 15:24:28,557] {base_task_runner.py:101} INFO - Job 62: Subtask Run_data_quality_checks 	|                  |            modules            ||   artifacts   |
[2019-07-06 15:24:28,557] {base_task_runner.py:101} INFO - Job 62: Subtask Run_data_quality_checks 	|       conf       | number| search|dwnlded|evicted|| number|dwnlded|
[2019-07-06 15:24:28,557] {base_task_runner.py:101} INFO - Job 62: Subtask Run_data_quality_checks 	---------------------------------------------------------------------
[2019-07-06 15:24:28,557] {base_task_runner.py:101} INFO - Job 62: Subtask Run_data_quality_checks 	|      default     |   70  |   1   |   0   |   0   ||   70  |   0   |
[2019-07-06 15:24:28,557] {base_task_runner.py:101} INFO - Job 62: Subtask Run_data_quality_checks 	---------------------------------------------------------------------
[2019-07-06 15:24:28,568] {base_task_runner.py:101} INFO - Job 62: Subtask Run_data_quality_checks :: retrieving :: org.apache.spark#spark-submit-parent-64b7799c-5dc4-4b21-8662-2e78fbb6c0ec
[2019-07-06 15:24:28,568] {base_task_runner.py:101} INFO - Job 62: Subtask Run_data_quality_checks 	confs: [default]
[2019-07-06 15:24:28,589] {base_task_runner.py:101} INFO - Job 62: Subtask Run_data_quality_checks 	0 artifacts copied, 70 already retrieved (0kB/21ms)
[2019-07-06 15:24:28,850] {base_task_runner.py:101} INFO - Job 62: Subtask Run_data_quality_checks 19/07/06 15:24:28 WARN NativeCodeLoader: Unable to load native-hadoop library for your platform... using builtin-java classes where applicable
[2019-07-06 15:24:29,281] {base_task_runner.py:101} INFO - Job 62: Subtask Run_data_quality_checks Using Spark's default log4j profile: org/apache/spark/log4j-defaults.properties
[2019-07-06 15:24:29,281] {base_task_runner.py:101} INFO - Job 62: Subtask Run_data_quality_checks Setting default log level to "WARN".
[2019-07-06 15:24:29,281] {base_task_runner.py:101} INFO - Job 62: Subtask Run_data_quality_checks To adjust logging level use sc.setLogLevel(newLevel). For SparkR, use setLogLevel(newLevel).
[2019-07-06 15:24:30,031] {base_task_runner.py:101} INFO - Job 62: Subtask Run_data_quality_checks 19/07/06 15:24:30 WARN Utils: Service 'SparkUI' could not bind on port 4040. Attempting port 4041.
[2019-07-06 15:24:30,032] {base_task_runner.py:101} INFO - Job 62: Subtask Run_data_quality_checks 19/07/06 15:24:30 WARN Utils: Service 'SparkUI' could not bind on port 4041. Attempting port 4042.
[2019-07-06 15:24:30,032] {base_task_runner.py:101} INFO - Job 62: Subtask Run_data_quality_checks 19/07/06 15:24:30 WARN Utils: Service 'SparkUI' could not bind on port 4042. Attempting port 4043.
[2019-07-06 15:24:30,033] {base_task_runner.py:101} INFO - Job 62: Subtask Run_data_quality_checks 19/07/06 15:24:30 WARN Utils: Service 'SparkUI' could not bind on port 4043. Attempting port 4044.
[2019-07-06 15:24:30,033] {base_task_runner.py:101} INFO - Job 62: Subtask Run_data_quality_checks 19/07/06 15:24:30 WARN Utils: Service 'SparkUI' could not bind on port 4044. Attempting port 4045.
[2019-07-06 15:24:30,033] {base_task_runner.py:101} INFO - Job 62: Subtask Run_data_quality_checks 19/07/06 15:24:30 WARN Utils: Service 'SparkUI' could not bind on port 4045. Attempting port 4046.
[2019-07-06 15:24:31,354] {base_task_runner.py:101} INFO - Job 62: Subtask Run_data_quality_checks [2019-07-06 15:24:31,353] {cli.py:517} INFO - Running <TaskInstance: python_load_dag.Run_data_quality_checks 2019-07-06T14:22:39.090909+00:00 [running]> on host Mahdis-MacBook-Pro.local
[2019-07-06 15:24:31,363] {data_quality.py:37} INFO - Executing: select count(*) from public.new 
[2019-07-06 15:24:31,366] {logging_mixin.py:95} INFO - [2019-07-06 15:24:31,366] {base_hook.py:83} INFO - Using connection to: id: postgres_default. Host: localhost, Port: 5432, Schema: None, Login: postgres, Password: XXXXXXXX, extra: {}
[2019-07-06 15:24:31,370] {logging_mixin.py:95} INFO - [2019-07-06 15:24:31,370] {dbapi_hook.py:171} INFO - select count(*) from public.new
[2019-07-06 15:24:31,381] {base_task_runner.py:101} INFO - Job 62: Subtask Run_data_quality_checks /Library/Frameworks/Python.framework/Versions/3.6/lib/python3.6/site-packages/airflow/utils/helpers.py:387: DeprecationWarning: Importing 'PostgresHook' directly from 'airflow.hooks' has been deprecated. Please import from 'airflow.hooks.[operator_module]' instead. Support for direct imports will be dropped entirely in Airflow 2.0.
[2019-07-06 15:24:31,381] {base_task_runner.py:101} INFO - Job 62: Subtask Run_data_quality_checks   DeprecationWarning)
[2019-07-06 15:24:34,132] {logging_mixin.py:95} INFO - [2019-07-06 15:24:34,131] {jobs.py:2562} INFO - Task exited with return code 0
