[2019-07-01 17:38:05,421] {__init__.py:1139} INFO - Dependencies all met for <TaskInstance: python_load_dag.Stop_execution 2019-07-01T16:35:40.221942+00:00 [queued]>
[2019-07-01 17:38:05,431] {__init__.py:1139} INFO - Dependencies all met for <TaskInstance: python_load_dag.Stop_execution 2019-07-01T16:35:40.221942+00:00 [queued]>
[2019-07-01 17:38:05,431] {__init__.py:1353} INFO - 
--------------------------------------------------------------------------------
[2019-07-01 17:38:05,431] {__init__.py:1354} INFO - Starting attempt 1 of 2
[2019-07-01 17:38:05,431] {__init__.py:1355} INFO - 
--------------------------------------------------------------------------------
[2019-07-01 17:38:05,441] {__init__.py:1374} INFO - Executing <Task(DummyOperator): Stop_execution> on 2019-07-01T16:35:40.221942+00:00
[2019-07-01 17:38:05,441] {base_task_runner.py:119} INFO - Running: ['airflow', 'run', 'python_load_dag', 'Stop_execution', '2019-07-01T16:35:40.221942+00:00', '--job_id', '21', '--raw', '-sd', 'DAGS_FOLDER/spark_dag.py', '--cfg_path', '/var/folders/86/gxqwzx1j5c1dls33km6nj04r0000gn/T/tmpdj06fka2']
[2019-07-01 17:38:08,126] {base_task_runner.py:101} INFO - Job 21: Subtask Stop_execution [2019-07-01 17:38:08,124] {__init__.py:51} INFO - Using executor SequentialExecutor
[2019-07-01 17:38:08,896] {base_task_runner.py:101} INFO - Job 21: Subtask Stop_execution [2019-07-01 17:38:08,895] {__init__.py:305} INFO - Filling up the DagBag from /Users/mahdimostafa/airflow/dags/spark_dag.py
[2019-07-01 17:38:10,256] {base_task_runner.py:101} INFO - Job 21: Subtask Stop_execution Ivy Default Cache set to: /Users/mahdimostafa/.ivy2/cache
[2019-07-01 17:38:10,257] {base_task_runner.py:101} INFO - Job 21: Subtask Stop_execution The jars for the packages stored in: /Users/mahdimostafa/.ivy2/jars
[2019-07-01 17:38:10,291] {base_task_runner.py:101} INFO - Job 21: Subtask Stop_execution :: loading settings :: url = jar:file:/Library/Frameworks/Python.framework/Versions/3.6/lib/python3.6/site-packages/pyspark/jars/ivy-2.4.0.jar!/org/apache/ivy/core/settings/ivysettings.xml
[2019-07-01 17:38:10,397] {base_task_runner.py:101} INFO - Job 21: Subtask Stop_execution org.apache.hadoop#hadoop-aws added as a dependency
[2019-07-01 17:38:10,398] {base_task_runner.py:101} INFO - Job 21: Subtask Stop_execution :: resolving dependencies :: org.apache.spark#spark-submit-parent-60c316dc-ba25-4cf0-8178-6c23707247e5;1.0
[2019-07-01 17:38:10,398] {base_task_runner.py:101} INFO - Job 21: Subtask Stop_execution 	confs: [default]
[2019-07-01 17:38:10,576] {base_task_runner.py:101} INFO - Job 21: Subtask Stop_execution 	found org.apache.hadoop#hadoop-aws;2.7.0 in spark-list
[2019-07-01 17:38:10,653] {base_task_runner.py:101} INFO - Job 21: Subtask Stop_execution 	found org.apache.hadoop#hadoop-common;2.7.0 in spark-list
[2019-07-01 17:38:10,751] {base_task_runner.py:101} INFO - Job 21: Subtask Stop_execution 	found org.apache.hadoop#hadoop-annotations;2.7.0 in central
[2019-07-01 17:38:10,789] {base_task_runner.py:101} INFO - Job 21: Subtask Stop_execution 	found com.google.guava#guava;11.0.2 in central
[2019-07-01 17:38:10,831] {base_task_runner.py:101} INFO - Job 21: Subtask Stop_execution 	found com.google.code.findbugs#jsr305;3.0.0 in central
[2019-07-01 17:38:10,863] {base_task_runner.py:101} INFO - Job 21: Subtask Stop_execution 	found commons-cli#commons-cli;1.2 in spark-list
[2019-07-01 17:38:10,883] {base_task_runner.py:101} INFO - Job 21: Subtask Stop_execution 	found org.apache.commons#commons-math3;3.1.1 in central
[2019-07-01 17:38:10,900] {base_task_runner.py:101} INFO - Job 21: Subtask Stop_execution 	found xmlenc#xmlenc;0.52 in spark-list
[2019-07-01 17:38:10,917] {base_task_runner.py:101} INFO - Job 21: Subtask Stop_execution 	found commons-httpclient#commons-httpclient;3.1 in central
[2019-07-01 17:38:10,936] {base_task_runner.py:101} INFO - Job 21: Subtask Stop_execution 	found commons-logging#commons-logging;1.1.3 in central
[2019-07-01 17:38:10,952] {base_task_runner.py:101} INFO - Job 21: Subtask Stop_execution 	found commons-codec#commons-codec;1.4 in central
[2019-07-01 17:38:10,975] {base_task_runner.py:101} INFO - Job 21: Subtask Stop_execution 	found commons-io#commons-io;2.4 in central
[2019-07-01 17:38:10,998] {base_task_runner.py:101} INFO - Job 21: Subtask Stop_execution 	found commons-net#commons-net;3.1 in central
[2019-07-01 17:38:11,017] {base_task_runner.py:101} INFO - Job 21: Subtask Stop_execution 	found commons-collections#commons-collections;3.2.1 in central
[2019-07-01 17:38:11,032] {base_task_runner.py:101} INFO - Job 21: Subtask Stop_execution 	found javax.servlet#servlet-api;2.5 in central
[2019-07-01 17:38:11,047] {base_task_runner.py:101} INFO - Job 21: Subtask Stop_execution 	found org.mortbay.jetty#jetty;6.1.26 in spark-list
[2019-07-01 17:38:11,061] {base_task_runner.py:101} INFO - Job 21: Subtask Stop_execution 	found org.mortbay.jetty#jetty-util;6.1.26 in central
[2019-07-01 17:38:11,075] {base_task_runner.py:101} INFO - Job 21: Subtask Stop_execution 	found com.sun.jersey#jersey-core;1.9 in central
[2019-07-01 17:38:11,089] {base_task_runner.py:101} INFO - Job 21: Subtask Stop_execution 	found com.sun.jersey#jersey-json;1.9 in central
[2019-07-01 17:38:11,104] {base_task_runner.py:101} INFO - Job 21: Subtask Stop_execution 	found org.codehaus.jettison#jettison;1.1 in central
[2019-07-01 17:38:11,121] {base_task_runner.py:101} INFO - Job 21: Subtask Stop_execution 	found com.sun.xml.bind#jaxb-impl;2.2.3-1 in central
[2019-07-01 17:38:11,135] {base_task_runner.py:101} INFO - Job 21: Subtask Stop_execution 	found javax.xml.bind#jaxb-api;2.2.2 in central
[2019-07-01 17:38:11,152] {base_task_runner.py:101} INFO - Job 21: Subtask Stop_execution 	found javax.xml.stream#stax-api;1.0-2 in central
[2019-07-01 17:38:11,167] {base_task_runner.py:101} INFO - Job 21: Subtask Stop_execution 	found javax.activation#activation;1.1 in central
[2019-07-01 17:38:11,183] {base_task_runner.py:101} INFO - Job 21: Subtask Stop_execution 	found org.codehaus.jackson#jackson-core-asl;1.9.13 in central
[2019-07-01 17:38:11,202] {base_task_runner.py:101} INFO - Job 21: Subtask Stop_execution 	found org.codehaus.jackson#jackson-mapper-asl;1.9.13 in central
[2019-07-01 17:38:11,220] {base_task_runner.py:101} INFO - Job 21: Subtask Stop_execution 	found org.codehaus.jackson#jackson-jaxrs;1.9.13 in central
[2019-07-01 17:38:11,246] {base_task_runner.py:101} INFO - Job 21: Subtask Stop_execution 	found org.codehaus.jackson#jackson-xc;1.9.13 in central
[2019-07-01 17:38:11,275] {base_task_runner.py:101} INFO - Job 21: Subtask Stop_execution 	found com.sun.jersey#jersey-server;1.9 in central
[2019-07-01 17:38:11,312] {base_task_runner.py:101} INFO - Job 21: Subtask Stop_execution 	found asm#asm;3.2 in spark-list
[2019-07-01 17:38:11,330] {base_task_runner.py:101} INFO - Job 21: Subtask Stop_execution 	found log4j#log4j;1.2.17 in central
[2019-07-01 17:38:11,345] {base_task_runner.py:101} INFO - Job 21: Subtask Stop_execution 	found net.java.dev.jets3t#jets3t;0.9.0 in central
[2019-07-01 17:38:11,363] {base_task_runner.py:101} INFO - Job 21: Subtask Stop_execution 	found org.apache.httpcomponents#httpclient;4.2.5 in central
[2019-07-01 17:38:11,376] {base_task_runner.py:101} INFO - Job 21: Subtask Stop_execution 	found org.apache.httpcomponents#httpcore;4.2.5 in central
[2019-07-01 17:38:11,388] {base_task_runner.py:101} INFO - Job 21: Subtask Stop_execution 	found com.jamesmurty.utils#java-xmlbuilder;0.4 in central
[2019-07-01 17:38:11,399] {base_task_runner.py:101} INFO - Job 21: Subtask Stop_execution 	found commons-lang#commons-lang;2.6 in central
[2019-07-01 17:38:11,411] {base_task_runner.py:101} INFO - Job 21: Subtask Stop_execution 	found commons-configuration#commons-configuration;1.6 in central
[2019-07-01 17:38:11,433] {base_task_runner.py:101} INFO - Job 21: Subtask Stop_execution 	found commons-digester#commons-digester;1.8 in spark-list
[2019-07-01 17:38:11,445] {base_task_runner.py:101} INFO - Job 21: Subtask Stop_execution 	found commons-beanutils#commons-beanutils;1.7.0 in central
[2019-07-01 17:38:11,458] {base_task_runner.py:101} INFO - Job 21: Subtask Stop_execution 	found commons-beanutils#commons-beanutils-core;1.8.0 in central
[2019-07-01 17:38:11,470] {base_task_runner.py:101} INFO - Job 21: Subtask Stop_execution 	found org.slf4j#slf4j-api;1.7.10 in spark-list
[2019-07-01 17:38:11,481] {base_task_runner.py:101} INFO - Job 21: Subtask Stop_execution 	found org.apache.avro#avro;1.7.4 in central
[2019-07-01 17:38:11,500] {base_task_runner.py:101} INFO - Job 21: Subtask Stop_execution 	found com.thoughtworks.paranamer#paranamer;2.3 in central
[2019-07-01 17:38:11,511] {base_task_runner.py:101} INFO - Job 21: Subtask Stop_execution 	found org.xerial.snappy#snappy-java;1.0.4.1 in central
[2019-07-01 17:38:11,521] {base_task_runner.py:101} INFO - Job 21: Subtask Stop_execution 	found org.apache.commons#commons-compress;1.4.1 in central
[2019-07-01 17:38:11,549] {base_task_runner.py:101} INFO - Job 21: Subtask Stop_execution 	found org.tukaani#xz;1.0 in central
[2019-07-01 17:38:11,559] {base_task_runner.py:101} INFO - Job 21: Subtask Stop_execution 	found com.google.protobuf#protobuf-java;2.5.0 in central
[2019-07-01 17:38:11,568] {base_task_runner.py:101} INFO - Job 21: Subtask Stop_execution 	found com.google.code.gson#gson;2.2.4 in central
[2019-07-01 17:38:11,585] {base_task_runner.py:101} INFO - Job 21: Subtask Stop_execution 	found org.apache.hadoop#hadoop-auth;2.7.0 in central
[2019-07-01 17:38:11,601] {base_task_runner.py:101} INFO - Job 21: Subtask Stop_execution 	found org.apache.directory.server#apacheds-kerberos-codec;2.0.0-M15 in central
[2019-07-01 17:38:11,615] {base_task_runner.py:101} INFO - Job 21: Subtask Stop_execution 	found org.apache.directory.server#apacheds-i18n;2.0.0-M15 in central
[2019-07-01 17:38:11,628] {base_task_runner.py:101} INFO - Job 21: Subtask Stop_execution 	found org.apache.directory.api#api-asn1-api;1.0.0-M20 in central
[2019-07-01 17:38:11,640] {base_task_runner.py:101} INFO - Job 21: Subtask Stop_execution 	found org.apache.directory.api#api-util;1.0.0-M20 in central
[2019-07-01 17:38:11,651] {base_task_runner.py:101} INFO - Job 21: Subtask Stop_execution 	found org.apache.zookeeper#zookeeper;3.4.6 in central
[2019-07-01 17:38:11,663] {base_task_runner.py:101} INFO - Job 21: Subtask Stop_execution 	found org.slf4j#slf4j-log4j12;1.7.10 in central
[2019-07-01 17:38:11,677] {base_task_runner.py:101} INFO - Job 21: Subtask Stop_execution 	found io.netty#netty;3.6.2.Final in central
[2019-07-01 17:38:11,689] {base_task_runner.py:101} INFO - Job 21: Subtask Stop_execution 	found org.apache.curator#curator-framework;2.7.1 in spark-list
[2019-07-01 17:38:11,700] {base_task_runner.py:101} INFO - Job 21: Subtask Stop_execution 	found org.apache.curator#curator-client;2.7.1 in spark-list
[2019-07-01 17:38:11,718] {base_task_runner.py:101} INFO - Job 21: Subtask Stop_execution 	found com.jcraft#jsch;0.1.42 in central
[2019-07-01 17:38:11,732] {base_task_runner.py:101} INFO - Job 21: Subtask Stop_execution 	found org.apache.curator#curator-recipes;2.7.1 in central
[2019-07-01 17:38:11,744] {base_task_runner.py:101} INFO - Job 21: Subtask Stop_execution 	found org.apache.htrace#htrace-core;3.1.0-incubating in central
[2019-07-01 17:38:11,767] {base_task_runner.py:101} INFO - Job 21: Subtask Stop_execution 	found javax.servlet.jsp#jsp-api;2.1 in central
[2019-07-01 17:38:11,810] {base_task_runner.py:101} INFO - Job 21: Subtask Stop_execution 	found jline#jline;0.9.94 in central
[2019-07-01 17:38:11,834] {base_task_runner.py:101} INFO - Job 21: Subtask Stop_execution 	found junit#junit;4.11 in central
[2019-07-01 17:38:11,857] {base_task_runner.py:101} INFO - Job 21: Subtask Stop_execution 	found org.hamcrest#hamcrest-core;1.3 in central
[2019-07-01 17:38:11,873] {base_task_runner.py:101} INFO - Job 21: Subtask Stop_execution 	found com.fasterxml.jackson.core#jackson-databind;2.2.3 in central
[2019-07-01 17:38:11,887] {base_task_runner.py:101} INFO - Job 21: Subtask Stop_execution 	found com.fasterxml.jackson.core#jackson-annotations;2.2.3 in central
[2019-07-01 17:38:11,898] {base_task_runner.py:101} INFO - Job 21: Subtask Stop_execution 	found com.fasterxml.jackson.core#jackson-core;2.2.3 in central
[2019-07-01 17:38:11,913] {base_task_runner.py:101} INFO - Job 21: Subtask Stop_execution 	found com.amazonaws#aws-java-sdk;1.7.4 in central
[2019-07-01 17:38:13,884] {base_task_runner.py:101} INFO - Job 21: Subtask Stop_execution 	found joda-time#joda-time;2.10.2 in central
[2019-07-01 17:38:13,884] {base_task_runner.py:101} INFO - Job 21: Subtask Stop_execution 	[2.10.2] joda-time#joda-time;[2.2,)
[2019-07-01 17:38:13,960] {base_task_runner.py:101} INFO - Job 21: Subtask Stop_execution :: resolution report :: resolve 3516ms :: artifacts dl 45ms
[2019-07-01 17:38:13,960] {base_task_runner.py:101} INFO - Job 21: Subtask Stop_execution 	:: modules in use:
[2019-07-01 17:38:13,960] {base_task_runner.py:101} INFO - Job 21: Subtask Stop_execution 	asm#asm;3.2 from spark-list in [default]
[2019-07-01 17:38:13,960] {base_task_runner.py:101} INFO - Job 21: Subtask Stop_execution 	com.amazonaws#aws-java-sdk;1.7.4 from central in [default]
[2019-07-01 17:38:13,960] {base_task_runner.py:101} INFO - Job 21: Subtask Stop_execution 	com.fasterxml.jackson.core#jackson-annotations;2.2.3 from central in [default]
[2019-07-01 17:38:13,960] {base_task_runner.py:101} INFO - Job 21: Subtask Stop_execution 	com.fasterxml.jackson.core#jackson-core;2.2.3 from central in [default]
[2019-07-01 17:38:13,960] {base_task_runner.py:101} INFO - Job 21: Subtask Stop_execution 	com.fasterxml.jackson.core#jackson-databind;2.2.3 from central in [default]
[2019-07-01 17:38:13,961] {base_task_runner.py:101} INFO - Job 21: Subtask Stop_execution 	com.google.code.findbugs#jsr305;3.0.0 from central in [default]
[2019-07-01 17:38:13,961] {base_task_runner.py:101} INFO - Job 21: Subtask Stop_execution 	com.google.code.gson#gson;2.2.4 from central in [default]
[2019-07-01 17:38:13,961] {base_task_runner.py:101} INFO - Job 21: Subtask Stop_execution 	com.google.guava#guava;11.0.2 from central in [default]
[2019-07-01 17:38:13,961] {base_task_runner.py:101} INFO - Job 21: Subtask Stop_execution 	com.google.protobuf#protobuf-java;2.5.0 from central in [default]
[2019-07-01 17:38:13,961] {base_task_runner.py:101} INFO - Job 21: Subtask Stop_execution 	com.jamesmurty.utils#java-xmlbuilder;0.4 from central in [default]
[2019-07-01 17:38:13,961] {base_task_runner.py:101} INFO - Job 21: Subtask Stop_execution 	com.jcraft#jsch;0.1.42 from central in [default]
[2019-07-01 17:38:13,961] {base_task_runner.py:101} INFO - Job 21: Subtask Stop_execution 	com.sun.jersey#jersey-core;1.9 from central in [default]
[2019-07-01 17:38:13,961] {base_task_runner.py:101} INFO - Job 21: Subtask Stop_execution 	com.sun.jersey#jersey-json;1.9 from central in [default]
[2019-07-01 17:38:13,961] {base_task_runner.py:101} INFO - Job 21: Subtask Stop_execution 	com.sun.jersey#jersey-server;1.9 from central in [default]
[2019-07-01 17:38:13,961] {base_task_runner.py:101} INFO - Job 21: Subtask Stop_execution 	com.sun.xml.bind#jaxb-impl;2.2.3-1 from central in [default]
[2019-07-01 17:38:13,961] {base_task_runner.py:101} INFO - Job 21: Subtask Stop_execution 	com.thoughtworks.paranamer#paranamer;2.3 from central in [default]
[2019-07-01 17:38:13,961] {base_task_runner.py:101} INFO - Job 21: Subtask Stop_execution 	commons-beanutils#commons-beanutils;1.7.0 from central in [default]
[2019-07-01 17:38:13,961] {base_task_runner.py:101} INFO - Job 21: Subtask Stop_execution 	commons-beanutils#commons-beanutils-core;1.8.0 from central in [default]
[2019-07-01 17:38:13,961] {base_task_runner.py:101} INFO - Job 21: Subtask Stop_execution 	commons-cli#commons-cli;1.2 from spark-list in [default]
[2019-07-01 17:38:13,962] {base_task_runner.py:101} INFO - Job 21: Subtask Stop_execution 	commons-codec#commons-codec;1.4 from central in [default]
[2019-07-01 17:38:13,962] {base_task_runner.py:101} INFO - Job 21: Subtask Stop_execution 	commons-collections#commons-collections;3.2.1 from central in [default]
[2019-07-01 17:38:13,962] {base_task_runner.py:101} INFO - Job 21: Subtask Stop_execution 	commons-configuration#commons-configuration;1.6 from central in [default]
[2019-07-01 17:38:13,962] {base_task_runner.py:101} INFO - Job 21: Subtask Stop_execution 	commons-digester#commons-digester;1.8 from spark-list in [default]
[2019-07-01 17:38:13,962] {base_task_runner.py:101} INFO - Job 21: Subtask Stop_execution 	commons-httpclient#commons-httpclient;3.1 from central in [default]
[2019-07-01 17:38:13,962] {base_task_runner.py:101} INFO - Job 21: Subtask Stop_execution 	commons-io#commons-io;2.4 from central in [default]
[2019-07-01 17:38:13,962] {base_task_runner.py:101} INFO - Job 21: Subtask Stop_execution 	commons-lang#commons-lang;2.6 from central in [default]
[2019-07-01 17:38:13,962] {base_task_runner.py:101} INFO - Job 21: Subtask Stop_execution 	commons-logging#commons-logging;1.1.3 from central in [default]
[2019-07-01 17:38:13,962] {base_task_runner.py:101} INFO - Job 21: Subtask Stop_execution 	commons-net#commons-net;3.1 from central in [default]
[2019-07-01 17:38:13,962] {base_task_runner.py:101} INFO - Job 21: Subtask Stop_execution 	io.netty#netty;3.6.2.Final from central in [default]
[2019-07-01 17:38:13,962] {base_task_runner.py:101} INFO - Job 21: Subtask Stop_execution 	javax.activation#activation;1.1 from central in [default]
[2019-07-01 17:38:13,962] {base_task_runner.py:101} INFO - Job 21: Subtask Stop_execution 	javax.servlet#servlet-api;2.5 from central in [default]
[2019-07-01 17:38:13,963] {base_task_runner.py:101} INFO - Job 21: Subtask Stop_execution 	javax.servlet.jsp#jsp-api;2.1 from central in [default]
[2019-07-01 17:38:13,963] {base_task_runner.py:101} INFO - Job 21: Subtask Stop_execution 	javax.xml.bind#jaxb-api;2.2.2 from central in [default]
[2019-07-01 17:38:13,963] {base_task_runner.py:101} INFO - Job 21: Subtask Stop_execution 	javax.xml.stream#stax-api;1.0-2 from central in [default]
[2019-07-01 17:38:13,963] {base_task_runner.py:101} INFO - Job 21: Subtask Stop_execution 	jline#jline;0.9.94 from central in [default]
[2019-07-01 17:38:13,963] {base_task_runner.py:101} INFO - Job 21: Subtask Stop_execution 	joda-time#joda-time;2.10.2 from central in [default]
[2019-07-01 17:38:13,963] {base_task_runner.py:101} INFO - Job 21: Subtask Stop_execution 	junit#junit;4.11 from central in [default]
[2019-07-01 17:38:13,963] {base_task_runner.py:101} INFO - Job 21: Subtask Stop_execution 	log4j#log4j;1.2.17 from central in [default]
[2019-07-01 17:38:13,963] {base_task_runner.py:101} INFO - Job 21: Subtask Stop_execution 	net.java.dev.jets3t#jets3t;0.9.0 from central in [default]
[2019-07-01 17:38:13,963] {base_task_runner.py:101} INFO - Job 21: Subtask Stop_execution 	org.apache.avro#avro;1.7.4 from central in [default]
[2019-07-01 17:38:13,963] {base_task_runner.py:101} INFO - Job 21: Subtask Stop_execution 	org.apache.commons#commons-compress;1.4.1 from central in [default]
[2019-07-01 17:38:13,963] {base_task_runner.py:101} INFO - Job 21: Subtask Stop_execution 	org.apache.commons#commons-math3;3.1.1 from central in [default]
[2019-07-01 17:38:13,963] {base_task_runner.py:101} INFO - Job 21: Subtask Stop_execution 	org.apache.curator#curator-client;2.7.1 from spark-list in [default]
[2019-07-01 17:38:13,963] {base_task_runner.py:101} INFO - Job 21: Subtask Stop_execution 	org.apache.curator#curator-framework;2.7.1 from spark-list in [default]
[2019-07-01 17:38:13,963] {base_task_runner.py:101} INFO - Job 21: Subtask Stop_execution 	org.apache.curator#curator-recipes;2.7.1 from central in [default]
[2019-07-01 17:38:13,964] {base_task_runner.py:101} INFO - Job 21: Subtask Stop_execution 	org.apache.directory.api#api-asn1-api;1.0.0-M20 from central in [default]
[2019-07-01 17:38:13,964] {base_task_runner.py:101} INFO - Job 21: Subtask Stop_execution 	org.apache.directory.api#api-util;1.0.0-M20 from central in [default]
[2019-07-01 17:38:13,964] {base_task_runner.py:101} INFO - Job 21: Subtask Stop_execution 	org.apache.directory.server#apacheds-i18n;2.0.0-M15 from central in [default]
[2019-07-01 17:38:13,964] {base_task_runner.py:101} INFO - Job 21: Subtask Stop_execution 	org.apache.directory.server#apacheds-kerberos-codec;2.0.0-M15 from central in [default]
[2019-07-01 17:38:13,964] {base_task_runner.py:101} INFO - Job 21: Subtask Stop_execution 	org.apache.hadoop#hadoop-annotations;2.7.0 from central in [default]
[2019-07-01 17:38:13,964] {base_task_runner.py:101} INFO - Job 21: Subtask Stop_execution 	org.apache.hadoop#hadoop-auth;2.7.0 from central in [default]
[2019-07-01 17:38:13,964] {base_task_runner.py:101} INFO - Job 21: Subtask Stop_execution 	org.apache.hadoop#hadoop-aws;2.7.0 from spark-list in [default]
[2019-07-01 17:38:13,964] {base_task_runner.py:101} INFO - Job 21: Subtask Stop_execution 	org.apache.hadoop#hadoop-common;2.7.0 from spark-list in [default]
[2019-07-01 17:38:13,964] {base_task_runner.py:101} INFO - Job 21: Subtask Stop_execution 	org.apache.htrace#htrace-core;3.1.0-incubating from central in [default]
[2019-07-01 17:38:13,964] {base_task_runner.py:101} INFO - Job 21: Subtask Stop_execution 	org.apache.httpcomponents#httpclient;4.2.5 from central in [default]
[2019-07-01 17:38:13,964] {base_task_runner.py:101} INFO - Job 21: Subtask Stop_execution 	org.apache.httpcomponents#httpcore;4.2.5 from central in [default]
[2019-07-01 17:38:13,964] {base_task_runner.py:101} INFO - Job 21: Subtask Stop_execution 	org.apache.zookeeper#zookeeper;3.4.6 from central in [default]
[2019-07-01 17:38:13,965] {base_task_runner.py:101} INFO - Job 21: Subtask Stop_execution 	org.codehaus.jackson#jackson-core-asl;1.9.13 from central in [default]
[2019-07-01 17:38:13,965] {base_task_runner.py:101} INFO - Job 21: Subtask Stop_execution 	org.codehaus.jackson#jackson-jaxrs;1.9.13 from central in [default]
[2019-07-01 17:38:13,965] {base_task_runner.py:101} INFO - Job 21: Subtask Stop_execution 	org.codehaus.jackson#jackson-mapper-asl;1.9.13 from central in [default]
[2019-07-01 17:38:13,965] {base_task_runner.py:101} INFO - Job 21: Subtask Stop_execution 	org.codehaus.jackson#jackson-xc;1.9.13 from central in [default]
[2019-07-01 17:38:13,965] {base_task_runner.py:101} INFO - Job 21: Subtask Stop_execution 	org.codehaus.jettison#jettison;1.1 from central in [default]
[2019-07-01 17:38:13,965] {base_task_runner.py:101} INFO - Job 21: Subtask Stop_execution 	org.hamcrest#hamcrest-core;1.3 from central in [default]
[2019-07-01 17:38:13,965] {base_task_runner.py:101} INFO - Job 21: Subtask Stop_execution 	org.mortbay.jetty#jetty;6.1.26 from spark-list in [default]
[2019-07-01 17:38:13,965] {base_task_runner.py:101} INFO - Job 21: Subtask Stop_execution 	org.mortbay.jetty#jetty-util;6.1.26 from central in [default]
[2019-07-01 17:38:13,965] {base_task_runner.py:101} INFO - Job 21: Subtask Stop_execution 	org.slf4j#slf4j-api;1.7.10 from spark-list in [default]
[2019-07-01 17:38:13,965] {base_task_runner.py:101} INFO - Job 21: Subtask Stop_execution 	org.slf4j#slf4j-log4j12;1.7.10 from central in [default]
[2019-07-01 17:38:13,965] {base_task_runner.py:101} INFO - Job 21: Subtask Stop_execution 	org.tukaani#xz;1.0 from central in [default]
[2019-07-01 17:38:13,965] {base_task_runner.py:101} INFO - Job 21: Subtask Stop_execution 	org.xerial.snappy#snappy-java;1.0.4.1 from central in [default]
[2019-07-01 17:38:13,965] {base_task_runner.py:101} INFO - Job 21: Subtask Stop_execution 	xmlenc#xmlenc;0.52 from spark-list in [default]
[2019-07-01 17:38:13,965] {base_task_runner.py:101} INFO - Job 21: Subtask Stop_execution 	---------------------------------------------------------------------
[2019-07-01 17:38:13,965] {base_task_runner.py:101} INFO - Job 21: Subtask Stop_execution 	|                  |            modules            ||   artifacts   |
[2019-07-01 17:38:13,966] {base_task_runner.py:101} INFO - Job 21: Subtask Stop_execution 	|       conf       | number| search|dwnlded|evicted|| number|dwnlded|
[2019-07-01 17:38:13,966] {base_task_runner.py:101} INFO - Job 21: Subtask Stop_execution 	---------------------------------------------------------------------
[2019-07-01 17:38:13,966] {base_task_runner.py:101} INFO - Job 21: Subtask Stop_execution 	|      default     |   70  |   1   |   0   |   0   ||   70  |   0   |
[2019-07-01 17:38:13,966] {base_task_runner.py:101} INFO - Job 21: Subtask Stop_execution 	---------------------------------------------------------------------
[2019-07-01 17:38:13,978] {base_task_runner.py:101} INFO - Job 21: Subtask Stop_execution :: retrieving :: org.apache.spark#spark-submit-parent-60c316dc-ba25-4cf0-8178-6c23707247e5
[2019-07-01 17:38:13,978] {base_task_runner.py:101} INFO - Job 21: Subtask Stop_execution 	confs: [default]
[2019-07-01 17:38:14,001] {base_task_runner.py:101} INFO - Job 21: Subtask Stop_execution 	0 artifacts copied, 70 already retrieved (0kB/21ms)
[2019-07-01 17:38:14,499] {base_task_runner.py:101} INFO - Job 21: Subtask Stop_execution 19/07/01 17:38:14 WARN NativeCodeLoader: Unable to load native-hadoop library for your platform... using builtin-java classes where applicable
[2019-07-01 17:38:15,001] {base_task_runner.py:101} INFO - Job 21: Subtask Stop_execution Using Spark's default log4j profile: org/apache/spark/log4j-defaults.properties
[2019-07-01 17:38:15,001] {base_task_runner.py:101} INFO - Job 21: Subtask Stop_execution Setting default log level to "WARN".
[2019-07-01 17:38:15,002] {base_task_runner.py:101} INFO - Job 21: Subtask Stop_execution To adjust logging level use sc.setLogLevel(newLevel). For SparkR, use setLogLevel(newLevel).
[2019-07-01 17:38:16,013] {base_task_runner.py:101} INFO - Job 21: Subtask Stop_execution 19/07/01 17:38:16 WARN Utils: Service 'SparkUI' could not bind on port 4040. Attempting port 4041.
[2019-07-01 17:38:16,014] {base_task_runner.py:101} INFO - Job 21: Subtask Stop_execution 19/07/01 17:38:16 WARN Utils: Service 'SparkUI' could not bind on port 4041. Attempting port 4042.
[2019-07-01 17:38:16,014] {base_task_runner.py:101} INFO - Job 21: Subtask Stop_execution 19/07/01 17:38:16 WARN Utils: Service 'SparkUI' could not bind on port 4042. Attempting port 4043.
[2019-07-01 17:38:16,014] {base_task_runner.py:101} INFO - Job 21: Subtask Stop_execution 19/07/01 17:38:16 WARN Utils: Service 'SparkUI' could not bind on port 4043. Attempting port 4044.
[2019-07-01 17:38:16,014] {base_task_runner.py:101} INFO - Job 21: Subtask Stop_execution 19/07/01 17:38:16 WARN Utils: Service 'SparkUI' could not bind on port 4044. Attempting port 4045.
[2019-07-01 17:38:16,015] {base_task_runner.py:101} INFO - Job 21: Subtask Stop_execution 19/07/01 17:38:16 WARN Utils: Service 'SparkUI' could not bind on port 4045. Attempting port 4046.
[2019-07-01 17:38:19,268] {base_task_runner.py:101} INFO - Job 21: Subtask Stop_execution [2019-07-01 17:38:19,268] {cli.py:517} INFO - Running <TaskInstance: python_load_dag.Stop_execution 2019-07-01T16:35:40.221942+00:00 [running]> on host Mahdis-MacBook-Pro.local
[2019-07-01 17:38:20,421] {logging_mixin.py:95} INFO - [2019-07-01 17:38:20,418] {jobs.py:2562} INFO - Task exited with return code 0
