[2019-06-30 21:50:25,975] {__init__.py:1139} INFO - Dependencies all met for <TaskInstance: python_load_dag.Stop_execution 2019-06-30T20:48:22.485946+00:00 [queued]>
[2019-06-30 21:50:25,982] {__init__.py:1139} INFO - Dependencies all met for <TaskInstance: python_load_dag.Stop_execution 2019-06-30T20:48:22.485946+00:00 [queued]>
[2019-06-30 21:50:25,982] {__init__.py:1353} INFO - 
--------------------------------------------------------------------------------
[2019-06-30 21:50:25,982] {__init__.py:1354} INFO - Starting attempt 1 of 2
[2019-06-30 21:50:25,982] {__init__.py:1355} INFO - 
--------------------------------------------------------------------------------
[2019-06-30 21:50:25,988] {__init__.py:1374} INFO - Executing <Task(DummyOperator): Stop_execution> on 2019-06-30T20:48:22.485946+00:00
[2019-06-30 21:50:25,989] {base_task_runner.py:119} INFO - Running: ['airflow', 'run', 'python_load_dag', 'Stop_execution', '2019-06-30T20:48:22.485946+00:00', '--job_id', '10', '--raw', '-sd', 'DAGS_FOLDER/spark_dag.py', '--cfg_path', '/var/folders/86/gxqwzx1j5c1dls33km6nj04r0000gn/T/tmpjz2ei5w1']
[2019-06-30 21:50:28,336] {base_task_runner.py:101} INFO - Job 10: Subtask Stop_execution [2019-06-30 21:50:28,335] {__init__.py:51} INFO - Using executor SequentialExecutor
[2019-06-30 21:50:29,154] {base_task_runner.py:101} INFO - Job 10: Subtask Stop_execution [2019-06-30 21:50:29,153] {__init__.py:305} INFO - Filling up the DagBag from /Users/mahdimostafa/airflow/dags/spark_dag.py
[2019-06-30 21:50:30,830] {base_task_runner.py:101} INFO - Job 10: Subtask Stop_execution Ivy Default Cache set to: /Users/mahdimostafa/.ivy2/cache
[2019-06-30 21:50:30,830] {base_task_runner.py:101} INFO - Job 10: Subtask Stop_execution The jars for the packages stored in: /Users/mahdimostafa/.ivy2/jars
[2019-06-30 21:50:30,868] {base_task_runner.py:101} INFO - Job 10: Subtask Stop_execution :: loading settings :: url = jar:file:/Library/Frameworks/Python.framework/Versions/3.6/lib/python3.6/site-packages/pyspark/jars/ivy-2.4.0.jar!/org/apache/ivy/core/settings/ivysettings.xml
[2019-06-30 21:50:30,985] {base_task_runner.py:101} INFO - Job 10: Subtask Stop_execution org.apache.hadoop#hadoop-aws added as a dependency
[2019-06-30 21:50:30,986] {base_task_runner.py:101} INFO - Job 10: Subtask Stop_execution :: resolving dependencies :: org.apache.spark#spark-submit-parent-1ca154b4-49e2-4053-89e6-9c2501dfb4ad;1.0
[2019-06-30 21:50:30,986] {base_task_runner.py:101} INFO - Job 10: Subtask Stop_execution 	confs: [default]
[2019-06-30 21:50:31,157] {base_task_runner.py:101} INFO - Job 10: Subtask Stop_execution 	found org.apache.hadoop#hadoop-aws;2.7.0 in spark-list
[2019-06-30 21:50:31,241] {base_task_runner.py:101} INFO - Job 10: Subtask Stop_execution 	found org.apache.hadoop#hadoop-common;2.7.0 in spark-list
[2019-06-30 21:50:31,322] {base_task_runner.py:101} INFO - Job 10: Subtask Stop_execution 	found org.apache.hadoop#hadoop-annotations;2.7.0 in central
[2019-06-30 21:50:31,376] {base_task_runner.py:101} INFO - Job 10: Subtask Stop_execution 	found com.google.guava#guava;11.0.2 in central
[2019-06-30 21:50:31,416] {base_task_runner.py:101} INFO - Job 10: Subtask Stop_execution 	found com.google.code.findbugs#jsr305;3.0.0 in central
[2019-06-30 21:50:31,447] {base_task_runner.py:101} INFO - Job 10: Subtask Stop_execution 	found commons-cli#commons-cli;1.2 in central
[2019-06-30 21:50:31,480] {base_task_runner.py:101} INFO - Job 10: Subtask Stop_execution 	found org.apache.commons#commons-math3;3.1.1 in central
[2019-06-30 21:50:31,509] {base_task_runner.py:101} INFO - Job 10: Subtask Stop_execution 	found xmlenc#xmlenc;0.52 in central
[2019-06-30 21:50:31,566] {base_task_runner.py:101} INFO - Job 10: Subtask Stop_execution 	found commons-httpclient#commons-httpclient;3.1 in central
[2019-06-30 21:50:31,609] {base_task_runner.py:101} INFO - Job 10: Subtask Stop_execution 	found commons-logging#commons-logging;1.1.3 in central
[2019-06-30 21:50:31,630] {base_task_runner.py:101} INFO - Job 10: Subtask Stop_execution 	found commons-codec#commons-codec;1.4 in central
[2019-06-30 21:50:31,672] {base_task_runner.py:101} INFO - Job 10: Subtask Stop_execution 	found commons-io#commons-io;2.4 in central
[2019-06-30 21:50:31,685] {base_task_runner.py:101} INFO - Job 10: Subtask Stop_execution 	found commons-net#commons-net;3.1 in central
[2019-06-30 21:50:31,698] {base_task_runner.py:101} INFO - Job 10: Subtask Stop_execution 	found commons-collections#commons-collections;3.2.1 in central
[2019-06-30 21:50:31,715] {base_task_runner.py:101} INFO - Job 10: Subtask Stop_execution 	found javax.servlet#servlet-api;2.5 in central
[2019-06-30 21:50:31,731] {base_task_runner.py:101} INFO - Job 10: Subtask Stop_execution 	found org.mortbay.jetty#jetty;6.1.26 in spark-list
[2019-06-30 21:50:31,758] {base_task_runner.py:101} INFO - Job 10: Subtask Stop_execution 	found org.mortbay.jetty#jetty-util;6.1.26 in central
[2019-06-30 21:50:31,772] {base_task_runner.py:101} INFO - Job 10: Subtask Stop_execution 	found com.sun.jersey#jersey-core;1.9 in central
[2019-06-30 21:50:31,786] {base_task_runner.py:101} INFO - Job 10: Subtask Stop_execution 	found com.sun.jersey#jersey-json;1.9 in central
[2019-06-30 21:50:31,800] {base_task_runner.py:101} INFO - Job 10: Subtask Stop_execution 	found org.codehaus.jettison#jettison;1.1 in central
[2019-06-30 21:50:31,817] {base_task_runner.py:101} INFO - Job 10: Subtask Stop_execution 	found com.sun.xml.bind#jaxb-impl;2.2.3-1 in central
[2019-06-30 21:50:31,830] {base_task_runner.py:101} INFO - Job 10: Subtask Stop_execution 	found javax.xml.bind#jaxb-api;2.2.2 in central
[2019-06-30 21:50:31,850] {base_task_runner.py:101} INFO - Job 10: Subtask Stop_execution 	found javax.xml.stream#stax-api;1.0-2 in central
[2019-06-30 21:50:31,867] {base_task_runner.py:101} INFO - Job 10: Subtask Stop_execution 	found javax.activation#activation;1.1 in central
[2019-06-30 21:50:31,879] {base_task_runner.py:101} INFO - Job 10: Subtask Stop_execution 	found org.codehaus.jackson#jackson-core-asl;1.9.13 in central
[2019-06-30 21:50:31,895] {base_task_runner.py:101} INFO - Job 10: Subtask Stop_execution 	found org.codehaus.jackson#jackson-mapper-asl;1.9.13 in central
[2019-06-30 21:50:31,907] {base_task_runner.py:101} INFO - Job 10: Subtask Stop_execution 	found org.codehaus.jackson#jackson-jaxrs;1.9.13 in central
[2019-06-30 21:50:31,920] {base_task_runner.py:101} INFO - Job 10: Subtask Stop_execution 	found org.codehaus.jackson#jackson-xc;1.9.13 in central
[2019-06-30 21:50:31,937] {base_task_runner.py:101} INFO - Job 10: Subtask Stop_execution 	found com.sun.jersey#jersey-server;1.9 in central
[2019-06-30 21:50:31,973] {base_task_runner.py:101} INFO - Job 10: Subtask Stop_execution 	found asm#asm;3.2 in central
[2019-06-30 21:50:31,984] {base_task_runner.py:101} INFO - Job 10: Subtask Stop_execution 	found log4j#log4j;1.2.17 in central
[2019-06-30 21:50:31,996] {base_task_runner.py:101} INFO - Job 10: Subtask Stop_execution 	found net.java.dev.jets3t#jets3t;0.9.0 in central
[2019-06-30 21:50:32,012] {base_task_runner.py:101} INFO - Job 10: Subtask Stop_execution 	found org.apache.httpcomponents#httpclient;4.2.5 in central
[2019-06-30 21:50:32,024] {base_task_runner.py:101} INFO - Job 10: Subtask Stop_execution 	found org.apache.httpcomponents#httpcore;4.2.5 in central
[2019-06-30 21:50:32,036] {base_task_runner.py:101} INFO - Job 10: Subtask Stop_execution 	found com.jamesmurty.utils#java-xmlbuilder;0.4 in central
[2019-06-30 21:50:32,048] {base_task_runner.py:101} INFO - Job 10: Subtask Stop_execution 	found commons-lang#commons-lang;2.6 in central
[2019-06-30 21:50:32,059] {base_task_runner.py:101} INFO - Job 10: Subtask Stop_execution 	found commons-configuration#commons-configuration;1.6 in central
[2019-06-30 21:50:32,075] {base_task_runner.py:101} INFO - Job 10: Subtask Stop_execution 	found commons-digester#commons-digester;1.8 in spark-list
[2019-06-30 21:50:32,088] {base_task_runner.py:101} INFO - Job 10: Subtask Stop_execution 	found commons-beanutils#commons-beanutils;1.7.0 in central
[2019-06-30 21:50:32,102] {base_task_runner.py:101} INFO - Job 10: Subtask Stop_execution 	found commons-beanutils#commons-beanutils-core;1.8.0 in central
[2019-06-30 21:50:32,114] {base_task_runner.py:101} INFO - Job 10: Subtask Stop_execution 	found org.slf4j#slf4j-api;1.7.10 in spark-list
[2019-06-30 21:50:32,126] {base_task_runner.py:101} INFO - Job 10: Subtask Stop_execution 	found org.apache.avro#avro;1.7.4 in central
[2019-06-30 21:50:32,141] {base_task_runner.py:101} INFO - Job 10: Subtask Stop_execution 	found com.thoughtworks.paranamer#paranamer;2.3 in central
[2019-06-30 21:50:32,153] {base_task_runner.py:101} INFO - Job 10: Subtask Stop_execution 	found org.xerial.snappy#snappy-java;1.0.4.1 in central
[2019-06-30 21:50:32,166] {base_task_runner.py:101} INFO - Job 10: Subtask Stop_execution 	found org.apache.commons#commons-compress;1.4.1 in central
[2019-06-30 21:50:32,177] {base_task_runner.py:101} INFO - Job 10: Subtask Stop_execution 	found org.tukaani#xz;1.0 in central
[2019-06-30 21:50:32,188] {base_task_runner.py:101} INFO - Job 10: Subtask Stop_execution 	found com.google.protobuf#protobuf-java;2.5.0 in central
[2019-06-30 21:50:32,199] {base_task_runner.py:101} INFO - Job 10: Subtask Stop_execution 	found com.google.code.gson#gson;2.2.4 in central
[2019-06-30 21:50:32,221] {base_task_runner.py:101} INFO - Job 10: Subtask Stop_execution 	found org.apache.hadoop#hadoop-auth;2.7.0 in central
[2019-06-30 21:50:32,260] {base_task_runner.py:101} INFO - Job 10: Subtask Stop_execution 	found org.apache.directory.server#apacheds-kerberos-codec;2.0.0-M15 in central
[2019-06-30 21:50:32,281] {base_task_runner.py:101} INFO - Job 10: Subtask Stop_execution 	found org.apache.directory.server#apacheds-i18n;2.0.0-M15 in central
[2019-06-30 21:50:32,324] {base_task_runner.py:101} INFO - Job 10: Subtask Stop_execution 	found org.apache.directory.api#api-asn1-api;1.0.0-M20 in central
[2019-06-30 21:50:32,365] {base_task_runner.py:101} INFO - Job 10: Subtask Stop_execution 	found org.apache.directory.api#api-util;1.0.0-M20 in central
[2019-06-30 21:50:32,393] {base_task_runner.py:101} INFO - Job 10: Subtask Stop_execution 	found org.apache.zookeeper#zookeeper;3.4.6 in central
[2019-06-30 21:50:32,426] {base_task_runner.py:101} INFO - Job 10: Subtask Stop_execution 	found org.slf4j#slf4j-log4j12;1.7.10 in central
[2019-06-30 21:50:32,457] {base_task_runner.py:101} INFO - Job 10: Subtask Stop_execution 	found io.netty#netty;3.6.2.Final in central
[2019-06-30 21:50:32,478] {base_task_runner.py:101} INFO - Job 10: Subtask Stop_execution 	found org.apache.curator#curator-framework;2.7.1 in spark-list
[2019-06-30 21:50:32,524] {base_task_runner.py:101} INFO - Job 10: Subtask Stop_execution 	found org.apache.curator#curator-client;2.7.1 in spark-list
[2019-06-30 21:50:32,567] {base_task_runner.py:101} INFO - Job 10: Subtask Stop_execution 	found com.jcraft#jsch;0.1.42 in central
[2019-06-30 21:50:32,634] {base_task_runner.py:101} INFO - Job 10: Subtask Stop_execution 	found org.apache.curator#curator-recipes;2.7.1 in central
[2019-06-30 21:50:32,647] {base_task_runner.py:101} INFO - Job 10: Subtask Stop_execution 	found org.apache.htrace#htrace-core;3.1.0-incubating in central
[2019-06-30 21:50:32,693] {base_task_runner.py:101} INFO - Job 10: Subtask Stop_execution 	found javax.servlet.jsp#jsp-api;2.1 in central
[2019-06-30 21:50:32,777] {base_task_runner.py:101} INFO - Job 10: Subtask Stop_execution 	found jline#jline;0.9.94 in central
[2019-06-30 21:50:32,794] {base_task_runner.py:101} INFO - Job 10: Subtask Stop_execution 	found junit#junit;4.11 in central
[2019-06-30 21:50:32,832] {base_task_runner.py:101} INFO - Job 10: Subtask Stop_execution 	found org.hamcrest#hamcrest-core;1.3 in central
[2019-06-30 21:50:32,854] {base_task_runner.py:101} INFO - Job 10: Subtask Stop_execution 	found com.fasterxml.jackson.core#jackson-databind;2.2.3 in central
[2019-06-30 21:50:32,862] {base_task_runner.py:101} INFO - Job 10: Subtask Stop_execution 	found com.fasterxml.jackson.core#jackson-annotations;2.2.3 in central
[2019-06-30 21:50:32,870] {base_task_runner.py:101} INFO - Job 10: Subtask Stop_execution 	found com.fasterxml.jackson.core#jackson-core;2.2.3 in central
[2019-06-30 21:50:32,880] {base_task_runner.py:101} INFO - Job 10: Subtask Stop_execution 	found com.amazonaws#aws-java-sdk;1.7.4 in central
[2019-06-30 21:50:33,926] {base_task_runner.py:101} INFO - Job 10: Subtask Stop_execution 	found joda-time#joda-time;2.10.2 in central
[2019-06-30 21:50:33,927] {base_task_runner.py:101} INFO - Job 10: Subtask Stop_execution 	[2.10.2] joda-time#joda-time;[2.2,)
[2019-06-30 21:50:34,011] {base_task_runner.py:101} INFO - Job 10: Subtask Stop_execution :: resolution report :: resolve 2973ms :: artifacts dl 52ms
[2019-06-30 21:50:34,012] {base_task_runner.py:101} INFO - Job 10: Subtask Stop_execution 	:: modules in use:
[2019-06-30 21:50:34,014] {base_task_runner.py:101} INFO - Job 10: Subtask Stop_execution 	asm#asm;3.2 from central in [default]
[2019-06-30 21:50:34,014] {base_task_runner.py:101} INFO - Job 10: Subtask Stop_execution 	com.amazonaws#aws-java-sdk;1.7.4 from central in [default]
[2019-06-30 21:50:34,016] {base_task_runner.py:101} INFO - Job 10: Subtask Stop_execution 	com.fasterxml.jackson.core#jackson-annotations;2.2.3 from central in [default]
[2019-06-30 21:50:34,017] {base_task_runner.py:101} INFO - Job 10: Subtask Stop_execution 	com.fasterxml.jackson.core#jackson-core;2.2.3 from central in [default]
[2019-06-30 21:50:34,017] {base_task_runner.py:101} INFO - Job 10: Subtask Stop_execution 	com.fasterxml.jackson.core#jackson-databind;2.2.3 from central in [default]
[2019-06-30 21:50:34,017] {base_task_runner.py:101} INFO - Job 10: Subtask Stop_execution 	com.google.code.findbugs#jsr305;3.0.0 from central in [default]
[2019-06-30 21:50:34,017] {base_task_runner.py:101} INFO - Job 10: Subtask Stop_execution 	com.google.code.gson#gson;2.2.4 from central in [default]
[2019-06-30 21:50:34,017] {base_task_runner.py:101} INFO - Job 10: Subtask Stop_execution 	com.google.guava#guava;11.0.2 from central in [default]
[2019-06-30 21:50:34,017] {base_task_runner.py:101} INFO - Job 10: Subtask Stop_execution 	com.google.protobuf#protobuf-java;2.5.0 from central in [default]
[2019-06-30 21:50:34,017] {base_task_runner.py:101} INFO - Job 10: Subtask Stop_execution 	com.jamesmurty.utils#java-xmlbuilder;0.4 from central in [default]
[2019-06-30 21:50:34,017] {base_task_runner.py:101} INFO - Job 10: Subtask Stop_execution 	com.jcraft#jsch;0.1.42 from central in [default]
[2019-06-30 21:50:34,018] {base_task_runner.py:101} INFO - Job 10: Subtask Stop_execution 	com.sun.jersey#jersey-core;1.9 from central in [default]
[2019-06-30 21:50:34,018] {base_task_runner.py:101} INFO - Job 10: Subtask Stop_execution 	com.sun.jersey#jersey-json;1.9 from central in [default]
[2019-06-30 21:50:34,018] {base_task_runner.py:101} INFO - Job 10: Subtask Stop_execution 	com.sun.jersey#jersey-server;1.9 from central in [default]
[2019-06-30 21:50:34,018] {base_task_runner.py:101} INFO - Job 10: Subtask Stop_execution 	com.sun.xml.bind#jaxb-impl;2.2.3-1 from central in [default]
[2019-06-30 21:50:34,018] {base_task_runner.py:101} INFO - Job 10: Subtask Stop_execution 	com.thoughtworks.paranamer#paranamer;2.3 from central in [default]
[2019-06-30 21:50:34,018] {base_task_runner.py:101} INFO - Job 10: Subtask Stop_execution 	commons-beanutils#commons-beanutils;1.7.0 from central in [default]
[2019-06-30 21:50:34,018] {base_task_runner.py:101} INFO - Job 10: Subtask Stop_execution 	commons-beanutils#commons-beanutils-core;1.8.0 from central in [default]
[2019-06-30 21:50:34,018] {base_task_runner.py:101} INFO - Job 10: Subtask Stop_execution 	commons-cli#commons-cli;1.2 from central in [default]
[2019-06-30 21:50:34,018] {base_task_runner.py:101} INFO - Job 10: Subtask Stop_execution 	commons-codec#commons-codec;1.4 from central in [default]
[2019-06-30 21:50:34,019] {base_task_runner.py:101} INFO - Job 10: Subtask Stop_execution 	commons-collections#commons-collections;3.2.1 from central in [default]
[2019-06-30 21:50:34,019] {base_task_runner.py:101} INFO - Job 10: Subtask Stop_execution 	commons-configuration#commons-configuration;1.6 from central in [default]
[2019-06-30 21:50:34,019] {base_task_runner.py:101} INFO - Job 10: Subtask Stop_execution 	commons-digester#commons-digester;1.8 from spark-list in [default]
[2019-06-30 21:50:34,019] {base_task_runner.py:101} INFO - Job 10: Subtask Stop_execution 	commons-httpclient#commons-httpclient;3.1 from central in [default]
[2019-06-30 21:50:34,019] {base_task_runner.py:101} INFO - Job 10: Subtask Stop_execution 	commons-io#commons-io;2.4 from central in [default]
[2019-06-30 21:50:34,019] {base_task_runner.py:101} INFO - Job 10: Subtask Stop_execution 	commons-lang#commons-lang;2.6 from central in [default]
[2019-06-30 21:50:34,019] {base_task_runner.py:101} INFO - Job 10: Subtask Stop_execution 	commons-logging#commons-logging;1.1.3 from central in [default]
[2019-06-30 21:50:34,019] {base_task_runner.py:101} INFO - Job 10: Subtask Stop_execution 	commons-net#commons-net;3.1 from central in [default]
[2019-06-30 21:50:34,019] {base_task_runner.py:101} INFO - Job 10: Subtask Stop_execution 	io.netty#netty;3.6.2.Final from central in [default]
[2019-06-30 21:50:34,019] {base_task_runner.py:101} INFO - Job 10: Subtask Stop_execution 	javax.activation#activation;1.1 from central in [default]
[2019-06-30 21:50:34,019] {base_task_runner.py:101} INFO - Job 10: Subtask Stop_execution 	javax.servlet#servlet-api;2.5 from central in [default]
[2019-06-30 21:50:34,019] {base_task_runner.py:101} INFO - Job 10: Subtask Stop_execution 	javax.servlet.jsp#jsp-api;2.1 from central in [default]
[2019-06-30 21:50:34,019] {base_task_runner.py:101} INFO - Job 10: Subtask Stop_execution 	javax.xml.bind#jaxb-api;2.2.2 from central in [default]
[2019-06-30 21:50:34,020] {base_task_runner.py:101} INFO - Job 10: Subtask Stop_execution 	javax.xml.stream#stax-api;1.0-2 from central in [default]
[2019-06-30 21:50:34,020] {base_task_runner.py:101} INFO - Job 10: Subtask Stop_execution 	jline#jline;0.9.94 from central in [default]
[2019-06-30 21:50:34,020] {base_task_runner.py:101} INFO - Job 10: Subtask Stop_execution 	joda-time#joda-time;2.10.2 from central in [default]
[2019-06-30 21:50:34,020] {base_task_runner.py:101} INFO - Job 10: Subtask Stop_execution 	junit#junit;4.11 from central in [default]
[2019-06-30 21:50:34,020] {base_task_runner.py:101} INFO - Job 10: Subtask Stop_execution 	log4j#log4j;1.2.17 from central in [default]
[2019-06-30 21:50:34,020] {base_task_runner.py:101} INFO - Job 10: Subtask Stop_execution 	net.java.dev.jets3t#jets3t;0.9.0 from central in [default]
[2019-06-30 21:50:34,020] {base_task_runner.py:101} INFO - Job 10: Subtask Stop_execution 	org.apache.avro#avro;1.7.4 from central in [default]
[2019-06-30 21:50:34,020] {base_task_runner.py:101} INFO - Job 10: Subtask Stop_execution 	org.apache.commons#commons-compress;1.4.1 from central in [default]
[2019-06-30 21:50:34,020] {base_task_runner.py:101} INFO - Job 10: Subtask Stop_execution 	org.apache.commons#commons-math3;3.1.1 from central in [default]
[2019-06-30 21:50:34,020] {base_task_runner.py:101} INFO - Job 10: Subtask Stop_execution 	org.apache.curator#curator-client;2.7.1 from spark-list in [default]
[2019-06-30 21:50:34,020] {base_task_runner.py:101} INFO - Job 10: Subtask Stop_execution 	org.apache.curator#curator-framework;2.7.1 from spark-list in [default]
[2019-06-30 21:50:34,020] {base_task_runner.py:101} INFO - Job 10: Subtask Stop_execution 	org.apache.curator#curator-recipes;2.7.1 from central in [default]
[2019-06-30 21:50:34,021] {base_task_runner.py:101} INFO - Job 10: Subtask Stop_execution 	org.apache.directory.api#api-asn1-api;1.0.0-M20 from central in [default]
[2019-06-30 21:50:34,021] {base_task_runner.py:101} INFO - Job 10: Subtask Stop_execution 	org.apache.directory.api#api-util;1.0.0-M20 from central in [default]
[2019-06-30 21:50:34,021] {base_task_runner.py:101} INFO - Job 10: Subtask Stop_execution 	org.apache.directory.server#apacheds-i18n;2.0.0-M15 from central in [default]
[2019-06-30 21:50:34,021] {base_task_runner.py:101} INFO - Job 10: Subtask Stop_execution 	org.apache.directory.server#apacheds-kerberos-codec;2.0.0-M15 from central in [default]
[2019-06-30 21:50:34,021] {base_task_runner.py:101} INFO - Job 10: Subtask Stop_execution 	org.apache.hadoop#hadoop-annotations;2.7.0 from central in [default]
[2019-06-30 21:50:34,021] {base_task_runner.py:101} INFO - Job 10: Subtask Stop_execution 	org.apache.hadoop#hadoop-auth;2.7.0 from central in [default]
[2019-06-30 21:50:34,021] {base_task_runner.py:101} INFO - Job 10: Subtask Stop_execution 	org.apache.hadoop#hadoop-aws;2.7.0 from spark-list in [default]
[2019-06-30 21:50:34,021] {base_task_runner.py:101} INFO - Job 10: Subtask Stop_execution 	org.apache.hadoop#hadoop-common;2.7.0 from spark-list in [default]
[2019-06-30 21:50:34,021] {base_task_runner.py:101} INFO - Job 10: Subtask Stop_execution 	org.apache.htrace#htrace-core;3.1.0-incubating from central in [default]
[2019-06-30 21:50:34,021] {base_task_runner.py:101} INFO - Job 10: Subtask Stop_execution 	org.apache.httpcomponents#httpclient;4.2.5 from central in [default]
[2019-06-30 21:50:34,021] {base_task_runner.py:101} INFO - Job 10: Subtask Stop_execution 	org.apache.httpcomponents#httpcore;4.2.5 from central in [default]
[2019-06-30 21:50:34,021] {base_task_runner.py:101} INFO - Job 10: Subtask Stop_execution 	org.apache.zookeeper#zookeeper;3.4.6 from central in [default]
[2019-06-30 21:50:34,021] {base_task_runner.py:101} INFO - Job 10: Subtask Stop_execution 	org.codehaus.jackson#jackson-core-asl;1.9.13 from central in [default]
[2019-06-30 21:50:34,022] {base_task_runner.py:101} INFO - Job 10: Subtask Stop_execution 	org.codehaus.jackson#jackson-jaxrs;1.9.13 from central in [default]
[2019-06-30 21:50:34,022] {base_task_runner.py:101} INFO - Job 10: Subtask Stop_execution 	org.codehaus.jackson#jackson-mapper-asl;1.9.13 from central in [default]
[2019-06-30 21:50:34,022] {base_task_runner.py:101} INFO - Job 10: Subtask Stop_execution 	org.codehaus.jackson#jackson-xc;1.9.13 from central in [default]
[2019-06-30 21:50:34,022] {base_task_runner.py:101} INFO - Job 10: Subtask Stop_execution 	org.codehaus.jettison#jettison;1.1 from central in [default]
[2019-06-30 21:50:34,022] {base_task_runner.py:101} INFO - Job 10: Subtask Stop_execution 	org.hamcrest#hamcrest-core;1.3 from central in [default]
[2019-06-30 21:50:34,022] {base_task_runner.py:101} INFO - Job 10: Subtask Stop_execution 	org.mortbay.jetty#jetty;6.1.26 from spark-list in [default]
[2019-06-30 21:50:34,022] {base_task_runner.py:101} INFO - Job 10: Subtask Stop_execution 	org.mortbay.jetty#jetty-util;6.1.26 from central in [default]
[2019-06-30 21:50:34,022] {base_task_runner.py:101} INFO - Job 10: Subtask Stop_execution 	org.slf4j#slf4j-api;1.7.10 from spark-list in [default]
[2019-06-30 21:50:34,022] {base_task_runner.py:101} INFO - Job 10: Subtask Stop_execution 	org.slf4j#slf4j-log4j12;1.7.10 from central in [default]
[2019-06-30 21:50:34,022] {base_task_runner.py:101} INFO - Job 10: Subtask Stop_execution 	org.tukaani#xz;1.0 from central in [default]
[2019-06-30 21:50:34,022] {base_task_runner.py:101} INFO - Job 10: Subtask Stop_execution 	org.xerial.snappy#snappy-java;1.0.4.1 from central in [default]
[2019-06-30 21:50:34,022] {base_task_runner.py:101} INFO - Job 10: Subtask Stop_execution 	xmlenc#xmlenc;0.52 from central in [default]
[2019-06-30 21:50:34,022] {base_task_runner.py:101} INFO - Job 10: Subtask Stop_execution 	---------------------------------------------------------------------
[2019-06-30 21:50:34,022] {base_task_runner.py:101} INFO - Job 10: Subtask Stop_execution 	|                  |            modules            ||   artifacts   |
[2019-06-30 21:50:34,023] {base_task_runner.py:101} INFO - Job 10: Subtask Stop_execution 	|       conf       | number| search|dwnlded|evicted|| number|dwnlded|
[2019-06-30 21:50:34,023] {base_task_runner.py:101} INFO - Job 10: Subtask Stop_execution 	---------------------------------------------------------------------
[2019-06-30 21:50:34,023] {base_task_runner.py:101} INFO - Job 10: Subtask Stop_execution 	|      default     |   70  |   1   |   0   |   0   ||   70  |   0   |
[2019-06-30 21:50:34,023] {base_task_runner.py:101} INFO - Job 10: Subtask Stop_execution 	---------------------------------------------------------------------
[2019-06-30 21:50:34,045] {base_task_runner.py:101} INFO - Job 10: Subtask Stop_execution :: retrieving :: org.apache.spark#spark-submit-parent-1ca154b4-49e2-4053-89e6-9c2501dfb4ad
[2019-06-30 21:50:34,045] {base_task_runner.py:101} INFO - Job 10: Subtask Stop_execution 	confs: [default]
[2019-06-30 21:50:34,075] {base_task_runner.py:101} INFO - Job 10: Subtask Stop_execution 	0 artifacts copied, 70 already retrieved (0kB/31ms)
[2019-06-30 21:50:34,542] {base_task_runner.py:101} INFO - Job 10: Subtask Stop_execution 19/06/30 21:50:34 WARN NativeCodeLoader: Unable to load native-hadoop library for your platform... using builtin-java classes where applicable
[2019-06-30 21:50:35,419] {base_task_runner.py:101} INFO - Job 10: Subtask Stop_execution Using Spark's default log4j profile: org/apache/spark/log4j-defaults.properties
[2019-06-30 21:50:35,420] {base_task_runner.py:101} INFO - Job 10: Subtask Stop_execution Setting default log level to "WARN".
[2019-06-30 21:50:35,420] {base_task_runner.py:101} INFO - Job 10: Subtask Stop_execution To adjust logging level use sc.setLogLevel(newLevel). For SparkR, use setLogLevel(newLevel).
[2019-06-30 21:50:36,549] {base_task_runner.py:101} INFO - Job 10: Subtask Stop_execution 19/06/30 21:50:36 WARN Utils: Service 'SparkUI' could not bind on port 4040. Attempting port 4041.
[2019-06-30 21:50:36,550] {base_task_runner.py:101} INFO - Job 10: Subtask Stop_execution 19/06/30 21:50:36 WARN Utils: Service 'SparkUI' could not bind on port 4041. Attempting port 4042.
[2019-06-30 21:50:36,550] {base_task_runner.py:101} INFO - Job 10: Subtask Stop_execution 19/06/30 21:50:36 WARN Utils: Service 'SparkUI' could not bind on port 4042. Attempting port 4043.
[2019-06-30 21:50:36,550] {base_task_runner.py:101} INFO - Job 10: Subtask Stop_execution 19/06/30 21:50:36 WARN Utils: Service 'SparkUI' could not bind on port 4043. Attempting port 4044.
[2019-06-30 21:50:38,621] {base_task_runner.py:101} INFO - Job 10: Subtask Stop_execution [2019-06-30 21:50:38,621] {cli.py:517} INFO - Running <TaskInstance: python_load_dag.Stop_execution 2019-06-30T20:48:22.485946+00:00 [running]> on host Mahdis-MacBook-Pro.local
[2019-06-30 21:50:40,982] {logging_mixin.py:95} INFO - [2019-06-30 21:50:40,979] {jobs.py:2562} INFO - Task exited with return code 0
