[2019-07-05 14:52:20,830] {__init__.py:1139} INFO - Dependencies all met for <TaskInstance: python_load_dag.Stop_execution 2019-07-05T13:47:32.510003+00:00 [queued]>
[2019-07-05 14:52:20,838] {__init__.py:1139} INFO - Dependencies all met for <TaskInstance: python_load_dag.Stop_execution 2019-07-05T13:47:32.510003+00:00 [queued]>
[2019-07-05 14:52:20,838] {__init__.py:1353} INFO - 
--------------------------------------------------------------------------------
[2019-07-05 14:52:20,838] {__init__.py:1354} INFO - Starting attempt 1 of 2
[2019-07-05 14:52:20,838] {__init__.py:1355} INFO - 
--------------------------------------------------------------------------------
[2019-07-05 14:52:20,845] {__init__.py:1374} INFO - Executing <Task(DummyOperator): Stop_execution> on 2019-07-05T13:47:32.510003+00:00
[2019-07-05 14:52:20,845] {base_task_runner.py:119} INFO - Running: ['airflow', 'run', 'python_load_dag', 'Stop_execution', '2019-07-05T13:47:32.510003+00:00', '--job_id', '5', '--raw', '-sd', 'DAGS_FOLDER/spark_dag.py', '--cfg_path', '/var/folders/gl/v_3dc2yn7lb05kcmfb9ppm1r0000gn/T/tmpirg2j2ov']
[2019-07-05 14:52:21,648] {base_task_runner.py:101} INFO - Job 5: Subtask Stop_execution [2019-07-05 14:52:21,647] {__init__.py:51} INFO - Using executor SequentialExecutor
[2019-07-05 14:52:21,849] {base_task_runner.py:101} INFO - Job 5: Subtask Stop_execution [2019-07-05 14:52:21,848] {__init__.py:305} INFO - Filling up the DagBag from /Users/mahdimostafa/airflow/dags/spark_dag.py
[2019-07-05 14:52:23,080] {base_task_runner.py:101} INFO - Job 5: Subtask Stop_execution Ivy Default Cache set to: /Users/mahdimostafa/.ivy2/cache
[2019-07-05 14:52:23,081] {base_task_runner.py:101} INFO - Job 5: Subtask Stop_execution The jars for the packages stored in: /Users/mahdimostafa/.ivy2/jars
[2019-07-05 14:52:23,109] {base_task_runner.py:101} INFO - Job 5: Subtask Stop_execution :: loading settings :: url = jar:file:/Library/Frameworks/Python.framework/Versions/3.6/lib/python3.6/site-packages/pyspark/jars/ivy-2.4.0.jar!/org/apache/ivy/core/settings/ivysettings.xml
[2019-07-05 14:52:23,238] {base_task_runner.py:101} INFO - Job 5: Subtask Stop_execution org.apache.hadoop#hadoop-aws added as a dependency
[2019-07-05 14:52:23,239] {base_task_runner.py:101} INFO - Job 5: Subtask Stop_execution :: resolving dependencies :: org.apache.spark#spark-submit-parent-e90da74f-4b6d-49dd-9eb0-502ff91a7cc3;1.0
[2019-07-05 14:52:23,239] {base_task_runner.py:101} INFO - Job 5: Subtask Stop_execution 	confs: [default]
[2019-07-05 14:52:23,420] {base_task_runner.py:101} INFO - Job 5: Subtask Stop_execution 	found org.apache.hadoop#hadoop-aws;2.7.0 in spark-list
[2019-07-05 14:52:23,485] {base_task_runner.py:101} INFO - Job 5: Subtask Stop_execution 	found org.apache.hadoop#hadoop-common;2.7.0 in central
[2019-07-05 14:52:23,570] {base_task_runner.py:101} INFO - Job 5: Subtask Stop_execution 	found org.apache.hadoop#hadoop-annotations;2.7.0 in central
[2019-07-05 14:52:23,608] {base_task_runner.py:101} INFO - Job 5: Subtask Stop_execution 	found com.google.guava#guava;11.0.2 in central
[2019-07-05 14:52:23,648] {base_task_runner.py:101} INFO - Job 5: Subtask Stop_execution 	found com.google.code.findbugs#jsr305;3.0.0 in central
[2019-07-05 14:52:23,678] {base_task_runner.py:101} INFO - Job 5: Subtask Stop_execution 	found commons-cli#commons-cli;1.2 in central
[2019-07-05 14:52:23,712] {base_task_runner.py:101} INFO - Job 5: Subtask Stop_execution 	found org.apache.commons#commons-math3;3.1.1 in central
[2019-07-05 14:52:23,731] {base_task_runner.py:101} INFO - Job 5: Subtask Stop_execution 	found xmlenc#xmlenc;0.52 in central
[2019-07-05 14:52:23,748] {base_task_runner.py:101} INFO - Job 5: Subtask Stop_execution 	found commons-httpclient#commons-httpclient;3.1 in spark-list
[2019-07-05 14:52:23,768] {base_task_runner.py:101} INFO - Job 5: Subtask Stop_execution 	found commons-logging#commons-logging;1.1.3 in central
[2019-07-05 14:52:23,789] {base_task_runner.py:101} INFO - Job 5: Subtask Stop_execution 	found commons-codec#commons-codec;1.4 in central
[2019-07-05 14:52:23,807] {base_task_runner.py:101} INFO - Job 5: Subtask Stop_execution 	found commons-io#commons-io;2.4 in central
[2019-07-05 14:52:23,824] {base_task_runner.py:101} INFO - Job 5: Subtask Stop_execution 	found commons-net#commons-net;3.1 in central
[2019-07-05 14:52:23,837] {base_task_runner.py:101} INFO - Job 5: Subtask Stop_execution 	found commons-collections#commons-collections;3.2.1 in central
[2019-07-05 14:52:23,851] {base_task_runner.py:101} INFO - Job 5: Subtask Stop_execution 	found javax.servlet#servlet-api;2.5 in central
[2019-07-05 14:52:23,880] {base_task_runner.py:101} INFO - Job 5: Subtask Stop_execution 	found org.mortbay.jetty#jetty;6.1.26 in central
[2019-07-05 14:52:23,896] {base_task_runner.py:101} INFO - Job 5: Subtask Stop_execution 	found org.mortbay.jetty#jetty-util;6.1.26 in central
[2019-07-05 14:52:23,911] {base_task_runner.py:101} INFO - Job 5: Subtask Stop_execution 	found com.sun.jersey#jersey-core;1.9 in central
[2019-07-05 14:52:23,927] {base_task_runner.py:101} INFO - Job 5: Subtask Stop_execution 	found com.sun.jersey#jersey-json;1.9 in central
[2019-07-05 14:52:23,942] {base_task_runner.py:101} INFO - Job 5: Subtask Stop_execution 	found org.codehaus.jettison#jettison;1.1 in central
[2019-07-05 14:52:23,954] {base_task_runner.py:101} INFO - Job 5: Subtask Stop_execution 	found com.sun.xml.bind#jaxb-impl;2.2.3-1 in central
[2019-07-05 14:52:23,967] {base_task_runner.py:101} INFO - Job 5: Subtask Stop_execution 	found javax.xml.bind#jaxb-api;2.2.2 in central
[2019-07-05 14:52:23,980] {base_task_runner.py:101} INFO - Job 5: Subtask Stop_execution 	found javax.xml.stream#stax-api;1.0-2 in central
[2019-07-05 14:52:23,993] {base_task_runner.py:101} INFO - Job 5: Subtask Stop_execution 	found javax.activation#activation;1.1 in central
[2019-07-05 14:52:24,005] {base_task_runner.py:101} INFO - Job 5: Subtask Stop_execution 	found org.codehaus.jackson#jackson-core-asl;1.9.13 in central
[2019-07-05 14:52:24,017] {base_task_runner.py:101} INFO - Job 5: Subtask Stop_execution 	found org.codehaus.jackson#jackson-mapper-asl;1.9.13 in central
[2019-07-05 14:52:24,031] {base_task_runner.py:101} INFO - Job 5: Subtask Stop_execution 	found org.codehaus.jackson#jackson-jaxrs;1.9.13 in central
[2019-07-05 14:52:24,046] {base_task_runner.py:101} INFO - Job 5: Subtask Stop_execution 	found org.codehaus.jackson#jackson-xc;1.9.13 in central
[2019-07-05 14:52:24,066] {base_task_runner.py:101} INFO - Job 5: Subtask Stop_execution 	found com.sun.jersey#jersey-server;1.9 in central
[2019-07-05 14:52:24,076] {base_task_runner.py:101} INFO - Job 5: Subtask Stop_execution 	found asm#asm;3.2 in central
[2019-07-05 14:52:24,088] {base_task_runner.py:101} INFO - Job 5: Subtask Stop_execution 	found log4j#log4j;1.2.17 in central
[2019-07-05 14:52:24,107] {base_task_runner.py:101} INFO - Job 5: Subtask Stop_execution 	found net.java.dev.jets3t#jets3t;0.9.0 in central
[2019-07-05 14:52:24,121] {base_task_runner.py:101} INFO - Job 5: Subtask Stop_execution 	found org.apache.httpcomponents#httpclient;4.2.5 in central
[2019-07-05 14:52:24,132] {base_task_runner.py:101} INFO - Job 5: Subtask Stop_execution 	found org.apache.httpcomponents#httpcore;4.2.5 in central
[2019-07-05 14:52:24,142] {base_task_runner.py:101} INFO - Job 5: Subtask Stop_execution 	found com.jamesmurty.utils#java-xmlbuilder;0.4 in central
[2019-07-05 14:52:24,150] {base_task_runner.py:101} INFO - Job 5: Subtask Stop_execution 	found commons-lang#commons-lang;2.6 in central
[2019-07-05 14:52:24,161] {base_task_runner.py:101} INFO - Job 5: Subtask Stop_execution 	found commons-configuration#commons-configuration;1.6 in central
[2019-07-05 14:52:24,176] {base_task_runner.py:101} INFO - Job 5: Subtask Stop_execution 	found commons-digester#commons-digester;1.8 in central
[2019-07-05 14:52:24,187] {base_task_runner.py:101} INFO - Job 5: Subtask Stop_execution 	found commons-beanutils#commons-beanutils;1.7.0 in central
[2019-07-05 14:52:24,199] {base_task_runner.py:101} INFO - Job 5: Subtask Stop_execution 	found commons-beanutils#commons-beanutils-core;1.8.0 in central
[2019-07-05 14:52:24,214] {base_task_runner.py:101} INFO - Job 5: Subtask Stop_execution 	found org.slf4j#slf4j-api;1.7.10 in central
[2019-07-05 14:52:24,224] {base_task_runner.py:101} INFO - Job 5: Subtask Stop_execution 	found org.apache.avro#avro;1.7.4 in central
[2019-07-05 14:52:24,236] {base_task_runner.py:101} INFO - Job 5: Subtask Stop_execution 	found com.thoughtworks.paranamer#paranamer;2.3 in central
[2019-07-05 14:52:24,247] {base_task_runner.py:101} INFO - Job 5: Subtask Stop_execution 	found org.xerial.snappy#snappy-java;1.0.4.1 in central
[2019-07-05 14:52:24,263] {base_task_runner.py:101} INFO - Job 5: Subtask Stop_execution 	found org.apache.commons#commons-compress;1.4.1 in central
[2019-07-05 14:52:24,271] {base_task_runner.py:101} INFO - Job 5: Subtask Stop_execution 	found org.tukaani#xz;1.0 in central
[2019-07-05 14:52:24,284] {base_task_runner.py:101} INFO - Job 5: Subtask Stop_execution 	found com.google.protobuf#protobuf-java;2.5.0 in central
[2019-07-05 14:52:24,304] {base_task_runner.py:101} INFO - Job 5: Subtask Stop_execution 	found com.google.code.gson#gson;2.2.4 in central
[2019-07-05 14:52:24,323] {base_task_runner.py:101} INFO - Job 5: Subtask Stop_execution 	found org.apache.hadoop#hadoop-auth;2.7.0 in central
[2019-07-05 14:52:24,343] {base_task_runner.py:101} INFO - Job 5: Subtask Stop_execution 	found org.apache.directory.server#apacheds-kerberos-codec;2.0.0-M15 in central
[2019-07-05 14:52:24,358] {base_task_runner.py:101} INFO - Job 5: Subtask Stop_execution 	found org.apache.directory.server#apacheds-i18n;2.0.0-M15 in central
[2019-07-05 14:52:24,374] {base_task_runner.py:101} INFO - Job 5: Subtask Stop_execution 	found org.apache.directory.api#api-asn1-api;1.0.0-M20 in central
[2019-07-05 14:52:24,390] {base_task_runner.py:101} INFO - Job 5: Subtask Stop_execution 	found org.apache.directory.api#api-util;1.0.0-M20 in central
[2019-07-05 14:52:24,400] {base_task_runner.py:101} INFO - Job 5: Subtask Stop_execution 	found org.apache.zookeeper#zookeeper;3.4.6 in central
[2019-07-05 14:52:24,412] {base_task_runner.py:101} INFO - Job 5: Subtask Stop_execution 	found org.slf4j#slf4j-log4j12;1.7.10 in central
[2019-07-05 14:52:24,425] {base_task_runner.py:101} INFO - Job 5: Subtask Stop_execution 	found io.netty#netty;3.6.2.Final in central
[2019-07-05 14:52:24,435] {base_task_runner.py:101} INFO - Job 5: Subtask Stop_execution 	found org.apache.curator#curator-framework;2.7.1 in central
[2019-07-05 14:52:24,446] {base_task_runner.py:101} INFO - Job 5: Subtask Stop_execution 	found org.apache.curator#curator-client;2.7.1 in central
[2019-07-05 14:52:24,458] {base_task_runner.py:101} INFO - Job 5: Subtask Stop_execution 	found com.jcraft#jsch;0.1.42 in central
[2019-07-05 14:52:24,467] {base_task_runner.py:101} INFO - Job 5: Subtask Stop_execution 	found org.apache.curator#curator-recipes;2.7.1 in central
[2019-07-05 14:52:24,475] {base_task_runner.py:101} INFO - Job 5: Subtask Stop_execution 	found org.apache.htrace#htrace-core;3.1.0-incubating in central
[2019-07-05 14:52:24,489] {base_task_runner.py:101} INFO - Job 5: Subtask Stop_execution 	found javax.servlet.jsp#jsp-api;2.1 in central
[2019-07-05 14:52:24,516] {base_task_runner.py:101} INFO - Job 5: Subtask Stop_execution 	found jline#jline;0.9.94 in central
[2019-07-05 14:52:24,530] {base_task_runner.py:101} INFO - Job 5: Subtask Stop_execution 	found junit#junit;4.11 in central
[2019-07-05 14:52:24,545] {base_task_runner.py:101} INFO - Job 5: Subtask Stop_execution 	found org.hamcrest#hamcrest-core;1.3 in central
[2019-07-05 14:52:24,566] {base_task_runner.py:101} INFO - Job 5: Subtask Stop_execution 	found com.fasterxml.jackson.core#jackson-databind;2.2.3 in central
[2019-07-05 14:52:24,572] {base_task_runner.py:101} INFO - Job 5: Subtask Stop_execution 	found com.fasterxml.jackson.core#jackson-annotations;2.2.3 in central
[2019-07-05 14:52:24,579] {base_task_runner.py:101} INFO - Job 5: Subtask Stop_execution 	found com.fasterxml.jackson.core#jackson-core;2.2.3 in central
[2019-07-05 14:52:24,587] {base_task_runner.py:101} INFO - Job 5: Subtask Stop_execution 	found com.amazonaws#aws-java-sdk;1.7.4 in central
[2019-07-05 14:52:24,605] {base_task_runner.py:101} INFO - Job 5: Subtask Stop_execution WARNING: An illegal reflective access operation has occurred
[2019-07-05 14:52:24,605] {base_task_runner.py:101} INFO - Job 5: Subtask Stop_execution WARNING: Illegal reflective access by org.apache.ivy.util.url.IvyAuthenticator (file:/Library/Frameworks/Python.framework/Versions/3.6/lib/python3.6/site-packages/pyspark/jars/ivy-2.4.0.jar) to field java.net.Authenticator.theAuthenticator
[2019-07-05 14:52:24,605] {base_task_runner.py:101} INFO - Job 5: Subtask Stop_execution WARNING: Please consider reporting this to the maintainers of org.apache.ivy.util.url.IvyAuthenticator
[2019-07-05 14:52:24,605] {base_task_runner.py:101} INFO - Job 5: Subtask Stop_execution WARNING: Use --illegal-access=warn to enable warnings of further illegal reflective access operations
[2019-07-05 14:52:24,605] {base_task_runner.py:101} INFO - Job 5: Subtask Stop_execution WARNING: All illegal access operations will be denied in a future release
[2019-07-05 14:52:25,028] {base_task_runner.py:101} INFO - Job 5: Subtask Stop_execution You probably access the destination server through a proxy server that is not well configured.
[2019-07-05 14:52:25,029] {base_task_runner.py:101} INFO - Job 5: Subtask Stop_execution You probably access the destination server through a proxy server that is not well configured.
[2019-07-05 14:52:25,030] {base_task_runner.py:101} INFO - Job 5: Subtask Stop_execution You probably access the destination server through a proxy server that is not well configured.
[2019-07-05 14:52:25,030] {base_task_runner.py:101} INFO - Job 5: Subtask Stop_execution 	found joda-time#joda-time;2.10.3 in central
[2019-07-05 14:52:25,031] {base_task_runner.py:101} INFO - Job 5: Subtask Stop_execution 	[2.10.3] joda-time#joda-time;[2.2,)
[2019-07-05 14:52:25,094] {base_task_runner.py:101} INFO - Job 5: Subtask Stop_execution :: resolution report :: resolve 1817ms :: artifacts dl 39ms
[2019-07-05 14:52:25,094] {base_task_runner.py:101} INFO - Job 5: Subtask Stop_execution 	:: modules in use:
[2019-07-05 14:52:25,094] {base_task_runner.py:101} INFO - Job 5: Subtask Stop_execution 	asm#asm;3.2 from central in [default]
[2019-07-05 14:52:25,094] {base_task_runner.py:101} INFO - Job 5: Subtask Stop_execution 	com.amazonaws#aws-java-sdk;1.7.4 from central in [default]
[2019-07-05 14:52:25,095] {base_task_runner.py:101} INFO - Job 5: Subtask Stop_execution 	com.fasterxml.jackson.core#jackson-annotations;2.2.3 from central in [default]
[2019-07-05 14:52:25,095] {base_task_runner.py:101} INFO - Job 5: Subtask Stop_execution 	com.fasterxml.jackson.core#jackson-core;2.2.3 from central in [default]
[2019-07-05 14:52:25,095] {base_task_runner.py:101} INFO - Job 5: Subtask Stop_execution 	com.fasterxml.jackson.core#jackson-databind;2.2.3 from central in [default]
[2019-07-05 14:52:25,095] {base_task_runner.py:101} INFO - Job 5: Subtask Stop_execution 	com.google.code.findbugs#jsr305;3.0.0 from central in [default]
[2019-07-05 14:52:25,095] {base_task_runner.py:101} INFO - Job 5: Subtask Stop_execution 	com.google.code.gson#gson;2.2.4 from central in [default]
[2019-07-05 14:52:25,095] {base_task_runner.py:101} INFO - Job 5: Subtask Stop_execution 	com.google.guava#guava;11.0.2 from central in [default]
[2019-07-05 14:52:25,095] {base_task_runner.py:101} INFO - Job 5: Subtask Stop_execution 	com.google.protobuf#protobuf-java;2.5.0 from central in [default]
[2019-07-05 14:52:25,095] {base_task_runner.py:101} INFO - Job 5: Subtask Stop_execution 	com.jamesmurty.utils#java-xmlbuilder;0.4 from central in [default]
[2019-07-05 14:52:25,095] {base_task_runner.py:101} INFO - Job 5: Subtask Stop_execution 	com.jcraft#jsch;0.1.42 from central in [default]
[2019-07-05 14:52:25,095] {base_task_runner.py:101} INFO - Job 5: Subtask Stop_execution 	com.sun.jersey#jersey-core;1.9 from central in [default]
[2019-07-05 14:52:25,095] {base_task_runner.py:101} INFO - Job 5: Subtask Stop_execution 	com.sun.jersey#jersey-json;1.9 from central in [default]
[2019-07-05 14:52:25,095] {base_task_runner.py:101} INFO - Job 5: Subtask Stop_execution 	com.sun.jersey#jersey-server;1.9 from central in [default]
[2019-07-05 14:52:25,096] {base_task_runner.py:101} INFO - Job 5: Subtask Stop_execution 	com.sun.xml.bind#jaxb-impl;2.2.3-1 from central in [default]
[2019-07-05 14:52:25,096] {base_task_runner.py:101} INFO - Job 5: Subtask Stop_execution 	com.thoughtworks.paranamer#paranamer;2.3 from central in [default]
[2019-07-05 14:52:25,096] {base_task_runner.py:101} INFO - Job 5: Subtask Stop_execution 	commons-beanutils#commons-beanutils;1.7.0 from central in [default]
[2019-07-05 14:52:25,096] {base_task_runner.py:101} INFO - Job 5: Subtask Stop_execution 	commons-beanutils#commons-beanutils-core;1.8.0 from central in [default]
[2019-07-05 14:52:25,096] {base_task_runner.py:101} INFO - Job 5: Subtask Stop_execution 	commons-cli#commons-cli;1.2 from central in [default]
[2019-07-05 14:52:25,096] {base_task_runner.py:101} INFO - Job 5: Subtask Stop_execution 	commons-codec#commons-codec;1.4 from central in [default]
[2019-07-05 14:52:25,096] {base_task_runner.py:101} INFO - Job 5: Subtask Stop_execution 	commons-collections#commons-collections;3.2.1 from central in [default]
[2019-07-05 14:52:25,096] {base_task_runner.py:101} INFO - Job 5: Subtask Stop_execution 	commons-configuration#commons-configuration;1.6 from central in [default]
[2019-07-05 14:52:25,096] {base_task_runner.py:101} INFO - Job 5: Subtask Stop_execution 	commons-digester#commons-digester;1.8 from central in [default]
[2019-07-05 14:52:25,096] {base_task_runner.py:101} INFO - Job 5: Subtask Stop_execution 	commons-httpclient#commons-httpclient;3.1 from spark-list in [default]
[2019-07-05 14:52:25,096] {base_task_runner.py:101} INFO - Job 5: Subtask Stop_execution 	commons-io#commons-io;2.4 from central in [default]
[2019-07-05 14:52:25,096] {base_task_runner.py:101} INFO - Job 5: Subtask Stop_execution 	commons-lang#commons-lang;2.6 from central in [default]
[2019-07-05 14:52:25,096] {base_task_runner.py:101} INFO - Job 5: Subtask Stop_execution 	commons-logging#commons-logging;1.1.3 from central in [default]
[2019-07-05 14:52:25,097] {base_task_runner.py:101} INFO - Job 5: Subtask Stop_execution 	commons-net#commons-net;3.1 from central in [default]
[2019-07-05 14:52:25,097] {base_task_runner.py:101} INFO - Job 5: Subtask Stop_execution 	io.netty#netty;3.6.2.Final from central in [default]
[2019-07-05 14:52:25,097] {base_task_runner.py:101} INFO - Job 5: Subtask Stop_execution 	javax.activation#activation;1.1 from central in [default]
[2019-07-05 14:52:25,097] {base_task_runner.py:101} INFO - Job 5: Subtask Stop_execution 	javax.servlet#servlet-api;2.5 from central in [default]
[2019-07-05 14:52:25,097] {base_task_runner.py:101} INFO - Job 5: Subtask Stop_execution 	javax.servlet.jsp#jsp-api;2.1 from central in [default]
[2019-07-05 14:52:25,097] {base_task_runner.py:101} INFO - Job 5: Subtask Stop_execution 	javax.xml.bind#jaxb-api;2.2.2 from central in [default]
[2019-07-05 14:52:25,097] {base_task_runner.py:101} INFO - Job 5: Subtask Stop_execution 	javax.xml.stream#stax-api;1.0-2 from central in [default]
[2019-07-05 14:52:25,097] {base_task_runner.py:101} INFO - Job 5: Subtask Stop_execution 	jline#jline;0.9.94 from central in [default]
[2019-07-05 14:52:25,097] {base_task_runner.py:101} INFO - Job 5: Subtask Stop_execution 	joda-time#joda-time;2.10.3 from central in [default]
[2019-07-05 14:52:25,097] {base_task_runner.py:101} INFO - Job 5: Subtask Stop_execution 	junit#junit;4.11 from central in [default]
[2019-07-05 14:52:25,097] {base_task_runner.py:101} INFO - Job 5: Subtask Stop_execution 	log4j#log4j;1.2.17 from central in [default]
[2019-07-05 14:52:25,097] {base_task_runner.py:101} INFO - Job 5: Subtask Stop_execution 	net.java.dev.jets3t#jets3t;0.9.0 from central in [default]
[2019-07-05 14:52:25,097] {base_task_runner.py:101} INFO - Job 5: Subtask Stop_execution 	org.apache.avro#avro;1.7.4 from central in [default]
[2019-07-05 14:52:25,097] {base_task_runner.py:101} INFO - Job 5: Subtask Stop_execution 	org.apache.commons#commons-compress;1.4.1 from central in [default]
[2019-07-05 14:52:25,098] {base_task_runner.py:101} INFO - Job 5: Subtask Stop_execution 	org.apache.commons#commons-math3;3.1.1 from central in [default]
[2019-07-05 14:52:25,098] {base_task_runner.py:101} INFO - Job 5: Subtask Stop_execution 	org.apache.curator#curator-client;2.7.1 from central in [default]
[2019-07-05 14:52:25,098] {base_task_runner.py:101} INFO - Job 5: Subtask Stop_execution 	org.apache.curator#curator-framework;2.7.1 from central in [default]
[2019-07-05 14:52:25,098] {base_task_runner.py:101} INFO - Job 5: Subtask Stop_execution 	org.apache.curator#curator-recipes;2.7.1 from central in [default]
[2019-07-05 14:52:25,098] {base_task_runner.py:101} INFO - Job 5: Subtask Stop_execution 	org.apache.directory.api#api-asn1-api;1.0.0-M20 from central in [default]
[2019-07-05 14:52:25,098] {base_task_runner.py:101} INFO - Job 5: Subtask Stop_execution 	org.apache.directory.api#api-util;1.0.0-M20 from central in [default]
[2019-07-05 14:52:25,098] {base_task_runner.py:101} INFO - Job 5: Subtask Stop_execution 	org.apache.directory.server#apacheds-i18n;2.0.0-M15 from central in [default]
[2019-07-05 14:52:25,098] {base_task_runner.py:101} INFO - Job 5: Subtask Stop_execution 	org.apache.directory.server#apacheds-kerberos-codec;2.0.0-M15 from central in [default]
[2019-07-05 14:52:25,098] {base_task_runner.py:101} INFO - Job 5: Subtask Stop_execution 	org.apache.hadoop#hadoop-annotations;2.7.0 from central in [default]
[2019-07-05 14:52:25,098] {base_task_runner.py:101} INFO - Job 5: Subtask Stop_execution 	org.apache.hadoop#hadoop-auth;2.7.0 from central in [default]
[2019-07-05 14:52:25,098] {base_task_runner.py:101} INFO - Job 5: Subtask Stop_execution 	org.apache.hadoop#hadoop-aws;2.7.0 from spark-list in [default]
[2019-07-05 14:52:25,098] {base_task_runner.py:101} INFO - Job 5: Subtask Stop_execution 	org.apache.hadoop#hadoop-common;2.7.0 from central in [default]
[2019-07-05 14:52:25,099] {base_task_runner.py:101} INFO - Job 5: Subtask Stop_execution 	org.apache.htrace#htrace-core;3.1.0-incubating from central in [default]
[2019-07-05 14:52:25,099] {base_task_runner.py:101} INFO - Job 5: Subtask Stop_execution 	org.apache.httpcomponents#httpclient;4.2.5 from central in [default]
[2019-07-05 14:52:25,099] {base_task_runner.py:101} INFO - Job 5: Subtask Stop_execution 	org.apache.httpcomponents#httpcore;4.2.5 from central in [default]
[2019-07-05 14:52:25,099] {base_task_runner.py:101} INFO - Job 5: Subtask Stop_execution 	org.apache.zookeeper#zookeeper;3.4.6 from central in [default]
[2019-07-05 14:52:25,099] {base_task_runner.py:101} INFO - Job 5: Subtask Stop_execution 	org.codehaus.jackson#jackson-core-asl;1.9.13 from central in [default]
[2019-07-05 14:52:25,099] {base_task_runner.py:101} INFO - Job 5: Subtask Stop_execution 	org.codehaus.jackson#jackson-jaxrs;1.9.13 from central in [default]
[2019-07-05 14:52:25,099] {base_task_runner.py:101} INFO - Job 5: Subtask Stop_execution 	org.codehaus.jackson#jackson-mapper-asl;1.9.13 from central in [default]
[2019-07-05 14:52:25,099] {base_task_runner.py:101} INFO - Job 5: Subtask Stop_execution 	org.codehaus.jackson#jackson-xc;1.9.13 from central in [default]
[2019-07-05 14:52:25,099] {base_task_runner.py:101} INFO - Job 5: Subtask Stop_execution 	org.codehaus.jettison#jettison;1.1 from central in [default]
[2019-07-05 14:52:25,099] {base_task_runner.py:101} INFO - Job 5: Subtask Stop_execution 	org.hamcrest#hamcrest-core;1.3 from central in [default]
[2019-07-05 14:52:25,099] {base_task_runner.py:101} INFO - Job 5: Subtask Stop_execution 	org.mortbay.jetty#jetty;6.1.26 from central in [default]
[2019-07-05 14:52:25,099] {base_task_runner.py:101} INFO - Job 5: Subtask Stop_execution 	org.mortbay.jetty#jetty-util;6.1.26 from central in [default]
[2019-07-05 14:52:25,099] {base_task_runner.py:101} INFO - Job 5: Subtask Stop_execution 	org.slf4j#slf4j-api;1.7.10 from central in [default]
[2019-07-05 14:52:25,099] {base_task_runner.py:101} INFO - Job 5: Subtask Stop_execution 	org.slf4j#slf4j-log4j12;1.7.10 from central in [default]
[2019-07-05 14:52:25,100] {base_task_runner.py:101} INFO - Job 5: Subtask Stop_execution 	org.tukaani#xz;1.0 from central in [default]
[2019-07-05 14:52:25,100] {base_task_runner.py:101} INFO - Job 5: Subtask Stop_execution 	org.xerial.snappy#snappy-java;1.0.4.1 from central in [default]
[2019-07-05 14:52:25,100] {base_task_runner.py:101} INFO - Job 5: Subtask Stop_execution 	xmlenc#xmlenc;0.52 from central in [default]
[2019-07-05 14:52:25,100] {base_task_runner.py:101} INFO - Job 5: Subtask Stop_execution 	---------------------------------------------------------------------
[2019-07-05 14:52:25,100] {base_task_runner.py:101} INFO - Job 5: Subtask Stop_execution 	|                  |            modules            ||   artifacts   |
[2019-07-05 14:52:25,100] {base_task_runner.py:101} INFO - Job 5: Subtask Stop_execution 	|       conf       | number| search|dwnlded|evicted|| number|dwnlded|
[2019-07-05 14:52:25,100] {base_task_runner.py:101} INFO - Job 5: Subtask Stop_execution 	---------------------------------------------------------------------
[2019-07-05 14:52:25,100] {base_task_runner.py:101} INFO - Job 5: Subtask Stop_execution 	|      default     |   70  |   1   |   0   |   0   ||   70  |   0   |
[2019-07-05 14:52:25,100] {base_task_runner.py:101} INFO - Job 5: Subtask Stop_execution 	---------------------------------------------------------------------
[2019-07-05 14:52:25,114] {base_task_runner.py:101} INFO - Job 5: Subtask Stop_execution 
[2019-07-05 14:52:25,114] {base_task_runner.py:101} INFO - Job 5: Subtask Stop_execution :: problems summary ::
[2019-07-05 14:52:25,115] {base_task_runner.py:101} INFO - Job 5: Subtask Stop_execution :::: WARNINGS
[2019-07-05 14:52:25,115] {base_task_runner.py:101} INFO - Job 5: Subtask Stop_execution 	Host dl.bintray.com not found. url=https://dl.bintray.com/spark-packages/maven/joda-time/joda-time/maven-metadata.xml
[2019-07-05 14:52:25,115] {base_task_runner.py:101} INFO - Job 5: Subtask Stop_execution 
[2019-07-05 14:52:25,115] {base_task_runner.py:101} INFO - Job 5: Subtask Stop_execution 	Host dl.bintray.com not found. url=https://dl.bintray.com/spark-packages/maven/joda-time/joda-time/
[2019-07-05 14:52:25,115] {base_task_runner.py:101} INFO - Job 5: Subtask Stop_execution 
[2019-07-05 14:52:25,115] {base_task_runner.py:101} INFO - Job 5: Subtask Stop_execution 	Host dl.bintray.com not found. url=https://dl.bintray.com/spark-packages/maven/joda-time/joda-time/
[2019-07-05 14:52:25,115] {base_task_runner.py:101} INFO - Job 5: Subtask Stop_execution 
[2019-07-05 14:52:25,115] {base_task_runner.py:101} INFO - Job 5: Subtask Stop_execution 
[2019-07-05 14:52:25,115] {base_task_runner.py:101} INFO - Job 5: Subtask Stop_execution :: USE VERBOSE OR DEBUG MESSAGE LEVEL FOR MORE DETAILS
[2019-07-05 14:52:25,115] {base_task_runner.py:101} INFO - Job 5: Subtask Stop_execution :: retrieving :: org.apache.spark#spark-submit-parent-e90da74f-4b6d-49dd-9eb0-502ff91a7cc3
[2019-07-05 14:52:25,115] {base_task_runner.py:101} INFO - Job 5: Subtask Stop_execution 	confs: [default]
[2019-07-05 14:52:25,140] {base_task_runner.py:101} INFO - Job 5: Subtask Stop_execution 	0 artifacts copied, 70 already retrieved (0kB/25ms)
[2019-07-05 14:52:25,458] {base_task_runner.py:101} INFO - Job 5: Subtask Stop_execution 19/07/05 14:52:25 WARN NativeCodeLoader: Unable to load native-hadoop library for your platform... using builtin-java classes where applicable
[2019-07-05 14:52:25,956] {base_task_runner.py:101} INFO - Job 5: Subtask Stop_execution Using Spark's default log4j profile: org/apache/spark/log4j-defaults.properties
[2019-07-05 14:52:25,956] {base_task_runner.py:101} INFO - Job 5: Subtask Stop_execution Setting default log level to "WARN".
[2019-07-05 14:52:25,957] {base_task_runner.py:101} INFO - Job 5: Subtask Stop_execution To adjust logging level use sc.setLogLevel(newLevel). For SparkR, use setLogLevel(newLevel).
[2019-07-05 14:52:26,552] {base_task_runner.py:101} INFO - Job 5: Subtask Stop_execution 19/07/05 14:52:26 WARN Utils: Service 'SparkUI' could not bind on port 4040. Attempting port 4041.
[2019-07-05 14:52:26,553] {base_task_runner.py:101} INFO - Job 5: Subtask Stop_execution 19/07/05 14:52:26 WARN Utils: Service 'SparkUI' could not bind on port 4041. Attempting port 4042.
[2019-07-05 14:52:26,553] {base_task_runner.py:101} INFO - Job 5: Subtask Stop_execution 19/07/05 14:52:26 WARN Utils: Service 'SparkUI' could not bind on port 4042. Attempting port 4043.
[2019-07-05 14:52:28,064] {base_task_runner.py:101} INFO - Job 5: Subtask Stop_execution [2019-07-05 14:52:28,064] {cli.py:517} INFO - Running <TaskInstance: python_load_dag.Stop_execution 2019-07-05T13:47:32.510003+00:00 [running]> on host Mahdis-MacBook-Pro.local
[2019-07-05 14:52:30,833] {logging_mixin.py:95} INFO - [2019-07-05 14:52:30,832] {jobs.py:2562} INFO - Task exited with return code 0
