[2019-07-06 15:27:58,945] {__init__.py:1139} INFO - Dependencies all met for <TaskInstance: python_load_dag.my_task_powered_by_python 2019-07-06T14:27:08.868931+00:00 [queued]>
[2019-07-06 15:27:58,952] {__init__.py:1139} INFO - Dependencies all met for <TaskInstance: python_load_dag.my_task_powered_by_python 2019-07-06T14:27:08.868931+00:00 [queued]>
[2019-07-06 15:27:58,952] {__init__.py:1353} INFO - 
--------------------------------------------------------------------------------
[2019-07-06 15:27:58,952] {__init__.py:1354} INFO - Starting attempt 1 of 2
[2019-07-06 15:27:58,952] {__init__.py:1355} INFO - 
--------------------------------------------------------------------------------
[2019-07-06 15:27:58,957] {__init__.py:1374} INFO - Executing <Task(PythonOperator): my_task_powered_by_python> on 2019-07-06T14:27:08.868931+00:00
[2019-07-06 15:27:58,957] {base_task_runner.py:119} INFO - Running: ['airflow', 'run', 'python_load_dag', 'my_task_powered_by_python', '2019-07-06T14:27:08.868931+00:00', '--job_id', '66', '--raw', '-sd', 'DAGS_FOLDER/spark_dag.py', '--cfg_path', '/var/folders/gl/v_3dc2yn7lb05kcmfb9ppm1r0000gn/T/tmph1_7lfk3']
[2019-07-06 15:27:59,682] {base_task_runner.py:101} INFO - Job 66: Subtask my_task_powered_by_python [2019-07-06 15:27:59,681] {__init__.py:51} INFO - Using executor SequentialExecutor
[2019-07-06 15:27:59,900] {base_task_runner.py:101} INFO - Job 66: Subtask my_task_powered_by_python [2019-07-06 15:27:59,899] {__init__.py:305} INFO - Filling up the DagBag from /Users/mahdimostafa/airflow/dags/spark_dag.py
[2019-07-06 15:28:01,244] {base_task_runner.py:101} INFO - Job 66: Subtask my_task_powered_by_python Ivy Default Cache set to: /Users/mahdimostafa/.ivy2/cache
[2019-07-06 15:28:01,244] {base_task_runner.py:101} INFO - Job 66: Subtask my_task_powered_by_python The jars for the packages stored in: /Users/mahdimostafa/.ivy2/jars
[2019-07-06 15:28:01,272] {base_task_runner.py:101} INFO - Job 66: Subtask my_task_powered_by_python :: loading settings :: url = jar:file:/Library/Frameworks/Python.framework/Versions/3.6/lib/python3.6/site-packages/pyspark/jars/ivy-2.4.0.jar!/org/apache/ivy/core/settings/ivysettings.xml
[2019-07-06 15:28:01,408] {base_task_runner.py:101} INFO - Job 66: Subtask my_task_powered_by_python org.apache.hadoop#hadoop-aws added as a dependency
[2019-07-06 15:28:01,409] {base_task_runner.py:101} INFO - Job 66: Subtask my_task_powered_by_python :: resolving dependencies :: org.apache.spark#spark-submit-parent-a0edc4fd-f2ad-4ee1-9934-dc8126051b13;1.0
[2019-07-06 15:28:01,409] {base_task_runner.py:101} INFO - Job 66: Subtask my_task_powered_by_python 	confs: [default]
[2019-07-06 15:28:01,595] {base_task_runner.py:101} INFO - Job 66: Subtask my_task_powered_by_python 	found org.apache.hadoop#hadoop-aws;2.7.0 in spark-list
[2019-07-06 15:28:01,658] {base_task_runner.py:101} INFO - Job 66: Subtask my_task_powered_by_python 	found org.apache.hadoop#hadoop-common;2.7.0 in central
[2019-07-06 15:28:01,748] {base_task_runner.py:101} INFO - Job 66: Subtask my_task_powered_by_python 	found org.apache.hadoop#hadoop-annotations;2.7.0 in spark-list
[2019-07-06 15:28:01,783] {base_task_runner.py:101} INFO - Job 66: Subtask my_task_powered_by_python 	found com.google.guava#guava;11.0.2 in central
[2019-07-06 15:28:01,823] {base_task_runner.py:101} INFO - Job 66: Subtask my_task_powered_by_python 	found com.google.code.findbugs#jsr305;3.0.0 in central
[2019-07-06 15:28:01,866] {base_task_runner.py:101} INFO - Job 66: Subtask my_task_powered_by_python 	found commons-cli#commons-cli;1.2 in central
[2019-07-06 15:28:01,895] {base_task_runner.py:101} INFO - Job 66: Subtask my_task_powered_by_python 	found org.apache.commons#commons-math3;3.1.1 in central
[2019-07-06 15:28:01,919] {base_task_runner.py:101} INFO - Job 66: Subtask my_task_powered_by_python 	found xmlenc#xmlenc;0.52 in central
[2019-07-06 15:28:01,938] {base_task_runner.py:101} INFO - Job 66: Subtask my_task_powered_by_python 	found commons-httpclient#commons-httpclient;3.1 in spark-list
[2019-07-06 15:28:01,958] {base_task_runner.py:101} INFO - Job 66: Subtask my_task_powered_by_python 	found commons-logging#commons-logging;1.1.3 in central
[2019-07-06 15:28:01,976] {base_task_runner.py:101} INFO - Job 66: Subtask my_task_powered_by_python 	found commons-codec#commons-codec;1.4 in central
[2019-07-06 15:28:01,995] {base_task_runner.py:101} INFO - Job 66: Subtask my_task_powered_by_python 	found commons-io#commons-io;2.4 in central
[2019-07-06 15:28:02,011] {base_task_runner.py:101} INFO - Job 66: Subtask my_task_powered_by_python 	found commons-net#commons-net;3.1 in central
[2019-07-06 15:28:02,026] {base_task_runner.py:101} INFO - Job 66: Subtask my_task_powered_by_python 	found commons-collections#commons-collections;3.2.1 in central
[2019-07-06 15:28:02,039] {base_task_runner.py:101} INFO - Job 66: Subtask my_task_powered_by_python 	found javax.servlet#servlet-api;2.5 in central
[2019-07-06 15:28:02,055] {base_task_runner.py:101} INFO - Job 66: Subtask my_task_powered_by_python 	found org.mortbay.jetty#jetty;6.1.26 in central
[2019-07-06 15:28:02,077] {base_task_runner.py:101} INFO - Job 66: Subtask my_task_powered_by_python 	found org.mortbay.jetty#jetty-util;6.1.26 in central
[2019-07-06 15:28:02,100] {base_task_runner.py:101} INFO - Job 66: Subtask my_task_powered_by_python 	found com.sun.jersey#jersey-core;1.9 in central
[2019-07-06 15:28:02,114] {base_task_runner.py:101} INFO - Job 66: Subtask my_task_powered_by_python 	found com.sun.jersey#jersey-json;1.9 in central
[2019-07-06 15:28:02,130] {base_task_runner.py:101} INFO - Job 66: Subtask my_task_powered_by_python 	found org.codehaus.jettison#jettison;1.1 in central
[2019-07-06 15:28:02,142] {base_task_runner.py:101} INFO - Job 66: Subtask my_task_powered_by_python 	found com.sun.xml.bind#jaxb-impl;2.2.3-1 in central
[2019-07-06 15:28:02,155] {base_task_runner.py:101} INFO - Job 66: Subtask my_task_powered_by_python 	found javax.xml.bind#jaxb-api;2.2.2 in central
[2019-07-06 15:28:02,167] {base_task_runner.py:101} INFO - Job 66: Subtask my_task_powered_by_python 	found javax.xml.stream#stax-api;1.0-2 in central
[2019-07-06 15:28:02,182] {base_task_runner.py:101} INFO - Job 66: Subtask my_task_powered_by_python 	found javax.activation#activation;1.1 in central
[2019-07-06 15:28:02,194] {base_task_runner.py:101} INFO - Job 66: Subtask my_task_powered_by_python 	found org.codehaus.jackson#jackson-core-asl;1.9.13 in central
[2019-07-06 15:28:02,204] {base_task_runner.py:101} INFO - Job 66: Subtask my_task_powered_by_python 	found org.codehaus.jackson#jackson-mapper-asl;1.9.13 in central
[2019-07-06 15:28:02,216] {base_task_runner.py:101} INFO - Job 66: Subtask my_task_powered_by_python 	found org.codehaus.jackson#jackson-jaxrs;1.9.13 in central
[2019-07-06 15:28:02,228] {base_task_runner.py:101} INFO - Job 66: Subtask my_task_powered_by_python 	found org.codehaus.jackson#jackson-xc;1.9.13 in central
[2019-07-06 15:28:02,243] {base_task_runner.py:101} INFO - Job 66: Subtask my_task_powered_by_python 	found com.sun.jersey#jersey-server;1.9 in central
[2019-07-06 15:28:02,253] {base_task_runner.py:101} INFO - Job 66: Subtask my_task_powered_by_python 	found asm#asm;3.2 in central
[2019-07-06 15:28:02,264] {base_task_runner.py:101} INFO - Job 66: Subtask my_task_powered_by_python 	found log4j#log4j;1.2.17 in central
[2019-07-06 15:28:02,275] {base_task_runner.py:101} INFO - Job 66: Subtask my_task_powered_by_python 	found net.java.dev.jets3t#jets3t;0.9.0 in central
[2019-07-06 15:28:02,292] {base_task_runner.py:101} INFO - Job 66: Subtask my_task_powered_by_python 	found org.apache.httpcomponents#httpclient;4.2.5 in central
[2019-07-06 15:28:02,305] {base_task_runner.py:101} INFO - Job 66: Subtask my_task_powered_by_python 	found org.apache.httpcomponents#httpcore;4.2.5 in central
[2019-07-06 15:28:02,315] {base_task_runner.py:101} INFO - Job 66: Subtask my_task_powered_by_python 	found com.jamesmurty.utils#java-xmlbuilder;0.4 in spark-list
[2019-07-06 15:28:02,326] {base_task_runner.py:101} INFO - Job 66: Subtask my_task_powered_by_python 	found commons-lang#commons-lang;2.6 in central
[2019-07-06 15:28:02,336] {base_task_runner.py:101} INFO - Job 66: Subtask my_task_powered_by_python 	found commons-configuration#commons-configuration;1.6 in central
[2019-07-06 15:28:02,349] {base_task_runner.py:101} INFO - Job 66: Subtask my_task_powered_by_python 	found commons-digester#commons-digester;1.8 in central
[2019-07-06 15:28:02,360] {base_task_runner.py:101} INFO - Job 66: Subtask my_task_powered_by_python 	found commons-beanutils#commons-beanutils;1.7.0 in central
[2019-07-06 15:28:02,372] {base_task_runner.py:101} INFO - Job 66: Subtask my_task_powered_by_python 	found commons-beanutils#commons-beanutils-core;1.8.0 in central
[2019-07-06 15:28:02,382] {base_task_runner.py:101} INFO - Job 66: Subtask my_task_powered_by_python 	found org.slf4j#slf4j-api;1.7.10 in central
[2019-07-06 15:28:02,394] {base_task_runner.py:101} INFO - Job 66: Subtask my_task_powered_by_python 	found org.apache.avro#avro;1.7.4 in central
[2019-07-06 15:28:02,407] {base_task_runner.py:101} INFO - Job 66: Subtask my_task_powered_by_python 	found com.thoughtworks.paranamer#paranamer;2.3 in central
[2019-07-06 15:28:02,419] {base_task_runner.py:101} INFO - Job 66: Subtask my_task_powered_by_python 	found org.xerial.snappy#snappy-java;1.0.4.1 in central
[2019-07-06 15:28:02,430] {base_task_runner.py:101} INFO - Job 66: Subtask my_task_powered_by_python 	found org.apache.commons#commons-compress;1.4.1 in central
[2019-07-06 15:28:02,441] {base_task_runner.py:101} INFO - Job 66: Subtask my_task_powered_by_python 	found org.tukaani#xz;1.0 in central
[2019-07-06 15:28:02,452] {base_task_runner.py:101} INFO - Job 66: Subtask my_task_powered_by_python 	found com.google.protobuf#protobuf-java;2.5.0 in central
[2019-07-06 15:28:02,467] {base_task_runner.py:101} INFO - Job 66: Subtask my_task_powered_by_python 	found com.google.code.gson#gson;2.2.4 in central
[2019-07-06 15:28:02,479] {base_task_runner.py:101} INFO - Job 66: Subtask my_task_powered_by_python 	found org.apache.hadoop#hadoop-auth;2.7.0 in central
[2019-07-06 15:28:02,492] {base_task_runner.py:101} INFO - Job 66: Subtask my_task_powered_by_python 	found org.apache.directory.server#apacheds-kerberos-codec;2.0.0-M15 in central
[2019-07-06 15:28:02,506] {base_task_runner.py:101} INFO - Job 66: Subtask my_task_powered_by_python 	found org.apache.directory.server#apacheds-i18n;2.0.0-M15 in central
[2019-07-06 15:28:02,518] {base_task_runner.py:101} INFO - Job 66: Subtask my_task_powered_by_python 	found org.apache.directory.api#api-asn1-api;1.0.0-M20 in central
[2019-07-06 15:28:02,527] {base_task_runner.py:101} INFO - Job 66: Subtask my_task_powered_by_python 	found org.apache.directory.api#api-util;1.0.0-M20 in central
[2019-07-06 15:28:02,536] {base_task_runner.py:101} INFO - Job 66: Subtask my_task_powered_by_python 	found org.apache.zookeeper#zookeeper;3.4.6 in central
[2019-07-06 15:28:02,547] {base_task_runner.py:101} INFO - Job 66: Subtask my_task_powered_by_python 	found org.slf4j#slf4j-log4j12;1.7.10 in central
[2019-07-06 15:28:02,558] {base_task_runner.py:101} INFO - Job 66: Subtask my_task_powered_by_python 	found io.netty#netty;3.6.2.Final in central
[2019-07-06 15:28:02,569] {base_task_runner.py:101} INFO - Job 66: Subtask my_task_powered_by_python 	found org.apache.curator#curator-framework;2.7.1 in central
[2019-07-06 15:28:02,578] {base_task_runner.py:101} INFO - Job 66: Subtask my_task_powered_by_python 	found org.apache.curator#curator-client;2.7.1 in central
[2019-07-06 15:28:02,591] {base_task_runner.py:101} INFO - Job 66: Subtask my_task_powered_by_python 	found com.jcraft#jsch;0.1.42 in central
[2019-07-06 15:28:02,601] {base_task_runner.py:101} INFO - Job 66: Subtask my_task_powered_by_python 	found org.apache.curator#curator-recipes;2.7.1 in central
[2019-07-06 15:28:02,612] {base_task_runner.py:101} INFO - Job 66: Subtask my_task_powered_by_python 	found org.apache.htrace#htrace-core;3.1.0-incubating in central
[2019-07-06 15:28:02,627] {base_task_runner.py:101} INFO - Job 66: Subtask my_task_powered_by_python 	found javax.servlet.jsp#jsp-api;2.1 in central
[2019-07-06 15:28:02,667] {base_task_runner.py:101} INFO - Job 66: Subtask my_task_powered_by_python 	found jline#jline;0.9.94 in central
[2019-07-06 15:28:02,682] {base_task_runner.py:101} INFO - Job 66: Subtask my_task_powered_by_python 	found junit#junit;4.11 in central
[2019-07-06 15:28:02,698] {base_task_runner.py:101} INFO - Job 66: Subtask my_task_powered_by_python 	found org.hamcrest#hamcrest-core;1.3 in central
[2019-07-06 15:28:02,706] {base_task_runner.py:101} INFO - Job 66: Subtask my_task_powered_by_python 	found com.fasterxml.jackson.core#jackson-databind;2.2.3 in central
[2019-07-06 15:28:02,715] {base_task_runner.py:101} INFO - Job 66: Subtask my_task_powered_by_python 	found com.fasterxml.jackson.core#jackson-annotations;2.2.3 in central
[2019-07-06 15:28:02,722] {base_task_runner.py:101} INFO - Job 66: Subtask my_task_powered_by_python 	found com.fasterxml.jackson.core#jackson-core;2.2.3 in central
[2019-07-06 15:28:02,730] {base_task_runner.py:101} INFO - Job 66: Subtask my_task_powered_by_python 	found com.amazonaws#aws-java-sdk;1.7.4 in central
[2019-07-06 15:28:02,750] {base_task_runner.py:101} INFO - Job 66: Subtask my_task_powered_by_python WARNING: An illegal reflective access operation has occurred
[2019-07-06 15:28:02,750] {base_task_runner.py:101} INFO - Job 66: Subtask my_task_powered_by_python WARNING: Illegal reflective access by org.apache.ivy.util.url.IvyAuthenticator (file:/Library/Frameworks/Python.framework/Versions/3.6/lib/python3.6/site-packages/pyspark/jars/ivy-2.4.0.jar) to field java.net.Authenticator.theAuthenticator
[2019-07-06 15:28:02,750] {base_task_runner.py:101} INFO - Job 66: Subtask my_task_powered_by_python WARNING: Please consider reporting this to the maintainers of org.apache.ivy.util.url.IvyAuthenticator
[2019-07-06 15:28:02,750] {base_task_runner.py:101} INFO - Job 66: Subtask my_task_powered_by_python WARNING: Use --illegal-access=warn to enable warnings of further illegal reflective access operations
[2019-07-06 15:28:02,750] {base_task_runner.py:101} INFO - Job 66: Subtask my_task_powered_by_python WARNING: All illegal access operations will be denied in a future release
[2019-07-06 15:28:03,446] {base_task_runner.py:101} INFO - Job 66: Subtask my_task_powered_by_python 	found joda-time#joda-time;2.10.3 in central
[2019-07-06 15:28:03,447] {base_task_runner.py:101} INFO - Job 66: Subtask my_task_powered_by_python 	[2.10.3] joda-time#joda-time;[2.2,)
[2019-07-06 15:28:03,500] {base_task_runner.py:101} INFO - Job 66: Subtask my_task_powered_by_python :: resolution report :: resolve 2062ms :: artifacts dl 29ms
[2019-07-06 15:28:03,501] {base_task_runner.py:101} INFO - Job 66: Subtask my_task_powered_by_python 	:: modules in use:
[2019-07-06 15:28:03,501] {base_task_runner.py:101} INFO - Job 66: Subtask my_task_powered_by_python 	asm#asm;3.2 from central in [default]
[2019-07-06 15:28:03,501] {base_task_runner.py:101} INFO - Job 66: Subtask my_task_powered_by_python 	com.amazonaws#aws-java-sdk;1.7.4 from central in [default]
[2019-07-06 15:28:03,501] {base_task_runner.py:101} INFO - Job 66: Subtask my_task_powered_by_python 	com.fasterxml.jackson.core#jackson-annotations;2.2.3 from central in [default]
[2019-07-06 15:28:03,501] {base_task_runner.py:101} INFO - Job 66: Subtask my_task_powered_by_python 	com.fasterxml.jackson.core#jackson-core;2.2.3 from central in [default]
[2019-07-06 15:28:03,501] {base_task_runner.py:101} INFO - Job 66: Subtask my_task_powered_by_python 	com.fasterxml.jackson.core#jackson-databind;2.2.3 from central in [default]
[2019-07-06 15:28:03,501] {base_task_runner.py:101} INFO - Job 66: Subtask my_task_powered_by_python 	com.google.code.findbugs#jsr305;3.0.0 from central in [default]
[2019-07-06 15:28:03,501] {base_task_runner.py:101} INFO - Job 66: Subtask my_task_powered_by_python 	com.google.code.gson#gson;2.2.4 from central in [default]
[2019-07-06 15:28:03,501] {base_task_runner.py:101} INFO - Job 66: Subtask my_task_powered_by_python 	com.google.guava#guava;11.0.2 from central in [default]
[2019-07-06 15:28:03,502] {base_task_runner.py:101} INFO - Job 66: Subtask my_task_powered_by_python 	com.google.protobuf#protobuf-java;2.5.0 from central in [default]
[2019-07-06 15:28:03,502] {base_task_runner.py:101} INFO - Job 66: Subtask my_task_powered_by_python 	com.jamesmurty.utils#java-xmlbuilder;0.4 from spark-list in [default]
[2019-07-06 15:28:03,502] {base_task_runner.py:101} INFO - Job 66: Subtask my_task_powered_by_python 	com.jcraft#jsch;0.1.42 from central in [default]
[2019-07-06 15:28:03,502] {base_task_runner.py:101} INFO - Job 66: Subtask my_task_powered_by_python 	com.sun.jersey#jersey-core;1.9 from central in [default]
[2019-07-06 15:28:03,502] {base_task_runner.py:101} INFO - Job 66: Subtask my_task_powered_by_python 	com.sun.jersey#jersey-json;1.9 from central in [default]
[2019-07-06 15:28:03,502] {base_task_runner.py:101} INFO - Job 66: Subtask my_task_powered_by_python 	com.sun.jersey#jersey-server;1.9 from central in [default]
[2019-07-06 15:28:03,502] {base_task_runner.py:101} INFO - Job 66: Subtask my_task_powered_by_python 	com.sun.xml.bind#jaxb-impl;2.2.3-1 from central in [default]
[2019-07-06 15:28:03,502] {base_task_runner.py:101} INFO - Job 66: Subtask my_task_powered_by_python 	com.thoughtworks.paranamer#paranamer;2.3 from central in [default]
[2019-07-06 15:28:03,502] {base_task_runner.py:101} INFO - Job 66: Subtask my_task_powered_by_python 	commons-beanutils#commons-beanutils;1.7.0 from central in [default]
[2019-07-06 15:28:03,502] {base_task_runner.py:101} INFO - Job 66: Subtask my_task_powered_by_python 	commons-beanutils#commons-beanutils-core;1.8.0 from central in [default]
[2019-07-06 15:28:03,502] {base_task_runner.py:101} INFO - Job 66: Subtask my_task_powered_by_python 	commons-cli#commons-cli;1.2 from central in [default]
[2019-07-06 15:28:03,502] {base_task_runner.py:101} INFO - Job 66: Subtask my_task_powered_by_python 	commons-codec#commons-codec;1.4 from central in [default]
[2019-07-06 15:28:03,502] {base_task_runner.py:101} INFO - Job 66: Subtask my_task_powered_by_python 	commons-collections#commons-collections;3.2.1 from central in [default]
[2019-07-06 15:28:03,502] {base_task_runner.py:101} INFO - Job 66: Subtask my_task_powered_by_python 	commons-configuration#commons-configuration;1.6 from central in [default]
[2019-07-06 15:28:03,502] {base_task_runner.py:101} INFO - Job 66: Subtask my_task_powered_by_python 	commons-digester#commons-digester;1.8 from central in [default]
[2019-07-06 15:28:03,503] {base_task_runner.py:101} INFO - Job 66: Subtask my_task_powered_by_python 	commons-httpclient#commons-httpclient;3.1 from spark-list in [default]
[2019-07-06 15:28:03,503] {base_task_runner.py:101} INFO - Job 66: Subtask my_task_powered_by_python 	commons-io#commons-io;2.4 from central in [default]
[2019-07-06 15:28:03,503] {base_task_runner.py:101} INFO - Job 66: Subtask my_task_powered_by_python 	commons-lang#commons-lang;2.6 from central in [default]
[2019-07-06 15:28:03,503] {base_task_runner.py:101} INFO - Job 66: Subtask my_task_powered_by_python 	commons-logging#commons-logging;1.1.3 from central in [default]
[2019-07-06 15:28:03,503] {base_task_runner.py:101} INFO - Job 66: Subtask my_task_powered_by_python 	commons-net#commons-net;3.1 from central in [default]
[2019-07-06 15:28:03,503] {base_task_runner.py:101} INFO - Job 66: Subtask my_task_powered_by_python 	io.netty#netty;3.6.2.Final from central in [default]
[2019-07-06 15:28:03,503] {base_task_runner.py:101} INFO - Job 66: Subtask my_task_powered_by_python 	javax.activation#activation;1.1 from central in [default]
[2019-07-06 15:28:03,503] {base_task_runner.py:101} INFO - Job 66: Subtask my_task_powered_by_python 	javax.servlet#servlet-api;2.5 from central in [default]
[2019-07-06 15:28:03,503] {base_task_runner.py:101} INFO - Job 66: Subtask my_task_powered_by_python 	javax.servlet.jsp#jsp-api;2.1 from central in [default]
[2019-07-06 15:28:03,503] {base_task_runner.py:101} INFO - Job 66: Subtask my_task_powered_by_python 	javax.xml.bind#jaxb-api;2.2.2 from central in [default]
[2019-07-06 15:28:03,503] {base_task_runner.py:101} INFO - Job 66: Subtask my_task_powered_by_python 	javax.xml.stream#stax-api;1.0-2 from central in [default]
[2019-07-06 15:28:03,503] {base_task_runner.py:101} INFO - Job 66: Subtask my_task_powered_by_python 	jline#jline;0.9.94 from central in [default]
[2019-07-06 15:28:03,503] {base_task_runner.py:101} INFO - Job 66: Subtask my_task_powered_by_python 	joda-time#joda-time;2.10.3 from central in [default]
[2019-07-06 15:28:03,503] {base_task_runner.py:101} INFO - Job 66: Subtask my_task_powered_by_python 	junit#junit;4.11 from central in [default]
[2019-07-06 15:28:03,503] {base_task_runner.py:101} INFO - Job 66: Subtask my_task_powered_by_python 	log4j#log4j;1.2.17 from central in [default]
[2019-07-06 15:28:03,504] {base_task_runner.py:101} INFO - Job 66: Subtask my_task_powered_by_python 	net.java.dev.jets3t#jets3t;0.9.0 from central in [default]
[2019-07-06 15:28:03,504] {base_task_runner.py:101} INFO - Job 66: Subtask my_task_powered_by_python 	org.apache.avro#avro;1.7.4 from central in [default]
[2019-07-06 15:28:03,504] {base_task_runner.py:101} INFO - Job 66: Subtask my_task_powered_by_python 	org.apache.commons#commons-compress;1.4.1 from central in [default]
[2019-07-06 15:28:03,504] {base_task_runner.py:101} INFO - Job 66: Subtask my_task_powered_by_python 	org.apache.commons#commons-math3;3.1.1 from central in [default]
[2019-07-06 15:28:03,504] {base_task_runner.py:101} INFO - Job 66: Subtask my_task_powered_by_python 	org.apache.curator#curator-client;2.7.1 from central in [default]
[2019-07-06 15:28:03,504] {base_task_runner.py:101} INFO - Job 66: Subtask my_task_powered_by_python 	org.apache.curator#curator-framework;2.7.1 from central in [default]
[2019-07-06 15:28:03,504] {base_task_runner.py:101} INFO - Job 66: Subtask my_task_powered_by_python 	org.apache.curator#curator-recipes;2.7.1 from central in [default]
[2019-07-06 15:28:03,504] {base_task_runner.py:101} INFO - Job 66: Subtask my_task_powered_by_python 	org.apache.directory.api#api-asn1-api;1.0.0-M20 from central in [default]
[2019-07-06 15:28:03,504] {base_task_runner.py:101} INFO - Job 66: Subtask my_task_powered_by_python 	org.apache.directory.api#api-util;1.0.0-M20 from central in [default]
[2019-07-06 15:28:03,504] {base_task_runner.py:101} INFO - Job 66: Subtask my_task_powered_by_python 	org.apache.directory.server#apacheds-i18n;2.0.0-M15 from central in [default]
[2019-07-06 15:28:03,504] {base_task_runner.py:101} INFO - Job 66: Subtask my_task_powered_by_python 	org.apache.directory.server#apacheds-kerberos-codec;2.0.0-M15 from central in [default]
[2019-07-06 15:28:03,504] {base_task_runner.py:101} INFO - Job 66: Subtask my_task_powered_by_python 	org.apache.hadoop#hadoop-annotations;2.7.0 from spark-list in [default]
[2019-07-06 15:28:03,504] {base_task_runner.py:101} INFO - Job 66: Subtask my_task_powered_by_python 	org.apache.hadoop#hadoop-auth;2.7.0 from central in [default]
[2019-07-06 15:28:03,504] {base_task_runner.py:101} INFO - Job 66: Subtask my_task_powered_by_python 	org.apache.hadoop#hadoop-aws;2.7.0 from spark-list in [default]
[2019-07-06 15:28:03,504] {base_task_runner.py:101} INFO - Job 66: Subtask my_task_powered_by_python 	org.apache.hadoop#hadoop-common;2.7.0 from central in [default]
[2019-07-06 15:28:03,505] {base_task_runner.py:101} INFO - Job 66: Subtask my_task_powered_by_python 	org.apache.htrace#htrace-core;3.1.0-incubating from central in [default]
[2019-07-06 15:28:03,505] {base_task_runner.py:101} INFO - Job 66: Subtask my_task_powered_by_python 	org.apache.httpcomponents#httpclient;4.2.5 from central in [default]
[2019-07-06 15:28:03,505] {base_task_runner.py:101} INFO - Job 66: Subtask my_task_powered_by_python 	org.apache.httpcomponents#httpcore;4.2.5 from central in [default]
[2019-07-06 15:28:03,505] {base_task_runner.py:101} INFO - Job 66: Subtask my_task_powered_by_python 	org.apache.zookeeper#zookeeper;3.4.6 from central in [default]
[2019-07-06 15:28:03,505] {base_task_runner.py:101} INFO - Job 66: Subtask my_task_powered_by_python 	org.codehaus.jackson#jackson-core-asl;1.9.13 from central in [default]
[2019-07-06 15:28:03,505] {base_task_runner.py:101} INFO - Job 66: Subtask my_task_powered_by_python 	org.codehaus.jackson#jackson-jaxrs;1.9.13 from central in [default]
[2019-07-06 15:28:03,505] {base_task_runner.py:101} INFO - Job 66: Subtask my_task_powered_by_python 	org.codehaus.jackson#jackson-mapper-asl;1.9.13 from central in [default]
[2019-07-06 15:28:03,505] {base_task_runner.py:101} INFO - Job 66: Subtask my_task_powered_by_python 	org.codehaus.jackson#jackson-xc;1.9.13 from central in [default]
[2019-07-06 15:28:03,505] {base_task_runner.py:101} INFO - Job 66: Subtask my_task_powered_by_python 	org.codehaus.jettison#jettison;1.1 from central in [default]
[2019-07-06 15:28:03,505] {base_task_runner.py:101} INFO - Job 66: Subtask my_task_powered_by_python 	org.hamcrest#hamcrest-core;1.3 from central in [default]
[2019-07-06 15:28:03,505] {base_task_runner.py:101} INFO - Job 66: Subtask my_task_powered_by_python 	org.mortbay.jetty#jetty;6.1.26 from central in [default]
[2019-07-06 15:28:03,505] {base_task_runner.py:101} INFO - Job 66: Subtask my_task_powered_by_python 	org.mortbay.jetty#jetty-util;6.1.26 from central in [default]
[2019-07-06 15:28:03,505] {base_task_runner.py:101} INFO - Job 66: Subtask my_task_powered_by_python 	org.slf4j#slf4j-api;1.7.10 from central in [default]
[2019-07-06 15:28:03,505] {base_task_runner.py:101} INFO - Job 66: Subtask my_task_powered_by_python 	org.slf4j#slf4j-log4j12;1.7.10 from central in [default]
[2019-07-06 15:28:03,506] {base_task_runner.py:101} INFO - Job 66: Subtask my_task_powered_by_python 	org.tukaani#xz;1.0 from central in [default]
[2019-07-06 15:28:03,506] {base_task_runner.py:101} INFO - Job 66: Subtask my_task_powered_by_python 	org.xerial.snappy#snappy-java;1.0.4.1 from central in [default]
[2019-07-06 15:28:03,506] {base_task_runner.py:101} INFO - Job 66: Subtask my_task_powered_by_python 	xmlenc#xmlenc;0.52 from central in [default]
[2019-07-06 15:28:03,506] {base_task_runner.py:101} INFO - Job 66: Subtask my_task_powered_by_python 	---------------------------------------------------------------------
[2019-07-06 15:28:03,506] {base_task_runner.py:101} INFO - Job 66: Subtask my_task_powered_by_python 	|                  |            modules            ||   artifacts   |
[2019-07-06 15:28:03,506] {base_task_runner.py:101} INFO - Job 66: Subtask my_task_powered_by_python 	|       conf       | number| search|dwnlded|evicted|| number|dwnlded|
[2019-07-06 15:28:03,506] {base_task_runner.py:101} INFO - Job 66: Subtask my_task_powered_by_python 	---------------------------------------------------------------------
[2019-07-06 15:28:03,506] {base_task_runner.py:101} INFO - Job 66: Subtask my_task_powered_by_python 	|      default     |   70  |   1   |   0   |   0   ||   70  |   0   |
[2019-07-06 15:28:03,506] {base_task_runner.py:101} INFO - Job 66: Subtask my_task_powered_by_python 	---------------------------------------------------------------------
[2019-07-06 15:28:03,521] {base_task_runner.py:101} INFO - Job 66: Subtask my_task_powered_by_python :: retrieving :: org.apache.spark#spark-submit-parent-a0edc4fd-f2ad-4ee1-9934-dc8126051b13
[2019-07-06 15:28:03,521] {base_task_runner.py:101} INFO - Job 66: Subtask my_task_powered_by_python 	confs: [default]
[2019-07-06 15:28:03,545] {base_task_runner.py:101} INFO - Job 66: Subtask my_task_powered_by_python 	0 artifacts copied, 70 already retrieved (0kB/23ms)
[2019-07-06 15:28:03,877] {base_task_runner.py:101} INFO - Job 66: Subtask my_task_powered_by_python 19/07/06 15:28:03 WARN NativeCodeLoader: Unable to load native-hadoop library for your platform... using builtin-java classes where applicable
[2019-07-06 15:28:04,363] {base_task_runner.py:101} INFO - Job 66: Subtask my_task_powered_by_python Using Spark's default log4j profile: org/apache/spark/log4j-defaults.properties
[2019-07-06 15:28:04,363] {base_task_runner.py:101} INFO - Job 66: Subtask my_task_powered_by_python Setting default log level to "WARN".
[2019-07-06 15:28:04,363] {base_task_runner.py:101} INFO - Job 66: Subtask my_task_powered_by_python To adjust logging level use sc.setLogLevel(newLevel). For SparkR, use setLogLevel(newLevel).
[2019-07-06 15:28:05,010] {base_task_runner.py:101} INFO - Job 66: Subtask my_task_powered_by_python 19/07/06 15:28:05 WARN Utils: Service 'SparkUI' could not bind on port 4040. Attempting port 4041.
[2019-07-06 15:28:05,010] {base_task_runner.py:101} INFO - Job 66: Subtask my_task_powered_by_python 19/07/06 15:28:05 WARN Utils: Service 'SparkUI' could not bind on port 4041. Attempting port 4042.
[2019-07-06 15:28:05,010] {base_task_runner.py:101} INFO - Job 66: Subtask my_task_powered_by_python 19/07/06 15:28:05 WARN Utils: Service 'SparkUI' could not bind on port 4042. Attempting port 4043.
[2019-07-06 15:28:05,011] {base_task_runner.py:101} INFO - Job 66: Subtask my_task_powered_by_python 19/07/06 15:28:05 WARN Utils: Service 'SparkUI' could not bind on port 4043. Attempting port 4044.
[2019-07-06 15:28:05,011] {base_task_runner.py:101} INFO - Job 66: Subtask my_task_powered_by_python 19/07/06 15:28:05 WARN Utils: Service 'SparkUI' could not bind on port 4044. Attempting port 4045.
[2019-07-06 15:28:05,011] {base_task_runner.py:101} INFO - Job 66: Subtask my_task_powered_by_python 19/07/06 15:28:05 WARN Utils: Service 'SparkUI' could not bind on port 4045. Attempting port 4046.
[2019-07-06 15:28:06,554] {base_task_runner.py:101} INFO - Job 66: Subtask my_task_powered_by_python [2019-07-06 15:28:06,553] {cli.py:517} INFO - Running <TaskInstance: python_load_dag.my_task_powered_by_python 2019-07-06T14:27:08.868931+00:00 [running]> on host Mahdis-MacBook-Pro.local
[2019-07-06 15:28:06,564] {python_operator.py:104} INFO - Exporting the following env vars:
AIRFLOW_CTX_DAG_ID=python_load_dag
AIRFLOW_CTX_TASK_ID=my_task_powered_by_python
AIRFLOW_CTX_EXECUTION_DATE=2019-07-06T14:27:08.868931+00:00
AIRFLOW_CTX_DAG_RUN_ID=manual__2019-07-06T14:27:08.868931+00:00
[2019-07-06 15:28:10,223] {base_task_runner.py:101} INFO - Job 66: Subtask my_task_powered_by_python 
[2019-07-06 15:28:11,356] {base_task_runner.py:101} INFO - Job 66: Subtask my_task_powered_by_python [Stage 0:>                                                          (0 + 1) / 1]
[2019-07-06 15:28:12,444] {base_task_runner.py:101} INFO - Job 66: Subtask my_task_powered_by_python                                                                                 
[2019-07-06 15:28:12,445] {base_task_runner.py:101} INFO - Job 66: Subtask my_task_powered_by_python 
[2019-07-06 15:28:13,084] {base_task_runner.py:101} INFO - Job 66: Subtask my_task_powered_by_python [Stage 1:>                                                          (0 + 1) / 1]
[2019-07-06 15:28:13,506] {logging_mixin.py:95} INFO - +------------------+---------------+---------------+----------------+-----------+---------+---------+------------------+----------------+----+
|         artist_id|artist_latitude|artist_location|artist_longitude|artist_name| duration|num_songs|           song_id|           title|year|
+------------------+---------------+---------------+----------------+-----------+---------+---------+------------------+----------------+----+
|ARD7TVE1187B99BFB1|           null|California - LA|            null|     Casual|218.93179|        1|SOMZWCG12A8C13C480|I Didn't Mean To|   0|
+------------------+---------------+---------------+----------------+-----------+---------+---------+------------------+----------------+----+
[2019-07-06 15:28:13,506] {logging_mixin.py:95} INFO - 
[2019-07-06 15:28:15,764] {logging_mixin.py:95} INFO - +------+---------+--------+------+-----+
|userId|firstName|lastName|gender|level|
+------+---------+--------+------+-----+
|   101|   Jayden|     Fox|     M| free|
|     8|   Kaylee| Summers|     F| free|
|    26|     Ryan|   Smith|     M| free|
|    10|   Sylvie|    Cruz|     F| free|
|    39|   Walter|    Frye|     M| free|
+------+---------+--------+------+-----+
[2019-07-06 15:28:15,764] {logging_mixin.py:95} INFO - 
[2019-07-06 15:28:16,470] {base_task_runner.py:101} INFO - Job 66: Subtask my_task_powered_by_python                                                                                 
[2019-07-06 15:28:16,472] {base_task_runner.py:101} INFO - Job 66: Subtask my_task_powered_by_python 
[2019-07-06 15:28:16,670] {base_task_runner.py:101} INFO - Job 66: Subtask my_task_powered_by_python [Stage 16:===========>                                           (43 + 4) / 200]
[2019-07-06 15:28:16,875] {base_task_runner.py:101} INFO - Job 66: Subtask my_task_powered_by_python [Stage 16:=================>                                     (63 + 4) / 200]
[2019-07-06 15:28:17,077] {base_task_runner.py:101} INFO - Job 66: Subtask my_task_powered_by_python [Stage 16:=======================>                               (85 + 4) / 200]
[2019-07-06 15:28:17,282] {base_task_runner.py:101} INFO - Job 66: Subtask my_task_powered_by_python [Stage 16:=============================>                        (109 + 4) / 200]
[2019-07-06 15:28:17,485] {base_task_runner.py:101} INFO - Job 66: Subtask my_task_powered_by_python [Stage 16:===================================>                  (132 + 4) / 200]
[2019-07-06 15:28:17,687] {base_task_runner.py:101} INFO - Job 66: Subtask my_task_powered_by_python [Stage 16:==========================================>           (158 + 4) / 200]
[2019-07-06 15:28:17,887] {base_task_runner.py:101} INFO - Job 66: Subtask my_task_powered_by_python [Stage 16:================================================>     (178 + 4) / 200]
[2019-07-06 15:28:17,950] {base_task_runner.py:101} INFO - Job 66: Subtask my_task_powered_by_python [Stage 16:====================================================> (195 + 4) / 200]
[2019-07-06 15:28:17,971] {python_operator.py:113} INFO - Done. Returned value was: None
[2019-07-06 15:28:17,988] {base_task_runner.py:101} INFO - Job 66: Subtask my_task_powered_by_python                                                                                 
[2019-07-06 15:28:17,988] {base_task_runner.py:101} INFO - Job 66: Subtask my_task_powered_by_python /Library/Frameworks/Python.framework/Versions/3.6/lib/python3.6/site-packages/airflow/utils/helpers.py:387: DeprecationWarning: Importing 'PostgresHook' directly from 'airflow.hooks' has been deprecated. Please import from 'airflow.hooks.[operator_module]' instead. Support for direct imports will be dropped entirely in Airflow 2.0.
[2019-07-06 15:28:17,988] {base_task_runner.py:101} INFO - Job 66: Subtask my_task_powered_by_python   DeprecationWarning)
[2019-07-06 15:28:18,961] {logging_mixin.py:95} INFO - [2019-07-06 15:28:18,960] {jobs.py:2562} INFO - Task exited with return code 0
