[2019-07-05 14:50:02,470] {__init__.py:1139} INFO - Dependencies all met for <TaskInstance: python_load_dag.dbt_view_load 2019-07-05T13:47:32.510003+00:00 [queued]>
[2019-07-05 14:50:02,477] {__init__.py:1139} INFO - Dependencies all met for <TaskInstance: python_load_dag.dbt_view_load 2019-07-05T13:47:32.510003+00:00 [queued]>
[2019-07-05 14:50:02,477] {__init__.py:1353} INFO - 
--------------------------------------------------------------------------------
[2019-07-05 14:50:02,477] {__init__.py:1354} INFO - Starting attempt 1 of 2
[2019-07-05 14:50:02,477] {__init__.py:1355} INFO - 
--------------------------------------------------------------------------------
[2019-07-05 14:50:02,485] {__init__.py:1374} INFO - Executing <Task(BashOperator): dbt_view_load> on 2019-07-05T13:47:32.510003+00:00
[2019-07-05 14:50:02,485] {base_task_runner.py:119} INFO - Running: ['airflow', 'run', 'python_load_dag', 'dbt_view_load', '2019-07-05T13:47:32.510003+00:00', '--job_id', '4', '--raw', '-sd', 'DAGS_FOLDER/spark_dag.py', '--cfg_path', '/var/folders/gl/v_3dc2yn7lb05kcmfb9ppm1r0000gn/T/tmp5pqgl9me']
[2019-07-05 14:50:03,323] {base_task_runner.py:101} INFO - Job 4: Subtask dbt_view_load [2019-07-05 14:50:03,323] {__init__.py:51} INFO - Using executor SequentialExecutor
[2019-07-05 14:50:03,528] {base_task_runner.py:101} INFO - Job 4: Subtask dbt_view_load [2019-07-05 14:50:03,528] {__init__.py:305} INFO - Filling up the DagBag from /Users/mahdimostafa/airflow/dags/spark_dag.py
[2019-07-05 14:50:04,761] {base_task_runner.py:101} INFO - Job 4: Subtask dbt_view_load Ivy Default Cache set to: /Users/mahdimostafa/.ivy2/cache
[2019-07-05 14:50:04,761] {base_task_runner.py:101} INFO - Job 4: Subtask dbt_view_load The jars for the packages stored in: /Users/mahdimostafa/.ivy2/jars
[2019-07-05 14:50:04,788] {base_task_runner.py:101} INFO - Job 4: Subtask dbt_view_load :: loading settings :: url = jar:file:/Library/Frameworks/Python.framework/Versions/3.6/lib/python3.6/site-packages/pyspark/jars/ivy-2.4.0.jar!/org/apache/ivy/core/settings/ivysettings.xml
[2019-07-05 14:50:04,915] {base_task_runner.py:101} INFO - Job 4: Subtask dbt_view_load org.apache.hadoop#hadoop-aws added as a dependency
[2019-07-05 14:50:04,916] {base_task_runner.py:101} INFO - Job 4: Subtask dbt_view_load :: resolving dependencies :: org.apache.spark#spark-submit-parent-92fbb450-feb7-4fc2-96d7-50ba88bd09ee;1.0
[2019-07-05 14:50:04,916] {base_task_runner.py:101} INFO - Job 4: Subtask dbt_view_load 	confs: [default]
[2019-07-05 14:50:05,102] {base_task_runner.py:101} INFO - Job 4: Subtask dbt_view_load 	found org.apache.hadoop#hadoop-aws;2.7.0 in spark-list
[2019-07-05 14:50:05,172] {base_task_runner.py:101} INFO - Job 4: Subtask dbt_view_load 	found org.apache.hadoop#hadoop-common;2.7.0 in central
[2019-07-05 14:50:05,252] {base_task_runner.py:101} INFO - Job 4: Subtask dbt_view_load 	found org.apache.hadoop#hadoop-annotations;2.7.0 in central
[2019-07-05 14:50:05,291] {base_task_runner.py:101} INFO - Job 4: Subtask dbt_view_load 	found com.google.guava#guava;11.0.2 in central
[2019-07-05 14:50:05,330] {base_task_runner.py:101} INFO - Job 4: Subtask dbt_view_load 	found com.google.code.findbugs#jsr305;3.0.0 in central
[2019-07-05 14:50:05,360] {base_task_runner.py:101} INFO - Job 4: Subtask dbt_view_load 	found commons-cli#commons-cli;1.2 in central
[2019-07-05 14:50:05,392] {base_task_runner.py:101} INFO - Job 4: Subtask dbt_view_load 	found org.apache.commons#commons-math3;3.1.1 in central
[2019-07-05 14:50:05,409] {base_task_runner.py:101} INFO - Job 4: Subtask dbt_view_load 	found xmlenc#xmlenc;0.52 in central
[2019-07-05 14:50:05,428] {base_task_runner.py:101} INFO - Job 4: Subtask dbt_view_load 	found commons-httpclient#commons-httpclient;3.1 in spark-list
[2019-07-05 14:50:05,448] {base_task_runner.py:101} INFO - Job 4: Subtask dbt_view_load 	found commons-logging#commons-logging;1.1.3 in central
[2019-07-05 14:50:05,465] {base_task_runner.py:101} INFO - Job 4: Subtask dbt_view_load 	found commons-codec#commons-codec;1.4 in central
[2019-07-05 14:50:05,482] {base_task_runner.py:101} INFO - Job 4: Subtask dbt_view_load 	found commons-io#commons-io;2.4 in central
[2019-07-05 14:50:05,499] {base_task_runner.py:101} INFO - Job 4: Subtask dbt_view_load 	found commons-net#commons-net;3.1 in central
[2019-07-05 14:50:05,516] {base_task_runner.py:101} INFO - Job 4: Subtask dbt_view_load 	found commons-collections#commons-collections;3.2.1 in central
[2019-07-05 14:50:05,530] {base_task_runner.py:101} INFO - Job 4: Subtask dbt_view_load 	found javax.servlet#servlet-api;2.5 in central
[2019-07-05 14:50:05,545] {base_task_runner.py:101} INFO - Job 4: Subtask dbt_view_load 	found org.mortbay.jetty#jetty;6.1.26 in central
[2019-07-05 14:50:05,561] {base_task_runner.py:101} INFO - Job 4: Subtask dbt_view_load 	found org.mortbay.jetty#jetty-util;6.1.26 in central
[2019-07-05 14:50:05,587] {base_task_runner.py:101} INFO - Job 4: Subtask dbt_view_load 	found com.sun.jersey#jersey-core;1.9 in central
[2019-07-05 14:50:05,602] {base_task_runner.py:101} INFO - Job 4: Subtask dbt_view_load 	found com.sun.jersey#jersey-json;1.9 in central
[2019-07-05 14:50:05,618] {base_task_runner.py:101} INFO - Job 4: Subtask dbt_view_load 	found org.codehaus.jettison#jettison;1.1 in central
[2019-07-05 14:50:05,630] {base_task_runner.py:101} INFO - Job 4: Subtask dbt_view_load 	found com.sun.xml.bind#jaxb-impl;2.2.3-1 in central
[2019-07-05 14:50:05,645] {base_task_runner.py:101} INFO - Job 4: Subtask dbt_view_load 	found javax.xml.bind#jaxb-api;2.2.2 in central
[2019-07-05 14:50:05,661] {base_task_runner.py:101} INFO - Job 4: Subtask dbt_view_load 	found javax.xml.stream#stax-api;1.0-2 in central
[2019-07-05 14:50:05,680] {base_task_runner.py:101} INFO - Job 4: Subtask dbt_view_load 	found javax.activation#activation;1.1 in central
[2019-07-05 14:50:05,691] {base_task_runner.py:101} INFO - Job 4: Subtask dbt_view_load 	found org.codehaus.jackson#jackson-core-asl;1.9.13 in central
[2019-07-05 14:50:05,707] {base_task_runner.py:101} INFO - Job 4: Subtask dbt_view_load 	found org.codehaus.jackson#jackson-mapper-asl;1.9.13 in central
[2019-07-05 14:50:05,720] {base_task_runner.py:101} INFO - Job 4: Subtask dbt_view_load 	found org.codehaus.jackson#jackson-jaxrs;1.9.13 in central
[2019-07-05 14:50:05,733] {base_task_runner.py:101} INFO - Job 4: Subtask dbt_view_load 	found org.codehaus.jackson#jackson-xc;1.9.13 in central
[2019-07-05 14:50:05,748] {base_task_runner.py:101} INFO - Job 4: Subtask dbt_view_load 	found com.sun.jersey#jersey-server;1.9 in central
[2019-07-05 14:50:05,758] {base_task_runner.py:101} INFO - Job 4: Subtask dbt_view_load 	found asm#asm;3.2 in central
[2019-07-05 14:50:05,769] {base_task_runner.py:101} INFO - Job 4: Subtask dbt_view_load 	found log4j#log4j;1.2.17 in central
[2019-07-05 14:50:05,779] {base_task_runner.py:101} INFO - Job 4: Subtask dbt_view_load 	found net.java.dev.jets3t#jets3t;0.9.0 in central
[2019-07-05 14:50:05,801] {base_task_runner.py:101} INFO - Job 4: Subtask dbt_view_load 	found org.apache.httpcomponents#httpclient;4.2.5 in central
[2019-07-05 14:50:05,817] {base_task_runner.py:101} INFO - Job 4: Subtask dbt_view_load 	found org.apache.httpcomponents#httpcore;4.2.5 in central
[2019-07-05 14:50:05,829] {base_task_runner.py:101} INFO - Job 4: Subtask dbt_view_load 	found com.jamesmurty.utils#java-xmlbuilder;0.4 in central
[2019-07-05 14:50:05,842] {base_task_runner.py:101} INFO - Job 4: Subtask dbt_view_load 	found commons-lang#commons-lang;2.6 in central
[2019-07-05 14:50:05,860] {base_task_runner.py:101} INFO - Job 4: Subtask dbt_view_load 	found commons-configuration#commons-configuration;1.6 in central
[2019-07-05 14:50:05,882] {base_task_runner.py:101} INFO - Job 4: Subtask dbt_view_load 	found commons-digester#commons-digester;1.8 in central
[2019-07-05 14:50:05,896] {base_task_runner.py:101} INFO - Job 4: Subtask dbt_view_load 	found commons-beanutils#commons-beanutils;1.7.0 in central
[2019-07-05 14:50:05,909] {base_task_runner.py:101} INFO - Job 4: Subtask dbt_view_load 	found commons-beanutils#commons-beanutils-core;1.8.0 in central
[2019-07-05 14:50:05,919] {base_task_runner.py:101} INFO - Job 4: Subtask dbt_view_load 	found org.slf4j#slf4j-api;1.7.10 in central
[2019-07-05 14:50:05,929] {base_task_runner.py:101} INFO - Job 4: Subtask dbt_view_load 	found org.apache.avro#avro;1.7.4 in central
[2019-07-05 14:50:05,942] {base_task_runner.py:101} INFO - Job 4: Subtask dbt_view_load 	found com.thoughtworks.paranamer#paranamer;2.3 in central
[2019-07-05 14:50:05,952] {base_task_runner.py:101} INFO - Job 4: Subtask dbt_view_load 	found org.xerial.snappy#snappy-java;1.0.4.1 in central
[2019-07-05 14:50:05,962] {base_task_runner.py:101} INFO - Job 4: Subtask dbt_view_load 	found org.apache.commons#commons-compress;1.4.1 in central
[2019-07-05 14:50:05,972] {base_task_runner.py:101} INFO - Job 4: Subtask dbt_view_load 	found org.tukaani#xz;1.0 in central
[2019-07-05 14:50:05,980] {base_task_runner.py:101} INFO - Job 4: Subtask dbt_view_load 	found com.google.protobuf#protobuf-java;2.5.0 in central
[2019-07-05 14:50:05,989] {base_task_runner.py:101} INFO - Job 4: Subtask dbt_view_load 	found com.google.code.gson#gson;2.2.4 in central
[2019-07-05 14:50:06,004] {base_task_runner.py:101} INFO - Job 4: Subtask dbt_view_load 	found org.apache.hadoop#hadoop-auth;2.7.0 in central
[2019-07-05 14:50:06,019] {base_task_runner.py:101} INFO - Job 4: Subtask dbt_view_load 	found org.apache.directory.server#apacheds-kerberos-codec;2.0.0-M15 in central
[2019-07-05 14:50:06,037] {base_task_runner.py:101} INFO - Job 4: Subtask dbt_view_load 	found org.apache.directory.server#apacheds-i18n;2.0.0-M15 in central
[2019-07-05 14:50:06,051] {base_task_runner.py:101} INFO - Job 4: Subtask dbt_view_load 	found org.apache.directory.api#api-asn1-api;1.0.0-M20 in central
[2019-07-05 14:50:06,062] {base_task_runner.py:101} INFO - Job 4: Subtask dbt_view_load 	found org.apache.directory.api#api-util;1.0.0-M20 in central
[2019-07-05 14:50:06,072] {base_task_runner.py:101} INFO - Job 4: Subtask dbt_view_load 	found org.apache.zookeeper#zookeeper;3.4.6 in central
[2019-07-05 14:50:06,084] {base_task_runner.py:101} INFO - Job 4: Subtask dbt_view_load 	found org.slf4j#slf4j-log4j12;1.7.10 in central
[2019-07-05 14:50:06,097] {base_task_runner.py:101} INFO - Job 4: Subtask dbt_view_load 	found io.netty#netty;3.6.2.Final in central
[2019-07-05 14:50:06,108] {base_task_runner.py:101} INFO - Job 4: Subtask dbt_view_load 	found org.apache.curator#curator-framework;2.7.1 in central
[2019-07-05 14:50:06,121] {base_task_runner.py:101} INFO - Job 4: Subtask dbt_view_load 	found org.apache.curator#curator-client;2.7.1 in central
[2019-07-05 14:50:06,134] {base_task_runner.py:101} INFO - Job 4: Subtask dbt_view_load 	found com.jcraft#jsch;0.1.42 in central
[2019-07-05 14:50:06,144] {base_task_runner.py:101} INFO - Job 4: Subtask dbt_view_load 	found org.apache.curator#curator-recipes;2.7.1 in central
[2019-07-05 14:50:06,157] {base_task_runner.py:101} INFO - Job 4: Subtask dbt_view_load 	found org.apache.htrace#htrace-core;3.1.0-incubating in central
[2019-07-05 14:50:06,171] {base_task_runner.py:101} INFO - Job 4: Subtask dbt_view_load 	found javax.servlet.jsp#jsp-api;2.1 in central
[2019-07-05 14:50:06,198] {base_task_runner.py:101} INFO - Job 4: Subtask dbt_view_load 	found jline#jline;0.9.94 in central
[2019-07-05 14:50:06,210] {base_task_runner.py:101} INFO - Job 4: Subtask dbt_view_load 	found junit#junit;4.11 in central
[2019-07-05 14:50:06,223] {base_task_runner.py:101} INFO - Job 4: Subtask dbt_view_load 	found org.hamcrest#hamcrest-core;1.3 in central
[2019-07-05 14:50:06,232] {base_task_runner.py:101} INFO - Job 4: Subtask dbt_view_load 	found com.fasterxml.jackson.core#jackson-databind;2.2.3 in central
[2019-07-05 14:50:06,240] {base_task_runner.py:101} INFO - Job 4: Subtask dbt_view_load 	found com.fasterxml.jackson.core#jackson-annotations;2.2.3 in central
[2019-07-05 14:50:06,245] {base_task_runner.py:101} INFO - Job 4: Subtask dbt_view_load 	found com.fasterxml.jackson.core#jackson-core;2.2.3 in central
[2019-07-05 14:50:06,253] {base_task_runner.py:101} INFO - Job 4: Subtask dbt_view_load 	found com.amazonaws#aws-java-sdk;1.7.4 in central
[2019-07-05 14:50:06,274] {base_task_runner.py:101} INFO - Job 4: Subtask dbt_view_load WARNING: An illegal reflective access operation has occurred
[2019-07-05 14:50:06,274] {base_task_runner.py:101} INFO - Job 4: Subtask dbt_view_load WARNING: Illegal reflective access by org.apache.ivy.util.url.IvyAuthenticator (file:/Library/Frameworks/Python.framework/Versions/3.6/lib/python3.6/site-packages/pyspark/jars/ivy-2.4.0.jar) to field java.net.Authenticator.theAuthenticator
[2019-07-05 14:50:06,274] {base_task_runner.py:101} INFO - Job 4: Subtask dbt_view_load WARNING: Please consider reporting this to the maintainers of org.apache.ivy.util.url.IvyAuthenticator
[2019-07-05 14:50:06,274] {base_task_runner.py:101} INFO - Job 4: Subtask dbt_view_load WARNING: Use --illegal-access=warn to enable warnings of further illegal reflective access operations
[2019-07-05 14:50:06,275] {base_task_runner.py:101} INFO - Job 4: Subtask dbt_view_load WARNING: All illegal access operations will be denied in a future release
[2019-07-05 14:50:06,951] {base_task_runner.py:101} INFO - Job 4: Subtask dbt_view_load 	found joda-time#joda-time;2.10.3 in central
[2019-07-05 14:50:06,952] {base_task_runner.py:101} INFO - Job 4: Subtask dbt_view_load 	[2.10.3] joda-time#joda-time;[2.2,)
[2019-07-05 14:50:07,010] {base_task_runner.py:101} INFO - Job 4: Subtask dbt_view_load :: resolution report :: resolve 2061ms :: artifacts dl 32ms
[2019-07-05 14:50:07,010] {base_task_runner.py:101} INFO - Job 4: Subtask dbt_view_load 	:: modules in use:
[2019-07-05 14:50:07,010] {base_task_runner.py:101} INFO - Job 4: Subtask dbt_view_load 	asm#asm;3.2 from central in [default]
[2019-07-05 14:50:07,010] {base_task_runner.py:101} INFO - Job 4: Subtask dbt_view_load 	com.amazonaws#aws-java-sdk;1.7.4 from central in [default]
[2019-07-05 14:50:07,011] {base_task_runner.py:101} INFO - Job 4: Subtask dbt_view_load 	com.fasterxml.jackson.core#jackson-annotations;2.2.3 from central in [default]
[2019-07-05 14:50:07,011] {base_task_runner.py:101} INFO - Job 4: Subtask dbt_view_load 	com.fasterxml.jackson.core#jackson-core;2.2.3 from central in [default]
[2019-07-05 14:50:07,011] {base_task_runner.py:101} INFO - Job 4: Subtask dbt_view_load 	com.fasterxml.jackson.core#jackson-databind;2.2.3 from central in [default]
[2019-07-05 14:50:07,011] {base_task_runner.py:101} INFO - Job 4: Subtask dbt_view_load 	com.google.code.findbugs#jsr305;3.0.0 from central in [default]
[2019-07-05 14:50:07,011] {base_task_runner.py:101} INFO - Job 4: Subtask dbt_view_load 	com.google.code.gson#gson;2.2.4 from central in [default]
[2019-07-05 14:50:07,011] {base_task_runner.py:101} INFO - Job 4: Subtask dbt_view_load 	com.google.guava#guava;11.0.2 from central in [default]
[2019-07-05 14:50:07,011] {base_task_runner.py:101} INFO - Job 4: Subtask dbt_view_load 	com.google.protobuf#protobuf-java;2.5.0 from central in [default]
[2019-07-05 14:50:07,012] {base_task_runner.py:101} INFO - Job 4: Subtask dbt_view_load 	com.jamesmurty.utils#java-xmlbuilder;0.4 from central in [default]
[2019-07-05 14:50:07,012] {base_task_runner.py:101} INFO - Job 4: Subtask dbt_view_load 	com.jcraft#jsch;0.1.42 from central in [default]
[2019-07-05 14:50:07,012] {base_task_runner.py:101} INFO - Job 4: Subtask dbt_view_load 	com.sun.jersey#jersey-core;1.9 from central in [default]
[2019-07-05 14:50:07,012] {base_task_runner.py:101} INFO - Job 4: Subtask dbt_view_load 	com.sun.jersey#jersey-json;1.9 from central in [default]
[2019-07-05 14:50:07,012] {base_task_runner.py:101} INFO - Job 4: Subtask dbt_view_load 	com.sun.jersey#jersey-server;1.9 from central in [default]
[2019-07-05 14:50:07,012] {base_task_runner.py:101} INFO - Job 4: Subtask dbt_view_load 	com.sun.xml.bind#jaxb-impl;2.2.3-1 from central in [default]
[2019-07-05 14:50:07,012] {base_task_runner.py:101} INFO - Job 4: Subtask dbt_view_load 	com.thoughtworks.paranamer#paranamer;2.3 from central in [default]
[2019-07-05 14:50:07,012] {base_task_runner.py:101} INFO - Job 4: Subtask dbt_view_load 	commons-beanutils#commons-beanutils;1.7.0 from central in [default]
[2019-07-05 14:50:07,012] {base_task_runner.py:101} INFO - Job 4: Subtask dbt_view_load 	commons-beanutils#commons-beanutils-core;1.8.0 from central in [default]
[2019-07-05 14:50:07,012] {base_task_runner.py:101} INFO - Job 4: Subtask dbt_view_load 	commons-cli#commons-cli;1.2 from central in [default]
[2019-07-05 14:50:07,012] {base_task_runner.py:101} INFO - Job 4: Subtask dbt_view_load 	commons-codec#commons-codec;1.4 from central in [default]
[2019-07-05 14:50:07,013] {base_task_runner.py:101} INFO - Job 4: Subtask dbt_view_load 	commons-collections#commons-collections;3.2.1 from central in [default]
[2019-07-05 14:50:07,013] {base_task_runner.py:101} INFO - Job 4: Subtask dbt_view_load 	commons-configuration#commons-configuration;1.6 from central in [default]
[2019-07-05 14:50:07,013] {base_task_runner.py:101} INFO - Job 4: Subtask dbt_view_load 	commons-digester#commons-digester;1.8 from central in [default]
[2019-07-05 14:50:07,013] {base_task_runner.py:101} INFO - Job 4: Subtask dbt_view_load 	commons-httpclient#commons-httpclient;3.1 from spark-list in [default]
[2019-07-05 14:50:07,013] {base_task_runner.py:101} INFO - Job 4: Subtask dbt_view_load 	commons-io#commons-io;2.4 from central in [default]
[2019-07-05 14:50:07,013] {base_task_runner.py:101} INFO - Job 4: Subtask dbt_view_load 	commons-lang#commons-lang;2.6 from central in [default]
[2019-07-05 14:50:07,013] {base_task_runner.py:101} INFO - Job 4: Subtask dbt_view_load 	commons-logging#commons-logging;1.1.3 from central in [default]
[2019-07-05 14:50:07,013] {base_task_runner.py:101} INFO - Job 4: Subtask dbt_view_load 	commons-net#commons-net;3.1 from central in [default]
[2019-07-05 14:50:07,013] {base_task_runner.py:101} INFO - Job 4: Subtask dbt_view_load 	io.netty#netty;3.6.2.Final from central in [default]
[2019-07-05 14:50:07,013] {base_task_runner.py:101} INFO - Job 4: Subtask dbt_view_load 	javax.activation#activation;1.1 from central in [default]
[2019-07-05 14:50:07,013] {base_task_runner.py:101} INFO - Job 4: Subtask dbt_view_load 	javax.servlet#servlet-api;2.5 from central in [default]
[2019-07-05 14:50:07,014] {base_task_runner.py:101} INFO - Job 4: Subtask dbt_view_load 	javax.servlet.jsp#jsp-api;2.1 from central in [default]
[2019-07-05 14:50:07,014] {base_task_runner.py:101} INFO - Job 4: Subtask dbt_view_load 	javax.xml.bind#jaxb-api;2.2.2 from central in [default]
[2019-07-05 14:50:07,014] {base_task_runner.py:101} INFO - Job 4: Subtask dbt_view_load 	javax.xml.stream#stax-api;1.0-2 from central in [default]
[2019-07-05 14:50:07,014] {base_task_runner.py:101} INFO - Job 4: Subtask dbt_view_load 	jline#jline;0.9.94 from central in [default]
[2019-07-05 14:50:07,014] {base_task_runner.py:101} INFO - Job 4: Subtask dbt_view_load 	joda-time#joda-time;2.10.3 from central in [default]
[2019-07-05 14:50:07,014] {base_task_runner.py:101} INFO - Job 4: Subtask dbt_view_load 	junit#junit;4.11 from central in [default]
[2019-07-05 14:50:07,014] {base_task_runner.py:101} INFO - Job 4: Subtask dbt_view_load 	log4j#log4j;1.2.17 from central in [default]
[2019-07-05 14:50:07,014] {base_task_runner.py:101} INFO - Job 4: Subtask dbt_view_load 	net.java.dev.jets3t#jets3t;0.9.0 from central in [default]
[2019-07-05 14:50:07,015] {base_task_runner.py:101} INFO - Job 4: Subtask dbt_view_load 	org.apache.avro#avro;1.7.4 from central in [default]
[2019-07-05 14:50:07,015] {base_task_runner.py:101} INFO - Job 4: Subtask dbt_view_load 	org.apache.commons#commons-compress;1.4.1 from central in [default]
[2019-07-05 14:50:07,015] {base_task_runner.py:101} INFO - Job 4: Subtask dbt_view_load 	org.apache.commons#commons-math3;3.1.1 from central in [default]
[2019-07-05 14:50:07,015] {base_task_runner.py:101} INFO - Job 4: Subtask dbt_view_load 	org.apache.curator#curator-client;2.7.1 from central in [default]
[2019-07-05 14:50:07,015] {base_task_runner.py:101} INFO - Job 4: Subtask dbt_view_load 	org.apache.curator#curator-framework;2.7.1 from central in [default]
[2019-07-05 14:50:07,015] {base_task_runner.py:101} INFO - Job 4: Subtask dbt_view_load 	org.apache.curator#curator-recipes;2.7.1 from central in [default]
[2019-07-05 14:50:07,015] {base_task_runner.py:101} INFO - Job 4: Subtask dbt_view_load 	org.apache.directory.api#api-asn1-api;1.0.0-M20 from central in [default]
[2019-07-05 14:50:07,015] {base_task_runner.py:101} INFO - Job 4: Subtask dbt_view_load 	org.apache.directory.api#api-util;1.0.0-M20 from central in [default]
[2019-07-05 14:50:07,015] {base_task_runner.py:101} INFO - Job 4: Subtask dbt_view_load 	org.apache.directory.server#apacheds-i18n;2.0.0-M15 from central in [default]
[2019-07-05 14:50:07,015] {base_task_runner.py:101} INFO - Job 4: Subtask dbt_view_load 	org.apache.directory.server#apacheds-kerberos-codec;2.0.0-M15 from central in [default]
[2019-07-05 14:50:07,015] {base_task_runner.py:101} INFO - Job 4: Subtask dbt_view_load 	org.apache.hadoop#hadoop-annotations;2.7.0 from central in [default]
[2019-07-05 14:50:07,015] {base_task_runner.py:101} INFO - Job 4: Subtask dbt_view_load 	org.apache.hadoop#hadoop-auth;2.7.0 from central in [default]
[2019-07-05 14:50:07,016] {base_task_runner.py:101} INFO - Job 4: Subtask dbt_view_load 	org.apache.hadoop#hadoop-aws;2.7.0 from spark-list in [default]
[2019-07-05 14:50:07,016] {base_task_runner.py:101} INFO - Job 4: Subtask dbt_view_load 	org.apache.hadoop#hadoop-common;2.7.0 from central in [default]
[2019-07-05 14:50:07,016] {base_task_runner.py:101} INFO - Job 4: Subtask dbt_view_load 	org.apache.htrace#htrace-core;3.1.0-incubating from central in [default]
[2019-07-05 14:50:07,016] {base_task_runner.py:101} INFO - Job 4: Subtask dbt_view_load 	org.apache.httpcomponents#httpclient;4.2.5 from central in [default]
[2019-07-05 14:50:07,016] {base_task_runner.py:101} INFO - Job 4: Subtask dbt_view_load 	org.apache.httpcomponents#httpcore;4.2.5 from central in [default]
[2019-07-05 14:50:07,016] {base_task_runner.py:101} INFO - Job 4: Subtask dbt_view_load 	org.apache.zookeeper#zookeeper;3.4.6 from central in [default]
[2019-07-05 14:50:07,016] {base_task_runner.py:101} INFO - Job 4: Subtask dbt_view_load 	org.codehaus.jackson#jackson-core-asl;1.9.13 from central in [default]
[2019-07-05 14:50:07,016] {base_task_runner.py:101} INFO - Job 4: Subtask dbt_view_load 	org.codehaus.jackson#jackson-jaxrs;1.9.13 from central in [default]
[2019-07-05 14:50:07,016] {base_task_runner.py:101} INFO - Job 4: Subtask dbt_view_load 	org.codehaus.jackson#jackson-mapper-asl;1.9.13 from central in [default]
[2019-07-05 14:50:07,016] {base_task_runner.py:101} INFO - Job 4: Subtask dbt_view_load 	org.codehaus.jackson#jackson-xc;1.9.13 from central in [default]
[2019-07-05 14:50:07,016] {base_task_runner.py:101} INFO - Job 4: Subtask dbt_view_load 	org.codehaus.jettison#jettison;1.1 from central in [default]
[2019-07-05 14:50:07,016] {base_task_runner.py:101} INFO - Job 4: Subtask dbt_view_load 	org.hamcrest#hamcrest-core;1.3 from central in [default]
[2019-07-05 14:50:07,016] {base_task_runner.py:101} INFO - Job 4: Subtask dbt_view_load 	org.mortbay.jetty#jetty;6.1.26 from central in [default]
[2019-07-05 14:50:07,016] {base_task_runner.py:101} INFO - Job 4: Subtask dbt_view_load 	org.mortbay.jetty#jetty-util;6.1.26 from central in [default]
[2019-07-05 14:50:07,017] {base_task_runner.py:101} INFO - Job 4: Subtask dbt_view_load 	org.slf4j#slf4j-api;1.7.10 from central in [default]
[2019-07-05 14:50:07,017] {base_task_runner.py:101} INFO - Job 4: Subtask dbt_view_load 	org.slf4j#slf4j-log4j12;1.7.10 from central in [default]
[2019-07-05 14:50:07,017] {base_task_runner.py:101} INFO - Job 4: Subtask dbt_view_load 	org.tukaani#xz;1.0 from central in [default]
[2019-07-05 14:50:07,017] {base_task_runner.py:101} INFO - Job 4: Subtask dbt_view_load 	org.xerial.snappy#snappy-java;1.0.4.1 from central in [default]
[2019-07-05 14:50:07,017] {base_task_runner.py:101} INFO - Job 4: Subtask dbt_view_load 	xmlenc#xmlenc;0.52 from central in [default]
[2019-07-05 14:50:07,017] {base_task_runner.py:101} INFO - Job 4: Subtask dbt_view_load 	---------------------------------------------------------------------
[2019-07-05 14:50:07,017] {base_task_runner.py:101} INFO - Job 4: Subtask dbt_view_load 	|                  |            modules            ||   artifacts   |
[2019-07-05 14:50:07,017] {base_task_runner.py:101} INFO - Job 4: Subtask dbt_view_load 	|       conf       | number| search|dwnlded|evicted|| number|dwnlded|
[2019-07-05 14:50:07,017] {base_task_runner.py:101} INFO - Job 4: Subtask dbt_view_load 	---------------------------------------------------------------------
[2019-07-05 14:50:07,017] {base_task_runner.py:101} INFO - Job 4: Subtask dbt_view_load 	|      default     |   70  |   1   |   0   |   0   ||   70  |   0   |
[2019-07-05 14:50:07,017] {base_task_runner.py:101} INFO - Job 4: Subtask dbt_view_load 	---------------------------------------------------------------------
[2019-07-05 14:50:07,031] {base_task_runner.py:101} INFO - Job 4: Subtask dbt_view_load :: retrieving :: org.apache.spark#spark-submit-parent-92fbb450-feb7-4fc2-96d7-50ba88bd09ee
[2019-07-05 14:50:07,031] {base_task_runner.py:101} INFO - Job 4: Subtask dbt_view_load 	confs: [default]
[2019-07-05 14:50:07,056] {base_task_runner.py:101} INFO - Job 4: Subtask dbt_view_load 	0 artifacts copied, 70 already retrieved (0kB/24ms)
[2019-07-05 14:50:22,498] {base_task_runner.py:101} INFO - Job 4: Subtask dbt_view_load 19/07/05 14:50:22 WARN NativeCodeLoader: Unable to load native-hadoop library for your platform... using builtin-java classes where applicable
[2019-07-05 14:50:23,171] {base_task_runner.py:101} INFO - Job 4: Subtask dbt_view_load Using Spark's default log4j profile: org/apache/spark/log4j-defaults.properties
[2019-07-05 14:50:23,172] {base_task_runner.py:101} INFO - Job 4: Subtask dbt_view_load Setting default log level to "WARN".
[2019-07-05 14:50:23,172] {base_task_runner.py:101} INFO - Job 4: Subtask dbt_view_load To adjust logging level use sc.setLogLevel(newLevel). For SparkR, use setLogLevel(newLevel).
[2019-07-05 14:50:24,392] {base_task_runner.py:101} INFO - Job 4: Subtask dbt_view_load 19/07/05 14:50:24 WARN Utils: Service 'SparkUI' could not bind on port 4040. Attempting port 4041.
[2019-07-05 14:50:24,392] {base_task_runner.py:101} INFO - Job 4: Subtask dbt_view_load 19/07/05 14:50:24 WARN Utils: Service 'SparkUI' could not bind on port 4041. Attempting port 4042.
[2019-07-05 14:50:24,393] {base_task_runner.py:101} INFO - Job 4: Subtask dbt_view_load 19/07/05 14:50:24 WARN Utils: Service 'SparkUI' could not bind on port 4042. Attempting port 4043.
[2019-07-05 14:50:24,393] {base_task_runner.py:101} INFO - Job 4: Subtask dbt_view_load 19/07/05 14:50:24 WARN Utils: Service 'SparkUI' could not bind on port 4043. Attempting port 4044.
[2019-07-05 14:50:24,393] {base_task_runner.py:101} INFO - Job 4: Subtask dbt_view_load 19/07/05 14:50:24 WARN Utils: Service 'SparkUI' could not bind on port 4044. Attempting port 4045.
[2019-07-05 14:50:24,394] {base_task_runner.py:101} INFO - Job 4: Subtask dbt_view_load 19/07/05 14:50:24 WARN Utils: Service 'SparkUI' could not bind on port 4045. Attempting port 4046.
[2019-07-05 14:50:26,666] {base_task_runner.py:101} INFO - Job 4: Subtask dbt_view_load [2019-07-05 14:50:26,666] {cli.py:517} INFO - Running <TaskInstance: python_load_dag.dbt_view_load 2019-07-05T13:47:32.510003+00:00 [running]> on host Mahdis-MacBook-Pro.local
[2019-07-05 14:50:26,680] {bash_operator.py:81} INFO - Tmp dir root location: 
 /var/folders/gl/v_3dc2yn7lb05kcmfb9ppm1r0000gn/T
[2019-07-05 14:50:26,680] {bash_operator.py:90} INFO - Exporting the following env vars:
AIRFLOW_CTX_DAG_ID=python_load_dag
AIRFLOW_CTX_TASK_ID=dbt_view_load
AIRFLOW_CTX_EXECUTION_DATE=2019-07-05T13:47:32.510003+00:00
AIRFLOW_CTX_DAG_RUN_ID=manual__2019-07-05T13:47:32.510003+00:00
[2019-07-05 14:50:26,680] {bash_operator.py:104} INFO - Temporary script location: /var/folders/gl/v_3dc2yn7lb05kcmfb9ppm1r0000gn/T/airflowtmp9ma_frk0/dbt_view_loadw04absfh
[2019-07-05 14:50:26,680] {bash_operator.py:114} INFO - Running command: cd /Users/mahdimostafa/airflow/dags/dbt_project && dbt run
[2019-07-05 14:50:26,687] {bash_operator.py:123} INFO - Output:
[2019-07-05 14:50:28,126] {bash_operator.py:127} INFO - Running with dbt=0.13.1
[2019-07-05 14:50:28,865] {bash_operator.py:127} INFO - Found 1 models, 0 tests, 0 archives, 0 analyses, 94 macros, 0 operations, 0 seed files, 0 sources
[2019-07-05 14:50:28,866] {bash_operator.py:127} INFO - 
[2019-07-05 14:50:29,174] {bash_operator.py:127} INFO - 14:50:29 | Concurrency: 1 threads (target='dev')
[2019-07-05 14:50:29,174] {bash_operator.py:127} INFO - 14:50:29 |
[2019-07-05 14:50:29,177] {bash_operator.py:127} INFO - 14:50:29 | 1 of 1 START view model public_DATAMART.datamart..................... [RUN]
[2019-07-05 14:50:29,595] {bash_operator.py:127} INFO - 14:50:29 | 1 of 1 OK created view model public_DATAMART.datamart................ [[32mCREATE VIEW[0m in 0.07s]
[2019-07-05 14:50:29,695] {bash_operator.py:127} INFO - 14:50:29 |
[2019-07-05 14:50:29,695] {bash_operator.py:127} INFO - 14:50:29 | Finished running 1 view models in 0.83s.
[2019-07-05 14:50:29,702] {bash_operator.py:127} INFO - 
[2019-07-05 14:50:29,702] {bash_operator.py:127} INFO - [32mCompleted successfully[0m
[2019-07-05 14:50:29,702] {bash_operator.py:127} INFO - 
[2019-07-05 14:50:29,702] {bash_operator.py:127} INFO - Done. PASS=1 ERROR=0 SKIP=0 TOTAL=1
[2019-07-05 14:50:30,168] {bash_operator.py:131} INFO - Command exited with return code 0
[2019-07-05 14:50:32,152] {logging_mixin.py:95} INFO - [2019-07-05 14:50:32,151] {jobs.py:2562} INFO - Task exited with return code 0
