[2019-07-06 13:05:42,257] {__init__.py:1139} INFO - Dependencies all met for <TaskInstance: python_load_dag.my_task_powered_by_python 2019-07-06T12:05:03.642555+00:00 [queued]>
[2019-07-06 13:05:42,267] {__init__.py:1139} INFO - Dependencies all met for <TaskInstance: python_load_dag.my_task_powered_by_python 2019-07-06T12:05:03.642555+00:00 [queued]>
[2019-07-06 13:05:42,267] {__init__.py:1353} INFO - 
--------------------------------------------------------------------------------
[2019-07-06 13:05:42,267] {__init__.py:1354} INFO - Starting attempt 1 of 2
[2019-07-06 13:05:42,267] {__init__.py:1355} INFO - 
--------------------------------------------------------------------------------
[2019-07-06 13:05:42,275] {__init__.py:1374} INFO - Executing <Task(PythonOperator): my_task_powered_by_python> on 2019-07-06T12:05:03.642555+00:00
[2019-07-06 13:05:42,275] {base_task_runner.py:119} INFO - Running: ['airflow', 'run', 'python_load_dag', 'my_task_powered_by_python', '2019-07-06T12:05:03.642555+00:00', '--job_id', '18', '--raw', '-sd', 'DAGS_FOLDER/spark_dag.py', '--cfg_path', '/var/folders/gl/v_3dc2yn7lb05kcmfb9ppm1r0000gn/T/tmpj0o8yz1c']
[2019-07-06 13:05:43,104] {base_task_runner.py:101} INFO - Job 18: Subtask my_task_powered_by_python [2019-07-06 13:05:43,104] {__init__.py:51} INFO - Using executor SequentialExecutor
[2019-07-06 13:05:43,310] {base_task_runner.py:101} INFO - Job 18: Subtask my_task_powered_by_python [2019-07-06 13:05:43,309] {__init__.py:305} INFO - Filling up the DagBag from /Users/mahdimostafa/airflow/dags/spark_dag.py
[2019-07-06 13:05:44,522] {base_task_runner.py:101} INFO - Job 18: Subtask my_task_powered_by_python Ivy Default Cache set to: /Users/mahdimostafa/.ivy2/cache
[2019-07-06 13:05:44,522] {base_task_runner.py:101} INFO - Job 18: Subtask my_task_powered_by_python The jars for the packages stored in: /Users/mahdimostafa/.ivy2/jars
[2019-07-06 13:05:44,550] {base_task_runner.py:101} INFO - Job 18: Subtask my_task_powered_by_python :: loading settings :: url = jar:file:/Library/Frameworks/Python.framework/Versions/3.6/lib/python3.6/site-packages/pyspark/jars/ivy-2.4.0.jar!/org/apache/ivy/core/settings/ivysettings.xml
[2019-07-06 13:05:44,677] {base_task_runner.py:101} INFO - Job 18: Subtask my_task_powered_by_python org.apache.hadoop#hadoop-aws added as a dependency
[2019-07-06 13:05:44,678] {base_task_runner.py:101} INFO - Job 18: Subtask my_task_powered_by_python :: resolving dependencies :: org.apache.spark#spark-submit-parent-9473f537-b426-4d38-b0f7-0ea9b9100db6;1.0
[2019-07-06 13:05:44,679] {base_task_runner.py:101} INFO - Job 18: Subtask my_task_powered_by_python 	confs: [default]
[2019-07-06 13:05:44,863] {base_task_runner.py:101} INFO - Job 18: Subtask my_task_powered_by_python 	found org.apache.hadoop#hadoop-aws;2.7.0 in spark-list
[2019-07-06 13:05:44,927] {base_task_runner.py:101} INFO - Job 18: Subtask my_task_powered_by_python 	found org.apache.hadoop#hadoop-common;2.7.0 in central
[2019-07-06 13:05:45,012] {base_task_runner.py:101} INFO - Job 18: Subtask my_task_powered_by_python 	found org.apache.hadoop#hadoop-annotations;2.7.0 in spark-list
[2019-07-06 13:05:45,047] {base_task_runner.py:101} INFO - Job 18: Subtask my_task_powered_by_python 	found com.google.guava#guava;11.0.2 in central
[2019-07-06 13:05:45,084] {base_task_runner.py:101} INFO - Job 18: Subtask my_task_powered_by_python 	found com.google.code.findbugs#jsr305;3.0.0 in central
[2019-07-06 13:05:45,111] {base_task_runner.py:101} INFO - Job 18: Subtask my_task_powered_by_python 	found commons-cli#commons-cli;1.2 in central
[2019-07-06 13:05:45,142] {base_task_runner.py:101} INFO - Job 18: Subtask my_task_powered_by_python 	found org.apache.commons#commons-math3;3.1.1 in central
[2019-07-06 13:05:45,161] {base_task_runner.py:101} INFO - Job 18: Subtask my_task_powered_by_python 	found xmlenc#xmlenc;0.52 in central
[2019-07-06 13:05:45,185] {base_task_runner.py:101} INFO - Job 18: Subtask my_task_powered_by_python 	found commons-httpclient#commons-httpclient;3.1 in spark-list
[2019-07-06 13:05:45,204] {base_task_runner.py:101} INFO - Job 18: Subtask my_task_powered_by_python 	found commons-logging#commons-logging;1.1.3 in central
[2019-07-06 13:05:45,221] {base_task_runner.py:101} INFO - Job 18: Subtask my_task_powered_by_python 	found commons-codec#commons-codec;1.4 in central
[2019-07-06 13:05:45,239] {base_task_runner.py:101} INFO - Job 18: Subtask my_task_powered_by_python 	found commons-io#commons-io;2.4 in central
[2019-07-06 13:05:45,256] {base_task_runner.py:101} INFO - Job 18: Subtask my_task_powered_by_python 	found commons-net#commons-net;3.1 in central
[2019-07-06 13:05:45,279] {base_task_runner.py:101} INFO - Job 18: Subtask my_task_powered_by_python 	found commons-collections#commons-collections;3.2.1 in central
[2019-07-06 13:05:45,295] {base_task_runner.py:101} INFO - Job 18: Subtask my_task_powered_by_python 	found javax.servlet#servlet-api;2.5 in central
[2019-07-06 13:05:45,308] {base_task_runner.py:101} INFO - Job 18: Subtask my_task_powered_by_python 	found org.mortbay.jetty#jetty;6.1.26 in central
[2019-07-06 13:05:45,320] {base_task_runner.py:101} INFO - Job 18: Subtask my_task_powered_by_python 	found org.mortbay.jetty#jetty-util;6.1.26 in central
[2019-07-06 13:05:45,343] {base_task_runner.py:101} INFO - Job 18: Subtask my_task_powered_by_python 	found com.sun.jersey#jersey-core;1.9 in central
[2019-07-06 13:05:45,362] {base_task_runner.py:101} INFO - Job 18: Subtask my_task_powered_by_python 	found com.sun.jersey#jersey-json;1.9 in central
[2019-07-06 13:05:45,379] {base_task_runner.py:101} INFO - Job 18: Subtask my_task_powered_by_python 	found org.codehaus.jettison#jettison;1.1 in central
[2019-07-06 13:05:45,394] {base_task_runner.py:101} INFO - Job 18: Subtask my_task_powered_by_python 	found com.sun.xml.bind#jaxb-impl;2.2.3-1 in central
[2019-07-06 13:05:45,407] {base_task_runner.py:101} INFO - Job 18: Subtask my_task_powered_by_python 	found javax.xml.bind#jaxb-api;2.2.2 in central
[2019-07-06 13:05:45,421] {base_task_runner.py:101} INFO - Job 18: Subtask my_task_powered_by_python 	found javax.xml.stream#stax-api;1.0-2 in central
[2019-07-06 13:05:45,434] {base_task_runner.py:101} INFO - Job 18: Subtask my_task_powered_by_python 	found javax.activation#activation;1.1 in central
[2019-07-06 13:05:45,448] {base_task_runner.py:101} INFO - Job 18: Subtask my_task_powered_by_python 	found org.codehaus.jackson#jackson-core-asl;1.9.13 in central
[2019-07-06 13:05:45,459] {base_task_runner.py:101} INFO - Job 18: Subtask my_task_powered_by_python 	found org.codehaus.jackson#jackson-mapper-asl;1.9.13 in central
[2019-07-06 13:05:45,473] {base_task_runner.py:101} INFO - Job 18: Subtask my_task_powered_by_python 	found org.codehaus.jackson#jackson-jaxrs;1.9.13 in central
[2019-07-06 13:05:45,486] {base_task_runner.py:101} INFO - Job 18: Subtask my_task_powered_by_python 	found org.codehaus.jackson#jackson-xc;1.9.13 in central
[2019-07-06 13:05:45,501] {base_task_runner.py:101} INFO - Job 18: Subtask my_task_powered_by_python 	found com.sun.jersey#jersey-server;1.9 in central
[2019-07-06 13:05:45,512] {base_task_runner.py:101} INFO - Job 18: Subtask my_task_powered_by_python 	found asm#asm;3.2 in central
[2019-07-06 13:05:45,524] {base_task_runner.py:101} INFO - Job 18: Subtask my_task_powered_by_python 	found log4j#log4j;1.2.17 in central
[2019-07-06 13:05:45,537] {base_task_runner.py:101} INFO - Job 18: Subtask my_task_powered_by_python 	found net.java.dev.jets3t#jets3t;0.9.0 in central
[2019-07-06 13:05:45,550] {base_task_runner.py:101} INFO - Job 18: Subtask my_task_powered_by_python 	found org.apache.httpcomponents#httpclient;4.2.5 in central
[2019-07-06 13:05:45,567] {base_task_runner.py:101} INFO - Job 18: Subtask my_task_powered_by_python 	found org.apache.httpcomponents#httpcore;4.2.5 in central
[2019-07-06 13:05:45,577] {base_task_runner.py:101} INFO - Job 18: Subtask my_task_powered_by_python 	found com.jamesmurty.utils#java-xmlbuilder;0.4 in spark-list
[2019-07-06 13:05:45,588] {base_task_runner.py:101} INFO - Job 18: Subtask my_task_powered_by_python 	found commons-lang#commons-lang;2.6 in central
[2019-07-06 13:05:45,600] {base_task_runner.py:101} INFO - Job 18: Subtask my_task_powered_by_python 	found commons-configuration#commons-configuration;1.6 in central
[2019-07-06 13:05:45,615] {base_task_runner.py:101} INFO - Job 18: Subtask my_task_powered_by_python 	found commons-digester#commons-digester;1.8 in central
[2019-07-06 13:05:45,626] {base_task_runner.py:101} INFO - Job 18: Subtask my_task_powered_by_python 	found commons-beanutils#commons-beanutils;1.7.0 in central
[2019-07-06 13:05:45,637] {base_task_runner.py:101} INFO - Job 18: Subtask my_task_powered_by_python 	found commons-beanutils#commons-beanutils-core;1.8.0 in central
[2019-07-06 13:05:45,646] {base_task_runner.py:101} INFO - Job 18: Subtask my_task_powered_by_python 	found org.slf4j#slf4j-api;1.7.10 in central
[2019-07-06 13:05:45,656] {base_task_runner.py:101} INFO - Job 18: Subtask my_task_powered_by_python 	found org.apache.avro#avro;1.7.4 in central
[2019-07-06 13:05:45,667] {base_task_runner.py:101} INFO - Job 18: Subtask my_task_powered_by_python 	found com.thoughtworks.paranamer#paranamer;2.3 in central
[2019-07-06 13:05:45,677] {base_task_runner.py:101} INFO - Job 18: Subtask my_task_powered_by_python 	found org.xerial.snappy#snappy-java;1.0.4.1 in central
[2019-07-06 13:05:45,687] {base_task_runner.py:101} INFO - Job 18: Subtask my_task_powered_by_python 	found org.apache.commons#commons-compress;1.4.1 in central
[2019-07-06 13:05:45,695] {base_task_runner.py:101} INFO - Job 18: Subtask my_task_powered_by_python 	found org.tukaani#xz;1.0 in central
[2019-07-06 13:05:45,706] {base_task_runner.py:101} INFO - Job 18: Subtask my_task_powered_by_python 	found com.google.protobuf#protobuf-java;2.5.0 in central
[2019-07-06 13:05:45,716] {base_task_runner.py:101} INFO - Job 18: Subtask my_task_powered_by_python 	found com.google.code.gson#gson;2.2.4 in central
[2019-07-06 13:05:45,736] {base_task_runner.py:101} INFO - Job 18: Subtask my_task_powered_by_python 	found org.apache.hadoop#hadoop-auth;2.7.0 in central
[2019-07-06 13:05:45,753] {base_task_runner.py:101} INFO - Job 18: Subtask my_task_powered_by_python 	found org.apache.directory.server#apacheds-kerberos-codec;2.0.0-M15 in central
[2019-07-06 13:05:45,767] {base_task_runner.py:101} INFO - Job 18: Subtask my_task_powered_by_python 	found org.apache.directory.server#apacheds-i18n;2.0.0-M15 in central
[2019-07-06 13:05:45,780] {base_task_runner.py:101} INFO - Job 18: Subtask my_task_powered_by_python 	found org.apache.directory.api#api-asn1-api;1.0.0-M20 in central
[2019-07-06 13:05:45,794] {base_task_runner.py:101} INFO - Job 18: Subtask my_task_powered_by_python 	found org.apache.directory.api#api-util;1.0.0-M20 in central
[2019-07-06 13:05:45,805] {base_task_runner.py:101} INFO - Job 18: Subtask my_task_powered_by_python 	found org.apache.zookeeper#zookeeper;3.4.6 in central
[2019-07-06 13:05:45,816] {base_task_runner.py:101} INFO - Job 18: Subtask my_task_powered_by_python 	found org.slf4j#slf4j-log4j12;1.7.10 in central
[2019-07-06 13:05:45,828] {base_task_runner.py:101} INFO - Job 18: Subtask my_task_powered_by_python 	found io.netty#netty;3.6.2.Final in central
[2019-07-06 13:05:45,838] {base_task_runner.py:101} INFO - Job 18: Subtask my_task_powered_by_python 	found org.apache.curator#curator-framework;2.7.1 in central
[2019-07-06 13:05:45,849] {base_task_runner.py:101} INFO - Job 18: Subtask my_task_powered_by_python 	found org.apache.curator#curator-client;2.7.1 in central
[2019-07-06 13:05:45,861] {base_task_runner.py:101} INFO - Job 18: Subtask my_task_powered_by_python 	found com.jcraft#jsch;0.1.42 in central
[2019-07-06 13:05:45,871] {base_task_runner.py:101} INFO - Job 18: Subtask my_task_powered_by_python 	found org.apache.curator#curator-recipes;2.7.1 in central
[2019-07-06 13:05:45,882] {base_task_runner.py:101} INFO - Job 18: Subtask my_task_powered_by_python 	found org.apache.htrace#htrace-core;3.1.0-incubating in central
[2019-07-06 13:05:45,896] {base_task_runner.py:101} INFO - Job 18: Subtask my_task_powered_by_python 	found javax.servlet.jsp#jsp-api;2.1 in central
[2019-07-06 13:05:45,923] {base_task_runner.py:101} INFO - Job 18: Subtask my_task_powered_by_python 	found jline#jline;0.9.94 in central
[2019-07-06 13:05:45,948] {base_task_runner.py:101} INFO - Job 18: Subtask my_task_powered_by_python 	found junit#junit;4.11 in central
[2019-07-06 13:05:45,963] {base_task_runner.py:101} INFO - Job 18: Subtask my_task_powered_by_python 	found org.hamcrest#hamcrest-core;1.3 in central
[2019-07-06 13:05:45,972] {base_task_runner.py:101} INFO - Job 18: Subtask my_task_powered_by_python 	found com.fasterxml.jackson.core#jackson-databind;2.2.3 in central
[2019-07-06 13:05:45,980] {base_task_runner.py:101} INFO - Job 18: Subtask my_task_powered_by_python 	found com.fasterxml.jackson.core#jackson-annotations;2.2.3 in central
[2019-07-06 13:05:45,987] {base_task_runner.py:101} INFO - Job 18: Subtask my_task_powered_by_python 	found com.fasterxml.jackson.core#jackson-core;2.2.3 in central
[2019-07-06 13:05:45,994] {base_task_runner.py:101} INFO - Job 18: Subtask my_task_powered_by_python 	found com.amazonaws#aws-java-sdk;1.7.4 in central
[2019-07-06 13:05:46,017] {base_task_runner.py:101} INFO - Job 18: Subtask my_task_powered_by_python WARNING: An illegal reflective access operation has occurred
[2019-07-06 13:05:46,017] {base_task_runner.py:101} INFO - Job 18: Subtask my_task_powered_by_python WARNING: Illegal reflective access by org.apache.ivy.util.url.IvyAuthenticator (file:/Library/Frameworks/Python.framework/Versions/3.6/lib/python3.6/site-packages/pyspark/jars/ivy-2.4.0.jar) to field java.net.Authenticator.theAuthenticator
[2019-07-06 13:05:46,017] {base_task_runner.py:101} INFO - Job 18: Subtask my_task_powered_by_python WARNING: Please consider reporting this to the maintainers of org.apache.ivy.util.url.IvyAuthenticator
[2019-07-06 13:05:46,017] {base_task_runner.py:101} INFO - Job 18: Subtask my_task_powered_by_python WARNING: Use --illegal-access=warn to enable warnings of further illegal reflective access operations
[2019-07-06 13:05:46,017] {base_task_runner.py:101} INFO - Job 18: Subtask my_task_powered_by_python WARNING: All illegal access operations will be denied in a future release
[2019-07-06 13:05:46,710] {base_task_runner.py:101} INFO - Job 18: Subtask my_task_powered_by_python 	found joda-time#joda-time;2.10.3 in central
[2019-07-06 13:05:46,711] {base_task_runner.py:101} INFO - Job 18: Subtask my_task_powered_by_python 	[2.10.3] joda-time#joda-time;[2.2,)
[2019-07-06 13:05:46,770] {base_task_runner.py:101} INFO - Job 18: Subtask my_task_powered_by_python :: resolution report :: resolve 2060ms :: artifacts dl 32ms
[2019-07-06 13:05:46,770] {base_task_runner.py:101} INFO - Job 18: Subtask my_task_powered_by_python 	:: modules in use:
[2019-07-06 13:05:46,770] {base_task_runner.py:101} INFO - Job 18: Subtask my_task_powered_by_python 	asm#asm;3.2 from central in [default]
[2019-07-06 13:05:46,771] {base_task_runner.py:101} INFO - Job 18: Subtask my_task_powered_by_python 	com.amazonaws#aws-java-sdk;1.7.4 from central in [default]
[2019-07-06 13:05:46,771] {base_task_runner.py:101} INFO - Job 18: Subtask my_task_powered_by_python 	com.fasterxml.jackson.core#jackson-annotations;2.2.3 from central in [default]
[2019-07-06 13:05:46,771] {base_task_runner.py:101} INFO - Job 18: Subtask my_task_powered_by_python 	com.fasterxml.jackson.core#jackson-core;2.2.3 from central in [default]
[2019-07-06 13:05:46,771] {base_task_runner.py:101} INFO - Job 18: Subtask my_task_powered_by_python 	com.fasterxml.jackson.core#jackson-databind;2.2.3 from central in [default]
[2019-07-06 13:05:46,771] {base_task_runner.py:101} INFO - Job 18: Subtask my_task_powered_by_python 	com.google.code.findbugs#jsr305;3.0.0 from central in [default]
[2019-07-06 13:05:46,771] {base_task_runner.py:101} INFO - Job 18: Subtask my_task_powered_by_python 	com.google.code.gson#gson;2.2.4 from central in [default]
[2019-07-06 13:05:46,771] {base_task_runner.py:101} INFO - Job 18: Subtask my_task_powered_by_python 	com.google.guava#guava;11.0.2 from central in [default]
[2019-07-06 13:05:46,771] {base_task_runner.py:101} INFO - Job 18: Subtask my_task_powered_by_python 	com.google.protobuf#protobuf-java;2.5.0 from central in [default]
[2019-07-06 13:05:46,771] {base_task_runner.py:101} INFO - Job 18: Subtask my_task_powered_by_python 	com.jamesmurty.utils#java-xmlbuilder;0.4 from spark-list in [default]
[2019-07-06 13:05:46,771] {base_task_runner.py:101} INFO - Job 18: Subtask my_task_powered_by_python 	com.jcraft#jsch;0.1.42 from central in [default]
[2019-07-06 13:05:46,771] {base_task_runner.py:101} INFO - Job 18: Subtask my_task_powered_by_python 	com.sun.jersey#jersey-core;1.9 from central in [default]
[2019-07-06 13:05:46,771] {base_task_runner.py:101} INFO - Job 18: Subtask my_task_powered_by_python 	com.sun.jersey#jersey-json;1.9 from central in [default]
[2019-07-06 13:05:46,771] {base_task_runner.py:101} INFO - Job 18: Subtask my_task_powered_by_python 	com.sun.jersey#jersey-server;1.9 from central in [default]
[2019-07-06 13:05:46,772] {base_task_runner.py:101} INFO - Job 18: Subtask my_task_powered_by_python 	com.sun.xml.bind#jaxb-impl;2.2.3-1 from central in [default]
[2019-07-06 13:05:46,772] {base_task_runner.py:101} INFO - Job 18: Subtask my_task_powered_by_python 	com.thoughtworks.paranamer#paranamer;2.3 from central in [default]
[2019-07-06 13:05:46,772] {base_task_runner.py:101} INFO - Job 18: Subtask my_task_powered_by_python 	commons-beanutils#commons-beanutils;1.7.0 from central in [default]
[2019-07-06 13:05:46,772] {base_task_runner.py:101} INFO - Job 18: Subtask my_task_powered_by_python 	commons-beanutils#commons-beanutils-core;1.8.0 from central in [default]
[2019-07-06 13:05:46,772] {base_task_runner.py:101} INFO - Job 18: Subtask my_task_powered_by_python 	commons-cli#commons-cli;1.2 from central in [default]
[2019-07-06 13:05:46,772] {base_task_runner.py:101} INFO - Job 18: Subtask my_task_powered_by_python 	commons-codec#commons-codec;1.4 from central in [default]
[2019-07-06 13:05:46,772] {base_task_runner.py:101} INFO - Job 18: Subtask my_task_powered_by_python 	commons-collections#commons-collections;3.2.1 from central in [default]
[2019-07-06 13:05:46,772] {base_task_runner.py:101} INFO - Job 18: Subtask my_task_powered_by_python 	commons-configuration#commons-configuration;1.6 from central in [default]
[2019-07-06 13:05:46,772] {base_task_runner.py:101} INFO - Job 18: Subtask my_task_powered_by_python 	commons-digester#commons-digester;1.8 from central in [default]
[2019-07-06 13:05:46,772] {base_task_runner.py:101} INFO - Job 18: Subtask my_task_powered_by_python 	commons-httpclient#commons-httpclient;3.1 from spark-list in [default]
[2019-07-06 13:05:46,772] {base_task_runner.py:101} INFO - Job 18: Subtask my_task_powered_by_python 	commons-io#commons-io;2.4 from central in [default]
[2019-07-06 13:05:46,772] {base_task_runner.py:101} INFO - Job 18: Subtask my_task_powered_by_python 	commons-lang#commons-lang;2.6 from central in [default]
[2019-07-06 13:05:46,772] {base_task_runner.py:101} INFO - Job 18: Subtask my_task_powered_by_python 	commons-logging#commons-logging;1.1.3 from central in [default]
[2019-07-06 13:05:46,772] {base_task_runner.py:101} INFO - Job 18: Subtask my_task_powered_by_python 	commons-net#commons-net;3.1 from central in [default]
[2019-07-06 13:05:46,772] {base_task_runner.py:101} INFO - Job 18: Subtask my_task_powered_by_python 	io.netty#netty;3.6.2.Final from central in [default]
[2019-07-06 13:05:46,773] {base_task_runner.py:101} INFO - Job 18: Subtask my_task_powered_by_python 	javax.activation#activation;1.1 from central in [default]
[2019-07-06 13:05:46,773] {base_task_runner.py:101} INFO - Job 18: Subtask my_task_powered_by_python 	javax.servlet#servlet-api;2.5 from central in [default]
[2019-07-06 13:05:46,773] {base_task_runner.py:101} INFO - Job 18: Subtask my_task_powered_by_python 	javax.servlet.jsp#jsp-api;2.1 from central in [default]
[2019-07-06 13:05:46,773] {base_task_runner.py:101} INFO - Job 18: Subtask my_task_powered_by_python 	javax.xml.bind#jaxb-api;2.2.2 from central in [default]
[2019-07-06 13:05:46,773] {base_task_runner.py:101} INFO - Job 18: Subtask my_task_powered_by_python 	javax.xml.stream#stax-api;1.0-2 from central in [default]
[2019-07-06 13:05:46,773] {base_task_runner.py:101} INFO - Job 18: Subtask my_task_powered_by_python 	jline#jline;0.9.94 from central in [default]
[2019-07-06 13:05:46,773] {base_task_runner.py:101} INFO - Job 18: Subtask my_task_powered_by_python 	joda-time#joda-time;2.10.3 from central in [default]
[2019-07-06 13:05:46,773] {base_task_runner.py:101} INFO - Job 18: Subtask my_task_powered_by_python 	junit#junit;4.11 from central in [default]
[2019-07-06 13:05:46,773] {base_task_runner.py:101} INFO - Job 18: Subtask my_task_powered_by_python 	log4j#log4j;1.2.17 from central in [default]
[2019-07-06 13:05:46,773] {base_task_runner.py:101} INFO - Job 18: Subtask my_task_powered_by_python 	net.java.dev.jets3t#jets3t;0.9.0 from central in [default]
[2019-07-06 13:05:46,773] {base_task_runner.py:101} INFO - Job 18: Subtask my_task_powered_by_python 	org.apache.avro#avro;1.7.4 from central in [default]
[2019-07-06 13:05:46,773] {base_task_runner.py:101} INFO - Job 18: Subtask my_task_powered_by_python 	org.apache.commons#commons-compress;1.4.1 from central in [default]
[2019-07-06 13:05:46,773] {base_task_runner.py:101} INFO - Job 18: Subtask my_task_powered_by_python 	org.apache.commons#commons-math3;3.1.1 from central in [default]
[2019-07-06 13:05:46,773] {base_task_runner.py:101} INFO - Job 18: Subtask my_task_powered_by_python 	org.apache.curator#curator-client;2.7.1 from central in [default]
[2019-07-06 13:05:46,774] {base_task_runner.py:101} INFO - Job 18: Subtask my_task_powered_by_python 	org.apache.curator#curator-framework;2.7.1 from central in [default]
[2019-07-06 13:05:46,774] {base_task_runner.py:101} INFO - Job 18: Subtask my_task_powered_by_python 	org.apache.curator#curator-recipes;2.7.1 from central in [default]
[2019-07-06 13:05:46,774] {base_task_runner.py:101} INFO - Job 18: Subtask my_task_powered_by_python 	org.apache.directory.api#api-asn1-api;1.0.0-M20 from central in [default]
[2019-07-06 13:05:46,774] {base_task_runner.py:101} INFO - Job 18: Subtask my_task_powered_by_python 	org.apache.directory.api#api-util;1.0.0-M20 from central in [default]
[2019-07-06 13:05:46,774] {base_task_runner.py:101} INFO - Job 18: Subtask my_task_powered_by_python 	org.apache.directory.server#apacheds-i18n;2.0.0-M15 from central in [default]
[2019-07-06 13:05:46,774] {base_task_runner.py:101} INFO - Job 18: Subtask my_task_powered_by_python 	org.apache.directory.server#apacheds-kerberos-codec;2.0.0-M15 from central in [default]
[2019-07-06 13:05:46,774] {base_task_runner.py:101} INFO - Job 18: Subtask my_task_powered_by_python 	org.apache.hadoop#hadoop-annotations;2.7.0 from spark-list in [default]
[2019-07-06 13:05:46,774] {base_task_runner.py:101} INFO - Job 18: Subtask my_task_powered_by_python 	org.apache.hadoop#hadoop-auth;2.7.0 from central in [default]
[2019-07-06 13:05:46,774] {base_task_runner.py:101} INFO - Job 18: Subtask my_task_powered_by_python 	org.apache.hadoop#hadoop-aws;2.7.0 from spark-list in [default]
[2019-07-06 13:05:46,774] {base_task_runner.py:101} INFO - Job 18: Subtask my_task_powered_by_python 	org.apache.hadoop#hadoop-common;2.7.0 from central in [default]
[2019-07-06 13:05:46,774] {base_task_runner.py:101} INFO - Job 18: Subtask my_task_powered_by_python 	org.apache.htrace#htrace-core;3.1.0-incubating from central in [default]
[2019-07-06 13:05:46,774] {base_task_runner.py:101} INFO - Job 18: Subtask my_task_powered_by_python 	org.apache.httpcomponents#httpclient;4.2.5 from central in [default]
[2019-07-06 13:05:46,774] {base_task_runner.py:101} INFO - Job 18: Subtask my_task_powered_by_python 	org.apache.httpcomponents#httpcore;4.2.5 from central in [default]
[2019-07-06 13:05:46,774] {base_task_runner.py:101} INFO - Job 18: Subtask my_task_powered_by_python 	org.apache.zookeeper#zookeeper;3.4.6 from central in [default]
[2019-07-06 13:05:46,775] {base_task_runner.py:101} INFO - Job 18: Subtask my_task_powered_by_python 	org.codehaus.jackson#jackson-core-asl;1.9.13 from central in [default]
[2019-07-06 13:05:46,775] {base_task_runner.py:101} INFO - Job 18: Subtask my_task_powered_by_python 	org.codehaus.jackson#jackson-jaxrs;1.9.13 from central in [default]
[2019-07-06 13:05:46,775] {base_task_runner.py:101} INFO - Job 18: Subtask my_task_powered_by_python 	org.codehaus.jackson#jackson-mapper-asl;1.9.13 from central in [default]
[2019-07-06 13:05:46,775] {base_task_runner.py:101} INFO - Job 18: Subtask my_task_powered_by_python 	org.codehaus.jackson#jackson-xc;1.9.13 from central in [default]
[2019-07-06 13:05:46,775] {base_task_runner.py:101} INFO - Job 18: Subtask my_task_powered_by_python 	org.codehaus.jettison#jettison;1.1 from central in [default]
[2019-07-06 13:05:46,775] {base_task_runner.py:101} INFO - Job 18: Subtask my_task_powered_by_python 	org.hamcrest#hamcrest-core;1.3 from central in [default]
[2019-07-06 13:05:46,775] {base_task_runner.py:101} INFO - Job 18: Subtask my_task_powered_by_python 	org.mortbay.jetty#jetty;6.1.26 from central in [default]
[2019-07-06 13:05:46,775] {base_task_runner.py:101} INFO - Job 18: Subtask my_task_powered_by_python 	org.mortbay.jetty#jetty-util;6.1.26 from central in [default]
[2019-07-06 13:05:46,775] {base_task_runner.py:101} INFO - Job 18: Subtask my_task_powered_by_python 	org.slf4j#slf4j-api;1.7.10 from central in [default]
[2019-07-06 13:05:46,775] {base_task_runner.py:101} INFO - Job 18: Subtask my_task_powered_by_python 	org.slf4j#slf4j-log4j12;1.7.10 from central in [default]
[2019-07-06 13:05:46,775] {base_task_runner.py:101} INFO - Job 18: Subtask my_task_powered_by_python 	org.tukaani#xz;1.0 from central in [default]
[2019-07-06 13:05:46,775] {base_task_runner.py:101} INFO - Job 18: Subtask my_task_powered_by_python 	org.xerial.snappy#snappy-java;1.0.4.1 from central in [default]
[2019-07-06 13:05:46,775] {base_task_runner.py:101} INFO - Job 18: Subtask my_task_powered_by_python 	xmlenc#xmlenc;0.52 from central in [default]
[2019-07-06 13:05:46,775] {base_task_runner.py:101} INFO - Job 18: Subtask my_task_powered_by_python 	---------------------------------------------------------------------
[2019-07-06 13:05:46,776] {base_task_runner.py:101} INFO - Job 18: Subtask my_task_powered_by_python 	|                  |            modules            ||   artifacts   |
[2019-07-06 13:05:46,776] {base_task_runner.py:101} INFO - Job 18: Subtask my_task_powered_by_python 	|       conf       | number| search|dwnlded|evicted|| number|dwnlded|
[2019-07-06 13:05:46,776] {base_task_runner.py:101} INFO - Job 18: Subtask my_task_powered_by_python 	---------------------------------------------------------------------
[2019-07-06 13:05:46,776] {base_task_runner.py:101} INFO - Job 18: Subtask my_task_powered_by_python 	|      default     |   70  |   1   |   0   |   0   ||   70  |   0   |
[2019-07-06 13:05:46,776] {base_task_runner.py:101} INFO - Job 18: Subtask my_task_powered_by_python 	---------------------------------------------------------------------
[2019-07-06 13:05:46,794] {base_task_runner.py:101} INFO - Job 18: Subtask my_task_powered_by_python :: retrieving :: org.apache.spark#spark-submit-parent-9473f537-b426-4d38-b0f7-0ea9b9100db6
[2019-07-06 13:05:46,795] {base_task_runner.py:101} INFO - Job 18: Subtask my_task_powered_by_python 	confs: [default]
[2019-07-06 13:05:46,820] {base_task_runner.py:101} INFO - Job 18: Subtask my_task_powered_by_python 	0 artifacts copied, 70 already retrieved (0kB/24ms)
[2019-07-06 13:05:47,153] {base_task_runner.py:101} INFO - Job 18: Subtask my_task_powered_by_python 19/07/06 13:05:47 WARN NativeCodeLoader: Unable to load native-hadoop library for your platform... using builtin-java classes where applicable
[2019-07-06 13:05:47,608] {base_task_runner.py:101} INFO - Job 18: Subtask my_task_powered_by_python Using Spark's default log4j profile: org/apache/spark/log4j-defaults.properties
[2019-07-06 13:05:47,608] {base_task_runner.py:101} INFO - Job 18: Subtask my_task_powered_by_python Setting default log level to "WARN".
[2019-07-06 13:05:47,608] {base_task_runner.py:101} INFO - Job 18: Subtask my_task_powered_by_python To adjust logging level use sc.setLogLevel(newLevel). For SparkR, use setLogLevel(newLevel).
[2019-07-06 13:05:48,327] {base_task_runner.py:101} INFO - Job 18: Subtask my_task_powered_by_python 19/07/06 13:05:48 WARN Utils: Service 'SparkUI' could not bind on port 4040. Attempting port 4041.
[2019-07-06 13:05:48,328] {base_task_runner.py:101} INFO - Job 18: Subtask my_task_powered_by_python 19/07/06 13:05:48 WARN Utils: Service 'SparkUI' could not bind on port 4041. Attempting port 4042.
[2019-07-06 13:05:48,328] {base_task_runner.py:101} INFO - Job 18: Subtask my_task_powered_by_python 19/07/06 13:05:48 WARN Utils: Service 'SparkUI' could not bind on port 4042. Attempting port 4043.
[2019-07-06 13:05:48,328] {base_task_runner.py:101} INFO - Job 18: Subtask my_task_powered_by_python 19/07/06 13:05:48 WARN Utils: Service 'SparkUI' could not bind on port 4043. Attempting port 4044.
[2019-07-06 13:05:49,759] {base_task_runner.py:101} INFO - Job 18: Subtask my_task_powered_by_python [2019-07-06 13:05:49,759] {cli.py:517} INFO - Running <TaskInstance: python_load_dag.my_task_powered_by_python 2019-07-06T12:05:03.642555+00:00 [running]> on host Mahdis-MacBook-Pro.local
[2019-07-06 13:05:49,771] {python_operator.py:104} INFO - Exporting the following env vars:
AIRFLOW_CTX_DAG_ID=python_load_dag
AIRFLOW_CTX_TASK_ID=my_task_powered_by_python
AIRFLOW_CTX_EXECUTION_DATE=2019-07-06T12:05:03.642555+00:00
AIRFLOW_CTX_DAG_RUN_ID=manual__2019-07-06T12:05:03.642555+00:00
[2019-07-06 13:05:53,534] {base_task_runner.py:101} INFO - Job 18: Subtask my_task_powered_by_python 
[2019-07-06 13:05:54,571] {base_task_runner.py:101} INFO - Job 18: Subtask my_task_powered_by_python [Stage 0:>                                                          (0 + 1) / 1]
[2019-07-06 13:05:55,549] {base_task_runner.py:101} INFO - Job 18: Subtask my_task_powered_by_python                                                                                 
[2019-07-06 13:05:55,549] {base_task_runner.py:101} INFO - Job 18: Subtask my_task_powered_by_python 
[2019-07-06 13:05:56,110] {base_task_runner.py:101} INFO - Job 18: Subtask my_task_powered_by_python [Stage 1:>                                                          (0 + 1) / 1]
[2019-07-06 13:05:56,491] {logging_mixin.py:95} INFO - +------------------+---------------+---------------+----------------+-----------+---------+---------+------------------+----------------+----+
|         artist_id|artist_latitude|artist_location|artist_longitude|artist_name| duration|num_songs|           song_id|           title|year|
+------------------+---------------+---------------+----------------+-----------+---------+---------+------------------+----------------+----+
|ARD7TVE1187B99BFB1|           null|California - LA|            null|     Casual|218.93179|        1|SOMZWCG12A8C13C480|I Didn't Mean To|   0|
+------------------+---------------+---------------+----------------+-----------+---------+---------+------------------+----------------+----+
[2019-07-06 13:05:56,491] {logging_mixin.py:95} INFO - 
[2019-07-06 13:05:59,130] {logging_mixin.py:95} INFO - +------+---------+--------+------+-----+
|userId|firstName|lastName|gender|level|
+------+---------+--------+------+-----+
|   101|   Jayden|     Fox|     M| free|
|     8|   Kaylee| Summers|     F| free|
|    26|     Ryan|   Smith|     M| free|
|    10|   Sylvie|    Cruz|     F| free|
|    39|   Walter|    Frye|     M| free|
+------+---------+--------+------+-----+
[2019-07-06 13:05:59,130] {logging_mixin.py:95} INFO - 
[2019-07-06 13:05:59,803] {base_task_runner.py:101} INFO - Job 18: Subtask my_task_powered_by_python                                                                                 
[2019-07-06 13:05:59,803] {base_task_runner.py:101} INFO - Job 18: Subtask my_task_powered_by_python 
[2019-07-06 13:06:00,007] {base_task_runner.py:101} INFO - Job 18: Subtask my_task_powered_by_python [Stage 16:=========>                                             (35 + 4) / 200]
[2019-07-06 13:06:00,210] {base_task_runner.py:101} INFO - Job 18: Subtask my_task_powered_by_python [Stage 16:============>                                          (46 + 4) / 200]
[2019-07-06 13:06:00,411] {base_task_runner.py:101} INFO - Job 18: Subtask my_task_powered_by_python [Stage 16:================>                                      (60 + 4) / 200]
[2019-07-06 13:06:00,612] {base_task_runner.py:101} INFO - Job 18: Subtask my_task_powered_by_python [Stage 16:=====================>                                 (77 + 4) / 200]
[2019-07-06 13:06:00,812] {base_task_runner.py:101} INFO - Job 18: Subtask my_task_powered_by_python [Stage 16:=========================>                             (91 + 4) / 200]
[2019-07-06 13:06:01,014] {base_task_runner.py:101} INFO - Job 18: Subtask my_task_powered_by_python [Stage 16:============================>                         (105 + 4) / 200]
[2019-07-06 13:06:01,217] {base_task_runner.py:101} INFO - Job 18: Subtask my_task_powered_by_python [Stage 16:================================>                     (120 + 4) / 200]
[2019-07-06 13:06:01,421] {base_task_runner.py:101} INFO - Job 18: Subtask my_task_powered_by_python [Stage 16:=====================================>                (139 + 4) / 200]
[2019-07-06 13:06:01,621] {base_task_runner.py:101} INFO - Job 18: Subtask my_task_powered_by_python [Stage 16:==========================================>           (156 + 4) / 200]
[2019-07-06 13:06:01,824] {base_task_runner.py:101} INFO - Job 18: Subtask my_task_powered_by_python [Stage 16:==============================================>       (173 + 4) / 200]
[2019-07-06 13:06:02,028] {base_task_runner.py:101} INFO - Job 18: Subtask my_task_powered_by_python [Stage 16:==================================================>   (186 + 4) / 200]
[2019-07-06 13:06:02,068] {base_task_runner.py:101} INFO - Job 18: Subtask my_task_powered_by_python [Stage 16:=====================================================>(199 + 1) / 200]
[2019-07-06 13:06:02,100] {python_operator.py:113} INFO - Done. Returned value was: None
[2019-07-06 13:06:02,116] {base_task_runner.py:101} INFO - Job 18: Subtask my_task_powered_by_python                                                                                 
[2019-07-06 13:06:02,116] {base_task_runner.py:101} INFO - Job 18: Subtask my_task_powered_by_python /Library/Frameworks/Python.framework/Versions/3.6/lib/python3.6/site-packages/airflow/utils/helpers.py:387: DeprecationWarning: Importing 'PostgresHook' directly from 'airflow.hooks' has been deprecated. Please import from 'airflow.hooks.[operator_module]' instead. Support for direct imports will be dropped entirely in Airflow 2.0.
[2019-07-06 13:06:02,116] {base_task_runner.py:101} INFO - Job 18: Subtask my_task_powered_by_python   DeprecationWarning)
[2019-07-06 13:06:02,263] {logging_mixin.py:95} INFO - [2019-07-06 13:06:02,263] {jobs.py:2630} WARNING - State of this instance has been externally set to success. Taking the poison pill.
[2019-07-06 13:06:02,269] {helpers.py:281} INFO - Sending Signals.SIGTERM to GPID 6185
[2019-07-06 13:06:02,776] {helpers.py:263} INFO - Process psutil.Process(pid=6188, status='terminated') (6188) terminated with exit code None
[2019-07-06 13:06:02,776] {helpers.py:263} INFO - Process psutil.Process(pid=6185, status='terminated') (6185) terminated with exit code -15
[2019-07-06 13:06:02,778] {logging_mixin.py:95} INFO - [2019-07-06 13:06:02,777] {jobs.py:2562} INFO - Task exited with return code 0
