[2019-07-06 14:05:40,588] {__init__.py:1139} INFO - Dependencies all met for <TaskInstance: python_load_dag.Begin_execution 2019-07-06T13:03:20.718855+00:00 [queued]>
[2019-07-06 14:05:40,592] {__init__.py:1139} INFO - Dependencies all met for <TaskInstance: python_load_dag.Begin_execution 2019-07-06T13:03:20.718855+00:00 [queued]>
[2019-07-06 14:05:40,592] {__init__.py:1353} INFO - 
--------------------------------------------------------------------------------
[2019-07-06 14:05:40,592] {__init__.py:1354} INFO - Starting attempt 1 of 2
[2019-07-06 14:05:40,592] {__init__.py:1355} INFO - 
--------------------------------------------------------------------------------
[2019-07-06 14:05:40,600] {__init__.py:1374} INFO - Executing <Task(DummyOperator): Begin_execution> on 2019-07-06T13:03:20.718855+00:00
[2019-07-06 14:05:40,600] {base_task_runner.py:119} INFO - Running: ['airflow', 'run', 'python_load_dag', 'Begin_execution', '2019-07-06T13:03:20.718855+00:00', '--job_id', '15', '--raw', '-sd', 'DAGS_FOLDER/spark_dag.py', '--cfg_path', '/var/folders/gl/v_3dc2yn7lb05kcmfb9ppm1r0000gn/T/tmp7_w1xg7n']
[2019-07-06 14:05:42,438] {base_task_runner.py:101} INFO - Job 15: Subtask Begin_execution [2019-07-06 14:05:42,437] {__init__.py:51} INFO - Using executor SequentialExecutor
[2019-07-06 14:05:42,799] {base_task_runner.py:101} INFO - Job 15: Subtask Begin_execution [2019-07-06 14:05:42,799] {__init__.py:305} INFO - Filling up the DagBag from /Users/mahdimostafa/airflow/dags/spark_dag.py
[2019-07-06 14:05:44,360] {base_task_runner.py:101} INFO - Job 15: Subtask Begin_execution Ivy Default Cache set to: /Users/mahdimostafa/.ivy2/cache
[2019-07-06 14:05:44,360] {base_task_runner.py:101} INFO - Job 15: Subtask Begin_execution The jars for the packages stored in: /Users/mahdimostafa/.ivy2/jars
[2019-07-06 14:05:44,391] {base_task_runner.py:101} INFO - Job 15: Subtask Begin_execution :: loading settings :: url = jar:file:/Library/Frameworks/Python.framework/Versions/3.6/lib/python3.6/site-packages/pyspark/jars/ivy-2.4.0.jar!/org/apache/ivy/core/settings/ivysettings.xml
[2019-07-06 14:05:44,538] {base_task_runner.py:101} INFO - Job 15: Subtask Begin_execution org.apache.hadoop#hadoop-aws added as a dependency
[2019-07-06 14:05:44,539] {base_task_runner.py:101} INFO - Job 15: Subtask Begin_execution :: resolving dependencies :: org.apache.spark#spark-submit-parent-a02cb828-a0e6-4755-b1b4-5ea9c1107160;1.0
[2019-07-06 14:05:44,539] {base_task_runner.py:101} INFO - Job 15: Subtask Begin_execution 	confs: [default]
[2019-07-06 14:05:44,727] {base_task_runner.py:101} INFO - Job 15: Subtask Begin_execution 	found org.apache.hadoop#hadoop-aws;2.7.0 in spark-list
[2019-07-06 14:05:44,805] {base_task_runner.py:101} INFO - Job 15: Subtask Begin_execution 	found org.apache.hadoop#hadoop-common;2.7.0 in central
[2019-07-06 14:05:44,885] {base_task_runner.py:101} INFO - Job 15: Subtask Begin_execution 	found org.apache.hadoop#hadoop-annotations;2.7.0 in spark-list
[2019-07-06 14:05:44,928] {base_task_runner.py:101} INFO - Job 15: Subtask Begin_execution 	found com.google.guava#guava;11.0.2 in central
[2019-07-06 14:05:44,969] {base_task_runner.py:101} INFO - Job 15: Subtask Begin_execution 	found com.google.code.findbugs#jsr305;3.0.0 in central
[2019-07-06 14:05:44,996] {base_task_runner.py:101} INFO - Job 15: Subtask Begin_execution 	found commons-cli#commons-cli;1.2 in central
[2019-07-06 14:05:45,025] {base_task_runner.py:101} INFO - Job 15: Subtask Begin_execution 	found org.apache.commons#commons-math3;3.1.1 in central
[2019-07-06 14:05:45,043] {base_task_runner.py:101} INFO - Job 15: Subtask Begin_execution 	found xmlenc#xmlenc;0.52 in central
[2019-07-06 14:05:45,065] {base_task_runner.py:101} INFO - Job 15: Subtask Begin_execution 	found commons-httpclient#commons-httpclient;3.1 in spark-list
[2019-07-06 14:05:45,088] {base_task_runner.py:101} INFO - Job 15: Subtask Begin_execution 	found commons-logging#commons-logging;1.1.3 in central
[2019-07-06 14:05:45,115] {base_task_runner.py:101} INFO - Job 15: Subtask Begin_execution 	found commons-codec#commons-codec;1.4 in central
[2019-07-06 14:05:45,132] {base_task_runner.py:101} INFO - Job 15: Subtask Begin_execution 	found commons-io#commons-io;2.4 in central
[2019-07-06 14:05:45,148] {base_task_runner.py:101} INFO - Job 15: Subtask Begin_execution 	found commons-net#commons-net;3.1 in central
[2019-07-06 14:05:45,164] {base_task_runner.py:101} INFO - Job 15: Subtask Begin_execution 	found commons-collections#commons-collections;3.2.1 in central
[2019-07-06 14:05:45,189] {base_task_runner.py:101} INFO - Job 15: Subtask Begin_execution 	found javax.servlet#servlet-api;2.5 in central
[2019-07-06 14:05:45,210] {base_task_runner.py:101} INFO - Job 15: Subtask Begin_execution 	found org.mortbay.jetty#jetty;6.1.26 in central
[2019-07-06 14:05:45,236] {base_task_runner.py:101} INFO - Job 15: Subtask Begin_execution 	found org.mortbay.jetty#jetty-util;6.1.26 in central
[2019-07-06 14:05:45,250] {base_task_runner.py:101} INFO - Job 15: Subtask Begin_execution 	found com.sun.jersey#jersey-core;1.9 in central
[2019-07-06 14:05:45,266] {base_task_runner.py:101} INFO - Job 15: Subtask Begin_execution 	found com.sun.jersey#jersey-json;1.9 in central
[2019-07-06 14:05:45,282] {base_task_runner.py:101} INFO - Job 15: Subtask Begin_execution 	found org.codehaus.jettison#jettison;1.1 in central
[2019-07-06 14:05:45,297] {base_task_runner.py:101} INFO - Job 15: Subtask Begin_execution 	found com.sun.xml.bind#jaxb-impl;2.2.3-1 in central
[2019-07-06 14:05:45,312] {base_task_runner.py:101} INFO - Job 15: Subtask Begin_execution 	found javax.xml.bind#jaxb-api;2.2.2 in central
[2019-07-06 14:05:45,325] {base_task_runner.py:101} INFO - Job 15: Subtask Begin_execution 	found javax.xml.stream#stax-api;1.0-2 in central
[2019-07-06 14:05:45,337] {base_task_runner.py:101} INFO - Job 15: Subtask Begin_execution 	found javax.activation#activation;1.1 in central
[2019-07-06 14:05:45,349] {base_task_runner.py:101} INFO - Job 15: Subtask Begin_execution 	found org.codehaus.jackson#jackson-core-asl;1.9.13 in central
[2019-07-06 14:05:45,361] {base_task_runner.py:101} INFO - Job 15: Subtask Begin_execution 	found org.codehaus.jackson#jackson-mapper-asl;1.9.13 in central
[2019-07-06 14:05:45,374] {base_task_runner.py:101} INFO - Job 15: Subtask Begin_execution 	found org.codehaus.jackson#jackson-jaxrs;1.9.13 in central
[2019-07-06 14:05:45,388] {base_task_runner.py:101} INFO - Job 15: Subtask Begin_execution 	found org.codehaus.jackson#jackson-xc;1.9.13 in central
[2019-07-06 14:05:45,403] {base_task_runner.py:101} INFO - Job 15: Subtask Begin_execution 	found com.sun.jersey#jersey-server;1.9 in central
[2019-07-06 14:05:45,416] {base_task_runner.py:101} INFO - Job 15: Subtask Begin_execution 	found asm#asm;3.2 in central
[2019-07-06 14:05:45,432] {base_task_runner.py:101} INFO - Job 15: Subtask Begin_execution 	found log4j#log4j;1.2.17 in central
[2019-07-06 14:05:45,446] {base_task_runner.py:101} INFO - Job 15: Subtask Begin_execution 	found net.java.dev.jets3t#jets3t;0.9.0 in central
[2019-07-06 14:05:45,465] {base_task_runner.py:101} INFO - Job 15: Subtask Begin_execution 	found org.apache.httpcomponents#httpclient;4.2.5 in central
[2019-07-06 14:05:45,479] {base_task_runner.py:101} INFO - Job 15: Subtask Begin_execution 	found org.apache.httpcomponents#httpcore;4.2.5 in central
[2019-07-06 14:05:45,491] {base_task_runner.py:101} INFO - Job 15: Subtask Begin_execution 	found com.jamesmurty.utils#java-xmlbuilder;0.4 in spark-list
[2019-07-06 14:05:45,500] {base_task_runner.py:101} INFO - Job 15: Subtask Begin_execution 	found commons-lang#commons-lang;2.6 in central
[2019-07-06 14:05:45,511] {base_task_runner.py:101} INFO - Job 15: Subtask Begin_execution 	found commons-configuration#commons-configuration;1.6 in central
[2019-07-06 14:05:45,526] {base_task_runner.py:101} INFO - Job 15: Subtask Begin_execution 	found commons-digester#commons-digester;1.8 in central
[2019-07-06 14:05:45,537] {base_task_runner.py:101} INFO - Job 15: Subtask Begin_execution 	found commons-beanutils#commons-beanutils;1.7.0 in central
[2019-07-06 14:05:45,549] {base_task_runner.py:101} INFO - Job 15: Subtask Begin_execution 	found commons-beanutils#commons-beanutils-core;1.8.0 in central
[2019-07-06 14:05:45,559] {base_task_runner.py:101} INFO - Job 15: Subtask Begin_execution 	found org.slf4j#slf4j-api;1.7.10 in central
[2019-07-06 14:05:45,571] {base_task_runner.py:101} INFO - Job 15: Subtask Begin_execution 	found org.apache.avro#avro;1.7.4 in central
[2019-07-06 14:05:45,588] {base_task_runner.py:101} INFO - Job 15: Subtask Begin_execution 	found com.thoughtworks.paranamer#paranamer;2.3 in central
[2019-07-06 14:05:45,600] {base_task_runner.py:101} INFO - Job 15: Subtask Begin_execution 	found org.xerial.snappy#snappy-java;1.0.4.1 in central
[2019-07-06 14:05:45,610] {base_task_runner.py:101} INFO - Job 15: Subtask Begin_execution 	found org.apache.commons#commons-compress;1.4.1 in central
[2019-07-06 14:05:45,622] {base_task_runner.py:101} INFO - Job 15: Subtask Begin_execution 	found org.tukaani#xz;1.0 in central
[2019-07-06 14:05:45,642] {base_task_runner.py:101} INFO - Job 15: Subtask Begin_execution 	found com.google.protobuf#protobuf-java;2.5.0 in central
[2019-07-06 14:05:45,656] {base_task_runner.py:101} INFO - Job 15: Subtask Begin_execution 	found com.google.code.gson#gson;2.2.4 in central
[2019-07-06 14:05:45,672] {base_task_runner.py:101} INFO - Job 15: Subtask Begin_execution 	found org.apache.hadoop#hadoop-auth;2.7.0 in central
[2019-07-06 14:05:45,688] {base_task_runner.py:101} INFO - Job 15: Subtask Begin_execution 	found org.apache.directory.server#apacheds-kerberos-codec;2.0.0-M15 in central
[2019-07-06 14:05:45,701] {base_task_runner.py:101} INFO - Job 15: Subtask Begin_execution 	found org.apache.directory.server#apacheds-i18n;2.0.0-M15 in central
[2019-07-06 14:05:45,713] {base_task_runner.py:101} INFO - Job 15: Subtask Begin_execution 	found org.apache.directory.api#api-asn1-api;1.0.0-M20 in central
[2019-07-06 14:05:45,725] {base_task_runner.py:101} INFO - Job 15: Subtask Begin_execution 	found org.apache.directory.api#api-util;1.0.0-M20 in central
[2019-07-06 14:05:45,737] {base_task_runner.py:101} INFO - Job 15: Subtask Begin_execution 	found org.apache.zookeeper#zookeeper;3.4.6 in central
[2019-07-06 14:05:45,753] {base_task_runner.py:101} INFO - Job 15: Subtask Begin_execution 	found org.slf4j#slf4j-log4j12;1.7.10 in central
[2019-07-06 14:05:45,770] {base_task_runner.py:101} INFO - Job 15: Subtask Begin_execution 	found io.netty#netty;3.6.2.Final in central
[2019-07-06 14:05:45,782] {base_task_runner.py:101} INFO - Job 15: Subtask Begin_execution 	found org.apache.curator#curator-framework;2.7.1 in central
[2019-07-06 14:05:45,798] {base_task_runner.py:101} INFO - Job 15: Subtask Begin_execution 	found org.apache.curator#curator-client;2.7.1 in central
[2019-07-06 14:05:45,813] {base_task_runner.py:101} INFO - Job 15: Subtask Begin_execution 	found com.jcraft#jsch;0.1.42 in central
[2019-07-06 14:05:45,826] {base_task_runner.py:101} INFO - Job 15: Subtask Begin_execution 	found org.apache.curator#curator-recipes;2.7.1 in central
[2019-07-06 14:05:45,839] {base_task_runner.py:101} INFO - Job 15: Subtask Begin_execution 	found org.apache.htrace#htrace-core;3.1.0-incubating in central
[2019-07-06 14:05:45,861] {base_task_runner.py:101} INFO - Job 15: Subtask Begin_execution 	found javax.servlet.jsp#jsp-api;2.1 in central
[2019-07-06 14:05:45,893] {base_task_runner.py:101} INFO - Job 15: Subtask Begin_execution 	found jline#jline;0.9.94 in central
[2019-07-06 14:05:45,911] {base_task_runner.py:101} INFO - Job 15: Subtask Begin_execution 	found junit#junit;4.11 in central
[2019-07-06 14:05:45,931] {base_task_runner.py:101} INFO - Job 15: Subtask Begin_execution 	found org.hamcrest#hamcrest-core;1.3 in central
[2019-07-06 14:05:45,940] {base_task_runner.py:101} INFO - Job 15: Subtask Begin_execution 	found com.fasterxml.jackson.core#jackson-databind;2.2.3 in central
[2019-07-06 14:05:45,952] {base_task_runner.py:101} INFO - Job 15: Subtask Begin_execution 	found com.fasterxml.jackson.core#jackson-annotations;2.2.3 in central
[2019-07-06 14:05:45,964] {base_task_runner.py:101} INFO - Job 15: Subtask Begin_execution 	found com.fasterxml.jackson.core#jackson-core;2.2.3 in central
[2019-07-06 14:05:45,972] {base_task_runner.py:101} INFO - Job 15: Subtask Begin_execution 	found com.amazonaws#aws-java-sdk;1.7.4 in central
[2019-07-06 14:05:45,992] {base_task_runner.py:101} INFO - Job 15: Subtask Begin_execution WARNING: An illegal reflective access operation has occurred
[2019-07-06 14:05:45,992] {base_task_runner.py:101} INFO - Job 15: Subtask Begin_execution WARNING: Illegal reflective access by org.apache.ivy.util.url.IvyAuthenticator (file:/Library/Frameworks/Python.framework/Versions/3.6/lib/python3.6/site-packages/pyspark/jars/ivy-2.4.0.jar) to field java.net.Authenticator.theAuthenticator
[2019-07-06 14:05:45,992] {base_task_runner.py:101} INFO - Job 15: Subtask Begin_execution WARNING: Please consider reporting this to the maintainers of org.apache.ivy.util.url.IvyAuthenticator
[2019-07-06 14:05:45,992] {base_task_runner.py:101} INFO - Job 15: Subtask Begin_execution WARNING: Use --illegal-access=warn to enable warnings of further illegal reflective access operations
[2019-07-06 14:05:45,992] {base_task_runner.py:101} INFO - Job 15: Subtask Begin_execution WARNING: All illegal access operations will be denied in a future release
[2019-07-06 14:05:47,736] {base_task_runner.py:101} INFO - Job 15: Subtask Begin_execution 	found joda-time#joda-time;2.10.3 in central
[2019-07-06 14:05:47,736] {base_task_runner.py:101} INFO - Job 15: Subtask Begin_execution 	[2.10.3] joda-time#joda-time;[2.2,)
[2019-07-06 14:05:47,796] {base_task_runner.py:101} INFO - Job 15: Subtask Begin_execution :: resolution report :: resolve 3222ms :: artifacts dl 35ms
[2019-07-06 14:05:47,797] {base_task_runner.py:101} INFO - Job 15: Subtask Begin_execution 	:: modules in use:
[2019-07-06 14:05:47,797] {base_task_runner.py:101} INFO - Job 15: Subtask Begin_execution 	asm#asm;3.2 from central in [default]
[2019-07-06 14:05:47,797] {base_task_runner.py:101} INFO - Job 15: Subtask Begin_execution 	com.amazonaws#aws-java-sdk;1.7.4 from central in [default]
[2019-07-06 14:05:47,797] {base_task_runner.py:101} INFO - Job 15: Subtask Begin_execution 	com.fasterxml.jackson.core#jackson-annotations;2.2.3 from central in [default]
[2019-07-06 14:05:47,797] {base_task_runner.py:101} INFO - Job 15: Subtask Begin_execution 	com.fasterxml.jackson.core#jackson-core;2.2.3 from central in [default]
[2019-07-06 14:05:47,797] {base_task_runner.py:101} INFO - Job 15: Subtask Begin_execution 	com.fasterxml.jackson.core#jackson-databind;2.2.3 from central in [default]
[2019-07-06 14:05:47,797] {base_task_runner.py:101} INFO - Job 15: Subtask Begin_execution 	com.google.code.findbugs#jsr305;3.0.0 from central in [default]
[2019-07-06 14:05:47,797] {base_task_runner.py:101} INFO - Job 15: Subtask Begin_execution 	com.google.code.gson#gson;2.2.4 from central in [default]
[2019-07-06 14:05:47,798] {base_task_runner.py:101} INFO - Job 15: Subtask Begin_execution 	com.google.guava#guava;11.0.2 from central in [default]
[2019-07-06 14:05:47,798] {base_task_runner.py:101} INFO - Job 15: Subtask Begin_execution 	com.google.protobuf#protobuf-java;2.5.0 from central in [default]
[2019-07-06 14:05:47,798] {base_task_runner.py:101} INFO - Job 15: Subtask Begin_execution 	com.jamesmurty.utils#java-xmlbuilder;0.4 from spark-list in [default]
[2019-07-06 14:05:47,798] {base_task_runner.py:101} INFO - Job 15: Subtask Begin_execution 	com.jcraft#jsch;0.1.42 from central in [default]
[2019-07-06 14:05:47,798] {base_task_runner.py:101} INFO - Job 15: Subtask Begin_execution 	com.sun.jersey#jersey-core;1.9 from central in [default]
[2019-07-06 14:05:47,798] {base_task_runner.py:101} INFO - Job 15: Subtask Begin_execution 	com.sun.jersey#jersey-json;1.9 from central in [default]
[2019-07-06 14:05:47,798] {base_task_runner.py:101} INFO - Job 15: Subtask Begin_execution 	com.sun.jersey#jersey-server;1.9 from central in [default]
[2019-07-06 14:05:47,798] {base_task_runner.py:101} INFO - Job 15: Subtask Begin_execution 	com.sun.xml.bind#jaxb-impl;2.2.3-1 from central in [default]
[2019-07-06 14:05:47,798] {base_task_runner.py:101} INFO - Job 15: Subtask Begin_execution 	com.thoughtworks.paranamer#paranamer;2.3 from central in [default]
[2019-07-06 14:05:47,798] {base_task_runner.py:101} INFO - Job 15: Subtask Begin_execution 	commons-beanutils#commons-beanutils;1.7.0 from central in [default]
[2019-07-06 14:05:47,798] {base_task_runner.py:101} INFO - Job 15: Subtask Begin_execution 	commons-beanutils#commons-beanutils-core;1.8.0 from central in [default]
[2019-07-06 14:05:47,798] {base_task_runner.py:101} INFO - Job 15: Subtask Begin_execution 	commons-cli#commons-cli;1.2 from central in [default]
[2019-07-06 14:05:47,799] {base_task_runner.py:101} INFO - Job 15: Subtask Begin_execution 	commons-codec#commons-codec;1.4 from central in [default]
[2019-07-06 14:05:47,799] {base_task_runner.py:101} INFO - Job 15: Subtask Begin_execution 	commons-collections#commons-collections;3.2.1 from central in [default]
[2019-07-06 14:05:47,799] {base_task_runner.py:101} INFO - Job 15: Subtask Begin_execution 	commons-configuration#commons-configuration;1.6 from central in [default]
[2019-07-06 14:05:47,799] {base_task_runner.py:101} INFO - Job 15: Subtask Begin_execution 	commons-digester#commons-digester;1.8 from central in [default]
[2019-07-06 14:05:47,799] {base_task_runner.py:101} INFO - Job 15: Subtask Begin_execution 	commons-httpclient#commons-httpclient;3.1 from spark-list in [default]
[2019-07-06 14:05:47,799] {base_task_runner.py:101} INFO - Job 15: Subtask Begin_execution 	commons-io#commons-io;2.4 from central in [default]
[2019-07-06 14:05:47,799] {base_task_runner.py:101} INFO - Job 15: Subtask Begin_execution 	commons-lang#commons-lang;2.6 from central in [default]
[2019-07-06 14:05:47,799] {base_task_runner.py:101} INFO - Job 15: Subtask Begin_execution 	commons-logging#commons-logging;1.1.3 from central in [default]
[2019-07-06 14:05:47,799] {base_task_runner.py:101} INFO - Job 15: Subtask Begin_execution 	commons-net#commons-net;3.1 from central in [default]
[2019-07-06 14:05:47,799] {base_task_runner.py:101} INFO - Job 15: Subtask Begin_execution 	io.netty#netty;3.6.2.Final from central in [default]
[2019-07-06 14:05:47,799] {base_task_runner.py:101} INFO - Job 15: Subtask Begin_execution 	javax.activation#activation;1.1 from central in [default]
[2019-07-06 14:05:47,799] {base_task_runner.py:101} INFO - Job 15: Subtask Begin_execution 	javax.servlet#servlet-api;2.5 from central in [default]
[2019-07-06 14:05:47,799] {base_task_runner.py:101} INFO - Job 15: Subtask Begin_execution 	javax.servlet.jsp#jsp-api;2.1 from central in [default]
[2019-07-06 14:05:47,799] {base_task_runner.py:101} INFO - Job 15: Subtask Begin_execution 	javax.xml.bind#jaxb-api;2.2.2 from central in [default]
[2019-07-06 14:05:47,800] {base_task_runner.py:101} INFO - Job 15: Subtask Begin_execution 	javax.xml.stream#stax-api;1.0-2 from central in [default]
[2019-07-06 14:05:47,800] {base_task_runner.py:101} INFO - Job 15: Subtask Begin_execution 	jline#jline;0.9.94 from central in [default]
[2019-07-06 14:05:47,800] {base_task_runner.py:101} INFO - Job 15: Subtask Begin_execution 	joda-time#joda-time;2.10.3 from central in [default]
[2019-07-06 14:05:47,800] {base_task_runner.py:101} INFO - Job 15: Subtask Begin_execution 	junit#junit;4.11 from central in [default]
[2019-07-06 14:05:47,800] {base_task_runner.py:101} INFO - Job 15: Subtask Begin_execution 	log4j#log4j;1.2.17 from central in [default]
[2019-07-06 14:05:47,800] {base_task_runner.py:101} INFO - Job 15: Subtask Begin_execution 	net.java.dev.jets3t#jets3t;0.9.0 from central in [default]
[2019-07-06 14:05:47,800] {base_task_runner.py:101} INFO - Job 15: Subtask Begin_execution 	org.apache.avro#avro;1.7.4 from central in [default]
[2019-07-06 14:05:47,800] {base_task_runner.py:101} INFO - Job 15: Subtask Begin_execution 	org.apache.commons#commons-compress;1.4.1 from central in [default]
[2019-07-06 14:05:47,800] {base_task_runner.py:101} INFO - Job 15: Subtask Begin_execution 	org.apache.commons#commons-math3;3.1.1 from central in [default]
[2019-07-06 14:05:47,800] {base_task_runner.py:101} INFO - Job 15: Subtask Begin_execution 	org.apache.curator#curator-client;2.7.1 from central in [default]
[2019-07-06 14:05:47,800] {base_task_runner.py:101} INFO - Job 15: Subtask Begin_execution 	org.apache.curator#curator-framework;2.7.1 from central in [default]
[2019-07-06 14:05:47,800] {base_task_runner.py:101} INFO - Job 15: Subtask Begin_execution 	org.apache.curator#curator-recipes;2.7.1 from central in [default]
[2019-07-06 14:05:47,800] {base_task_runner.py:101} INFO - Job 15: Subtask Begin_execution 	org.apache.directory.api#api-asn1-api;1.0.0-M20 from central in [default]
[2019-07-06 14:05:47,800] {base_task_runner.py:101} INFO - Job 15: Subtask Begin_execution 	org.apache.directory.api#api-util;1.0.0-M20 from central in [default]
[2019-07-06 14:05:47,801] {base_task_runner.py:101} INFO - Job 15: Subtask Begin_execution 	org.apache.directory.server#apacheds-i18n;2.0.0-M15 from central in [default]
[2019-07-06 14:05:47,801] {base_task_runner.py:101} INFO - Job 15: Subtask Begin_execution 	org.apache.directory.server#apacheds-kerberos-codec;2.0.0-M15 from central in [default]
[2019-07-06 14:05:47,801] {base_task_runner.py:101} INFO - Job 15: Subtask Begin_execution 	org.apache.hadoop#hadoop-annotations;2.7.0 from spark-list in [default]
[2019-07-06 14:05:47,801] {base_task_runner.py:101} INFO - Job 15: Subtask Begin_execution 	org.apache.hadoop#hadoop-auth;2.7.0 from central in [default]
[2019-07-06 14:05:47,801] {base_task_runner.py:101} INFO - Job 15: Subtask Begin_execution 	org.apache.hadoop#hadoop-aws;2.7.0 from spark-list in [default]
[2019-07-06 14:05:47,801] {base_task_runner.py:101} INFO - Job 15: Subtask Begin_execution 	org.apache.hadoop#hadoop-common;2.7.0 from central in [default]
[2019-07-06 14:05:47,801] {base_task_runner.py:101} INFO - Job 15: Subtask Begin_execution 	org.apache.htrace#htrace-core;3.1.0-incubating from central in [default]
[2019-07-06 14:05:47,801] {base_task_runner.py:101} INFO - Job 15: Subtask Begin_execution 	org.apache.httpcomponents#httpclient;4.2.5 from central in [default]
[2019-07-06 14:05:47,801] {base_task_runner.py:101} INFO - Job 15: Subtask Begin_execution 	org.apache.httpcomponents#httpcore;4.2.5 from central in [default]
[2019-07-06 14:05:47,801] {base_task_runner.py:101} INFO - Job 15: Subtask Begin_execution 	org.apache.zookeeper#zookeeper;3.4.6 from central in [default]
[2019-07-06 14:05:47,801] {base_task_runner.py:101} INFO - Job 15: Subtask Begin_execution 	org.codehaus.jackson#jackson-core-asl;1.9.13 from central in [default]
[2019-07-06 14:05:47,801] {base_task_runner.py:101} INFO - Job 15: Subtask Begin_execution 	org.codehaus.jackson#jackson-jaxrs;1.9.13 from central in [default]
[2019-07-06 14:05:47,801] {base_task_runner.py:101} INFO - Job 15: Subtask Begin_execution 	org.codehaus.jackson#jackson-mapper-asl;1.9.13 from central in [default]
[2019-07-06 14:05:47,801] {base_task_runner.py:101} INFO - Job 15: Subtask Begin_execution 	org.codehaus.jackson#jackson-xc;1.9.13 from central in [default]
[2019-07-06 14:05:47,802] {base_task_runner.py:101} INFO - Job 15: Subtask Begin_execution 	org.codehaus.jettison#jettison;1.1 from central in [default]
[2019-07-06 14:05:47,802] {base_task_runner.py:101} INFO - Job 15: Subtask Begin_execution 	org.hamcrest#hamcrest-core;1.3 from central in [default]
[2019-07-06 14:05:47,802] {base_task_runner.py:101} INFO - Job 15: Subtask Begin_execution 	org.mortbay.jetty#jetty;6.1.26 from central in [default]
[2019-07-06 14:05:47,802] {base_task_runner.py:101} INFO - Job 15: Subtask Begin_execution 	org.mortbay.jetty#jetty-util;6.1.26 from central in [default]
[2019-07-06 14:05:47,802] {base_task_runner.py:101} INFO - Job 15: Subtask Begin_execution 	org.slf4j#slf4j-api;1.7.10 from central in [default]
[2019-07-06 14:05:47,802] {base_task_runner.py:101} INFO - Job 15: Subtask Begin_execution 	org.slf4j#slf4j-log4j12;1.7.10 from central in [default]
[2019-07-06 14:05:47,802] {base_task_runner.py:101} INFO - Job 15: Subtask Begin_execution 	org.tukaani#xz;1.0 from central in [default]
[2019-07-06 14:05:47,802] {base_task_runner.py:101} INFO - Job 15: Subtask Begin_execution 	org.xerial.snappy#snappy-java;1.0.4.1 from central in [default]
[2019-07-06 14:05:47,802] {base_task_runner.py:101} INFO - Job 15: Subtask Begin_execution 	xmlenc#xmlenc;0.52 from central in [default]
[2019-07-06 14:05:47,802] {base_task_runner.py:101} INFO - Job 15: Subtask Begin_execution 	---------------------------------------------------------------------
[2019-07-06 14:05:47,802] {base_task_runner.py:101} INFO - Job 15: Subtask Begin_execution 	|                  |            modules            ||   artifacts   |
[2019-07-06 14:05:47,802] {base_task_runner.py:101} INFO - Job 15: Subtask Begin_execution 	|       conf       | number| search|dwnlded|evicted|| number|dwnlded|
[2019-07-06 14:05:47,802] {base_task_runner.py:101} INFO - Job 15: Subtask Begin_execution 	---------------------------------------------------------------------
[2019-07-06 14:05:47,802] {base_task_runner.py:101} INFO - Job 15: Subtask Begin_execution 	|      default     |   70  |   1   |   0   |   0   ||   70  |   0   |
[2019-07-06 14:05:47,803] {base_task_runner.py:101} INFO - Job 15: Subtask Begin_execution 	---------------------------------------------------------------------
[2019-07-06 14:05:47,817] {base_task_runner.py:101} INFO - Job 15: Subtask Begin_execution :: retrieving :: org.apache.spark#spark-submit-parent-a02cb828-a0e6-4755-b1b4-5ea9c1107160
[2019-07-06 14:05:47,817] {base_task_runner.py:101} INFO - Job 15: Subtask Begin_execution 	confs: [default]
[2019-07-06 14:05:47,847] {base_task_runner.py:101} INFO - Job 15: Subtask Begin_execution 	0 artifacts copied, 70 already retrieved (0kB/30ms)
[2019-07-06 14:05:48,205] {base_task_runner.py:101} INFO - Job 15: Subtask Begin_execution 19/07/06 14:05:48 WARN NativeCodeLoader: Unable to load native-hadoop library for your platform... using builtin-java classes where applicable
[2019-07-06 14:05:48,728] {base_task_runner.py:101} INFO - Job 15: Subtask Begin_execution Using Spark's default log4j profile: org/apache/spark/log4j-defaults.properties
[2019-07-06 14:05:48,728] {base_task_runner.py:101} INFO - Job 15: Subtask Begin_execution Setting default log level to "WARN".
[2019-07-06 14:05:48,728] {base_task_runner.py:101} INFO - Job 15: Subtask Begin_execution To adjust logging level use sc.setLogLevel(newLevel). For SparkR, use setLogLevel(newLevel).
[2019-07-06 14:05:49,468] {base_task_runner.py:101} INFO - Job 15: Subtask Begin_execution 19/07/06 14:05:49 WARN Utils: Service 'SparkUI' could not bind on port 4040. Attempting port 4041.
[2019-07-06 14:05:49,468] {base_task_runner.py:101} INFO - Job 15: Subtask Begin_execution 19/07/06 14:05:49 WARN Utils: Service 'SparkUI' could not bind on port 4041. Attempting port 4042.
[2019-07-06 14:05:49,469] {base_task_runner.py:101} INFO - Job 15: Subtask Begin_execution 19/07/06 14:05:49 WARN Utils: Service 'SparkUI' could not bind on port 4042. Attempting port 4043.
[2019-07-06 14:05:49,469] {base_task_runner.py:101} INFO - Job 15: Subtask Begin_execution 19/07/06 14:05:49 WARN Utils: Service 'SparkUI' could not bind on port 4043. Attempting port 4044.
[2019-07-06 14:05:50,965] {base_task_runner.py:101} INFO - Job 15: Subtask Begin_execution [2019-07-06 14:05:50,965] {cli.py:517} INFO - Running <TaskInstance: python_load_dag.Begin_execution 2019-07-06T13:03:20.718855+00:00 [running]> on host Mahdis-MacBook-Pro.local
[2019-07-06 14:05:50,984] {base_task_runner.py:101} INFO - Job 15: Subtask Begin_execution /Library/Frameworks/Python.framework/Versions/3.6/lib/python3.6/site-packages/airflow/utils/helpers.py:387: DeprecationWarning: Importing 'PostgresHook' directly from 'airflow.hooks' has been deprecated. Please import from 'airflow.hooks.[operator_module]' instead. Support for direct imports will be dropped entirely in Airflow 2.0.
[2019-07-06 14:05:50,984] {base_task_runner.py:101} INFO - Job 15: Subtask Begin_execution   DeprecationWarning)
[2019-07-06 14:05:55,605] {logging_mixin.py:95} INFO - [2019-07-06 14:05:55,604] {jobs.py:2562} INFO - Task exited with return code 0
