[2019-07-06 15:15:45,699] {__init__.py:1139} INFO - Dependencies all met for <TaskInstance: python_load_dag.Run_data_quality_checks 2019-07-06T14:08:56.901857+00:00 [queued]>
[2019-07-06 15:15:45,707] {__init__.py:1139} INFO - Dependencies all met for <TaskInstance: python_load_dag.Run_data_quality_checks 2019-07-06T14:08:56.901857+00:00 [queued]>
[2019-07-06 15:15:45,707] {__init__.py:1353} INFO - 
--------------------------------------------------------------------------------
[2019-07-06 15:15:45,707] {__init__.py:1354} INFO - Starting attempt 2 of 2
[2019-07-06 15:15:45,707] {__init__.py:1355} INFO - 
--------------------------------------------------------------------------------
[2019-07-06 15:15:45,713] {__init__.py:1374} INFO - Executing <Task(PostgresOperator): Run_data_quality_checks> on 2019-07-06T14:08:56.901857+00:00
[2019-07-06 15:15:45,713] {base_task_runner.py:119} INFO - Running: ['airflow', 'run', 'python_load_dag', 'Run_data_quality_checks', '2019-07-06T14:08:56.901857+00:00', '--job_id', '51', '--raw', '-sd', 'DAGS_FOLDER/spark_dag.py', '--cfg_path', '/var/folders/gl/v_3dc2yn7lb05kcmfb9ppm1r0000gn/T/tmp6vw3rb5u']
[2019-07-06 15:15:46,503] {base_task_runner.py:101} INFO - Job 51: Subtask Run_data_quality_checks [2019-07-06 15:15:46,503] {__init__.py:51} INFO - Using executor SequentialExecutor
[2019-07-06 15:15:46,705] {base_task_runner.py:101} INFO - Job 51: Subtask Run_data_quality_checks [2019-07-06 15:15:46,704] {__init__.py:305} INFO - Filling up the DagBag from /Users/mahdimostafa/airflow/dags/spark_dag.py
[2019-07-06 15:15:48,025] {base_task_runner.py:101} INFO - Job 51: Subtask Run_data_quality_checks Ivy Default Cache set to: /Users/mahdimostafa/.ivy2/cache
[2019-07-06 15:15:48,025] {base_task_runner.py:101} INFO - Job 51: Subtask Run_data_quality_checks The jars for the packages stored in: /Users/mahdimostafa/.ivy2/jars
[2019-07-06 15:15:48,056] {base_task_runner.py:101} INFO - Job 51: Subtask Run_data_quality_checks :: loading settings :: url = jar:file:/Library/Frameworks/Python.framework/Versions/3.6/lib/python3.6/site-packages/pyspark/jars/ivy-2.4.0.jar!/org/apache/ivy/core/settings/ivysettings.xml
[2019-07-06 15:15:48,227] {base_task_runner.py:101} INFO - Job 51: Subtask Run_data_quality_checks org.apache.hadoop#hadoop-aws added as a dependency
[2019-07-06 15:15:48,227] {base_task_runner.py:101} INFO - Job 51: Subtask Run_data_quality_checks :: resolving dependencies :: org.apache.spark#spark-submit-parent-df483c72-e465-4ab2-a2a6-4bff7d443e05;1.0
[2019-07-06 15:15:48,228] {base_task_runner.py:101} INFO - Job 51: Subtask Run_data_quality_checks 	confs: [default]
[2019-07-06 15:15:48,439] {base_task_runner.py:101} INFO - Job 51: Subtask Run_data_quality_checks 	found org.apache.hadoop#hadoop-aws;2.7.0 in spark-list
[2019-07-06 15:15:48,500] {base_task_runner.py:101} INFO - Job 51: Subtask Run_data_quality_checks 	found org.apache.hadoop#hadoop-common;2.7.0 in central
[2019-07-06 15:15:48,599] {base_task_runner.py:101} INFO - Job 51: Subtask Run_data_quality_checks 	found org.apache.hadoop#hadoop-annotations;2.7.0 in spark-list
[2019-07-06 15:15:48,652] {base_task_runner.py:101} INFO - Job 51: Subtask Run_data_quality_checks 	found com.google.guava#guava;11.0.2 in central
[2019-07-06 15:15:48,693] {base_task_runner.py:101} INFO - Job 51: Subtask Run_data_quality_checks 	found com.google.code.findbugs#jsr305;3.0.0 in central
[2019-07-06 15:15:48,942] {base_task_runner.py:101} INFO - Job 51: Subtask Run_data_quality_checks 	found commons-cli#commons-cli;1.2 in central
[2019-07-06 15:15:49,008] {base_task_runner.py:101} INFO - Job 51: Subtask Run_data_quality_checks 	found org.apache.commons#commons-math3;3.1.1 in central
[2019-07-06 15:15:49,048] {base_task_runner.py:101} INFO - Job 51: Subtask Run_data_quality_checks 	found xmlenc#xmlenc;0.52 in central
[2019-07-06 15:15:49,073] {base_task_runner.py:101} INFO - Job 51: Subtask Run_data_quality_checks 	found commons-httpclient#commons-httpclient;3.1 in spark-list
[2019-07-06 15:15:49,118] {base_task_runner.py:101} INFO - Job 51: Subtask Run_data_quality_checks 	found commons-logging#commons-logging;1.1.3 in central
[2019-07-06 15:15:49,156] {base_task_runner.py:101} INFO - Job 51: Subtask Run_data_quality_checks 	found commons-codec#commons-codec;1.4 in central
[2019-07-06 15:15:49,180] {base_task_runner.py:101} INFO - Job 51: Subtask Run_data_quality_checks 	found commons-io#commons-io;2.4 in central
[2019-07-06 15:15:49,210] {base_task_runner.py:101} INFO - Job 51: Subtask Run_data_quality_checks 	found commons-net#commons-net;3.1 in central
[2019-07-06 15:15:49,273] {base_task_runner.py:101} INFO - Job 51: Subtask Run_data_quality_checks 	found commons-collections#commons-collections;3.2.1 in central
[2019-07-06 15:15:49,290] {base_task_runner.py:101} INFO - Job 51: Subtask Run_data_quality_checks 	found javax.servlet#servlet-api;2.5 in central
[2019-07-06 15:15:49,316] {base_task_runner.py:101} INFO - Job 51: Subtask Run_data_quality_checks 	found org.mortbay.jetty#jetty;6.1.26 in central
[2019-07-06 15:15:49,399] {base_task_runner.py:101} INFO - Job 51: Subtask Run_data_quality_checks 	found org.mortbay.jetty#jetty-util;6.1.26 in central
[2019-07-06 15:15:49,458] {base_task_runner.py:101} INFO - Job 51: Subtask Run_data_quality_checks 	found com.sun.jersey#jersey-core;1.9 in central
[2019-07-06 15:15:49,474] {base_task_runner.py:101} INFO - Job 51: Subtask Run_data_quality_checks 	found com.sun.jersey#jersey-json;1.9 in central
[2019-07-06 15:15:49,490] {base_task_runner.py:101} INFO - Job 51: Subtask Run_data_quality_checks 	found org.codehaus.jettison#jettison;1.1 in central
[2019-07-06 15:15:49,506] {base_task_runner.py:101} INFO - Job 51: Subtask Run_data_quality_checks 	found com.sun.xml.bind#jaxb-impl;2.2.3-1 in central
[2019-07-06 15:15:49,520] {base_task_runner.py:101} INFO - Job 51: Subtask Run_data_quality_checks 	found javax.xml.bind#jaxb-api;2.2.2 in central
[2019-07-06 15:15:49,537] {base_task_runner.py:101} INFO - Job 51: Subtask Run_data_quality_checks 	found javax.xml.stream#stax-api;1.0-2 in central
[2019-07-06 15:15:49,550] {base_task_runner.py:101} INFO - Job 51: Subtask Run_data_quality_checks 	found javax.activation#activation;1.1 in central
[2019-07-06 15:15:49,565] {base_task_runner.py:101} INFO - Job 51: Subtask Run_data_quality_checks 	found org.codehaus.jackson#jackson-core-asl;1.9.13 in central
[2019-07-06 15:15:49,577] {base_task_runner.py:101} INFO - Job 51: Subtask Run_data_quality_checks 	found org.codehaus.jackson#jackson-mapper-asl;1.9.13 in central
[2019-07-06 15:15:49,589] {base_task_runner.py:101} INFO - Job 51: Subtask Run_data_quality_checks 	found org.codehaus.jackson#jackson-jaxrs;1.9.13 in central
[2019-07-06 15:15:49,604] {base_task_runner.py:101} INFO - Job 51: Subtask Run_data_quality_checks 	found org.codehaus.jackson#jackson-xc;1.9.13 in central
[2019-07-06 15:15:49,616] {base_task_runner.py:101} INFO - Job 51: Subtask Run_data_quality_checks 	found com.sun.jersey#jersey-server;1.9 in central
[2019-07-06 15:15:49,625] {base_task_runner.py:101} INFO - Job 51: Subtask Run_data_quality_checks 	found asm#asm;3.2 in central
[2019-07-06 15:15:49,637] {base_task_runner.py:101} INFO - Job 51: Subtask Run_data_quality_checks 	found log4j#log4j;1.2.17 in central
[2019-07-06 15:15:49,648] {base_task_runner.py:101} INFO - Job 51: Subtask Run_data_quality_checks 	found net.java.dev.jets3t#jets3t;0.9.0 in central
[2019-07-06 15:15:49,663] {base_task_runner.py:101} INFO - Job 51: Subtask Run_data_quality_checks 	found org.apache.httpcomponents#httpclient;4.2.5 in central
[2019-07-06 15:15:49,677] {base_task_runner.py:101} INFO - Job 51: Subtask Run_data_quality_checks 	found org.apache.httpcomponents#httpcore;4.2.5 in central
[2019-07-06 15:15:49,689] {base_task_runner.py:101} INFO - Job 51: Subtask Run_data_quality_checks 	found com.jamesmurty.utils#java-xmlbuilder;0.4 in spark-list
[2019-07-06 15:15:49,698] {base_task_runner.py:101} INFO - Job 51: Subtask Run_data_quality_checks 	found commons-lang#commons-lang;2.6 in central
[2019-07-06 15:15:49,710] {base_task_runner.py:101} INFO - Job 51: Subtask Run_data_quality_checks 	found commons-configuration#commons-configuration;1.6 in central
[2019-07-06 15:15:49,726] {base_task_runner.py:101} INFO - Job 51: Subtask Run_data_quality_checks 	found commons-digester#commons-digester;1.8 in central
[2019-07-06 15:15:49,737] {base_task_runner.py:101} INFO - Job 51: Subtask Run_data_quality_checks 	found commons-beanutils#commons-beanutils;1.7.0 in central
[2019-07-06 15:15:49,747] {base_task_runner.py:101} INFO - Job 51: Subtask Run_data_quality_checks 	found commons-beanutils#commons-beanutils-core;1.8.0 in central
[2019-07-06 15:15:49,759] {base_task_runner.py:101} INFO - Job 51: Subtask Run_data_quality_checks 	found org.slf4j#slf4j-api;1.7.10 in central
[2019-07-06 15:15:49,770] {base_task_runner.py:101} INFO - Job 51: Subtask Run_data_quality_checks 	found org.apache.avro#avro;1.7.4 in central
[2019-07-06 15:15:49,781] {base_task_runner.py:101} INFO - Job 51: Subtask Run_data_quality_checks 	found com.thoughtworks.paranamer#paranamer;2.3 in central
[2019-07-06 15:15:49,791] {base_task_runner.py:101} INFO - Job 51: Subtask Run_data_quality_checks 	found org.xerial.snappy#snappy-java;1.0.4.1 in central
[2019-07-06 15:15:49,801] {base_task_runner.py:101} INFO - Job 51: Subtask Run_data_quality_checks 	found org.apache.commons#commons-compress;1.4.1 in central
[2019-07-06 15:15:49,811] {base_task_runner.py:101} INFO - Job 51: Subtask Run_data_quality_checks 	found org.tukaani#xz;1.0 in central
[2019-07-06 15:15:49,822] {base_task_runner.py:101} INFO - Job 51: Subtask Run_data_quality_checks 	found com.google.protobuf#protobuf-java;2.5.0 in central
[2019-07-06 15:15:49,832] {base_task_runner.py:101} INFO - Job 51: Subtask Run_data_quality_checks 	found com.google.code.gson#gson;2.2.4 in central
[2019-07-06 15:15:49,847] {base_task_runner.py:101} INFO - Job 51: Subtask Run_data_quality_checks 	found org.apache.hadoop#hadoop-auth;2.7.0 in central
[2019-07-06 15:15:49,863] {base_task_runner.py:101} INFO - Job 51: Subtask Run_data_quality_checks 	found org.apache.directory.server#apacheds-kerberos-codec;2.0.0-M15 in central
[2019-07-06 15:15:49,875] {base_task_runner.py:101} INFO - Job 51: Subtask Run_data_quality_checks 	found org.apache.directory.server#apacheds-i18n;2.0.0-M15 in central
[2019-07-06 15:15:49,895] {base_task_runner.py:101} INFO - Job 51: Subtask Run_data_quality_checks 	found org.apache.directory.api#api-asn1-api;1.0.0-M20 in central
[2019-07-06 15:15:49,908] {base_task_runner.py:101} INFO - Job 51: Subtask Run_data_quality_checks 	found org.apache.directory.api#api-util;1.0.0-M20 in central
[2019-07-06 15:15:49,920] {base_task_runner.py:101} INFO - Job 51: Subtask Run_data_quality_checks 	found org.apache.zookeeper#zookeeper;3.4.6 in central
[2019-07-06 15:15:49,944] {base_task_runner.py:101} INFO - Job 51: Subtask Run_data_quality_checks 	found org.slf4j#slf4j-log4j12;1.7.10 in central
[2019-07-06 15:15:49,963] {base_task_runner.py:101} INFO - Job 51: Subtask Run_data_quality_checks 	found io.netty#netty;3.6.2.Final in central
[2019-07-06 15:15:50,055] {base_task_runner.py:101} INFO - Job 51: Subtask Run_data_quality_checks 	found org.apache.curator#curator-framework;2.7.1 in central
[2019-07-06 15:15:50,067] {base_task_runner.py:101} INFO - Job 51: Subtask Run_data_quality_checks 	found org.apache.curator#curator-client;2.7.1 in central
[2019-07-06 15:15:50,079] {base_task_runner.py:101} INFO - Job 51: Subtask Run_data_quality_checks 	found com.jcraft#jsch;0.1.42 in central
[2019-07-06 15:15:50,087] {base_task_runner.py:101} INFO - Job 51: Subtask Run_data_quality_checks 	found org.apache.curator#curator-recipes;2.7.1 in central
[2019-07-06 15:15:50,097] {base_task_runner.py:101} INFO - Job 51: Subtask Run_data_quality_checks 	found org.apache.htrace#htrace-core;3.1.0-incubating in central
[2019-07-06 15:15:50,110] {base_task_runner.py:101} INFO - Job 51: Subtask Run_data_quality_checks 	found javax.servlet.jsp#jsp-api;2.1 in central
[2019-07-06 15:15:50,143] {base_task_runner.py:101} INFO - Job 51: Subtask Run_data_quality_checks 	found jline#jline;0.9.94 in central
[2019-07-06 15:15:50,158] {base_task_runner.py:101} INFO - Job 51: Subtask Run_data_quality_checks 	found junit#junit;4.11 in central
[2019-07-06 15:15:50,179] {base_task_runner.py:101} INFO - Job 51: Subtask Run_data_quality_checks 	found org.hamcrest#hamcrest-core;1.3 in central
[2019-07-06 15:15:50,195] {base_task_runner.py:101} INFO - Job 51: Subtask Run_data_quality_checks 	found com.fasterxml.jackson.core#jackson-databind;2.2.3 in central
[2019-07-06 15:15:50,204] {base_task_runner.py:101} INFO - Job 51: Subtask Run_data_quality_checks 	found com.fasterxml.jackson.core#jackson-annotations;2.2.3 in central
[2019-07-06 15:15:50,211] {base_task_runner.py:101} INFO - Job 51: Subtask Run_data_quality_checks 	found com.fasterxml.jackson.core#jackson-core;2.2.3 in central
[2019-07-06 15:15:50,224] {base_task_runner.py:101} INFO - Job 51: Subtask Run_data_quality_checks 	found com.amazonaws#aws-java-sdk;1.7.4 in central
[2019-07-06 15:15:50,246] {base_task_runner.py:101} INFO - Job 51: Subtask Run_data_quality_checks WARNING: An illegal reflective access operation has occurred
[2019-07-06 15:15:50,246] {base_task_runner.py:101} INFO - Job 51: Subtask Run_data_quality_checks WARNING: Illegal reflective access by org.apache.ivy.util.url.IvyAuthenticator (file:/Library/Frameworks/Python.framework/Versions/3.6/lib/python3.6/site-packages/pyspark/jars/ivy-2.4.0.jar) to field java.net.Authenticator.theAuthenticator
[2019-07-06 15:15:50,246] {base_task_runner.py:101} INFO - Job 51: Subtask Run_data_quality_checks WARNING: Please consider reporting this to the maintainers of org.apache.ivy.util.url.IvyAuthenticator
[2019-07-06 15:15:50,246] {base_task_runner.py:101} INFO - Job 51: Subtask Run_data_quality_checks WARNING: Use --illegal-access=warn to enable warnings of further illegal reflective access operations
[2019-07-06 15:15:50,247] {base_task_runner.py:101} INFO - Job 51: Subtask Run_data_quality_checks WARNING: All illegal access operations will be denied in a future release
[2019-07-06 15:15:51,004] {base_task_runner.py:101} INFO - Job 51: Subtask Run_data_quality_checks 	found joda-time#joda-time;2.10.3 in central
[2019-07-06 15:15:51,004] {base_task_runner.py:101} INFO - Job 51: Subtask Run_data_quality_checks 	[2.10.3] joda-time#joda-time;[2.2,)
[2019-07-06 15:15:51,082] {base_task_runner.py:101} INFO - Job 51: Subtask Run_data_quality_checks :: resolution report :: resolve 2813ms :: artifacts dl 42ms
[2019-07-06 15:15:51,082] {base_task_runner.py:101} INFO - Job 51: Subtask Run_data_quality_checks 	:: modules in use:
[2019-07-06 15:15:51,083] {base_task_runner.py:101} INFO - Job 51: Subtask Run_data_quality_checks 	asm#asm;3.2 from central in [default]
[2019-07-06 15:15:51,083] {base_task_runner.py:101} INFO - Job 51: Subtask Run_data_quality_checks 	com.amazonaws#aws-java-sdk;1.7.4 from central in [default]
[2019-07-06 15:15:51,083] {base_task_runner.py:101} INFO - Job 51: Subtask Run_data_quality_checks 	com.fasterxml.jackson.core#jackson-annotations;2.2.3 from central in [default]
[2019-07-06 15:15:51,083] {base_task_runner.py:101} INFO - Job 51: Subtask Run_data_quality_checks 	com.fasterxml.jackson.core#jackson-core;2.2.3 from central in [default]
[2019-07-06 15:15:51,083] {base_task_runner.py:101} INFO - Job 51: Subtask Run_data_quality_checks 	com.fasterxml.jackson.core#jackson-databind;2.2.3 from central in [default]
[2019-07-06 15:15:51,083] {base_task_runner.py:101} INFO - Job 51: Subtask Run_data_quality_checks 	com.google.code.findbugs#jsr305;3.0.0 from central in [default]
[2019-07-06 15:15:51,083] {base_task_runner.py:101} INFO - Job 51: Subtask Run_data_quality_checks 	com.google.code.gson#gson;2.2.4 from central in [default]
[2019-07-06 15:15:51,083] {base_task_runner.py:101} INFO - Job 51: Subtask Run_data_quality_checks 	com.google.guava#guava;11.0.2 from central in [default]
[2019-07-06 15:15:51,083] {base_task_runner.py:101} INFO - Job 51: Subtask Run_data_quality_checks 	com.google.protobuf#protobuf-java;2.5.0 from central in [default]
[2019-07-06 15:15:51,083] {base_task_runner.py:101} INFO - Job 51: Subtask Run_data_quality_checks 	com.jamesmurty.utils#java-xmlbuilder;0.4 from spark-list in [default]
[2019-07-06 15:15:51,084] {base_task_runner.py:101} INFO - Job 51: Subtask Run_data_quality_checks 	com.jcraft#jsch;0.1.42 from central in [default]
[2019-07-06 15:15:51,084] {base_task_runner.py:101} INFO - Job 51: Subtask Run_data_quality_checks 	com.sun.jersey#jersey-core;1.9 from central in [default]
[2019-07-06 15:15:51,084] {base_task_runner.py:101} INFO - Job 51: Subtask Run_data_quality_checks 	com.sun.jersey#jersey-json;1.9 from central in [default]
[2019-07-06 15:15:51,084] {base_task_runner.py:101} INFO - Job 51: Subtask Run_data_quality_checks 	com.sun.jersey#jersey-server;1.9 from central in [default]
[2019-07-06 15:15:51,084] {base_task_runner.py:101} INFO - Job 51: Subtask Run_data_quality_checks 	com.sun.xml.bind#jaxb-impl;2.2.3-1 from central in [default]
[2019-07-06 15:15:51,084] {base_task_runner.py:101} INFO - Job 51: Subtask Run_data_quality_checks 	com.thoughtworks.paranamer#paranamer;2.3 from central in [default]
[2019-07-06 15:15:51,084] {base_task_runner.py:101} INFO - Job 51: Subtask Run_data_quality_checks 	commons-beanutils#commons-beanutils;1.7.0 from central in [default]
[2019-07-06 15:15:51,084] {base_task_runner.py:101} INFO - Job 51: Subtask Run_data_quality_checks 	commons-beanutils#commons-beanutils-core;1.8.0 from central in [default]
[2019-07-06 15:15:51,085] {base_task_runner.py:101} INFO - Job 51: Subtask Run_data_quality_checks 	commons-cli#commons-cli;1.2 from central in [default]
[2019-07-06 15:15:51,086] {base_task_runner.py:101} INFO - Job 51: Subtask Run_data_quality_checks 	commons-codec#commons-codec;1.4 from central in [default]
[2019-07-06 15:15:51,086] {base_task_runner.py:101} INFO - Job 51: Subtask Run_data_quality_checks 	commons-collections#commons-collections;3.2.1 from central in [default]
[2019-07-06 15:15:51,086] {base_task_runner.py:101} INFO - Job 51: Subtask Run_data_quality_checks 	commons-configuration#commons-configuration;1.6 from central in [default]
[2019-07-06 15:15:51,086] {base_task_runner.py:101} INFO - Job 51: Subtask Run_data_quality_checks 	commons-digester#commons-digester;1.8 from central in [default]
[2019-07-06 15:15:51,086] {base_task_runner.py:101} INFO - Job 51: Subtask Run_data_quality_checks 	commons-httpclient#commons-httpclient;3.1 from spark-list in [default]
[2019-07-06 15:15:51,086] {base_task_runner.py:101} INFO - Job 51: Subtask Run_data_quality_checks 	commons-io#commons-io;2.4 from central in [default]
[2019-07-06 15:15:51,086] {base_task_runner.py:101} INFO - Job 51: Subtask Run_data_quality_checks 	commons-lang#commons-lang;2.6 from central in [default]
[2019-07-06 15:15:51,086] {base_task_runner.py:101} INFO - Job 51: Subtask Run_data_quality_checks 	commons-logging#commons-logging;1.1.3 from central in [default]
[2019-07-06 15:15:51,086] {base_task_runner.py:101} INFO - Job 51: Subtask Run_data_quality_checks 	commons-net#commons-net;3.1 from central in [default]
[2019-07-06 15:15:51,087] {base_task_runner.py:101} INFO - Job 51: Subtask Run_data_quality_checks 	io.netty#netty;3.6.2.Final from central in [default]
[2019-07-06 15:15:51,087] {base_task_runner.py:101} INFO - Job 51: Subtask Run_data_quality_checks 	javax.activation#activation;1.1 from central in [default]
[2019-07-06 15:15:51,087] {base_task_runner.py:101} INFO - Job 51: Subtask Run_data_quality_checks 	javax.servlet#servlet-api;2.5 from central in [default]
[2019-07-06 15:15:51,087] {base_task_runner.py:101} INFO - Job 51: Subtask Run_data_quality_checks 	javax.servlet.jsp#jsp-api;2.1 from central in [default]
[2019-07-06 15:15:51,087] {base_task_runner.py:101} INFO - Job 51: Subtask Run_data_quality_checks 	javax.xml.bind#jaxb-api;2.2.2 from central in [default]
[2019-07-06 15:15:51,087] {base_task_runner.py:101} INFO - Job 51: Subtask Run_data_quality_checks 	javax.xml.stream#stax-api;1.0-2 from central in [default]
[2019-07-06 15:15:51,088] {base_task_runner.py:101} INFO - Job 51: Subtask Run_data_quality_checks 	jline#jline;0.9.94 from central in [default]
[2019-07-06 15:15:51,088] {base_task_runner.py:101} INFO - Job 51: Subtask Run_data_quality_checks 	joda-time#joda-time;2.10.3 from central in [default]
[2019-07-06 15:15:51,088] {base_task_runner.py:101} INFO - Job 51: Subtask Run_data_quality_checks 	junit#junit;4.11 from central in [default]
[2019-07-06 15:15:51,088] {base_task_runner.py:101} INFO - Job 51: Subtask Run_data_quality_checks 	log4j#log4j;1.2.17 from central in [default]
[2019-07-06 15:15:51,088] {base_task_runner.py:101} INFO - Job 51: Subtask Run_data_quality_checks 	net.java.dev.jets3t#jets3t;0.9.0 from central in [default]
[2019-07-06 15:15:51,088] {base_task_runner.py:101} INFO - Job 51: Subtask Run_data_quality_checks 	org.apache.avro#avro;1.7.4 from central in [default]
[2019-07-06 15:15:51,088] {base_task_runner.py:101} INFO - Job 51: Subtask Run_data_quality_checks 	org.apache.commons#commons-compress;1.4.1 from central in [default]
[2019-07-06 15:15:51,088] {base_task_runner.py:101} INFO - Job 51: Subtask Run_data_quality_checks 	org.apache.commons#commons-math3;3.1.1 from central in [default]
[2019-07-06 15:15:51,088] {base_task_runner.py:101} INFO - Job 51: Subtask Run_data_quality_checks 	org.apache.curator#curator-client;2.7.1 from central in [default]
[2019-07-06 15:15:51,088] {base_task_runner.py:101} INFO - Job 51: Subtask Run_data_quality_checks 	org.apache.curator#curator-framework;2.7.1 from central in [default]
[2019-07-06 15:15:51,088] {base_task_runner.py:101} INFO - Job 51: Subtask Run_data_quality_checks 	org.apache.curator#curator-recipes;2.7.1 from central in [default]
[2019-07-06 15:15:51,089] {base_task_runner.py:101} INFO - Job 51: Subtask Run_data_quality_checks 	org.apache.directory.api#api-asn1-api;1.0.0-M20 from central in [default]
[2019-07-06 15:15:51,089] {base_task_runner.py:101} INFO - Job 51: Subtask Run_data_quality_checks 	org.apache.directory.api#api-util;1.0.0-M20 from central in [default]
[2019-07-06 15:15:51,089] {base_task_runner.py:101} INFO - Job 51: Subtask Run_data_quality_checks 	org.apache.directory.server#apacheds-i18n;2.0.0-M15 from central in [default]
[2019-07-06 15:15:51,089] {base_task_runner.py:101} INFO - Job 51: Subtask Run_data_quality_checks 	org.apache.directory.server#apacheds-kerberos-codec;2.0.0-M15 from central in [default]
[2019-07-06 15:15:51,089] {base_task_runner.py:101} INFO - Job 51: Subtask Run_data_quality_checks 	org.apache.hadoop#hadoop-annotations;2.7.0 from spark-list in [default]
[2019-07-06 15:15:51,089] {base_task_runner.py:101} INFO - Job 51: Subtask Run_data_quality_checks 	org.apache.hadoop#hadoop-auth;2.7.0 from central in [default]
[2019-07-06 15:15:51,089] {base_task_runner.py:101} INFO - Job 51: Subtask Run_data_quality_checks 	org.apache.hadoop#hadoop-aws;2.7.0 from spark-list in [default]
[2019-07-06 15:15:51,089] {base_task_runner.py:101} INFO - Job 51: Subtask Run_data_quality_checks 	org.apache.hadoop#hadoop-common;2.7.0 from central in [default]
[2019-07-06 15:15:51,089] {base_task_runner.py:101} INFO - Job 51: Subtask Run_data_quality_checks 	org.apache.htrace#htrace-core;3.1.0-incubating from central in [default]
[2019-07-06 15:15:51,089] {base_task_runner.py:101} INFO - Job 51: Subtask Run_data_quality_checks 	org.apache.httpcomponents#httpclient;4.2.5 from central in [default]
[2019-07-06 15:15:51,089] {base_task_runner.py:101} INFO - Job 51: Subtask Run_data_quality_checks 	org.apache.httpcomponents#httpcore;4.2.5 from central in [default]
[2019-07-06 15:15:51,089] {base_task_runner.py:101} INFO - Job 51: Subtask Run_data_quality_checks 	org.apache.zookeeper#zookeeper;3.4.6 from central in [default]
[2019-07-06 15:15:51,089] {base_task_runner.py:101} INFO - Job 51: Subtask Run_data_quality_checks 	org.codehaus.jackson#jackson-core-asl;1.9.13 from central in [default]
[2019-07-06 15:15:51,089] {base_task_runner.py:101} INFO - Job 51: Subtask Run_data_quality_checks 	org.codehaus.jackson#jackson-jaxrs;1.9.13 from central in [default]
[2019-07-06 15:15:51,090] {base_task_runner.py:101} INFO - Job 51: Subtask Run_data_quality_checks 	org.codehaus.jackson#jackson-mapper-asl;1.9.13 from central in [default]
[2019-07-06 15:15:51,090] {base_task_runner.py:101} INFO - Job 51: Subtask Run_data_quality_checks 	org.codehaus.jackson#jackson-xc;1.9.13 from central in [default]
[2019-07-06 15:15:51,090] {base_task_runner.py:101} INFO - Job 51: Subtask Run_data_quality_checks 	org.codehaus.jettison#jettison;1.1 from central in [default]
[2019-07-06 15:15:51,090] {base_task_runner.py:101} INFO - Job 51: Subtask Run_data_quality_checks 	org.hamcrest#hamcrest-core;1.3 from central in [default]
[2019-07-06 15:15:51,090] {base_task_runner.py:101} INFO - Job 51: Subtask Run_data_quality_checks 	org.mortbay.jetty#jetty;6.1.26 from central in [default]
[2019-07-06 15:15:51,090] {base_task_runner.py:101} INFO - Job 51: Subtask Run_data_quality_checks 	org.mortbay.jetty#jetty-util;6.1.26 from central in [default]
[2019-07-06 15:15:51,090] {base_task_runner.py:101} INFO - Job 51: Subtask Run_data_quality_checks 	org.slf4j#slf4j-api;1.7.10 from central in [default]
[2019-07-06 15:15:51,090] {base_task_runner.py:101} INFO - Job 51: Subtask Run_data_quality_checks 	org.slf4j#slf4j-log4j12;1.7.10 from central in [default]
[2019-07-06 15:15:51,090] {base_task_runner.py:101} INFO - Job 51: Subtask Run_data_quality_checks 	org.tukaani#xz;1.0 from central in [default]
[2019-07-06 15:15:51,090] {base_task_runner.py:101} INFO - Job 51: Subtask Run_data_quality_checks 	org.xerial.snappy#snappy-java;1.0.4.1 from central in [default]
[2019-07-06 15:15:51,090] {base_task_runner.py:101} INFO - Job 51: Subtask Run_data_quality_checks 	xmlenc#xmlenc;0.52 from central in [default]
[2019-07-06 15:15:51,090] {base_task_runner.py:101} INFO - Job 51: Subtask Run_data_quality_checks 	---------------------------------------------------------------------
[2019-07-06 15:15:51,090] {base_task_runner.py:101} INFO - Job 51: Subtask Run_data_quality_checks 	|                  |            modules            ||   artifacts   |
[2019-07-06 15:15:51,090] {base_task_runner.py:101} INFO - Job 51: Subtask Run_data_quality_checks 	|       conf       | number| search|dwnlded|evicted|| number|dwnlded|
[2019-07-06 15:15:51,091] {base_task_runner.py:101} INFO - Job 51: Subtask Run_data_quality_checks 	---------------------------------------------------------------------
[2019-07-06 15:15:51,091] {base_task_runner.py:101} INFO - Job 51: Subtask Run_data_quality_checks 	|      default     |   70  |   1   |   0   |   0   ||   70  |   0   |
[2019-07-06 15:15:51,091] {base_task_runner.py:101} INFO - Job 51: Subtask Run_data_quality_checks 	---------------------------------------------------------------------
[2019-07-06 15:15:51,106] {base_task_runner.py:101} INFO - Job 51: Subtask Run_data_quality_checks :: retrieving :: org.apache.spark#spark-submit-parent-df483c72-e465-4ab2-a2a6-4bff7d443e05
[2019-07-06 15:15:51,106] {base_task_runner.py:101} INFO - Job 51: Subtask Run_data_quality_checks 	confs: [default]
[2019-07-06 15:15:51,140] {base_task_runner.py:101} INFO - Job 51: Subtask Run_data_quality_checks 	0 artifacts copied, 70 already retrieved (0kB/34ms)
[2019-07-06 15:15:51,554] {base_task_runner.py:101} INFO - Job 51: Subtask Run_data_quality_checks 19/07/06 15:15:51 WARN NativeCodeLoader: Unable to load native-hadoop library for your platform... using builtin-java classes where applicable
[2019-07-06 15:15:52,057] {base_task_runner.py:101} INFO - Job 51: Subtask Run_data_quality_checks Using Spark's default log4j profile: org/apache/spark/log4j-defaults.properties
[2019-07-06 15:15:52,057] {base_task_runner.py:101} INFO - Job 51: Subtask Run_data_quality_checks Setting default log level to "WARN".
[2019-07-06 15:15:52,058] {base_task_runner.py:101} INFO - Job 51: Subtask Run_data_quality_checks To adjust logging level use sc.setLogLevel(newLevel). For SparkR, use setLogLevel(newLevel).
[2019-07-06 15:15:53,103] {base_task_runner.py:101} INFO - Job 51: Subtask Run_data_quality_checks 19/07/06 15:15:53 WARN Utils: Service 'SparkUI' could not bind on port 4040. Attempting port 4041.
[2019-07-06 15:15:53,103] {base_task_runner.py:101} INFO - Job 51: Subtask Run_data_quality_checks 19/07/06 15:15:53 WARN Utils: Service 'SparkUI' could not bind on port 4041. Attempting port 4042.
[2019-07-06 15:15:53,104] {base_task_runner.py:101} INFO - Job 51: Subtask Run_data_quality_checks 19/07/06 15:15:53 WARN Utils: Service 'SparkUI' could not bind on port 4042. Attempting port 4043.
[2019-07-06 15:15:53,104] {base_task_runner.py:101} INFO - Job 51: Subtask Run_data_quality_checks 19/07/06 15:15:53 WARN Utils: Service 'SparkUI' could not bind on port 4043. Attempting port 4044.
[2019-07-06 15:15:53,104] {base_task_runner.py:101} INFO - Job 51: Subtask Run_data_quality_checks 19/07/06 15:15:53 WARN Utils: Service 'SparkUI' could not bind on port 4044. Attempting port 4045.
[2019-07-06 15:15:53,105] {base_task_runner.py:101} INFO - Job 51: Subtask Run_data_quality_checks 19/07/06 15:15:53 WARN Utils: Service 'SparkUI' could not bind on port 4045. Attempting port 4046.
[2019-07-06 15:15:55,405] {base_task_runner.py:101} INFO - Job 51: Subtask Run_data_quality_checks [2019-07-06 15:15:55,404] {cli.py:517} INFO - Running <TaskInstance: python_load_dag.Run_data_quality_checks 2019-07-06T14:08:56.901857+00:00 [running]> on host Mahdis-MacBook-Pro.local
[2019-07-06 15:15:55,420] {data_quality.py:37} INFO - Executing: select count(*) from new 
[2019-07-06 15:15:55,423] {logging_mixin.py:95} INFO - [2019-07-06 15:15:55,423] {base_hook.py:83} INFO - Using connection to: id: postgres_default. Host: localhost, Port: 5432, Schema: None, Login: postgres, Password: XXXXXXXX, extra: {}
[2019-07-06 15:15:55,428] {__init__.py:1580} ERROR - FATAL:  database "['Public']" does not exist
Traceback (most recent call last):
  File "/Library/Frameworks/Python.framework/Versions/3.6/lib/python3.6/site-packages/airflow/models/__init__.py", line 1441, in _run_raw_task
    result = task_copy.execute(context=context)
  File "/Users/mahdimostafa/airflow/plugins/operators/data_quality.py", line 40, in execute
    self.hook.run(self.sql, self.autocommit)
  File "/Library/Frameworks/Python.framework/Versions/3.6/lib/python3.6/site-packages/airflow/hooks/dbapi_hook.py", line 159, in run
    with closing(self.get_conn()) as conn:
  File "/Library/Frameworks/Python.framework/Versions/3.6/lib/python3.6/site-packages/airflow/hooks/postgres_hook.py", line 60, in get_conn
    self.conn = psycopg2.connect(**conn_args)
  File "/Library/Frameworks/Python.framework/Versions/3.6/lib/python3.6/site-packages/psycopg2/__init__.py", line 126, in connect
    conn = _connect(dsn, connection_factory=connection_factory, **kwasync)
psycopg2.OperationalError: FATAL:  database "['Public']" does not exist

[2019-07-06 15:15:55,434] {__init__.py:1609} INFO - All retries failed; marking task as FAILED
[2019-07-06 15:15:55,442] {base_task_runner.py:101} INFO - Job 51: Subtask Run_data_quality_checks /Library/Frameworks/Python.framework/Versions/3.6/lib/python3.6/site-packages/airflow/utils/helpers.py:387: DeprecationWarning: Importing 'PostgresHook' directly from 'airflow.hooks' has been deprecated. Please import from 'airflow.hooks.[operator_module]' instead. Support for direct imports will be dropped entirely in Airflow 2.0.
[2019-07-06 15:15:55,443] {base_task_runner.py:101} INFO - Job 51: Subtask Run_data_quality_checks   DeprecationWarning)
[2019-07-06 15:15:55,445] {base_task_runner.py:101} INFO - Job 51: Subtask Run_data_quality_checks Traceback (most recent call last):
[2019-07-06 15:15:55,445] {base_task_runner.py:101} INFO - Job 51: Subtask Run_data_quality_checks   File "/Library/Frameworks/Python.framework/Versions/3.6/bin/airflow", line 32, in <module>
[2019-07-06 15:15:55,445] {base_task_runner.py:101} INFO - Job 51: Subtask Run_data_quality_checks     args.func(args)
[2019-07-06 15:15:55,445] {base_task_runner.py:101} INFO - Job 51: Subtask Run_data_quality_checks   File "/Library/Frameworks/Python.framework/Versions/3.6/lib/python3.6/site-packages/airflow/utils/cli.py", line 74, in wrapper
[2019-07-06 15:15:55,445] {base_task_runner.py:101} INFO - Job 51: Subtask Run_data_quality_checks     return f(*args, **kwargs)
[2019-07-06 15:15:55,445] {base_task_runner.py:101} INFO - Job 51: Subtask Run_data_quality_checks   File "/Library/Frameworks/Python.framework/Versions/3.6/lib/python3.6/site-packages/airflow/bin/cli.py", line 523, in run
[2019-07-06 15:15:55,445] {base_task_runner.py:101} INFO - Job 51: Subtask Run_data_quality_checks     _run(args, dag, ti)
[2019-07-06 15:15:55,445] {base_task_runner.py:101} INFO - Job 51: Subtask Run_data_quality_checks   File "/Library/Frameworks/Python.framework/Versions/3.6/lib/python3.6/site-packages/airflow/bin/cli.py", line 442, in _run
[2019-07-06 15:15:55,445] {base_task_runner.py:101} INFO - Job 51: Subtask Run_data_quality_checks     pool=args.pool,
[2019-07-06 15:15:55,445] {base_task_runner.py:101} INFO - Job 51: Subtask Run_data_quality_checks   File "/Library/Frameworks/Python.framework/Versions/3.6/lib/python3.6/site-packages/airflow/utils/db.py", line 73, in wrapper
[2019-07-06 15:15:55,445] {base_task_runner.py:101} INFO - Job 51: Subtask Run_data_quality_checks     return func(*args, **kwargs)
[2019-07-06 15:15:55,445] {base_task_runner.py:101} INFO - Job 51: Subtask Run_data_quality_checks   File "/Library/Frameworks/Python.framework/Versions/3.6/lib/python3.6/site-packages/airflow/models/__init__.py", line 1441, in _run_raw_task
[2019-07-06 15:15:55,446] {base_task_runner.py:101} INFO - Job 51: Subtask Run_data_quality_checks     result = task_copy.execute(context=context)
[2019-07-06 15:15:55,446] {base_task_runner.py:101} INFO - Job 51: Subtask Run_data_quality_checks   File "/Users/mahdimostafa/airflow/plugins/operators/data_quality.py", line 40, in execute
[2019-07-06 15:15:55,446] {base_task_runner.py:101} INFO - Job 51: Subtask Run_data_quality_checks     self.hook.run(self.sql, self.autocommit)
[2019-07-06 15:15:55,446] {base_task_runner.py:101} INFO - Job 51: Subtask Run_data_quality_checks   File "/Library/Frameworks/Python.framework/Versions/3.6/lib/python3.6/site-packages/airflow/hooks/dbapi_hook.py", line 159, in run
[2019-07-06 15:15:55,446] {base_task_runner.py:101} INFO - Job 51: Subtask Run_data_quality_checks     with closing(self.get_conn()) as conn:
[2019-07-06 15:15:55,446] {base_task_runner.py:101} INFO - Job 51: Subtask Run_data_quality_checks   File "/Library/Frameworks/Python.framework/Versions/3.6/lib/python3.6/site-packages/airflow/hooks/postgres_hook.py", line 60, in get_conn
[2019-07-06 15:15:55,446] {base_task_runner.py:101} INFO - Job 51: Subtask Run_data_quality_checks     self.conn = psycopg2.connect(**conn_args)
[2019-07-06 15:15:55,446] {base_task_runner.py:101} INFO - Job 51: Subtask Run_data_quality_checks   File "/Library/Frameworks/Python.framework/Versions/3.6/lib/python3.6/site-packages/psycopg2/__init__.py", line 126, in connect
[2019-07-06 15:15:55,446] {base_task_runner.py:101} INFO - Job 51: Subtask Run_data_quality_checks     conn = _connect(dsn, connection_factory=connection_factory, **kwasync)
[2019-07-06 15:15:55,446] {base_task_runner.py:101} INFO - Job 51: Subtask Run_data_quality_checks psycopg2.OperationalError: FATAL:  database "['Public']" does not exist
[2019-07-06 15:15:55,446] {base_task_runner.py:101} INFO - Job 51: Subtask Run_data_quality_checks 
[2019-07-06 15:15:55,704] {logging_mixin.py:95} INFO - [2019-07-06 15:15:55,703] {jobs.py:2562} INFO - Task exited with return code 1
