[2019-07-06 14:13:41,239] {__init__.py:1139} INFO - Dependencies all met for <TaskInstance: python_load_dag.Run_data_quality_checks 2019-07-06T13:03:20.718855+00:00 [queued]>
[2019-07-06 14:13:41,246] {__init__.py:1139} INFO - Dependencies all met for <TaskInstance: python_load_dag.Run_data_quality_checks 2019-07-06T13:03:20.718855+00:00 [queued]>
[2019-07-06 14:13:41,246] {__init__.py:1353} INFO - 
--------------------------------------------------------------------------------
[2019-07-06 14:13:41,246] {__init__.py:1354} INFO - Starting attempt 2 of 2
[2019-07-06 14:13:41,246] {__init__.py:1355} INFO - 
--------------------------------------------------------------------------------
[2019-07-06 14:13:41,252] {__init__.py:1374} INFO - Executing <Task(PostgresOperator): Run_data_quality_checks> on 2019-07-06T13:03:20.718855+00:00
[2019-07-06 14:13:41,252] {base_task_runner.py:119} INFO - Running: ['airflow', 'run', 'python_load_dag', 'Run_data_quality_checks', '2019-07-06T13:03:20.718855+00:00', '--job_id', '18', '--raw', '-sd', 'DAGS_FOLDER/spark_dag.py', '--cfg_path', '/var/folders/gl/v_3dc2yn7lb05kcmfb9ppm1r0000gn/T/tmpgp4yyapq']
[2019-07-06 14:13:41,994] {base_task_runner.py:101} INFO - Job 18: Subtask Run_data_quality_checks [2019-07-06 14:13:41,993] {__init__.py:51} INFO - Using executor SequentialExecutor
[2019-07-06 14:13:42,198] {base_task_runner.py:101} INFO - Job 18: Subtask Run_data_quality_checks [2019-07-06 14:13:42,198] {__init__.py:305} INFO - Filling up the DagBag from /Users/mahdimostafa/airflow/dags/spark_dag.py
[2019-07-06 14:13:43,413] {base_task_runner.py:101} INFO - Job 18: Subtask Run_data_quality_checks Ivy Default Cache set to: /Users/mahdimostafa/.ivy2/cache
[2019-07-06 14:13:43,413] {base_task_runner.py:101} INFO - Job 18: Subtask Run_data_quality_checks The jars for the packages stored in: /Users/mahdimostafa/.ivy2/jars
[2019-07-06 14:13:43,452] {base_task_runner.py:101} INFO - Job 18: Subtask Run_data_quality_checks :: loading settings :: url = jar:file:/Library/Frameworks/Python.framework/Versions/3.6/lib/python3.6/site-packages/pyspark/jars/ivy-2.4.0.jar!/org/apache/ivy/core/settings/ivysettings.xml
[2019-07-06 14:13:43,601] {base_task_runner.py:101} INFO - Job 18: Subtask Run_data_quality_checks org.apache.hadoop#hadoop-aws added as a dependency
[2019-07-06 14:13:43,602] {base_task_runner.py:101} INFO - Job 18: Subtask Run_data_quality_checks :: resolving dependencies :: org.apache.spark#spark-submit-parent-a635b989-2a87-4d26-a5c6-20bd4a77e3af;1.0
[2019-07-06 14:13:43,602] {base_task_runner.py:101} INFO - Job 18: Subtask Run_data_quality_checks 	confs: [default]
[2019-07-06 14:13:43,816] {base_task_runner.py:101} INFO - Job 18: Subtask Run_data_quality_checks 	found org.apache.hadoop#hadoop-aws;2.7.0 in spark-list
[2019-07-06 14:13:43,882] {base_task_runner.py:101} INFO - Job 18: Subtask Run_data_quality_checks 	found org.apache.hadoop#hadoop-common;2.7.0 in central
[2019-07-06 14:13:43,964] {base_task_runner.py:101} INFO - Job 18: Subtask Run_data_quality_checks 	found org.apache.hadoop#hadoop-annotations;2.7.0 in spark-list
[2019-07-06 14:13:44,000] {base_task_runner.py:101} INFO - Job 18: Subtask Run_data_quality_checks 	found com.google.guava#guava;11.0.2 in central
[2019-07-06 14:13:44,036] {base_task_runner.py:101} INFO - Job 18: Subtask Run_data_quality_checks 	found com.google.code.findbugs#jsr305;3.0.0 in central
[2019-07-06 14:13:44,065] {base_task_runner.py:101} INFO - Job 18: Subtask Run_data_quality_checks 	found commons-cli#commons-cli;1.2 in central
[2019-07-06 14:13:44,096] {base_task_runner.py:101} INFO - Job 18: Subtask Run_data_quality_checks 	found org.apache.commons#commons-math3;3.1.1 in central
[2019-07-06 14:13:44,115] {base_task_runner.py:101} INFO - Job 18: Subtask Run_data_quality_checks 	found xmlenc#xmlenc;0.52 in central
[2019-07-06 14:13:44,136] {base_task_runner.py:101} INFO - Job 18: Subtask Run_data_quality_checks 	found commons-httpclient#commons-httpclient;3.1 in spark-list
[2019-07-06 14:13:44,163] {base_task_runner.py:101} INFO - Job 18: Subtask Run_data_quality_checks 	found commons-logging#commons-logging;1.1.3 in central
[2019-07-06 14:13:44,205] {base_task_runner.py:101} INFO - Job 18: Subtask Run_data_quality_checks 	found commons-codec#commons-codec;1.4 in central
[2019-07-06 14:13:44,221] {base_task_runner.py:101} INFO - Job 18: Subtask Run_data_quality_checks 	found commons-io#commons-io;2.4 in central
[2019-07-06 14:13:44,240] {base_task_runner.py:101} INFO - Job 18: Subtask Run_data_quality_checks 	found commons-net#commons-net;3.1 in central
[2019-07-06 14:13:44,267] {base_task_runner.py:101} INFO - Job 18: Subtask Run_data_quality_checks 	found commons-collections#commons-collections;3.2.1 in central
[2019-07-06 14:13:44,295] {base_task_runner.py:101} INFO - Job 18: Subtask Run_data_quality_checks 	found javax.servlet#servlet-api;2.5 in central
[2019-07-06 14:13:44,344] {base_task_runner.py:101} INFO - Job 18: Subtask Run_data_quality_checks 	found org.mortbay.jetty#jetty;6.1.26 in central
[2019-07-06 14:13:44,399] {base_task_runner.py:101} INFO - Job 18: Subtask Run_data_quality_checks 	found org.mortbay.jetty#jetty-util;6.1.26 in central
[2019-07-06 14:13:44,418] {base_task_runner.py:101} INFO - Job 18: Subtask Run_data_quality_checks 	found com.sun.jersey#jersey-core;1.9 in central
[2019-07-06 14:13:44,442] {base_task_runner.py:101} INFO - Job 18: Subtask Run_data_quality_checks 	found com.sun.jersey#jersey-json;1.9 in central
[2019-07-06 14:13:44,463] {base_task_runner.py:101} INFO - Job 18: Subtask Run_data_quality_checks 	found org.codehaus.jettison#jettison;1.1 in central
[2019-07-06 14:13:44,477] {base_task_runner.py:101} INFO - Job 18: Subtask Run_data_quality_checks 	found com.sun.xml.bind#jaxb-impl;2.2.3-1 in central
[2019-07-06 14:13:44,492] {base_task_runner.py:101} INFO - Job 18: Subtask Run_data_quality_checks 	found javax.xml.bind#jaxb-api;2.2.2 in central
[2019-07-06 14:13:44,509] {base_task_runner.py:101} INFO - Job 18: Subtask Run_data_quality_checks 	found javax.xml.stream#stax-api;1.0-2 in central
[2019-07-06 14:13:44,523] {base_task_runner.py:101} INFO - Job 18: Subtask Run_data_quality_checks 	found javax.activation#activation;1.1 in central
[2019-07-06 14:13:44,536] {base_task_runner.py:101} INFO - Job 18: Subtask Run_data_quality_checks 	found org.codehaus.jackson#jackson-core-asl;1.9.13 in central
[2019-07-06 14:13:44,552] {base_task_runner.py:101} INFO - Job 18: Subtask Run_data_quality_checks 	found org.codehaus.jackson#jackson-mapper-asl;1.9.13 in central
[2019-07-06 14:13:44,571] {base_task_runner.py:101} INFO - Job 18: Subtask Run_data_quality_checks 	found org.codehaus.jackson#jackson-jaxrs;1.9.13 in central
[2019-07-06 14:13:44,591] {base_task_runner.py:101} INFO - Job 18: Subtask Run_data_quality_checks 	found org.codehaus.jackson#jackson-xc;1.9.13 in central
[2019-07-06 14:13:44,609] {base_task_runner.py:101} INFO - Job 18: Subtask Run_data_quality_checks 	found com.sun.jersey#jersey-server;1.9 in central
[2019-07-06 14:13:44,619] {base_task_runner.py:101} INFO - Job 18: Subtask Run_data_quality_checks 	found asm#asm;3.2 in central
[2019-07-06 14:13:44,629] {base_task_runner.py:101} INFO - Job 18: Subtask Run_data_quality_checks 	found log4j#log4j;1.2.17 in central
[2019-07-06 14:13:44,642] {base_task_runner.py:101} INFO - Job 18: Subtask Run_data_quality_checks 	found net.java.dev.jets3t#jets3t;0.9.0 in central
[2019-07-06 14:13:44,664] {base_task_runner.py:101} INFO - Job 18: Subtask Run_data_quality_checks 	found org.apache.httpcomponents#httpclient;4.2.5 in central
[2019-07-06 14:13:44,681] {base_task_runner.py:101} INFO - Job 18: Subtask Run_data_quality_checks 	found org.apache.httpcomponents#httpcore;4.2.5 in central
[2019-07-06 14:13:44,704] {base_task_runner.py:101} INFO - Job 18: Subtask Run_data_quality_checks 	found com.jamesmurty.utils#java-xmlbuilder;0.4 in spark-list
[2019-07-06 14:13:44,722] {base_task_runner.py:101} INFO - Job 18: Subtask Run_data_quality_checks 	found commons-lang#commons-lang;2.6 in central
[2019-07-06 14:13:44,760] {base_task_runner.py:101} INFO - Job 18: Subtask Run_data_quality_checks 	found commons-configuration#commons-configuration;1.6 in central
[2019-07-06 14:13:44,781] {base_task_runner.py:101} INFO - Job 18: Subtask Run_data_quality_checks 	found commons-digester#commons-digester;1.8 in central
[2019-07-06 14:13:44,802] {base_task_runner.py:101} INFO - Job 18: Subtask Run_data_quality_checks 	found commons-beanutils#commons-beanutils;1.7.0 in central
[2019-07-06 14:13:44,837] {base_task_runner.py:101} INFO - Job 18: Subtask Run_data_quality_checks 	found commons-beanutils#commons-beanutils-core;1.8.0 in central
[2019-07-06 14:13:44,861] {base_task_runner.py:101} INFO - Job 18: Subtask Run_data_quality_checks 	found org.slf4j#slf4j-api;1.7.10 in central
[2019-07-06 14:13:44,930] {base_task_runner.py:101} INFO - Job 18: Subtask Run_data_quality_checks 	found org.apache.avro#avro;1.7.4 in central
[2019-07-06 14:13:44,960] {base_task_runner.py:101} INFO - Job 18: Subtask Run_data_quality_checks 	found com.thoughtworks.paranamer#paranamer;2.3 in central
[2019-07-06 14:13:44,974] {base_task_runner.py:101} INFO - Job 18: Subtask Run_data_quality_checks 	found org.xerial.snappy#snappy-java;1.0.4.1 in central
[2019-07-06 14:13:44,986] {base_task_runner.py:101} INFO - Job 18: Subtask Run_data_quality_checks 	found org.apache.commons#commons-compress;1.4.1 in central
[2019-07-06 14:13:45,001] {base_task_runner.py:101} INFO - Job 18: Subtask Run_data_quality_checks 	found org.tukaani#xz;1.0 in central
[2019-07-06 14:13:45,014] {base_task_runner.py:101} INFO - Job 18: Subtask Run_data_quality_checks 	found com.google.protobuf#protobuf-java;2.5.0 in central
[2019-07-06 14:13:45,026] {base_task_runner.py:101} INFO - Job 18: Subtask Run_data_quality_checks 	found com.google.code.gson#gson;2.2.4 in central
[2019-07-06 14:13:45,044] {base_task_runner.py:101} INFO - Job 18: Subtask Run_data_quality_checks 	found org.apache.hadoop#hadoop-auth;2.7.0 in central
[2019-07-06 14:13:45,064] {base_task_runner.py:101} INFO - Job 18: Subtask Run_data_quality_checks 	found org.apache.directory.server#apacheds-kerberos-codec;2.0.0-M15 in central
[2019-07-06 14:13:45,087] {base_task_runner.py:101} INFO - Job 18: Subtask Run_data_quality_checks 	found org.apache.directory.server#apacheds-i18n;2.0.0-M15 in central
[2019-07-06 14:13:45,119] {base_task_runner.py:101} INFO - Job 18: Subtask Run_data_quality_checks 	found org.apache.directory.api#api-asn1-api;1.0.0-M20 in central
[2019-07-06 14:13:45,139] {base_task_runner.py:101} INFO - Job 18: Subtask Run_data_quality_checks 	found org.apache.directory.api#api-util;1.0.0-M20 in central
[2019-07-06 14:13:45,161] {base_task_runner.py:101} INFO - Job 18: Subtask Run_data_quality_checks 	found org.apache.zookeeper#zookeeper;3.4.6 in central
[2019-07-06 14:13:45,211] {base_task_runner.py:101} INFO - Job 18: Subtask Run_data_quality_checks 	found org.slf4j#slf4j-log4j12;1.7.10 in central
[2019-07-06 14:13:45,227] {base_task_runner.py:101} INFO - Job 18: Subtask Run_data_quality_checks 	found io.netty#netty;3.6.2.Final in central
[2019-07-06 14:13:45,241] {base_task_runner.py:101} INFO - Job 18: Subtask Run_data_quality_checks 	found org.apache.curator#curator-framework;2.7.1 in central
[2019-07-06 14:13:45,256] {base_task_runner.py:101} INFO - Job 18: Subtask Run_data_quality_checks 	found org.apache.curator#curator-client;2.7.1 in central
[2019-07-06 14:13:45,283] {base_task_runner.py:101} INFO - Job 18: Subtask Run_data_quality_checks 	found com.jcraft#jsch;0.1.42 in central
[2019-07-06 14:13:45,299] {base_task_runner.py:101} INFO - Job 18: Subtask Run_data_quality_checks 	found org.apache.curator#curator-recipes;2.7.1 in central
[2019-07-06 14:13:45,317] {base_task_runner.py:101} INFO - Job 18: Subtask Run_data_quality_checks 	found org.apache.htrace#htrace-core;3.1.0-incubating in central
[2019-07-06 14:13:45,340] {base_task_runner.py:101} INFO - Job 18: Subtask Run_data_quality_checks 	found javax.servlet.jsp#jsp-api;2.1 in central
[2019-07-06 14:13:45,410] {base_task_runner.py:101} INFO - Job 18: Subtask Run_data_quality_checks 	found jline#jline;0.9.94 in central
[2019-07-06 14:13:45,431] {base_task_runner.py:101} INFO - Job 18: Subtask Run_data_quality_checks 	found junit#junit;4.11 in central
[2019-07-06 14:13:45,449] {base_task_runner.py:101} INFO - Job 18: Subtask Run_data_quality_checks 	found org.hamcrest#hamcrest-core;1.3 in central
[2019-07-06 14:13:45,482] {base_task_runner.py:101} INFO - Job 18: Subtask Run_data_quality_checks 	found com.fasterxml.jackson.core#jackson-databind;2.2.3 in central
[2019-07-06 14:13:45,488] {base_task_runner.py:101} INFO - Job 18: Subtask Run_data_quality_checks 	found com.fasterxml.jackson.core#jackson-annotations;2.2.3 in central
[2019-07-06 14:13:45,498] {base_task_runner.py:101} INFO - Job 18: Subtask Run_data_quality_checks 	found com.fasterxml.jackson.core#jackson-core;2.2.3 in central
[2019-07-06 14:13:45,508] {base_task_runner.py:101} INFO - Job 18: Subtask Run_data_quality_checks 	found com.amazonaws#aws-java-sdk;1.7.4 in central
[2019-07-06 14:13:45,543] {base_task_runner.py:101} INFO - Job 18: Subtask Run_data_quality_checks WARNING: An illegal reflective access operation has occurred
[2019-07-06 14:13:45,544] {base_task_runner.py:101} INFO - Job 18: Subtask Run_data_quality_checks WARNING: Illegal reflective access by org.apache.ivy.util.url.IvyAuthenticator (file:/Library/Frameworks/Python.framework/Versions/3.6/lib/python3.6/site-packages/pyspark/jars/ivy-2.4.0.jar) to field java.net.Authenticator.theAuthenticator
[2019-07-06 14:13:45,544] {base_task_runner.py:101} INFO - Job 18: Subtask Run_data_quality_checks WARNING: Please consider reporting this to the maintainers of org.apache.ivy.util.url.IvyAuthenticator
[2019-07-06 14:13:45,544] {base_task_runner.py:101} INFO - Job 18: Subtask Run_data_quality_checks WARNING: Use --illegal-access=warn to enable warnings of further illegal reflective access operations
[2019-07-06 14:13:45,544] {base_task_runner.py:101} INFO - Job 18: Subtask Run_data_quality_checks WARNING: All illegal access operations will be denied in a future release
[2019-07-06 14:13:46,319] {base_task_runner.py:101} INFO - Job 18: Subtask Run_data_quality_checks 	found joda-time#joda-time;2.10.3 in central
[2019-07-06 14:13:46,319] {base_task_runner.py:101} INFO - Job 18: Subtask Run_data_quality_checks 	[2.10.3] joda-time#joda-time;[2.2,)
[2019-07-06 14:13:46,385] {base_task_runner.py:101} INFO - Job 18: Subtask Run_data_quality_checks :: resolution report :: resolve 2745ms :: artifacts dl 38ms
[2019-07-06 14:13:46,385] {base_task_runner.py:101} INFO - Job 18: Subtask Run_data_quality_checks 	:: modules in use:
[2019-07-06 14:13:46,385] {base_task_runner.py:101} INFO - Job 18: Subtask Run_data_quality_checks 	asm#asm;3.2 from central in [default]
[2019-07-06 14:13:46,386] {base_task_runner.py:101} INFO - Job 18: Subtask Run_data_quality_checks 	com.amazonaws#aws-java-sdk;1.7.4 from central in [default]
[2019-07-06 14:13:46,386] {base_task_runner.py:101} INFO - Job 18: Subtask Run_data_quality_checks 	com.fasterxml.jackson.core#jackson-annotations;2.2.3 from central in [default]
[2019-07-06 14:13:46,386] {base_task_runner.py:101} INFO - Job 18: Subtask Run_data_quality_checks 	com.fasterxml.jackson.core#jackson-core;2.2.3 from central in [default]
[2019-07-06 14:13:46,386] {base_task_runner.py:101} INFO - Job 18: Subtask Run_data_quality_checks 	com.fasterxml.jackson.core#jackson-databind;2.2.3 from central in [default]
[2019-07-06 14:13:46,386] {base_task_runner.py:101} INFO - Job 18: Subtask Run_data_quality_checks 	com.google.code.findbugs#jsr305;3.0.0 from central in [default]
[2019-07-06 14:13:46,386] {base_task_runner.py:101} INFO - Job 18: Subtask Run_data_quality_checks 	com.google.code.gson#gson;2.2.4 from central in [default]
[2019-07-06 14:13:46,386] {base_task_runner.py:101} INFO - Job 18: Subtask Run_data_quality_checks 	com.google.guava#guava;11.0.2 from central in [default]
[2019-07-06 14:13:46,387] {base_task_runner.py:101} INFO - Job 18: Subtask Run_data_quality_checks 	com.google.protobuf#protobuf-java;2.5.0 from central in [default]
[2019-07-06 14:13:46,387] {base_task_runner.py:101} INFO - Job 18: Subtask Run_data_quality_checks 	com.jamesmurty.utils#java-xmlbuilder;0.4 from spark-list in [default]
[2019-07-06 14:13:46,387] {base_task_runner.py:101} INFO - Job 18: Subtask Run_data_quality_checks 	com.jcraft#jsch;0.1.42 from central in [default]
[2019-07-06 14:13:46,387] {base_task_runner.py:101} INFO - Job 18: Subtask Run_data_quality_checks 	com.sun.jersey#jersey-core;1.9 from central in [default]
[2019-07-06 14:13:46,387] {base_task_runner.py:101} INFO - Job 18: Subtask Run_data_quality_checks 	com.sun.jersey#jersey-json;1.9 from central in [default]
[2019-07-06 14:13:46,387] {base_task_runner.py:101} INFO - Job 18: Subtask Run_data_quality_checks 	com.sun.jersey#jersey-server;1.9 from central in [default]
[2019-07-06 14:13:46,387] {base_task_runner.py:101} INFO - Job 18: Subtask Run_data_quality_checks 	com.sun.xml.bind#jaxb-impl;2.2.3-1 from central in [default]
[2019-07-06 14:13:46,387] {base_task_runner.py:101} INFO - Job 18: Subtask Run_data_quality_checks 	com.thoughtworks.paranamer#paranamer;2.3 from central in [default]
[2019-07-06 14:13:46,387] {base_task_runner.py:101} INFO - Job 18: Subtask Run_data_quality_checks 	commons-beanutils#commons-beanutils;1.7.0 from central in [default]
[2019-07-06 14:13:46,387] {base_task_runner.py:101} INFO - Job 18: Subtask Run_data_quality_checks 	commons-beanutils#commons-beanutils-core;1.8.0 from central in [default]
[2019-07-06 14:13:46,387] {base_task_runner.py:101} INFO - Job 18: Subtask Run_data_quality_checks 	commons-cli#commons-cli;1.2 from central in [default]
[2019-07-06 14:13:46,387] {base_task_runner.py:101} INFO - Job 18: Subtask Run_data_quality_checks 	commons-codec#commons-codec;1.4 from central in [default]
[2019-07-06 14:13:46,387] {base_task_runner.py:101} INFO - Job 18: Subtask Run_data_quality_checks 	commons-collections#commons-collections;3.2.1 from central in [default]
[2019-07-06 14:13:46,387] {base_task_runner.py:101} INFO - Job 18: Subtask Run_data_quality_checks 	commons-configuration#commons-configuration;1.6 from central in [default]
[2019-07-06 14:13:46,388] {base_task_runner.py:101} INFO - Job 18: Subtask Run_data_quality_checks 	commons-digester#commons-digester;1.8 from central in [default]
[2019-07-06 14:13:46,388] {base_task_runner.py:101} INFO - Job 18: Subtask Run_data_quality_checks 	commons-httpclient#commons-httpclient;3.1 from spark-list in [default]
[2019-07-06 14:13:46,388] {base_task_runner.py:101} INFO - Job 18: Subtask Run_data_quality_checks 	commons-io#commons-io;2.4 from central in [default]
[2019-07-06 14:13:46,388] {base_task_runner.py:101} INFO - Job 18: Subtask Run_data_quality_checks 	commons-lang#commons-lang;2.6 from central in [default]
[2019-07-06 14:13:46,388] {base_task_runner.py:101} INFO - Job 18: Subtask Run_data_quality_checks 	commons-logging#commons-logging;1.1.3 from central in [default]
[2019-07-06 14:13:46,388] {base_task_runner.py:101} INFO - Job 18: Subtask Run_data_quality_checks 	commons-net#commons-net;3.1 from central in [default]
[2019-07-06 14:13:46,388] {base_task_runner.py:101} INFO - Job 18: Subtask Run_data_quality_checks 	io.netty#netty;3.6.2.Final from central in [default]
[2019-07-06 14:13:46,388] {base_task_runner.py:101} INFO - Job 18: Subtask Run_data_quality_checks 	javax.activation#activation;1.1 from central in [default]
[2019-07-06 14:13:46,388] {base_task_runner.py:101} INFO - Job 18: Subtask Run_data_quality_checks 	javax.servlet#servlet-api;2.5 from central in [default]
[2019-07-06 14:13:46,388] {base_task_runner.py:101} INFO - Job 18: Subtask Run_data_quality_checks 	javax.servlet.jsp#jsp-api;2.1 from central in [default]
[2019-07-06 14:13:46,388] {base_task_runner.py:101} INFO - Job 18: Subtask Run_data_quality_checks 	javax.xml.bind#jaxb-api;2.2.2 from central in [default]
[2019-07-06 14:13:46,388] {base_task_runner.py:101} INFO - Job 18: Subtask Run_data_quality_checks 	javax.xml.stream#stax-api;1.0-2 from central in [default]
[2019-07-06 14:13:46,388] {base_task_runner.py:101} INFO - Job 18: Subtask Run_data_quality_checks 	jline#jline;0.9.94 from central in [default]
[2019-07-06 14:13:46,388] {base_task_runner.py:101} INFO - Job 18: Subtask Run_data_quality_checks 	joda-time#joda-time;2.10.3 from central in [default]
[2019-07-06 14:13:46,388] {base_task_runner.py:101} INFO - Job 18: Subtask Run_data_quality_checks 	junit#junit;4.11 from central in [default]
[2019-07-06 14:13:46,389] {base_task_runner.py:101} INFO - Job 18: Subtask Run_data_quality_checks 	log4j#log4j;1.2.17 from central in [default]
[2019-07-06 14:13:46,389] {base_task_runner.py:101} INFO - Job 18: Subtask Run_data_quality_checks 	net.java.dev.jets3t#jets3t;0.9.0 from central in [default]
[2019-07-06 14:13:46,389] {base_task_runner.py:101} INFO - Job 18: Subtask Run_data_quality_checks 	org.apache.avro#avro;1.7.4 from central in [default]
[2019-07-06 14:13:46,389] {base_task_runner.py:101} INFO - Job 18: Subtask Run_data_quality_checks 	org.apache.commons#commons-compress;1.4.1 from central in [default]
[2019-07-06 14:13:46,389] {base_task_runner.py:101} INFO - Job 18: Subtask Run_data_quality_checks 	org.apache.commons#commons-math3;3.1.1 from central in [default]
[2019-07-06 14:13:46,389] {base_task_runner.py:101} INFO - Job 18: Subtask Run_data_quality_checks 	org.apache.curator#curator-client;2.7.1 from central in [default]
[2019-07-06 14:13:46,389] {base_task_runner.py:101} INFO - Job 18: Subtask Run_data_quality_checks 	org.apache.curator#curator-framework;2.7.1 from central in [default]
[2019-07-06 14:13:46,389] {base_task_runner.py:101} INFO - Job 18: Subtask Run_data_quality_checks 	org.apache.curator#curator-recipes;2.7.1 from central in [default]
[2019-07-06 14:13:46,389] {base_task_runner.py:101} INFO - Job 18: Subtask Run_data_quality_checks 	org.apache.directory.api#api-asn1-api;1.0.0-M20 from central in [default]
[2019-07-06 14:13:46,389] {base_task_runner.py:101} INFO - Job 18: Subtask Run_data_quality_checks 	org.apache.directory.api#api-util;1.0.0-M20 from central in [default]
[2019-07-06 14:13:46,389] {base_task_runner.py:101} INFO - Job 18: Subtask Run_data_quality_checks 	org.apache.directory.server#apacheds-i18n;2.0.0-M15 from central in [default]
[2019-07-06 14:13:46,389] {base_task_runner.py:101} INFO - Job 18: Subtask Run_data_quality_checks 	org.apache.directory.server#apacheds-kerberos-codec;2.0.0-M15 from central in [default]
[2019-07-06 14:13:46,389] {base_task_runner.py:101} INFO - Job 18: Subtask Run_data_quality_checks 	org.apache.hadoop#hadoop-annotations;2.7.0 from spark-list in [default]
[2019-07-06 14:13:46,389] {base_task_runner.py:101} INFO - Job 18: Subtask Run_data_quality_checks 	org.apache.hadoop#hadoop-auth;2.7.0 from central in [default]
[2019-07-06 14:13:46,390] {base_task_runner.py:101} INFO - Job 18: Subtask Run_data_quality_checks 	org.apache.hadoop#hadoop-aws;2.7.0 from spark-list in [default]
[2019-07-06 14:13:46,390] {base_task_runner.py:101} INFO - Job 18: Subtask Run_data_quality_checks 	org.apache.hadoop#hadoop-common;2.7.0 from central in [default]
[2019-07-06 14:13:46,390] {base_task_runner.py:101} INFO - Job 18: Subtask Run_data_quality_checks 	org.apache.htrace#htrace-core;3.1.0-incubating from central in [default]
[2019-07-06 14:13:46,390] {base_task_runner.py:101} INFO - Job 18: Subtask Run_data_quality_checks 	org.apache.httpcomponents#httpclient;4.2.5 from central in [default]
[2019-07-06 14:13:46,390] {base_task_runner.py:101} INFO - Job 18: Subtask Run_data_quality_checks 	org.apache.httpcomponents#httpcore;4.2.5 from central in [default]
[2019-07-06 14:13:46,390] {base_task_runner.py:101} INFO - Job 18: Subtask Run_data_quality_checks 	org.apache.zookeeper#zookeeper;3.4.6 from central in [default]
[2019-07-06 14:13:46,390] {base_task_runner.py:101} INFO - Job 18: Subtask Run_data_quality_checks 	org.codehaus.jackson#jackson-core-asl;1.9.13 from central in [default]
[2019-07-06 14:13:46,390] {base_task_runner.py:101} INFO - Job 18: Subtask Run_data_quality_checks 	org.codehaus.jackson#jackson-jaxrs;1.9.13 from central in [default]
[2019-07-06 14:13:46,390] {base_task_runner.py:101} INFO - Job 18: Subtask Run_data_quality_checks 	org.codehaus.jackson#jackson-mapper-asl;1.9.13 from central in [default]
[2019-07-06 14:13:46,390] {base_task_runner.py:101} INFO - Job 18: Subtask Run_data_quality_checks 	org.codehaus.jackson#jackson-xc;1.9.13 from central in [default]
[2019-07-06 14:13:46,390] {base_task_runner.py:101} INFO - Job 18: Subtask Run_data_quality_checks 	org.codehaus.jettison#jettison;1.1 from central in [default]
[2019-07-06 14:13:46,390] {base_task_runner.py:101} INFO - Job 18: Subtask Run_data_quality_checks 	org.hamcrest#hamcrest-core;1.3 from central in [default]
[2019-07-06 14:13:46,390] {base_task_runner.py:101} INFO - Job 18: Subtask Run_data_quality_checks 	org.mortbay.jetty#jetty;6.1.26 from central in [default]
[2019-07-06 14:13:46,390] {base_task_runner.py:101} INFO - Job 18: Subtask Run_data_quality_checks 	org.mortbay.jetty#jetty-util;6.1.26 from central in [default]
[2019-07-06 14:13:46,391] {base_task_runner.py:101} INFO - Job 18: Subtask Run_data_quality_checks 	org.slf4j#slf4j-api;1.7.10 from central in [default]
[2019-07-06 14:13:46,391] {base_task_runner.py:101} INFO - Job 18: Subtask Run_data_quality_checks 	org.slf4j#slf4j-log4j12;1.7.10 from central in [default]
[2019-07-06 14:13:46,391] {base_task_runner.py:101} INFO - Job 18: Subtask Run_data_quality_checks 	org.tukaani#xz;1.0 from central in [default]
[2019-07-06 14:13:46,391] {base_task_runner.py:101} INFO - Job 18: Subtask Run_data_quality_checks 	org.xerial.snappy#snappy-java;1.0.4.1 from central in [default]
[2019-07-06 14:13:46,391] {base_task_runner.py:101} INFO - Job 18: Subtask Run_data_quality_checks 	xmlenc#xmlenc;0.52 from central in [default]
[2019-07-06 14:13:46,391] {base_task_runner.py:101} INFO - Job 18: Subtask Run_data_quality_checks 	---------------------------------------------------------------------
[2019-07-06 14:13:46,391] {base_task_runner.py:101} INFO - Job 18: Subtask Run_data_quality_checks 	|                  |            modules            ||   artifacts   |
[2019-07-06 14:13:46,391] {base_task_runner.py:101} INFO - Job 18: Subtask Run_data_quality_checks 	|       conf       | number| search|dwnlded|evicted|| number|dwnlded|
[2019-07-06 14:13:46,391] {base_task_runner.py:101} INFO - Job 18: Subtask Run_data_quality_checks 	---------------------------------------------------------------------
[2019-07-06 14:13:46,391] {base_task_runner.py:101} INFO - Job 18: Subtask Run_data_quality_checks 	|      default     |   70  |   1   |   0   |   0   ||   70  |   0   |
[2019-07-06 14:13:46,391] {base_task_runner.py:101} INFO - Job 18: Subtask Run_data_quality_checks 	---------------------------------------------------------------------
[2019-07-06 14:13:46,409] {base_task_runner.py:101} INFO - Job 18: Subtask Run_data_quality_checks :: retrieving :: org.apache.spark#spark-submit-parent-a635b989-2a87-4d26-a5c6-20bd4a77e3af
[2019-07-06 14:13:46,409] {base_task_runner.py:101} INFO - Job 18: Subtask Run_data_quality_checks 	confs: [default]
[2019-07-06 14:13:46,439] {base_task_runner.py:101} INFO - Job 18: Subtask Run_data_quality_checks 	0 artifacts copied, 70 already retrieved (0kB/30ms)
[2019-07-06 14:13:47,133] {base_task_runner.py:101} INFO - Job 18: Subtask Run_data_quality_checks 19/07/06 14:13:47 WARN NativeCodeLoader: Unable to load native-hadoop library for your platform... using builtin-java classes where applicable
[2019-07-06 14:13:48,077] {base_task_runner.py:101} INFO - Job 18: Subtask Run_data_quality_checks Using Spark's default log4j profile: org/apache/spark/log4j-defaults.properties
[2019-07-06 14:13:48,077] {base_task_runner.py:101} INFO - Job 18: Subtask Run_data_quality_checks Setting default log level to "WARN".
[2019-07-06 14:13:48,077] {base_task_runner.py:101} INFO - Job 18: Subtask Run_data_quality_checks To adjust logging level use sc.setLogLevel(newLevel). For SparkR, use setLogLevel(newLevel).
[2019-07-06 14:13:49,159] {base_task_runner.py:101} INFO - Job 18: Subtask Run_data_quality_checks 19/07/06 14:13:49 WARN Utils: Service 'SparkUI' could not bind on port 4040. Attempting port 4041.
[2019-07-06 14:13:49,159] {base_task_runner.py:101} INFO - Job 18: Subtask Run_data_quality_checks 19/07/06 14:13:49 WARN Utils: Service 'SparkUI' could not bind on port 4041. Attempting port 4042.
[2019-07-06 14:13:49,159] {base_task_runner.py:101} INFO - Job 18: Subtask Run_data_quality_checks 19/07/06 14:13:49 WARN Utils: Service 'SparkUI' could not bind on port 4042. Attempting port 4043.
[2019-07-06 14:13:49,160] {base_task_runner.py:101} INFO - Job 18: Subtask Run_data_quality_checks 19/07/06 14:13:49 WARN Utils: Service 'SparkUI' could not bind on port 4043. Attempting port 4044.
[2019-07-06 14:13:49,175] {base_task_runner.py:101} INFO - Job 18: Subtask Run_data_quality_checks 19/07/06 14:13:49 WARN Utils: Service 'SparkUI' could not bind on port 4044. Attempting port 4045.
[2019-07-06 14:13:49,175] {base_task_runner.py:101} INFO - Job 18: Subtask Run_data_quality_checks 19/07/06 14:13:49 WARN Utils: Service 'SparkUI' could not bind on port 4045. Attempting port 4046.
[2019-07-06 14:13:51,733] {base_task_runner.py:101} INFO - Job 18: Subtask Run_data_quality_checks [2019-07-06 14:13:51,733] {cli.py:517} INFO - Running <TaskInstance: python_load_dag.Run_data_quality_checks 2019-07-06T13:03:20.718855+00:00 [running]> on host Mahdis-MacBook-Pro.local
[2019-07-06 14:13:51,754] {logging_mixin.py:95} INFO - [2019-07-06 14:13:51,753] {base_hook.py:83} INFO - Using connection to: id: postgres_default. Host: postgres, Port: None, Schema: airflow, Login: postgres, Password: XXXXXXXX, extra: {}
[2019-07-06 14:15:07,156] {__init__.py:1580} ERROR - could not connect to server: Operation timed out
	Is the server running on host "postgres" (92.242.132.24) and accepting
	TCP/IP connections on port 5432?
Traceback (most recent call last):
  File "/Library/Frameworks/Python.framework/Versions/3.6/lib/python3.6/site-packages/airflow/models/__init__.py", line 1441, in _run_raw_task
    result = task_copy.execute(context=context)
  File "/Users/mahdimostafa/airflow/plugins/operators/data_quality.py", line 36, in execute
    records = self.hook.get_records(f"SELECT COUNT(*) FROM {self.table}")
  File "/Library/Frameworks/Python.framework/Versions/3.6/lib/python3.6/site-packages/airflow/hooks/dbapi_hook.py", line 112, in get_records
    with closing(self.get_conn()) as conn:
  File "/Library/Frameworks/Python.framework/Versions/3.6/lib/python3.6/site-packages/airflow/hooks/postgres_hook.py", line 60, in get_conn
    self.conn = psycopg2.connect(**conn_args)
  File "/Library/Frameworks/Python.framework/Versions/3.6/lib/python3.6/site-packages/psycopg2/__init__.py", line 126, in connect
    conn = _connect(dsn, connection_factory=connection_factory, **kwasync)
psycopg2.OperationalError: could not connect to server: Operation timed out
	Is the server running on host "postgres" (92.242.132.24) and accepting
	TCP/IP connections on port 5432?

[2019-07-06 14:15:07,161] {__init__.py:1609} INFO - All retries failed; marking task as FAILED
[2019-07-06 14:15:07,171] {base_task_runner.py:101} INFO - Job 18: Subtask Run_data_quality_checks /Library/Frameworks/Python.framework/Versions/3.6/lib/python3.6/site-packages/airflow/utils/helpers.py:387: DeprecationWarning: Importing 'PostgresHook' directly from 'airflow.hooks' has been deprecated. Please import from 'airflow.hooks.[operator_module]' instead. Support for direct imports will be dropped entirely in Airflow 2.0.
[2019-07-06 14:15:07,171] {base_task_runner.py:101} INFO - Job 18: Subtask Run_data_quality_checks   DeprecationWarning)
[2019-07-06 14:15:07,178] {base_task_runner.py:101} INFO - Job 18: Subtask Run_data_quality_checks Traceback (most recent call last):
[2019-07-06 14:15:07,179] {base_task_runner.py:101} INFO - Job 18: Subtask Run_data_quality_checks   File "/Library/Frameworks/Python.framework/Versions/3.6/bin/airflow", line 32, in <module>
[2019-07-06 14:15:07,179] {base_task_runner.py:101} INFO - Job 18: Subtask Run_data_quality_checks     args.func(args)
[2019-07-06 14:15:07,179] {base_task_runner.py:101} INFO - Job 18: Subtask Run_data_quality_checks   File "/Library/Frameworks/Python.framework/Versions/3.6/lib/python3.6/site-packages/airflow/utils/cli.py", line 74, in wrapper
[2019-07-06 14:15:07,179] {base_task_runner.py:101} INFO - Job 18: Subtask Run_data_quality_checks     return f(*args, **kwargs)
[2019-07-06 14:15:07,179] {base_task_runner.py:101} INFO - Job 18: Subtask Run_data_quality_checks   File "/Library/Frameworks/Python.framework/Versions/3.6/lib/python3.6/site-packages/airflow/bin/cli.py", line 523, in run
[2019-07-06 14:15:07,179] {base_task_runner.py:101} INFO - Job 18: Subtask Run_data_quality_checks     _run(args, dag, ti)
[2019-07-06 14:15:07,179] {base_task_runner.py:101} INFO - Job 18: Subtask Run_data_quality_checks   File "/Library/Frameworks/Python.framework/Versions/3.6/lib/python3.6/site-packages/airflow/bin/cli.py", line 442, in _run
[2019-07-06 14:15:07,179] {base_task_runner.py:101} INFO - Job 18: Subtask Run_data_quality_checks     pool=args.pool,
[2019-07-06 14:15:07,179] {base_task_runner.py:101} INFO - Job 18: Subtask Run_data_quality_checks   File "/Library/Frameworks/Python.framework/Versions/3.6/lib/python3.6/site-packages/airflow/utils/db.py", line 73, in wrapper
[2019-07-06 14:15:07,179] {base_task_runner.py:101} INFO - Job 18: Subtask Run_data_quality_checks     return func(*args, **kwargs)
[2019-07-06 14:15:07,179] {base_task_runner.py:101} INFO - Job 18: Subtask Run_data_quality_checks   File "/Library/Frameworks/Python.framework/Versions/3.6/lib/python3.6/site-packages/airflow/models/__init__.py", line 1441, in _run_raw_task
[2019-07-06 14:15:07,180] {base_task_runner.py:101} INFO - Job 18: Subtask Run_data_quality_checks     result = task_copy.execute(context=context)
[2019-07-06 14:15:07,180] {base_task_runner.py:101} INFO - Job 18: Subtask Run_data_quality_checks   File "/Users/mahdimostafa/airflow/plugins/operators/data_quality.py", line 36, in execute
[2019-07-06 14:15:07,180] {base_task_runner.py:101} INFO - Job 18: Subtask Run_data_quality_checks     records = self.hook.get_records(f"SELECT COUNT(*) FROM {self.table}")
[2019-07-06 14:15:07,180] {base_task_runner.py:101} INFO - Job 18: Subtask Run_data_quality_checks   File "/Library/Frameworks/Python.framework/Versions/3.6/lib/python3.6/site-packages/airflow/hooks/dbapi_hook.py", line 112, in get_records
[2019-07-06 14:15:07,180] {base_task_runner.py:101} INFO - Job 18: Subtask Run_data_quality_checks     with closing(self.get_conn()) as conn:
[2019-07-06 14:15:07,180] {base_task_runner.py:101} INFO - Job 18: Subtask Run_data_quality_checks   File "/Library/Frameworks/Python.framework/Versions/3.6/lib/python3.6/site-packages/airflow/hooks/postgres_hook.py", line 60, in get_conn
[2019-07-06 14:15:07,180] {base_task_runner.py:101} INFO - Job 18: Subtask Run_data_quality_checks     self.conn = psycopg2.connect(**conn_args)
[2019-07-06 14:15:07,180] {base_task_runner.py:101} INFO - Job 18: Subtask Run_data_quality_checks   File "/Library/Frameworks/Python.framework/Versions/3.6/lib/python3.6/site-packages/psycopg2/__init__.py", line 126, in connect
[2019-07-06 14:15:07,180] {base_task_runner.py:101} INFO - Job 18: Subtask Run_data_quality_checks     conn = _connect(dsn, connection_factory=connection_factory, **kwasync)
[2019-07-06 14:15:07,180] {base_task_runner.py:101} INFO - Job 18: Subtask Run_data_quality_checks psycopg2.OperationalError: could not connect to server: Operation timed out
[2019-07-06 14:15:07,180] {base_task_runner.py:101} INFO - Job 18: Subtask Run_data_quality_checks 	Is the server running on host "postgres" (92.242.132.24) and accepting
[2019-07-06 14:15:07,180] {base_task_runner.py:101} INFO - Job 18: Subtask Run_data_quality_checks 	TCP/IP connections on port 5432?
[2019-07-06 14:15:07,180] {base_task_runner.py:101} INFO - Job 18: Subtask Run_data_quality_checks 
[2019-07-06 14:15:11,401] {logging_mixin.py:95} INFO - [2019-07-06 14:15:11,396] {jobs.py:2562} INFO - Task exited with return code 1
