[2019-07-06 13:51:55,659] {__init__.py:1139} INFO - Dependencies all met for <TaskInstance: python_load_dag.Begin_execution 2019-07-06T12:51:40.346364+00:00 [queued]>
[2019-07-06 13:51:55,663] {__init__.py:1139} INFO - Dependencies all met for <TaskInstance: python_load_dag.Begin_execution 2019-07-06T12:51:40.346364+00:00 [queued]>
[2019-07-06 13:51:55,663] {__init__.py:1353} INFO - 
--------------------------------------------------------------------------------
[2019-07-06 13:51:55,663] {__init__.py:1354} INFO - Starting attempt 1 of 2
[2019-07-06 13:51:55,663] {__init__.py:1355} INFO - 
--------------------------------------------------------------------------------
[2019-07-06 13:51:55,671] {__init__.py:1374} INFO - Executing <Task(DummyOperator): Begin_execution> on 2019-07-06T12:51:40.346364+00:00
[2019-07-06 13:51:55,671] {base_task_runner.py:119} INFO - Running: ['airflow', 'run', 'python_load_dag', 'Begin_execution', '2019-07-06T12:51:40.346364+00:00', '--job_id', '37', '--raw', '-sd', 'DAGS_FOLDER/spark_dag.py', '--cfg_path', '/var/folders/gl/v_3dc2yn7lb05kcmfb9ppm1r0000gn/T/tmpr9v6my19']
[2019-07-06 13:51:56,959] {base_task_runner.py:101} INFO - Job 37: Subtask Begin_execution [2019-07-06 13:51:56,958] {__init__.py:51} INFO - Using executor SequentialExecutor
[2019-07-06 13:51:57,188] {base_task_runner.py:101} INFO - Job 37: Subtask Begin_execution [2019-07-06 13:51:57,187] {__init__.py:305} INFO - Filling up the DagBag from /Users/mahdimostafa/airflow/dags/spark_dag.py
[2019-07-06 13:51:58,424] {base_task_runner.py:101} INFO - Job 37: Subtask Begin_execution Ivy Default Cache set to: /Users/mahdimostafa/.ivy2/cache
[2019-07-06 13:51:58,424] {base_task_runner.py:101} INFO - Job 37: Subtask Begin_execution The jars for the packages stored in: /Users/mahdimostafa/.ivy2/jars
[2019-07-06 13:51:58,452] {base_task_runner.py:101} INFO - Job 37: Subtask Begin_execution :: loading settings :: url = jar:file:/Library/Frameworks/Python.framework/Versions/3.6/lib/python3.6/site-packages/pyspark/jars/ivy-2.4.0.jar!/org/apache/ivy/core/settings/ivysettings.xml
[2019-07-06 13:51:58,581] {base_task_runner.py:101} INFO - Job 37: Subtask Begin_execution org.apache.hadoop#hadoop-aws added as a dependency
[2019-07-06 13:51:58,582] {base_task_runner.py:101} INFO - Job 37: Subtask Begin_execution :: resolving dependencies :: org.apache.spark#spark-submit-parent-4ff42bae-100f-4585-8119-44c5f4a09d00;1.0
[2019-07-06 13:51:58,582] {base_task_runner.py:101} INFO - Job 37: Subtask Begin_execution 	confs: [default]
[2019-07-06 13:51:58,765] {base_task_runner.py:101} INFO - Job 37: Subtask Begin_execution 	found org.apache.hadoop#hadoop-aws;2.7.0 in spark-list
[2019-07-06 13:51:58,838] {base_task_runner.py:101} INFO - Job 37: Subtask Begin_execution 	found org.apache.hadoop#hadoop-common;2.7.0 in central
[2019-07-06 13:51:58,918] {base_task_runner.py:101} INFO - Job 37: Subtask Begin_execution 	found org.apache.hadoop#hadoop-annotations;2.7.0 in spark-list
[2019-07-06 13:51:58,958] {base_task_runner.py:101} INFO - Job 37: Subtask Begin_execution 	found com.google.guava#guava;11.0.2 in central
[2019-07-06 13:51:58,999] {base_task_runner.py:101} INFO - Job 37: Subtask Begin_execution 	found com.google.code.findbugs#jsr305;3.0.0 in central
[2019-07-06 13:51:59,035] {base_task_runner.py:101} INFO - Job 37: Subtask Begin_execution 	found commons-cli#commons-cli;1.2 in central
[2019-07-06 13:51:59,067] {base_task_runner.py:101} INFO - Job 37: Subtask Begin_execution 	found org.apache.commons#commons-math3;3.1.1 in central
[2019-07-06 13:51:59,084] {base_task_runner.py:101} INFO - Job 37: Subtask Begin_execution 	found xmlenc#xmlenc;0.52 in central
[2019-07-06 13:51:59,103] {base_task_runner.py:101} INFO - Job 37: Subtask Begin_execution 	found commons-httpclient#commons-httpclient;3.1 in spark-list
[2019-07-06 13:51:59,123] {base_task_runner.py:101} INFO - Job 37: Subtask Begin_execution 	found commons-logging#commons-logging;1.1.3 in central
[2019-07-06 13:51:59,142] {base_task_runner.py:101} INFO - Job 37: Subtask Begin_execution 	found commons-codec#commons-codec;1.4 in central
[2019-07-06 13:51:59,162] {base_task_runner.py:101} INFO - Job 37: Subtask Begin_execution 	found commons-io#commons-io;2.4 in central
[2019-07-06 13:51:59,180] {base_task_runner.py:101} INFO - Job 37: Subtask Begin_execution 	found commons-net#commons-net;3.1 in central
[2019-07-06 13:51:59,196] {base_task_runner.py:101} INFO - Job 37: Subtask Begin_execution 	found commons-collections#commons-collections;3.2.1 in central
[2019-07-06 13:51:59,211] {base_task_runner.py:101} INFO - Job 37: Subtask Begin_execution 	found javax.servlet#servlet-api;2.5 in central
[2019-07-06 13:51:59,228] {base_task_runner.py:101} INFO - Job 37: Subtask Begin_execution 	found org.mortbay.jetty#jetty;6.1.26 in central
[2019-07-06 13:51:59,244] {base_task_runner.py:101} INFO - Job 37: Subtask Begin_execution 	found org.mortbay.jetty#jetty-util;6.1.26 in central
[2019-07-06 13:51:59,271] {base_task_runner.py:101} INFO - Job 37: Subtask Begin_execution 	found com.sun.jersey#jersey-core;1.9 in central
[2019-07-06 13:51:59,285] {base_task_runner.py:101} INFO - Job 37: Subtask Begin_execution 	found com.sun.jersey#jersey-json;1.9 in central
[2019-07-06 13:51:59,302] {base_task_runner.py:101} INFO - Job 37: Subtask Begin_execution 	found org.codehaus.jettison#jettison;1.1 in central
[2019-07-06 13:51:59,316] {base_task_runner.py:101} INFO - Job 37: Subtask Begin_execution 	found com.sun.xml.bind#jaxb-impl;2.2.3-1 in central
[2019-07-06 13:51:59,329] {base_task_runner.py:101} INFO - Job 37: Subtask Begin_execution 	found javax.xml.bind#jaxb-api;2.2.2 in central
[2019-07-06 13:51:59,343] {base_task_runner.py:101} INFO - Job 37: Subtask Begin_execution 	found javax.xml.stream#stax-api;1.0-2 in central
[2019-07-06 13:51:59,357] {base_task_runner.py:101} INFO - Job 37: Subtask Begin_execution 	found javax.activation#activation;1.1 in central
[2019-07-06 13:51:59,368] {base_task_runner.py:101} INFO - Job 37: Subtask Begin_execution 	found org.codehaus.jackson#jackson-core-asl;1.9.13 in central
[2019-07-06 13:51:59,381] {base_task_runner.py:101} INFO - Job 37: Subtask Begin_execution 	found org.codehaus.jackson#jackson-mapper-asl;1.9.13 in central
[2019-07-06 13:51:59,393] {base_task_runner.py:101} INFO - Job 37: Subtask Begin_execution 	found org.codehaus.jackson#jackson-jaxrs;1.9.13 in central
[2019-07-06 13:51:59,407] {base_task_runner.py:101} INFO - Job 37: Subtask Begin_execution 	found org.codehaus.jackson#jackson-xc;1.9.13 in central
[2019-07-06 13:51:59,424] {base_task_runner.py:101} INFO - Job 37: Subtask Begin_execution 	found com.sun.jersey#jersey-server;1.9 in central
[2019-07-06 13:51:59,436] {base_task_runner.py:101} INFO - Job 37: Subtask Begin_execution 	found asm#asm;3.2 in central
[2019-07-06 13:51:59,449] {base_task_runner.py:101} INFO - Job 37: Subtask Begin_execution 	found log4j#log4j;1.2.17 in central
[2019-07-06 13:51:59,469] {base_task_runner.py:101} INFO - Job 37: Subtask Begin_execution 	found net.java.dev.jets3t#jets3t;0.9.0 in central
[2019-07-06 13:51:59,487] {base_task_runner.py:101} INFO - Job 37: Subtask Begin_execution 	found org.apache.httpcomponents#httpclient;4.2.5 in central
[2019-07-06 13:51:59,505] {base_task_runner.py:101} INFO - Job 37: Subtask Begin_execution 	found org.apache.httpcomponents#httpcore;4.2.5 in central
[2019-07-06 13:51:59,519] {base_task_runner.py:101} INFO - Job 37: Subtask Begin_execution 	found com.jamesmurty.utils#java-xmlbuilder;0.4 in spark-list
[2019-07-06 13:51:59,529] {base_task_runner.py:101} INFO - Job 37: Subtask Begin_execution 	found commons-lang#commons-lang;2.6 in central
[2019-07-06 13:51:59,544] {base_task_runner.py:101} INFO - Job 37: Subtask Begin_execution 	found commons-configuration#commons-configuration;1.6 in central
[2019-07-06 13:51:59,561] {base_task_runner.py:101} INFO - Job 37: Subtask Begin_execution 	found commons-digester#commons-digester;1.8 in central
[2019-07-06 13:51:59,572] {base_task_runner.py:101} INFO - Job 37: Subtask Begin_execution 	found commons-beanutils#commons-beanutils;1.7.0 in central
[2019-07-06 13:51:59,584] {base_task_runner.py:101} INFO - Job 37: Subtask Begin_execution 	found commons-beanutils#commons-beanutils-core;1.8.0 in central
[2019-07-06 13:51:59,596] {base_task_runner.py:101} INFO - Job 37: Subtask Begin_execution 	found org.slf4j#slf4j-api;1.7.10 in central
[2019-07-06 13:51:59,607] {base_task_runner.py:101} INFO - Job 37: Subtask Begin_execution 	found org.apache.avro#avro;1.7.4 in central
[2019-07-06 13:51:59,620] {base_task_runner.py:101} INFO - Job 37: Subtask Begin_execution 	found com.thoughtworks.paranamer#paranamer;2.3 in central
[2019-07-06 13:51:59,629] {base_task_runner.py:101} INFO - Job 37: Subtask Begin_execution 	found org.xerial.snappy#snappy-java;1.0.4.1 in central
[2019-07-06 13:51:59,640] {base_task_runner.py:101} INFO - Job 37: Subtask Begin_execution 	found org.apache.commons#commons-compress;1.4.1 in central
[2019-07-06 13:51:59,648] {base_task_runner.py:101} INFO - Job 37: Subtask Begin_execution 	found org.tukaani#xz;1.0 in central
[2019-07-06 13:51:59,657] {base_task_runner.py:101} INFO - Job 37: Subtask Begin_execution 	found com.google.protobuf#protobuf-java;2.5.0 in central
[2019-07-06 13:51:59,668] {base_task_runner.py:101} INFO - Job 37: Subtask Begin_execution 	found com.google.code.gson#gson;2.2.4 in central
[2019-07-06 13:51:59,688] {base_task_runner.py:101} INFO - Job 37: Subtask Begin_execution 	found org.apache.hadoop#hadoop-auth;2.7.0 in central
[2019-07-06 13:51:59,708] {base_task_runner.py:101} INFO - Job 37: Subtask Begin_execution 	found org.apache.directory.server#apacheds-kerberos-codec;2.0.0-M15 in central
[2019-07-06 13:51:59,722] {base_task_runner.py:101} INFO - Job 37: Subtask Begin_execution 	found org.apache.directory.server#apacheds-i18n;2.0.0-M15 in central
[2019-07-06 13:51:59,740] {base_task_runner.py:101} INFO - Job 37: Subtask Begin_execution 	found org.apache.directory.api#api-asn1-api;1.0.0-M20 in central
[2019-07-06 13:51:59,754] {base_task_runner.py:101} INFO - Job 37: Subtask Begin_execution 	found org.apache.directory.api#api-util;1.0.0-M20 in central
[2019-07-06 13:51:59,764] {base_task_runner.py:101} INFO - Job 37: Subtask Begin_execution 	found org.apache.zookeeper#zookeeper;3.4.6 in central
[2019-07-06 13:51:59,777] {base_task_runner.py:101} INFO - Job 37: Subtask Begin_execution 	found org.slf4j#slf4j-log4j12;1.7.10 in central
[2019-07-06 13:51:59,790] {base_task_runner.py:101} INFO - Job 37: Subtask Begin_execution 	found io.netty#netty;3.6.2.Final in central
[2019-07-06 13:51:59,803] {base_task_runner.py:101} INFO - Job 37: Subtask Begin_execution 	found org.apache.curator#curator-framework;2.7.1 in central
[2019-07-06 13:51:59,814] {base_task_runner.py:101} INFO - Job 37: Subtask Begin_execution 	found org.apache.curator#curator-client;2.7.1 in central
[2019-07-06 13:51:59,826] {base_task_runner.py:101} INFO - Job 37: Subtask Begin_execution 	found com.jcraft#jsch;0.1.42 in central
[2019-07-06 13:51:59,846] {base_task_runner.py:101} INFO - Job 37: Subtask Begin_execution 	found org.apache.curator#curator-recipes;2.7.1 in central
[2019-07-06 13:51:59,860] {base_task_runner.py:101} INFO - Job 37: Subtask Begin_execution 	found org.apache.htrace#htrace-core;3.1.0-incubating in central
[2019-07-06 13:51:59,874] {base_task_runner.py:101} INFO - Job 37: Subtask Begin_execution 	found javax.servlet.jsp#jsp-api;2.1 in central
[2019-07-06 13:51:59,908] {base_task_runner.py:101} INFO - Job 37: Subtask Begin_execution 	found jline#jline;0.9.94 in central
[2019-07-06 13:51:59,922] {base_task_runner.py:101} INFO - Job 37: Subtask Begin_execution 	found junit#junit;4.11 in central
[2019-07-06 13:51:59,942] {base_task_runner.py:101} INFO - Job 37: Subtask Begin_execution 	found org.hamcrest#hamcrest-core;1.3 in central
[2019-07-06 13:51:59,951] {base_task_runner.py:101} INFO - Job 37: Subtask Begin_execution 	found com.fasterxml.jackson.core#jackson-databind;2.2.3 in central
[2019-07-06 13:51:59,957] {base_task_runner.py:101} INFO - Job 37: Subtask Begin_execution 	found com.fasterxml.jackson.core#jackson-annotations;2.2.3 in central
[2019-07-06 13:51:59,963] {base_task_runner.py:101} INFO - Job 37: Subtask Begin_execution 	found com.fasterxml.jackson.core#jackson-core;2.2.3 in central
[2019-07-06 13:51:59,970] {base_task_runner.py:101} INFO - Job 37: Subtask Begin_execution 	found com.amazonaws#aws-java-sdk;1.7.4 in central
[2019-07-06 13:51:59,988] {base_task_runner.py:101} INFO - Job 37: Subtask Begin_execution WARNING: An illegal reflective access operation has occurred
[2019-07-06 13:51:59,988] {base_task_runner.py:101} INFO - Job 37: Subtask Begin_execution WARNING: Illegal reflective access by org.apache.ivy.util.url.IvyAuthenticator (file:/Library/Frameworks/Python.framework/Versions/3.6/lib/python3.6/site-packages/pyspark/jars/ivy-2.4.0.jar) to field java.net.Authenticator.theAuthenticator
[2019-07-06 13:51:59,988] {base_task_runner.py:101} INFO - Job 37: Subtask Begin_execution WARNING: Please consider reporting this to the maintainers of org.apache.ivy.util.url.IvyAuthenticator
[2019-07-06 13:51:59,988] {base_task_runner.py:101} INFO - Job 37: Subtask Begin_execution WARNING: Use --illegal-access=warn to enable warnings of further illegal reflective access operations
[2019-07-06 13:51:59,988] {base_task_runner.py:101} INFO - Job 37: Subtask Begin_execution WARNING: All illegal access operations will be denied in a future release
[2019-07-06 13:52:00,659] {base_task_runner.py:101} INFO - Job 37: Subtask Begin_execution 	found joda-time#joda-time;2.10.3 in central
[2019-07-06 13:52:00,659] {base_task_runner.py:101} INFO - Job 37: Subtask Begin_execution 	[2.10.3] joda-time#joda-time;[2.2,)
[2019-07-06 13:52:00,711] {base_task_runner.py:101} INFO - Job 37: Subtask Begin_execution :: resolution report :: resolve 2099ms :: artifacts dl 30ms
[2019-07-06 13:52:00,711] {base_task_runner.py:101} INFO - Job 37: Subtask Begin_execution 	:: modules in use:
[2019-07-06 13:52:00,712] {base_task_runner.py:101} INFO - Job 37: Subtask Begin_execution 	asm#asm;3.2 from central in [default]
[2019-07-06 13:52:00,712] {base_task_runner.py:101} INFO - Job 37: Subtask Begin_execution 	com.amazonaws#aws-java-sdk;1.7.4 from central in [default]
[2019-07-06 13:52:00,712] {base_task_runner.py:101} INFO - Job 37: Subtask Begin_execution 	com.fasterxml.jackson.core#jackson-annotations;2.2.3 from central in [default]
[2019-07-06 13:52:00,712] {base_task_runner.py:101} INFO - Job 37: Subtask Begin_execution 	com.fasterxml.jackson.core#jackson-core;2.2.3 from central in [default]
[2019-07-06 13:52:00,712] {base_task_runner.py:101} INFO - Job 37: Subtask Begin_execution 	com.fasterxml.jackson.core#jackson-databind;2.2.3 from central in [default]
[2019-07-06 13:52:00,712] {base_task_runner.py:101} INFO - Job 37: Subtask Begin_execution 	com.google.code.findbugs#jsr305;3.0.0 from central in [default]
[2019-07-06 13:52:00,713] {base_task_runner.py:101} INFO - Job 37: Subtask Begin_execution 	com.google.code.gson#gson;2.2.4 from central in [default]
[2019-07-06 13:52:00,713] {base_task_runner.py:101} INFO - Job 37: Subtask Begin_execution 	com.google.guava#guava;11.0.2 from central in [default]
[2019-07-06 13:52:00,713] {base_task_runner.py:101} INFO - Job 37: Subtask Begin_execution 	com.google.protobuf#protobuf-java;2.5.0 from central in [default]
[2019-07-06 13:52:00,713] {base_task_runner.py:101} INFO - Job 37: Subtask Begin_execution 	com.jamesmurty.utils#java-xmlbuilder;0.4 from spark-list in [default]
[2019-07-06 13:52:00,713] {base_task_runner.py:101} INFO - Job 37: Subtask Begin_execution 	com.jcraft#jsch;0.1.42 from central in [default]
[2019-07-06 13:52:00,713] {base_task_runner.py:101} INFO - Job 37: Subtask Begin_execution 	com.sun.jersey#jersey-core;1.9 from central in [default]
[2019-07-06 13:52:00,713] {base_task_runner.py:101} INFO - Job 37: Subtask Begin_execution 	com.sun.jersey#jersey-json;1.9 from central in [default]
[2019-07-06 13:52:00,713] {base_task_runner.py:101} INFO - Job 37: Subtask Begin_execution 	com.sun.jersey#jersey-server;1.9 from central in [default]
[2019-07-06 13:52:00,713] {base_task_runner.py:101} INFO - Job 37: Subtask Begin_execution 	com.sun.xml.bind#jaxb-impl;2.2.3-1 from central in [default]
[2019-07-06 13:52:00,713] {base_task_runner.py:101} INFO - Job 37: Subtask Begin_execution 	com.thoughtworks.paranamer#paranamer;2.3 from central in [default]
[2019-07-06 13:52:00,713] {base_task_runner.py:101} INFO - Job 37: Subtask Begin_execution 	commons-beanutils#commons-beanutils;1.7.0 from central in [default]
[2019-07-06 13:52:00,713] {base_task_runner.py:101} INFO - Job 37: Subtask Begin_execution 	commons-beanutils#commons-beanutils-core;1.8.0 from central in [default]
[2019-07-06 13:52:00,713] {base_task_runner.py:101} INFO - Job 37: Subtask Begin_execution 	commons-cli#commons-cli;1.2 from central in [default]
[2019-07-06 13:52:00,713] {base_task_runner.py:101} INFO - Job 37: Subtask Begin_execution 	commons-codec#commons-codec;1.4 from central in [default]
[2019-07-06 13:52:00,713] {base_task_runner.py:101} INFO - Job 37: Subtask Begin_execution 	commons-collections#commons-collections;3.2.1 from central in [default]
[2019-07-06 13:52:00,714] {base_task_runner.py:101} INFO - Job 37: Subtask Begin_execution 	commons-configuration#commons-configuration;1.6 from central in [default]
[2019-07-06 13:52:00,714] {base_task_runner.py:101} INFO - Job 37: Subtask Begin_execution 	commons-digester#commons-digester;1.8 from central in [default]
[2019-07-06 13:52:00,714] {base_task_runner.py:101} INFO - Job 37: Subtask Begin_execution 	commons-httpclient#commons-httpclient;3.1 from spark-list in [default]
[2019-07-06 13:52:00,714] {base_task_runner.py:101} INFO - Job 37: Subtask Begin_execution 	commons-io#commons-io;2.4 from central in [default]
[2019-07-06 13:52:00,714] {base_task_runner.py:101} INFO - Job 37: Subtask Begin_execution 	commons-lang#commons-lang;2.6 from central in [default]
[2019-07-06 13:52:00,714] {base_task_runner.py:101} INFO - Job 37: Subtask Begin_execution 	commons-logging#commons-logging;1.1.3 from central in [default]
[2019-07-06 13:52:00,714] {base_task_runner.py:101} INFO - Job 37: Subtask Begin_execution 	commons-net#commons-net;3.1 from central in [default]
[2019-07-06 13:52:00,714] {base_task_runner.py:101} INFO - Job 37: Subtask Begin_execution 	io.netty#netty;3.6.2.Final from central in [default]
[2019-07-06 13:52:00,714] {base_task_runner.py:101} INFO - Job 37: Subtask Begin_execution 	javax.activation#activation;1.1 from central in [default]
[2019-07-06 13:52:00,714] {base_task_runner.py:101} INFO - Job 37: Subtask Begin_execution 	javax.servlet#servlet-api;2.5 from central in [default]
[2019-07-06 13:52:00,714] {base_task_runner.py:101} INFO - Job 37: Subtask Begin_execution 	javax.servlet.jsp#jsp-api;2.1 from central in [default]
[2019-07-06 13:52:00,714] {base_task_runner.py:101} INFO - Job 37: Subtask Begin_execution 	javax.xml.bind#jaxb-api;2.2.2 from central in [default]
[2019-07-06 13:52:00,714] {base_task_runner.py:101} INFO - Job 37: Subtask Begin_execution 	javax.xml.stream#stax-api;1.0-2 from central in [default]
[2019-07-06 13:52:00,714] {base_task_runner.py:101} INFO - Job 37: Subtask Begin_execution 	jline#jline;0.9.94 from central in [default]
[2019-07-06 13:52:00,714] {base_task_runner.py:101} INFO - Job 37: Subtask Begin_execution 	joda-time#joda-time;2.10.3 from central in [default]
[2019-07-06 13:52:00,714] {base_task_runner.py:101} INFO - Job 37: Subtask Begin_execution 	junit#junit;4.11 from central in [default]
[2019-07-06 13:52:00,715] {base_task_runner.py:101} INFO - Job 37: Subtask Begin_execution 	log4j#log4j;1.2.17 from central in [default]
[2019-07-06 13:52:00,715] {base_task_runner.py:101} INFO - Job 37: Subtask Begin_execution 	net.java.dev.jets3t#jets3t;0.9.0 from central in [default]
[2019-07-06 13:52:00,715] {base_task_runner.py:101} INFO - Job 37: Subtask Begin_execution 	org.apache.avro#avro;1.7.4 from central in [default]
[2019-07-06 13:52:00,715] {base_task_runner.py:101} INFO - Job 37: Subtask Begin_execution 	org.apache.commons#commons-compress;1.4.1 from central in [default]
[2019-07-06 13:52:00,715] {base_task_runner.py:101} INFO - Job 37: Subtask Begin_execution 	org.apache.commons#commons-math3;3.1.1 from central in [default]
[2019-07-06 13:52:00,715] {base_task_runner.py:101} INFO - Job 37: Subtask Begin_execution 	org.apache.curator#curator-client;2.7.1 from central in [default]
[2019-07-06 13:52:00,715] {base_task_runner.py:101} INFO - Job 37: Subtask Begin_execution 	org.apache.curator#curator-framework;2.7.1 from central in [default]
[2019-07-06 13:52:00,716] {base_task_runner.py:101} INFO - Job 37: Subtask Begin_execution 	org.apache.curator#curator-recipes;2.7.1 from central in [default]
[2019-07-06 13:52:00,716] {base_task_runner.py:101} INFO - Job 37: Subtask Begin_execution 	org.apache.directory.api#api-asn1-api;1.0.0-M20 from central in [default]
[2019-07-06 13:52:00,716] {base_task_runner.py:101} INFO - Job 37: Subtask Begin_execution 	org.apache.directory.api#api-util;1.0.0-M20 from central in [default]
[2019-07-06 13:52:00,716] {base_task_runner.py:101} INFO - Job 37: Subtask Begin_execution 	org.apache.directory.server#apacheds-i18n;2.0.0-M15 from central in [default]
[2019-07-06 13:52:00,716] {base_task_runner.py:101} INFO - Job 37: Subtask Begin_execution 	org.apache.directory.server#apacheds-kerberos-codec;2.0.0-M15 from central in [default]
[2019-07-06 13:52:00,716] {base_task_runner.py:101} INFO - Job 37: Subtask Begin_execution 	org.apache.hadoop#hadoop-annotations;2.7.0 from spark-list in [default]
[2019-07-06 13:52:00,717] {base_task_runner.py:101} INFO - Job 37: Subtask Begin_execution 	org.apache.hadoop#hadoop-auth;2.7.0 from central in [default]
[2019-07-06 13:52:00,717] {base_task_runner.py:101} INFO - Job 37: Subtask Begin_execution 	org.apache.hadoop#hadoop-aws;2.7.0 from spark-list in [default]
[2019-07-06 13:52:00,717] {base_task_runner.py:101} INFO - Job 37: Subtask Begin_execution 	org.apache.hadoop#hadoop-common;2.7.0 from central in [default]
[2019-07-06 13:52:00,717] {base_task_runner.py:101} INFO - Job 37: Subtask Begin_execution 	org.apache.htrace#htrace-core;3.1.0-incubating from central in [default]
[2019-07-06 13:52:00,717] {base_task_runner.py:101} INFO - Job 37: Subtask Begin_execution 	org.apache.httpcomponents#httpclient;4.2.5 from central in [default]
[2019-07-06 13:52:00,717] {base_task_runner.py:101} INFO - Job 37: Subtask Begin_execution 	org.apache.httpcomponents#httpcore;4.2.5 from central in [default]
[2019-07-06 13:52:00,717] {base_task_runner.py:101} INFO - Job 37: Subtask Begin_execution 	org.apache.zookeeper#zookeeper;3.4.6 from central in [default]
[2019-07-06 13:52:00,718] {base_task_runner.py:101} INFO - Job 37: Subtask Begin_execution 	org.codehaus.jackson#jackson-core-asl;1.9.13 from central in [default]
[2019-07-06 13:52:00,718] {base_task_runner.py:101} INFO - Job 37: Subtask Begin_execution 	org.codehaus.jackson#jackson-jaxrs;1.9.13 from central in [default]
[2019-07-06 13:52:00,718] {base_task_runner.py:101} INFO - Job 37: Subtask Begin_execution 	org.codehaus.jackson#jackson-mapper-asl;1.9.13 from central in [default]
[2019-07-06 13:52:00,718] {base_task_runner.py:101} INFO - Job 37: Subtask Begin_execution 	org.codehaus.jackson#jackson-xc;1.9.13 from central in [default]
[2019-07-06 13:52:00,719] {base_task_runner.py:101} INFO - Job 37: Subtask Begin_execution 	org.codehaus.jettison#jettison;1.1 from central in [default]
[2019-07-06 13:52:00,719] {base_task_runner.py:101} INFO - Job 37: Subtask Begin_execution 	org.hamcrest#hamcrest-core;1.3 from central in [default]
[2019-07-06 13:52:00,719] {base_task_runner.py:101} INFO - Job 37: Subtask Begin_execution 	org.mortbay.jetty#jetty;6.1.26 from central in [default]
[2019-07-06 13:52:00,719] {base_task_runner.py:101} INFO - Job 37: Subtask Begin_execution 	org.mortbay.jetty#jetty-util;6.1.26 from central in [default]
[2019-07-06 13:52:00,719] {base_task_runner.py:101} INFO - Job 37: Subtask Begin_execution 	org.slf4j#slf4j-api;1.7.10 from central in [default]
[2019-07-06 13:52:00,719] {base_task_runner.py:101} INFO - Job 37: Subtask Begin_execution 	org.slf4j#slf4j-log4j12;1.7.10 from central in [default]
[2019-07-06 13:52:00,719] {base_task_runner.py:101} INFO - Job 37: Subtask Begin_execution 	org.tukaani#xz;1.0 from central in [default]
[2019-07-06 13:52:00,720] {base_task_runner.py:101} INFO - Job 37: Subtask Begin_execution 	org.xerial.snappy#snappy-java;1.0.4.1 from central in [default]
[2019-07-06 13:52:00,720] {base_task_runner.py:101} INFO - Job 37: Subtask Begin_execution 	xmlenc#xmlenc;0.52 from central in [default]
[2019-07-06 13:52:00,720] {base_task_runner.py:101} INFO - Job 37: Subtask Begin_execution 	---------------------------------------------------------------------
[2019-07-06 13:52:00,720] {base_task_runner.py:101} INFO - Job 37: Subtask Begin_execution 	|                  |            modules            ||   artifacts   |
[2019-07-06 13:52:00,720] {base_task_runner.py:101} INFO - Job 37: Subtask Begin_execution 	|       conf       | number| search|dwnlded|evicted|| number|dwnlded|
[2019-07-06 13:52:00,720] {base_task_runner.py:101} INFO - Job 37: Subtask Begin_execution 	---------------------------------------------------------------------
[2019-07-06 13:52:00,720] {base_task_runner.py:101} INFO - Job 37: Subtask Begin_execution 	|      default     |   70  |   1   |   0   |   0   ||   70  |   0   |
[2019-07-06 13:52:00,720] {base_task_runner.py:101} INFO - Job 37: Subtask Begin_execution 	---------------------------------------------------------------------
[2019-07-06 13:52:00,733] {base_task_runner.py:101} INFO - Job 37: Subtask Begin_execution :: retrieving :: org.apache.spark#spark-submit-parent-4ff42bae-100f-4585-8119-44c5f4a09d00
[2019-07-06 13:52:00,733] {base_task_runner.py:101} INFO - Job 37: Subtask Begin_execution 	confs: [default]
[2019-07-06 13:52:00,756] {base_task_runner.py:101} INFO - Job 37: Subtask Begin_execution 	0 artifacts copied, 70 already retrieved (0kB/23ms)
[2019-07-06 13:52:01,104] {base_task_runner.py:101} INFO - Job 37: Subtask Begin_execution 19/07/06 13:52:01 WARN NativeCodeLoader: Unable to load native-hadoop library for your platform... using builtin-java classes where applicable
[2019-07-06 13:52:01,689] {base_task_runner.py:101} INFO - Job 37: Subtask Begin_execution Using Spark's default log4j profile: org/apache/spark/log4j-defaults.properties
[2019-07-06 13:52:01,689] {base_task_runner.py:101} INFO - Job 37: Subtask Begin_execution Setting default log level to "WARN".
[2019-07-06 13:52:01,689] {base_task_runner.py:101} INFO - Job 37: Subtask Begin_execution To adjust logging level use sc.setLogLevel(newLevel). For SparkR, use setLogLevel(newLevel).
[2019-07-06 13:52:02,456] {base_task_runner.py:101} INFO - Job 37: Subtask Begin_execution 19/07/06 13:52:02 WARN Utils: Service 'SparkUI' could not bind on port 4040. Attempting port 4041.
[2019-07-06 13:52:02,456] {base_task_runner.py:101} INFO - Job 37: Subtask Begin_execution 19/07/06 13:52:02 WARN Utils: Service 'SparkUI' could not bind on port 4041. Attempting port 4042.
[2019-07-06 13:52:02,457] {base_task_runner.py:101} INFO - Job 37: Subtask Begin_execution 19/07/06 13:52:02 WARN Utils: Service 'SparkUI' could not bind on port 4042. Attempting port 4043.
[2019-07-06 13:52:02,457] {base_task_runner.py:101} INFO - Job 37: Subtask Begin_execution 19/07/06 13:52:02 WARN Utils: Service 'SparkUI' could not bind on port 4043. Attempting port 4044.
[2019-07-06 13:52:02,457] {base_task_runner.py:101} INFO - Job 37: Subtask Begin_execution 19/07/06 13:52:02 WARN Utils: Service 'SparkUI' could not bind on port 4044. Attempting port 4045.
[2019-07-06 13:52:02,457] {base_task_runner.py:101} INFO - Job 37: Subtask Begin_execution 19/07/06 13:52:02 WARN Utils: Service 'SparkUI' could not bind on port 4045. Attempting port 4046.
[2019-07-06 13:52:04,212] {base_task_runner.py:101} INFO - Job 37: Subtask Begin_execution [2019-07-06 13:52:04,212] {cli.py:517} INFO - Running <TaskInstance: python_load_dag.Begin_execution 2019-07-06T12:51:40.346364+00:00 [running]> on host Mahdis-MacBook-Pro.local
[2019-07-06 13:52:04,235] {base_task_runner.py:101} INFO - Job 37: Subtask Begin_execution /Library/Frameworks/Python.framework/Versions/3.6/lib/python3.6/site-packages/airflow/utils/helpers.py:387: DeprecationWarning: Importing 'PostgresHook' directly from 'airflow.hooks' has been deprecated. Please import from 'airflow.hooks.[operator_module]' instead. Support for direct imports will be dropped entirely in Airflow 2.0.
[2019-07-06 13:52:04,236] {base_task_runner.py:101} INFO - Job 37: Subtask Begin_execution   DeprecationWarning)
[2019-07-06 13:52:05,664] {logging_mixin.py:95} INFO - [2019-07-06 13:52:05,663] {jobs.py:2562} INFO - Task exited with return code 0
